<?xml version="1.0" encoding="UTF-8"?>
<testsuite xmlns:xsi="http://www.w3.org/2001/XMLSchema-instance" xsi:noNamespaceSchemaLocation="https://maven.apache.org/surefire/maven-surefire-plugin/xsd/surefire-test-report-3.0.xsd" version="3.0" name="TestSuite" time="10,568.085" tests="6" errors="0" skipped="0" failures="0">
  <properties>
    <property name="sun.desktop" value="windows"/>
    <property name="awt.toolkit" value="sun.awt.windows.WToolkit"/>
    <property name="fileName" value="testngMain_Int.xml"/>
    <property name="recordingDurationFront_Int" value="580"/>
    <property name="java.specification.version" value="1.8"/>
    <property name="file.encoding.pkg" value="sun.io"/>
    <property name="sun.cpu.isalist" value="amd64"/>
    <property name="sun.jnu.encoding" value="Cp1252"/>
    <property name="java.class.path" value="C:\Users\sandisk\eclipse-workspace\Cubot_Note9\target\test-classes;C:\Users\sandisk\eclipse-workspace\Cubot_Note9\target\classes;C:\Users\sandisk\.m2\repository\org\seleniumhq\selenium\selenium-java\3.141.59\selenium-java-3.141.59.jar;C:\Users\sandisk\.m2\repository\org\seleniumhq\selenium\selenium-api\3.141.59\selenium-api-3.141.59.jar;C:\Users\sandisk\.m2\repository\org\seleniumhq\selenium\selenium-chrome-driver\3.141.59\selenium-chrome-driver-3.141.59.jar;C:\Users\sandisk\.m2\repository\org\seleniumhq\selenium\selenium-edge-driver\3.141.59\selenium-edge-driver-3.141.59.jar;C:\Users\sandisk\.m2\repository\org\seleniumhq\selenium\selenium-firefox-driver\3.141.59\selenium-firefox-driver-3.141.59.jar;C:\Users\sandisk\.m2\repository\org\seleniumhq\selenium\selenium-ie-driver\3.141.59\selenium-ie-driver-3.141.59.jar;C:\Users\sandisk\.m2\repository\org\seleniumhq\selenium\selenium-opera-driver\3.141.59\selenium-opera-driver-3.141.59.jar;C:\Users\sandisk\.m2\repository\org\seleniumhq\selenium\selenium-remote-driver\3.141.59\selenium-remote-driver-3.141.59.jar;C:\Users\sandisk\.m2\repository\org\seleniumhq\selenium\selenium-safari-driver\3.141.59\selenium-safari-driver-3.141.59.jar;C:\Users\sandisk\.m2\repository\org\seleniumhq\selenium\selenium-support\3.141.59\selenium-support-3.141.59.jar;C:\Users\sandisk\.m2\repository\net\bytebuddy\byte-buddy\1.8.15\byte-buddy-1.8.15.jar;C:\Users\sandisk\.m2\repository\org\apache\commons\commons-exec\1.3\commons-exec-1.3.jar;C:\Users\sandisk\.m2\repository\com\google\guava\guava\25.0-jre\guava-25.0-jre.jar;C:\Users\sandisk\.m2\repository\com\google\code\findbugs\jsr305\1.3.9\jsr305-1.3.9.jar;C:\Users\sandisk\.m2\repository\org\checkerframework\checker-compat-qual\2.0.0\checker-compat-qual-2.0.0.jar;C:\Users\sandisk\.m2\repository\com\google\errorprone\error_prone_annotations\2.1.3\error_prone_annotations-2.1.3.jar;C:\Users\sandisk\.m2\repository\com\google\j2objc\j2objc-annotations\1.1\j2objc-annotations-1.1.jar;C:\Users\sandisk\.m2\repository\org\codehaus\mojo\animal-sniffer-annotations\1.14\animal-sniffer-annotations-1.14.jar;C:\Users\sandisk\.m2\repository\com\squareup\okhttp3\okhttp\3.11.0\okhttp-3.11.0.jar;C:\Users\sandisk\.m2\repository\com\squareup\okio\okio\1.14.0\okio-1.14.0.jar;C:\Users\sandisk\.m2\repository\org\seleniumhq\selenium\selenium-android-driver\2.39.0\selenium-android-driver-2.39.0.jar;C:\Users\sandisk\.m2\repository\io\appium\java-client\7.0.0\java-client-7.0.0.jar;C:\Users\sandisk\.m2\repository\com\google\code\gson\gson\2.8.5\gson-2.8.5.jar;C:\Users\sandisk\.m2\repository\org\apache\httpcomponents\httpclient\4.5.6\httpclient-4.5.6.jar;C:\Users\sandisk\.m2\repository\org\apache\httpcomponents\httpcore\4.4.10\httpcore-4.4.10.jar;C:\Users\sandisk\.m2\repository\commons-logging\commons-logging\1.2\commons-logging-1.2.jar;C:\Users\sandisk\.m2\repository\commons-codec\commons-codec\1.10\commons-codec-1.10.jar;C:\Users\sandisk\.m2\repository\cglib\cglib\3.2.8\cglib-3.2.8.jar;C:\Users\sandisk\.m2\repository\org\ow2\asm\asm\6.2.1\asm-6.2.1.jar;C:\Users\sandisk\.m2\repository\org\apache\ant\ant\1.10.3\ant-1.10.3.jar;C:\Users\sandisk\.m2\repository\org\apache\ant\ant-launcher\1.10.3\ant-launcher-1.10.3.jar;C:\Users\sandisk\.m2\repository\commons-validator\commons-validator\1.6\commons-validator-1.6.jar;C:\Users\sandisk\.m2\repository\commons-beanutils\commons-beanutils\1.9.2\commons-beanutils-1.9.2.jar;C:\Users\sandisk\.m2\repository\commons-digester\commons-digester\1.8.1\commons-digester-1.8.1.jar;C:\Users\sandisk\.m2\repository\commons-collections\commons-collections\3.2.2\commons-collections-3.2.2.jar;C:\Users\sandisk\.m2\repository\org\apache\commons\commons-lang3\3.8\commons-lang3-3.8.jar;C:\Users\sandisk\.m2\repository\commons-io\commons-io\2.6\commons-io-2.6.jar;C:\Users\sandisk\.m2\repository\org\springframework\spring-context\5.1.0.RELEASE\spring-context-5.1.0.RELEASE.jar;C:\Users\sandisk\.m2\repository\org\springframework\spring-aop\5.1.0.RELEASE\spring-aop-5.1.0.RELEASE.jar;C:\Users\sandisk\.m2\repository\org\springframework\spring-beans\5.1.0.RELEASE\spring-beans-5.1.0.RELEASE.jar;C:\Users\sandisk\.m2\repository\org\springframework\spring-core\5.1.0.RELEASE\spring-core-5.1.0.RELEASE.jar;C:\Users\sandisk\.m2\repository\org\springframework\spring-jcl\5.1.0.RELEASE\spring-jcl-5.1.0.RELEASE.jar;C:\Users\sandisk\.m2\repository\org\springframework\spring-expression\5.1.0.RELEASE\spring-expression-5.1.0.RELEASE.jar;C:\Users\sandisk\.m2\repository\org\aspectj\aspectjweaver\1.9.1\aspectjweaver-1.9.1.jar;C:\Users\sandisk\.m2\repository\org\slf4j\slf4j-api\1.7.25\slf4j-api-1.7.25.jar;C:\Users\sandisk\.m2\repository\org\testng\testng\6.1.1\testng-6.1.1.jar;C:\Users\sandisk\.m2\repository\junit\junit\3.8.1\junit-3.8.1.jar;C:\Users\sandisk\.m2\repository\org\beanshell\bsh\2.0b4\bsh-2.0b4.jar;C:\Users\sandisk\.m2\repository\com\beust\jcommander\1.12\jcommander-1.12.jar;C:\Users\sandisk\.m2\repository\org\yaml\snakeyaml\1.6\snakeyaml-1.6.jar;"/>
    <property name="recordingDurationRear_Int" value="580"/>
    <property name="java.vm.vendor" value="Oracle Corporation"/>
    <property name="sun.arch.data.model" value="64"/>
    <property name="user.variant" value=""/>
    <property name="java.vendor.url" value="http://java.oracle.com/"/>
    <property name="user.timezone" value="Asia/Calcutta"/>
    <property name="os.name" value="Windows 10"/>
    <property name="java.vm.specification.version" value="1.8"/>
    <property name="sun.java.launcher" value="SUN_STANDARD"/>
    <property name="user.country" value="IN"/>
    <property name="sun.boot.library.path" value="C:\Program Files\Java\jdk1.8.0_202\jre\bin"/>
    <property name="sun.java.command" value="C:\Users\sandisk\AppData\Local\Temp\surefire873697791565839378\surefirebooter2678916461023367238.jar C:\Users\sandisk\AppData\Local\Temp\surefire873697791565839378 2023-02-15T10-30-55_019-jvmRun1 surefire7446419407105517032tmp surefire_03314376863778113962tmp"/>
    <property name="totalPictureCountRear_Int" value="50"/>
    <property name="surefire.test.class.path" value="C:\Users\sandisk\eclipse-workspace\Cubot_Note9\target\test-classes;C:\Users\sandisk\eclipse-workspace\Cubot_Note9\target\classes;C:\Users\sandisk\.m2\repository\org\seleniumhq\selenium\selenium-java\3.141.59\selenium-java-3.141.59.jar;C:\Users\sandisk\.m2\repository\org\seleniumhq\selenium\selenium-api\3.141.59\selenium-api-3.141.59.jar;C:\Users\sandisk\.m2\repository\org\seleniumhq\selenium\selenium-chrome-driver\3.141.59\selenium-chrome-driver-3.141.59.jar;C:\Users\sandisk\.m2\repository\org\seleniumhq\selenium\selenium-edge-driver\3.141.59\selenium-edge-driver-3.141.59.jar;C:\Users\sandisk\.m2\repository\org\seleniumhq\selenium\selenium-firefox-driver\3.141.59\selenium-firefox-driver-3.141.59.jar;C:\Users\sandisk\.m2\repository\org\seleniumhq\selenium\selenium-ie-driver\3.141.59\selenium-ie-driver-3.141.59.jar;C:\Users\sandisk\.m2\repository\org\seleniumhq\selenium\selenium-opera-driver\3.141.59\selenium-opera-driver-3.141.59.jar;C:\Users\sandisk\.m2\repository\org\seleniumhq\selenium\selenium-remote-driver\3.141.59\selenium-remote-driver-3.141.59.jar;C:\Users\sandisk\.m2\repository\org\seleniumhq\selenium\selenium-safari-driver\3.141.59\selenium-safari-driver-3.141.59.jar;C:\Users\sandisk\.m2\repository\org\seleniumhq\selenium\selenium-support\3.141.59\selenium-support-3.141.59.jar;C:\Users\sandisk\.m2\repository\net\bytebuddy\byte-buddy\1.8.15\byte-buddy-1.8.15.jar;C:\Users\sandisk\.m2\repository\org\apache\commons\commons-exec\1.3\commons-exec-1.3.jar;C:\Users\sandisk\.m2\repository\com\google\guava\guava\25.0-jre\guava-25.0-jre.jar;C:\Users\sandisk\.m2\repository\com\google\code\findbugs\jsr305\1.3.9\jsr305-1.3.9.jar;C:\Users\sandisk\.m2\repository\org\checkerframework\checker-compat-qual\2.0.0\checker-compat-qual-2.0.0.jar;C:\Users\sandisk\.m2\repository\com\google\errorprone\error_prone_annotations\2.1.3\error_prone_annotations-2.1.3.jar;C:\Users\sandisk\.m2\repository\com\google\j2objc\j2objc-annotations\1.1\j2objc-annotations-1.1.jar;C:\Users\sandisk\.m2\repository\org\codehaus\mojo\animal-sniffer-annotations\1.14\animal-sniffer-annotations-1.14.jar;C:\Users\sandisk\.m2\repository\com\squareup\okhttp3\okhttp\3.11.0\okhttp-3.11.0.jar;C:\Users\sandisk\.m2\repository\com\squareup\okio\okio\1.14.0\okio-1.14.0.jar;C:\Users\sandisk\.m2\repository\org\seleniumhq\selenium\selenium-android-driver\2.39.0\selenium-android-driver-2.39.0.jar;C:\Users\sandisk\.m2\repository\io\appium\java-client\7.0.0\java-client-7.0.0.jar;C:\Users\sandisk\.m2\repository\com\google\code\gson\gson\2.8.5\gson-2.8.5.jar;C:\Users\sandisk\.m2\repository\org\apache\httpcomponents\httpclient\4.5.6\httpclient-4.5.6.jar;C:\Users\sandisk\.m2\repository\org\apache\httpcomponents\httpcore\4.4.10\httpcore-4.4.10.jar;C:\Users\sandisk\.m2\repository\commons-logging\commons-logging\1.2\commons-logging-1.2.jar;C:\Users\sandisk\.m2\repository\commons-codec\commons-codec\1.10\commons-codec-1.10.jar;C:\Users\sandisk\.m2\repository\cglib\cglib\3.2.8\cglib-3.2.8.jar;C:\Users\sandisk\.m2\repository\org\ow2\asm\asm\6.2.1\asm-6.2.1.jar;C:\Users\sandisk\.m2\repository\org\apache\ant\ant\1.10.3\ant-1.10.3.jar;C:\Users\sandisk\.m2\repository\org\apache\ant\ant-launcher\1.10.3\ant-launcher-1.10.3.jar;C:\Users\sandisk\.m2\repository\commons-validator\commons-validator\1.6\commons-validator-1.6.jar;C:\Users\sandisk\.m2\repository\commons-beanutils\commons-beanutils\1.9.2\commons-beanutils-1.9.2.jar;C:\Users\sandisk\.m2\repository\commons-digester\commons-digester\1.8.1\commons-digester-1.8.1.jar;C:\Users\sandisk\.m2\repository\commons-collections\commons-collections\3.2.2\commons-collections-3.2.2.jar;C:\Users\sandisk\.m2\repository\org\apache\commons\commons-lang3\3.8\commons-lang3-3.8.jar;C:\Users\sandisk\.m2\repository\commons-io\commons-io\2.6\commons-io-2.6.jar;C:\Users\sandisk\.m2\repository\org\springframework\spring-context\5.1.0.RELEASE\spring-context-5.1.0.RELEASE.jar;C:\Users\sandisk\.m2\repository\org\springframework\spring-aop\5.1.0.RELEASE\spring-aop-5.1.0.RELEASE.jar;C:\Users\sandisk\.m2\repository\org\springframework\spring-beans\5.1.0.RELEASE\spring-beans-5.1.0.RELEASE.jar;C:\Users\sandisk\.m2\repository\org\springframework\spring-core\5.1.0.RELEASE\spring-core-5.1.0.RELEASE.jar;C:\Users\sandisk\.m2\repository\org\springframework\spring-jcl\5.1.0.RELEASE\spring-jcl-5.1.0.RELEASE.jar;C:\Users\sandisk\.m2\repository\org\springframework\spring-expression\5.1.0.RELEASE\spring-expression-5.1.0.RELEASE.jar;C:\Users\sandisk\.m2\repository\org\aspectj\aspectjweaver\1.9.1\aspectjweaver-1.9.1.jar;C:\Users\sandisk\.m2\repository\org\slf4j\slf4j-api\1.7.25\slf4j-api-1.7.25.jar;C:\Users\sandisk\.m2\repository\org\testng\testng\6.1.1\testng-6.1.1.jar;C:\Users\sandisk\.m2\repository\junit\junit\3.8.1\junit-3.8.1.jar;C:\Users\sandisk\.m2\repository\org\beanshell\bsh\2.0b4\bsh-2.0b4.jar;C:\Users\sandisk\.m2\repository\com\beust\jcommander\1.12\jcommander-1.12.jar;C:\Users\sandisk\.m2\repository\org\yaml\snakeyaml\1.6\snakeyaml-1.6.jar;"/>
    <property name="sun.cpu.endian" value="little"/>
    <property name="user.home" value="C:\Users\sandisk"/>
    <property name="user.language" value="en"/>
    <property name="java.specification.vendor" value="Oracle Corporation"/>
    <property name="java.home" value="C:\Program Files\Java\jdk1.8.0_202\jre"/>
    <property name="file.separator" value="\"/>
    <property name="basedir" value="C:\Users\sandisk\eclipse-workspace\Cubot_Note9"/>
    <property name="line.separator" value="&#10;"/>
    <property name="java.vm.specification.vendor" value="Oracle Corporation"/>
    <property name="java.specification.name" value="Java Platform API Specification"/>
    <property name="mountUnmountCycle" value="1"/>
    <property name="java.awt.graphicsenv" value="sun.awt.Win32GraphicsEnvironment"/>
    <property name="surefire.real.class.path" value="C:\Users\sandisk\AppData\Local\Temp\surefire873697791565839378\surefirebooter2678916461023367238.jar"/>
    <property name="recordingDurationRear_Int2" value="580"/>
    <property name="recordingDurationRear_Int1" value="580"/>
    <property name="sun.boot.class.path" value="C:\Program Files\Java\jdk1.8.0_202\jre\lib\resources.jar;C:\Program Files\Java\jdk1.8.0_202\jre\lib\rt.jar;C:\Program Files\Java\jdk1.8.0_202\jre\lib\sunrsasign.jar;C:\Program Files\Java\jdk1.8.0_202\jre\lib\jsse.jar;C:\Program Files\Java\jdk1.8.0_202\jre\lib\jce.jar;C:\Program Files\Java\jdk1.8.0_202\jre\lib\charsets.jar;C:\Program Files\Java\jdk1.8.0_202\jre\lib\jfr.jar;C:\Program Files\Java\jdk1.8.0_202\jre\classes"/>
    <property name="user.script" value=""/>
    <property name="sun.management.compiler" value="HotSpot 64-Bit Tiered Compilers"/>
    <property name="java.runtime.version" value="1.8.0_202-b08"/>
    <property name="user.name" value="sandisk"/>
    <property name="totalPictureCountRear_Int5" value="50"/>
    <property name="totalPictureCountRear_Int3" value="50"/>
    <property name="path.separator" value=";"/>
    <property name="totalPictureCountRear_Int4" value="50"/>
    <property name="totalPictureCountRear_Int1" value="50"/>
    <property name="totalPictureCountRear_Int2" value="50"/>
    <property name="os.version" value="10.0"/>
    <property name="java.endorsed.dirs" value="C:\Program Files\Java\jdk1.8.0_202\jre\lib\endorsed"/>
    <property name="java.runtime.name" value="Java(TM) SE Runtime Environment"/>
    <property name="recordingDurationFront_Int2" value="580"/>
    <property name="file.encoding" value="Cp1252"/>
    <property name="recordingDurationFront_Int1" value="580"/>
    <property name="java.vm.name" value="Java HotSpot(TM) 64-Bit Server VM"/>
    <property name="localRepository" value="C:\Users\sandisk\.m2\repository"/>
    <property name="java.vendor.url.bug" value="http://bugreport.sun.com/bugreport/"/>
    <property name="java.io.tmpdir" value="C:\Users\sandisk\AppData\Local\Temp\"/>
    <property name="totalPictureCountFront_Int1" value="50"/>
    <property name="java.version" value="1.8.0_202"/>
    <property name="totalPictureCountFront_Int3" value="50"/>
    <property name="user.dir" value="C:\Users\sandisk\eclipse-workspace\Cubot_Note9"/>
    <property name="os.arch" value="amd64"/>
    <property name="totalPictureCountFront_Int2" value="50"/>
    <property name="java.vm.specification.name" value="Java Virtual Machine Specification"/>
    <property name="java.util.logging.SimpleFormatter.format" value="%1$tY-%1$tm-%1$td %1$tH:%1$tM:%1$tS %4$-6s %2$s %5$s%6$s%n"/>
    <property name="java.awt.printerjob" value="sun.awt.windows.WPrinterJob"/>
    <property name="Tolerance_Level" value="75"/>
    <property name="sun.os.patch.level" value=""/>
    <property name="totalPictureCountFront_Int" value="50"/>
    <property name="java.library.path" value="C:\Program Files\Java\jdk1.8.0_202\jre\bin;C:\Windows\Sun\Java\bin;C:\Windows\system32;C:\Windows;C:\Program Files (x86)\Common Files\Oracle\Java\javapath;C:\Windows\system32;C:\Windows;C:\Windows\System32\Wbem;C:\Windows\System32\WindowsPowerShell\v1.0\;C:\Windows\System32\OpenSSH\;C:\Users\sandisk\Maven\apache-maven-3.8.4\bin;C:\Ant\apache-ant-1.9.15\bin;C:\Program Files\Java\jdk1.8.0_202\bin;C:\Users\sandisk\AppData\Local\Android\Sdk;C:\Users\sandisk\android-sdks\platform-tools;C:\Android\Android-sdk\bin;C:\Android\Android-sdk\tools;C:\Android\Android-sdk\platform-tools;C:\Python37\Scripts\;C:\Python37\;C:\Users\sandisk\AppData\Local\Microsoft\WindowsApps;;."/>
    <property name="java.vendor" value="Oracle Corporation"/>
    <property name="java.vm.info" value="mixed mode"/>
    <property name="java.vm.version" value="25.202-b08"/>
    <property name="totalPictureCountFront_Int5" value="50"/>
    <property name="sun.io.unicode.encoding" value="UnicodeLittle"/>
    <property name="totalPictureCountFront_Int4" value="50"/>
    <property name="java.ext.dirs" value="C:\Program Files\Java\jdk1.8.0_202\jre\lib\ext;C:\Windows\Sun\Java\lib\ext"/>
    <property name="java.class.version" value="52.0"/>
  </properties>
  <testcase name="CopyPaste" classname="Cubot_Note9.Test18_Int" time="811.259">
    <system-out><![CDATA[===================================================================================================================================================================================================================================================================================================================================================================================================================================================================================================================================================================================================================================================================================================================================
1.Pushing 1GB zip File to Host Internal Memory via server folder named as Test1 
2.Extracting zip file in Host internal memory
3.Copy  1GB file (Test1) from host internal memory,Create a folder named Test2 in Internal storage paste Test1 folder in Test2
4.Create folder name(New_Scenario in internal memory, select folder name(Test2) from internal memory and perform cut paste operation
Setting up the appium desired capabilities
===================================================================================================================================================================================================================================================================================================================================================================================================================================================================================================================================================================================================================================================================================================================================
Pushing zip file to host internal memory
Push file is successfull
Launch File Manager Application
Select  Internal storage
Select Test1 Folder internal storage
Select  zip file
Select Extract option
Extracting Push zip file as Folder named Test1
Extracting Complete
Select More Options
Select create folder option
Name folder as Test2
Click Create option
Test2 folder created successfully in internal storage
Select Test1 Folder from internal storage
Select More Options
Select Copy to
Select Internal storage
Swipe up and select test2 folder
Select Test2 Folder
Select Copy here
Copy paste Test1 folder data to Test2 folder within internal storage is successfull
Select More Options
Select create folder option
Name folder as New_Scenario
Accept create folder
Select Test2 Folder from internal Storage
Select More Options
Select Move to
Select Internal storage
Select New_scenario folder
Select Move here
Pass: Test18_Int Pass for Cut paste Operation
===================================================================================================================================================================================================================================================================================================================================================================================================================================================================================================================================================================================================================================================================================================================================
Final Message: Pass Test18_Int Pass for copy paste & cut paste operation
Test:End
===================================================================================================================================================================================================================================================================================================================================================================================================================================================================================================================================================================================================================================================================================================================================
]]></system-out>
    <system-err><![CDATA[2023-02-15 10:31:07 INFO   io.appium.java_client.remote.AppiumCommandExecutor$1 lambda$0 Detected dialect: W3C
Test: Start
2023-02-15 10:31:21 INFO   io.appium.java_client.remote.AppiumCommandExecutor$1 lambda$0 Detected dialect: W3C
]]></system-err>
  </testcase>
  <testcase name="recordAudio" classname="Cubot_Note9.Test8_Int" time="554.466">
    <system-out><![CDATA[Test: Start
===================================================================================================================================================================================================================================================================================================================================================================================================================================================================================================================================================================================================================================================================================================================================
Test8_Int scenario is as follows
1.Launch mobile default voice recording application and set uSD card storage option, record audio file for 2 minutes duration
2.Launch file manager application and playback recorded audio file from external storage, fast forward audio file and pause
3.Launch file manager application and playback copied audio files from external storage the files are placed in the Test1 folder
Setting up the appium desired capabilities
===================================================================================================================================================================================================================================================================================================================================================================================================================================================================================================================================================================================================================================================================================================================================
Clearing Recent Apps
Pass: No recent apps found
Launch Voice recorder application for Audio recording
Start Recording
Stop Recording
Stop and Save Recording
Pass: Test8_Int pass for recording an audio file
Pass: Test8_Int pass for recording an audio file
===================================================================================================================================================================================================================================================================================================================================================================================================================================================================================================================================================================================================================================================================================================================================
Launch File Manager Application to verify recorded audio
swipe up and search for sd card
Select  Internal storage
Select grid view
Select Music Folder
Select recordings
switch to list view mode
Select More Options 
Click On Select All Options
Test8_Int: 1 Audio file recorded  sucessfully
Pass: Test8_Int pass for audio recording in uSD Card
===================================================================================================================================================================================================================================================================================================================================================================================================================================================================================================================================================================================================================================================================================================================================
Calling PlayRecordedAudio() to play back recorded file
Clearing Recent Apps
Pass: No recent apps found
Launch File Manager Application
Click On internal storage
Select grid view
Select Music Folder
Select recordings
switch to list view mode
Select mp3 audio-file 
Select files by goggle 
Fast Forwarding Audio for 10 Seconds 
click on pause button
Pass: Test8_Int Pass for playing, fast forward, and pause recorded audio file scenario
Calling PlayCopiedAudioFile() for copied audio files from Test1 folder
===================================================================================================================================================================================================================================================================================================================================================================================================================================================================================================================================================================================================================================================================================================================================
Launch File Manager Application
Swipe up and select uSD card
Select  Internal storage
Select Test1 folder
Select Test_file folder
Select 1GB folder
Select MP3 files Folder
Playing first audio file from Test1 folder
Fast Forwarding Audio for 10 Seconds
Continue audio playback
Pause Audio
Pass: first audio file palyback and fast forward scenario is successfull
Playing second audio file from Test1 folder
Fast Forwarding Audio for 10 Seconds
Continue audio playback
Pause Audio
Pass: Second audio file palyback and fast forward scenario is successfull
Playing third audio file from Test1 folder
Fast Forwarding Audio for 10 Seconds
Continue audio playback
Pause Audio
Pass: Third audio file palyback and fast forward scenario is successfull
Pass: Test8_Int Pass for Recorded and copied audio play back and fast forward scenario 
===================================================================================================================================================================================================================================================================================================================================================================================================================================================================================================================================================================================================================================================================================================================================
Final Message: Pass Test8_Int Pass for Recorded and copied audio play back and fast forward scenario
Test: End
===================================================================================================================================================================================================================================================================================================================================================================================================================================================================================================================================================================================================================================================================================================================================
]]></system-out>
    <system-err><![CDATA[2023-02-15 10:44:49 INFO   io.appium.java_client.remote.AppiumCommandExecutor$1 lambda$0 Detected dialect: W3C
2023-02-15 10:45:02 INFO   io.appium.java_client.remote.AppiumCommandExecutor$1 lambda$0 Detected dialect: W3C
org.openqa.selenium.InvalidSelectorException: Could not parse selector expression `new UiSelector().content-desc("CLEAR ALL")`: UiSelector has no `content-desc` method
For documentation on this error, please visit: https://www.seleniumhq.org/exceptions/invalid_selector_exception.html
Build info: version: '3.141.59', revision: 'e82be7d358', time: '2018-11-14T08:17:03'
System info: host: 'SD-APPS-090', ip: '10.65.148.57', os.name: 'Windows 10', os.arch: 'amd64', os.version: '10.0', java.version: '1.8.0_202'
Driver info: io.appium.java_client.android.AndroidDriver
Capabilities {automationName: UiAutomator2, databaseEnabled: false, desired: {automationName: UiAutomator2, deviceName: NOTE 9, newCommandTimeout: 1200, platformName: android, platformVersion: 11, udid: NOTE9210522007851}, deviceApiLevel: 30, deviceManufacturer: CUBOT, deviceModel: NOTE 9, deviceName: NOTE9210522007851, deviceScreenDensity: 220, deviceScreenSize: 480x960, deviceUDID: NOTE9210522007851, javascriptEnabled: true, locationContextEnabled: false, networkConnectionEnabled: true, newCommandTimeout: 1200, pixelRatio: 1.375, platform: LINUX, platformName: Android, platformVersion: 11, statBarHeight: 59, takesScreenshot: true, udid: NOTE9210522007851, viewportRect: {height: 835, left: 0, top: 59, width: 480}, warnings: {}, webStorageEnabled: false}
Session ID: c73da45d-f76c-4317-b587-7147df99fb5a
*** Element info: {Using=-android uiautomator, value=new UiSelector().content-desc("CLEAR ALL")}
	at sun.reflect.NativeConstructorAccessorImpl.newInstance0(Native Method)
	at sun.reflect.NativeConstructorAccessorImpl.newInstance(NativeConstructorAccessorImpl.java:62)
	at sun.reflect.DelegatingConstructorAccessorImpl.newInstance(DelegatingConstructorAccessorImpl.java:45)
	at java.lang.reflect.Constructor.newInstance(Constructor.java:423)
	at org.openqa.selenium.remote.http.W3CHttpResponseCodec.createException(W3CHttpResponseCodec.java:187)
	at org.openqa.selenium.remote.http.W3CHttpResponseCodec.decode(W3CHttpResponseCodec.java:122)
	at org.openqa.selenium.remote.http.W3CHttpResponseCodec.decode(W3CHttpResponseCodec.java:49)
	at org.openqa.selenium.remote.HttpCommandExecutor.execute(HttpCommandExecutor.java:158)
	at io.appium.java_client.remote.AppiumCommandExecutor.execute(AppiumCommandExecutor.java:239)
	at org.openqa.selenium.remote.RemoteWebDriver.execute(RemoteWebDriver.java:552)
	at io.appium.java_client.DefaultGenericMobileDriver.execute(DefaultGenericMobileDriver.java:42)
	at io.appium.java_client.AppiumDriver.execute(AppiumDriver.java:1)
	at io.appium.java_client.android.AndroidDriver.execute(AndroidDriver.java:1)
	at org.openqa.selenium.remote.RemoteWebDriver.findElement(RemoteWebDriver.java:323)
	at io.appium.java_client.DefaultGenericMobileDriver.findElement(DefaultGenericMobileDriver.java:62)
	at io.appium.java_client.AppiumDriver.findElement(AppiumDriver.java:1)
	at io.appium.java_client.android.AndroidDriver.findElement(AndroidDriver.java:1)
	at io.appium.java_client.FindsByAndroidUIAutomator.findElementByAndroidUIAutomator(FindsByAndroidUIAutomator.java:38)
	at Cubot_Note9.Test8_Int.recordAudio(Test8_Int.java:106)
	at sun.reflect.NativeMethodAccessorImpl.invoke0(Native Method)
	at sun.reflect.NativeMethodAccessorImpl.invoke(NativeMethodAccessorImpl.java:62)
	at sun.reflect.DelegatingMethodAccessorImpl.invoke(DelegatingMethodAccessorImpl.java:43)
	at java.lang.reflect.Method.invoke(Method.java:498)
	at org.testng.internal.MethodInvocationHelper.invokeMethod(MethodInvocationHelper.java:80)
	at org.testng.internal.Invoker.invokeMethod(Invoker.java:673)
	at org.testng.internal.Invoker.invokeTestMethod(Invoker.java:842)
	at org.testng.internal.Invoker.invokeTestMethods(Invoker.java:1166)
	at org.testng.internal.TestMethodWorker.invokeTestMethods(TestMethodWorker.java:125)
	at org.testng.internal.TestMethodWorker.run(TestMethodWorker.java:109)
	at org.testng.TestRunner.runWorkers(TestRunner.java:1178)
	at org.testng.TestRunner.privateRun(TestRunner.java:757)
	at org.testng.TestRunner.run(TestRunner.java:608)
	at org.testng.SuiteRunner.runTest(SuiteRunner.java:334)
	at org.testng.SuiteRunner.runSequentially(SuiteRunner.java:329)
	at org.testng.SuiteRunner.privateRun(SuiteRunner.java:291)
	at org.testng.SuiteRunner.run(SuiteRunner.java:240)
	at org.testng.SuiteRunnerWorker.runSuite(SuiteRunnerWorker.java:52)
	at org.testng.SuiteRunnerWorker.run(SuiteRunnerWorker.java:86)
	at org.testng.TestNG.runSuitesSequentially(TestNG.java:1158)
	at org.testng.TestNG.runSuitesSequentially(TestNG.java:1154)
	at org.testng.TestNG.runSuitesLocally(TestNG.java:1083)
	at org.testng.TestNG.run(TestNG.java:999)
	at org.apache.maven.surefire.testng.TestNGExecutor.run(TestNGExecutor.java:284)
	at org.apache.maven.surefire.testng.TestNGXmlTestSuite.execute(TestNGXmlTestSuite.java:75)
	at org.apache.maven.surefire.testng.TestNGProvider.invoke(TestNGProvider.java:119)
	at org.apache.maven.surefire.booter.ForkedBooter.runSuitesInProcess(ForkedBooter.java:428)
	at org.apache.maven.surefire.booter.ForkedBooter.execute(ForkedBooter.java:162)
	at org.apache.maven.surefire.booter.ForkedBooter.run(ForkedBooter.java:562)
	at org.apache.maven.surefire.booter.ForkedBooter.main(ForkedBooter.java:548)
org.openqa.selenium.InvalidSelectorException: Could not parse selector expression `new UiSelector().content-desc("CLEAR ALL")`: UiSelector has no `content-desc` method
For documentation on this error, please visit: https://www.seleniumhq.org/exceptions/invalid_selector_exception.html
Build info: version: '3.141.59', revision: 'e82be7d358', time: '2018-11-14T08:17:03'
System info: host: 'SD-APPS-090', ip: '10.65.148.57', os.name: 'Windows 10', os.arch: 'amd64', os.version: '10.0', java.version: '1.8.0_202'
Driver info: io.appium.java_client.android.AndroidDriver
Capabilities {automationName: UiAutomator2, databaseEnabled: false, desired: {automationName: UiAutomator2, deviceName: NOTE 9, newCommandTimeout: 1200, platformName: android, platformVersion: 11, udid: NOTE9210522007851}, deviceApiLevel: 30, deviceManufacturer: CUBOT, deviceModel: NOTE 9, deviceName: NOTE9210522007851, deviceScreenDensity: 220, deviceScreenSize: 480x960, deviceUDID: NOTE9210522007851, javascriptEnabled: true, locationContextEnabled: false, networkConnectionEnabled: true, newCommandTimeout: 1200, pixelRatio: 1.375, platform: LINUX, platformName: Android, platformVersion: 11, statBarHeight: 59, takesScreenshot: true, udid: NOTE9210522007851, viewportRect: {height: 835, left: 0, top: 59, width: 480}, warnings: {}, webStorageEnabled: false}
Session ID: c73da45d-f76c-4317-b587-7147df99fb5a
*** Element info: {Using=-android uiautomator, value=new UiSelector().content-desc("CLEAR ALL")}
	at sun.reflect.NativeConstructorAccessorImpl.newInstance0(Native Method)
	at sun.reflect.NativeConstructorAccessorImpl.newInstance(NativeConstructorAccessorImpl.java:62)
	at sun.reflect.DelegatingConstructorAccessorImpl.newInstance(DelegatingConstructorAccessorImpl.java:45)
	at java.lang.reflect.Constructor.newInstance(Constructor.java:423)
	at org.openqa.selenium.remote.http.W3CHttpResponseCodec.createException(W3CHttpResponseCodec.java:187)
	at org.openqa.selenium.remote.http.W3CHttpResponseCodec.decode(W3CHttpResponseCodec.java:122)
	at org.openqa.selenium.remote.http.W3CHttpResponseCodec.decode(W3CHttpResponseCodec.java:49)
	at org.openqa.selenium.remote.HttpCommandExecutor.execute(HttpCommandExecutor.java:158)
	at io.appium.java_client.remote.AppiumCommandExecutor.execute(AppiumCommandExecutor.java:239)
	at org.openqa.selenium.remote.RemoteWebDriver.execute(RemoteWebDriver.java:552)
	at io.appium.java_client.DefaultGenericMobileDriver.execute(DefaultGenericMobileDriver.java:42)
	at io.appium.java_client.AppiumDriver.execute(AppiumDriver.java:1)
	at io.appium.java_client.android.AndroidDriver.execute(AndroidDriver.java:1)
	at org.openqa.selenium.remote.RemoteWebDriver.findElement(RemoteWebDriver.java:323)
	at io.appium.java_client.DefaultGenericMobileDriver.findElement(DefaultGenericMobileDriver.java:62)
	at io.appium.java_client.AppiumDriver.findElement(AppiumDriver.java:1)
	at io.appium.java_client.android.AndroidDriver.findElement(AndroidDriver.java:1)
	at io.appium.java_client.FindsByAndroidUIAutomator.findElementByAndroidUIAutomator(FindsByAndroidUIAutomator.java:38)
	at Cubot_Note9.Test8_Int.PlayRecordedAudio(Test8_Int.java:255)
	at Cubot_Note9.Test8_Int.recordAudio(Test8_Int.java:229)
	at sun.reflect.NativeMethodAccessorImpl.invoke0(Native Method)
	at sun.reflect.NativeMethodAccessorImpl.invoke(NativeMethodAccessorImpl.java:62)
	at sun.reflect.DelegatingMethodAccessorImpl.invoke(DelegatingMethodAccessorImpl.java:43)
	at java.lang.reflect.Method.invoke(Method.java:498)
	at org.testng.internal.MethodInvocationHelper.invokeMethod(MethodInvocationHelper.java:80)
	at org.testng.internal.Invoker.invokeMethod(Invoker.java:673)
	at org.testng.internal.Invoker.invokeTestMethod(Invoker.java:842)
	at org.testng.internal.Invoker.invokeTestMethods(Invoker.java:1166)
	at org.testng.internal.TestMethodWorker.invokeTestMethods(TestMethodWorker.java:125)
	at org.testng.internal.TestMethodWorker.run(TestMethodWorker.java:109)
	at org.testng.TestRunner.runWorkers(TestRunner.java:1178)
	at org.testng.TestRunner.privateRun(TestRunner.java:757)
	at org.testng.TestRunner.run(TestRunner.java:608)
	at org.testng.SuiteRunner.runTest(SuiteRunner.java:334)
	at org.testng.SuiteRunner.runSequentially(SuiteRunner.java:329)
	at org.testng.SuiteRunner.privateRun(SuiteRunner.java:291)
	at org.testng.SuiteRunner.run(SuiteRunner.java:240)
	at org.testng.SuiteRunnerWorker.runSuite(SuiteRunnerWorker.java:52)
	at org.testng.SuiteRunnerWorker.run(SuiteRunnerWorker.java:86)
	at org.testng.TestNG.runSuitesSequentially(TestNG.java:1158)
	at org.testng.TestNG.runSuitesSequentially(TestNG.java:1154)
	at org.testng.TestNG.runSuitesLocally(TestNG.java:1083)
	at org.testng.TestNG.run(TestNG.java:999)
	at org.apache.maven.surefire.testng.TestNGExecutor.run(TestNGExecutor.java:284)
	at org.apache.maven.surefire.testng.TestNGXmlTestSuite.execute(TestNGXmlTestSuite.java:75)
	at org.apache.maven.surefire.testng.TestNGProvider.invoke(TestNGProvider.java:119)
	at org.apache.maven.surefire.booter.ForkedBooter.runSuitesInProcess(ForkedBooter.java:428)
	at org.apache.maven.surefire.booter.ForkedBooter.execute(ForkedBooter.java:162)
	at org.apache.maven.surefire.booter.ForkedBooter.run(ForkedBooter.java:562)
	at org.apache.maven.surefire.booter.ForkedBooter.main(ForkedBooter.java:548)
org.openqa.selenium.NoSuchElementException: An element could not be located on the page using the given search parameters.
For documentation on this error, please visit: https://www.seleniumhq.org/exceptions/no_such_element.html
Build info: version: '3.141.59', revision: 'e82be7d358', time: '2018-11-14T08:17:03'
System info: host: 'SD-APPS-090', ip: '10.65.148.57', os.name: 'Windows 10', os.arch: 'amd64', os.version: '10.0', java.version: '1.8.0_202'
Driver info: io.appium.java_client.android.AndroidDriver
Capabilities {automationName: UiAutomator2, databaseEnabled: false, desired: {automationName: UiAutomator2, deviceName: NOTE 9, newCommandTimeout: 1200, platformName: android, platformVersion: 11, udid: NOTE9210522007851}, deviceApiLevel: 30, deviceManufacturer: CUBOT, deviceModel: NOTE 9, deviceName: NOTE9210522007851, deviceScreenDensity: 220, deviceScreenSize: 480x960, deviceUDID: NOTE9210522007851, javascriptEnabled: true, locationContextEnabled: false, networkConnectionEnabled: true, newCommandTimeout: 1200, pixelRatio: 1.375, platform: LINUX, platformName: Android, platformVersion: 11, statBarHeight: 59, takesScreenshot: true, udid: NOTE9210522007851, viewportRect: {height: 835, left: 0, top: 59, width: 480}, warnings: {}, webStorageEnabled: false}
Session ID: c73da45d-f76c-4317-b587-7147df99fb5a
*** Element info: {Using=-android uiautomator, value=new UiSelector().text("Files by Google")}
	at sun.reflect.NativeConstructorAccessorImpl.newInstance0(Native Method)
	at sun.reflect.NativeConstructorAccessorImpl.newInstance(NativeConstructorAccessorImpl.java:62)
	at sun.reflect.DelegatingConstructorAccessorImpl.newInstance(DelegatingConstructorAccessorImpl.java:45)
	at java.lang.reflect.Constructor.newInstance(Constructor.java:423)
	at org.openqa.selenium.remote.http.W3CHttpResponseCodec.createException(W3CHttpResponseCodec.java:187)
	at org.openqa.selenium.remote.http.W3CHttpResponseCodec.decode(W3CHttpResponseCodec.java:122)
	at org.openqa.selenium.remote.http.W3CHttpResponseCodec.decode(W3CHttpResponseCodec.java:49)
	at org.openqa.selenium.remote.HttpCommandExecutor.execute(HttpCommandExecutor.java:158)
	at io.appium.java_client.remote.AppiumCommandExecutor.execute(AppiumCommandExecutor.java:239)
	at org.openqa.selenium.remote.RemoteWebDriver.execute(RemoteWebDriver.java:552)
	at io.appium.java_client.DefaultGenericMobileDriver.execute(DefaultGenericMobileDriver.java:42)
	at io.appium.java_client.AppiumDriver.execute(AppiumDriver.java:1)
	at io.appium.java_client.android.AndroidDriver.execute(AndroidDriver.java:1)
	at org.openqa.selenium.remote.RemoteWebDriver.findElement(RemoteWebDriver.java:323)
	at io.appium.java_client.DefaultGenericMobileDriver.findElement(DefaultGenericMobileDriver.java:62)
	at io.appium.java_client.AppiumDriver.findElement(AppiumDriver.java:1)
	at io.appium.java_client.android.AndroidDriver.findElement(AndroidDriver.java:1)
	at io.appium.java_client.FindsByAndroidUIAutomator.findElementByAndroidUIAutomator(FindsByAndroidUIAutomator.java:38)
	at Cubot_Note9.Test8_Int.PlayRecordedAudio(Test8_Int.java:314)
	at Cubot_Note9.Test8_Int.recordAudio(Test8_Int.java:229)
	at sun.reflect.NativeMethodAccessorImpl.invoke0(Native Method)
	at sun.reflect.NativeMethodAccessorImpl.invoke(NativeMethodAccessorImpl.java:62)
	at sun.reflect.DelegatingMethodAccessorImpl.invoke(DelegatingMethodAccessorImpl.java:43)
	at java.lang.reflect.Method.invoke(Method.java:498)
	at org.testng.internal.MethodInvocationHelper.invokeMethod(MethodInvocationHelper.java:80)
	at org.testng.internal.Invoker.invokeMethod(Invoker.java:673)
	at org.testng.internal.Invoker.invokeTestMethod(Invoker.java:842)
	at org.testng.internal.Invoker.invokeTestMethods(Invoker.java:1166)
	at org.testng.internal.TestMethodWorker.invokeTestMethods(TestMethodWorker.java:125)
	at org.testng.internal.TestMethodWorker.run(TestMethodWorker.java:109)
	at org.testng.TestRunner.runWorkers(TestRunner.java:1178)
	at org.testng.TestRunner.privateRun(TestRunner.java:757)
	at org.testng.TestRunner.run(TestRunner.java:608)
	at org.testng.SuiteRunner.runTest(SuiteRunner.java:334)
	at org.testng.SuiteRunner.runSequentially(SuiteRunner.java:329)
	at org.testng.SuiteRunner.privateRun(SuiteRunner.java:291)
	at org.testng.SuiteRunner.run(SuiteRunner.java:240)
	at org.testng.SuiteRunnerWorker.runSuite(SuiteRunnerWorker.java:52)
	at org.testng.SuiteRunnerWorker.run(SuiteRunnerWorker.java:86)
	at org.testng.TestNG.runSuitesSequentially(TestNG.java:1158)
	at org.testng.TestNG.runSuitesSequentially(TestNG.java:1154)
	at org.testng.TestNG.runSuitesLocally(TestNG.java:1083)
	at org.testng.TestNG.run(TestNG.java:999)
	at org.apache.maven.surefire.testng.TestNGExecutor.run(TestNGExecutor.java:284)
	at org.apache.maven.surefire.testng.TestNGXmlTestSuite.execute(TestNGXmlTestSuite.java:75)
	at org.apache.maven.surefire.testng.TestNGProvider.invoke(TestNGProvider.java:119)
	at org.apache.maven.surefire.booter.ForkedBooter.runSuitesInProcess(ForkedBooter.java:428)
	at org.apache.maven.surefire.booter.ForkedBooter.execute(ForkedBooter.java:162)
	at org.apache.maven.surefire.booter.ForkedBooter.run(ForkedBooter.java:562)
	at org.apache.maven.surefire.booter.ForkedBooter.main(ForkedBooter.java:548)
org.openqa.selenium.NoSuchElementException: An element could not be located on the page using the given search parameters.
For documentation on this error, please visit: https://www.seleniumhq.org/exceptions/no_such_element.html
Build info: version: '3.141.59', revision: 'e82be7d358', time: '2018-11-14T08:17:03'
System info: host: 'SD-APPS-090', ip: '10.65.148.57', os.name: 'Windows 10', os.arch: 'amd64', os.version: '10.0', java.version: '1.8.0_202'
Driver info: io.appium.java_client.android.AndroidDriver
Capabilities {automationName: UiAutomator2, databaseEnabled: false, desired: {automationName: UiAutomator2, deviceName: NOTE 9, newCommandTimeout: 1200, platformName: android, platformVersion: 11, udid: NOTE9210522007851}, deviceApiLevel: 30, deviceManufacturer: CUBOT, deviceModel: NOTE 9, deviceName: NOTE9210522007851, deviceScreenDensity: 220, deviceScreenSize: 480x960, deviceUDID: NOTE9210522007851, javascriptEnabled: true, locationContextEnabled: false, networkConnectionEnabled: true, newCommandTimeout: 1200, pixelRatio: 1.375, platform: LINUX, platformName: Android, platformVersion: 11, statBarHeight: 59, takesScreenshot: true, udid: NOTE9210522007851, viewportRect: {height: 835, left: 0, top: 59, width: 480}, warnings: {}, webStorageEnabled: false}
Session ID: c73da45d-f76c-4317-b587-7147df99fb5a
*** Element info: {Using=-android uiautomator, value=new UiSelector().text("Files by Google")}
	at sun.reflect.NativeConstructorAccessorImpl.newInstance0(Native Method)
	at sun.reflect.NativeConstructorAccessorImpl.newInstance(NativeConstructorAccessorImpl.java:62)
	at sun.reflect.DelegatingConstructorAccessorImpl.newInstance(DelegatingConstructorAccessorImpl.java:45)
	at java.lang.reflect.Constructor.newInstance(Constructor.java:423)
	at org.openqa.selenium.remote.http.W3CHttpResponseCodec.createException(W3CHttpResponseCodec.java:187)
	at org.openqa.selenium.remote.http.W3CHttpResponseCodec.decode(W3CHttpResponseCodec.java:122)
	at org.openqa.selenium.remote.http.W3CHttpResponseCodec.decode(W3CHttpResponseCodec.java:49)
	at org.openqa.selenium.remote.HttpCommandExecutor.execute(HttpCommandExecutor.java:158)
	at io.appium.java_client.remote.AppiumCommandExecutor.execute(AppiumCommandExecutor.java:239)
	at org.openqa.selenium.remote.RemoteWebDriver.execute(RemoteWebDriver.java:552)
	at io.appium.java_client.DefaultGenericMobileDriver.execute(DefaultGenericMobileDriver.java:42)
	at io.appium.java_client.AppiumDriver.execute(AppiumDriver.java:1)
	at io.appium.java_client.android.AndroidDriver.execute(AndroidDriver.java:1)
	at org.openqa.selenium.remote.RemoteWebDriver.findElement(RemoteWebDriver.java:323)
	at io.appium.java_client.DefaultGenericMobileDriver.findElement(DefaultGenericMobileDriver.java:62)
	at io.appium.java_client.AppiumDriver.findElement(AppiumDriver.java:1)
	at io.appium.java_client.android.AndroidDriver.findElement(AndroidDriver.java:1)
	at io.appium.java_client.FindsByAndroidUIAutomator.findElementByAndroidUIAutomator(FindsByAndroidUIAutomator.java:38)
	at Cubot_Note9.Test8_Int.PlayCopiedAudioFile(Test8_Int.java:407)
	at Cubot_Note9.Test8_Int.PlayRecordedAudio(Test8_Int.java:345)
	at Cubot_Note9.Test8_Int.recordAudio(Test8_Int.java:229)
	at sun.reflect.NativeMethodAccessorImpl.invoke0(Native Method)
	at sun.reflect.NativeMethodAccessorImpl.invoke(NativeMethodAccessorImpl.java:62)
	at sun.reflect.DelegatingMethodAccessorImpl.invoke(DelegatingMethodAccessorImpl.java:43)
	at java.lang.reflect.Method.invoke(Method.java:498)
	at org.testng.internal.MethodInvocationHelper.invokeMethod(MethodInvocationHelper.java:80)
	at org.testng.internal.Invoker.invokeMethod(Invoker.java:673)
	at org.testng.internal.Invoker.invokeTestMethod(Invoker.java:842)
	at org.testng.internal.Invoker.invokeTestMethods(Invoker.java:1166)
	at org.testng.internal.TestMethodWorker.invokeTestMethods(TestMethodWorker.java:125)
	at org.testng.internal.TestMethodWorker.run(TestMethodWorker.java:109)
	at org.testng.TestRunner.runWorkers(TestRunner.java:1178)
	at org.testng.TestRunner.privateRun(TestRunner.java:757)
	at org.testng.TestRunner.run(TestRunner.java:608)
	at org.testng.SuiteRunner.runTest(SuiteRunner.java:334)
	at org.testng.SuiteRunner.runSequentially(SuiteRunner.java:329)
	at org.testng.SuiteRunner.privateRun(SuiteRunner.java:291)
	at org.testng.SuiteRunner.run(SuiteRunner.java:240)
	at org.testng.SuiteRunnerWorker.runSuite(SuiteRunnerWorker.java:52)
	at org.testng.SuiteRunnerWorker.run(SuiteRunnerWorker.java:86)
	at org.testng.TestNG.runSuitesSequentially(TestNG.java:1158)
	at org.testng.TestNG.runSuitesSequentially(TestNG.java:1154)
	at org.testng.TestNG.runSuitesLocally(TestNG.java:1083)
	at org.testng.TestNG.run(TestNG.java:999)
	at org.apache.maven.surefire.testng.TestNGExecutor.run(TestNGExecutor.java:284)
	at org.apache.maven.surefire.testng.TestNGXmlTestSuite.execute(TestNGXmlTestSuite.java:75)
	at org.apache.maven.surefire.testng.TestNGProvider.invoke(TestNGProvider.java:119)
	at org.apache.maven.surefire.booter.ForkedBooter.runSuitesInProcess(ForkedBooter.java:428)
	at org.apache.maven.surefire.booter.ForkedBooter.execute(ForkedBooter.java:162)
	at org.apache.maven.surefire.booter.ForkedBooter.run(ForkedBooter.java:562)
	at org.apache.maven.surefire.booter.ForkedBooter.main(ForkedBooter.java:548)
org.openqa.selenium.NoSuchElementException: An element could not be located on the page using the given search parameters.
For documentation on this error, please visit: https://www.seleniumhq.org/exceptions/no_such_element.html
Build info: version: '3.141.59', revision: 'e82be7d358', time: '2018-11-14T08:17:03'
System info: host: 'SD-APPS-090', ip: '10.65.148.57', os.name: 'Windows 10', os.arch: 'amd64', os.version: '10.0', java.version: '1.8.0_202'
Driver info: io.appium.java_client.android.AndroidDriver
Capabilities {automationName: UiAutomator2, databaseEnabled: false, desired: {automationName: UiAutomator2, deviceName: NOTE 9, newCommandTimeout: 1200, platformName: android, platformVersion: 11, udid: NOTE9210522007851}, deviceApiLevel: 30, deviceManufacturer: CUBOT, deviceModel: NOTE 9, deviceName: NOTE9210522007851, deviceScreenDensity: 220, deviceScreenSize: 480x960, deviceUDID: NOTE9210522007851, javascriptEnabled: true, locationContextEnabled: false, networkConnectionEnabled: true, newCommandTimeout: 1200, pixelRatio: 1.375, platform: LINUX, platformName: Android, platformVersion: 11, statBarHeight: 59, takesScreenshot: true, udid: NOTE9210522007851, viewportRect: {height: 835, left: 0, top: 59, width: 480}, warnings: {}, webStorageEnabled: false}
Session ID: c73da45d-f76c-4317-b587-7147df99fb5a
*** Element info: {Using=-android uiautomator, value=new UiSelector().text("Files by Google")}
	at sun.reflect.NativeConstructorAccessorImpl.newInstance0(Native Method)
	at sun.reflect.NativeConstructorAccessorImpl.newInstance(NativeConstructorAccessorImpl.java:62)
	at sun.reflect.DelegatingConstructorAccessorImpl.newInstance(DelegatingConstructorAccessorImpl.java:45)
	at java.lang.reflect.Constructor.newInstance(Constructor.java:423)
	at org.openqa.selenium.remote.http.W3CHttpResponseCodec.createException(W3CHttpResponseCodec.java:187)
	at org.openqa.selenium.remote.http.W3CHttpResponseCodec.decode(W3CHttpResponseCodec.java:122)
	at org.openqa.selenium.remote.http.W3CHttpResponseCodec.decode(W3CHttpResponseCodec.java:49)
	at org.openqa.selenium.remote.HttpCommandExecutor.execute(HttpCommandExecutor.java:158)
	at io.appium.java_client.remote.AppiumCommandExecutor.execute(AppiumCommandExecutor.java:239)
	at org.openqa.selenium.remote.RemoteWebDriver.execute(RemoteWebDriver.java:552)
	at io.appium.java_client.DefaultGenericMobileDriver.execute(DefaultGenericMobileDriver.java:42)
	at io.appium.java_client.AppiumDriver.execute(AppiumDriver.java:1)
	at io.appium.java_client.android.AndroidDriver.execute(AndroidDriver.java:1)
	at org.openqa.selenium.remote.RemoteWebDriver.findElement(RemoteWebDriver.java:323)
	at io.appium.java_client.DefaultGenericMobileDriver.findElement(DefaultGenericMobileDriver.java:62)
	at io.appium.java_client.AppiumDriver.findElement(AppiumDriver.java:1)
	at io.appium.java_client.android.AndroidDriver.findElement(AndroidDriver.java:1)
	at io.appium.java_client.FindsByAndroidUIAutomator.findElementByAndroidUIAutomator(FindsByAndroidUIAutomator.java:38)
	at Cubot_Note9.Test8_Int.PlayCopiedAudioFile(Test8_Int.java:448)
	at Cubot_Note9.Test8_Int.PlayRecordedAudio(Test8_Int.java:345)
	at Cubot_Note9.Test8_Int.recordAudio(Test8_Int.java:229)
	at sun.reflect.NativeMethodAccessorImpl.invoke0(Native Method)
	at sun.reflect.NativeMethodAccessorImpl.invoke(NativeMethodAccessorImpl.java:62)
	at sun.reflect.DelegatingMethodAccessorImpl.invoke(DelegatingMethodAccessorImpl.java:43)
	at java.lang.reflect.Method.invoke(Method.java:498)
	at org.testng.internal.MethodInvocationHelper.invokeMethod(MethodInvocationHelper.java:80)
	at org.testng.internal.Invoker.invokeMethod(Invoker.java:673)
	at org.testng.internal.Invoker.invokeTestMethod(Invoker.java:842)
	at org.testng.internal.Invoker.invokeTestMethods(Invoker.java:1166)
	at org.testng.internal.TestMethodWorker.invokeTestMethods(TestMethodWorker.java:125)
	at org.testng.internal.TestMethodWorker.run(TestMethodWorker.java:109)
	at org.testng.TestRunner.runWorkers(TestRunner.java:1178)
	at org.testng.TestRunner.privateRun(TestRunner.java:757)
	at org.testng.TestRunner.run(TestRunner.java:608)
	at org.testng.SuiteRunner.runTest(SuiteRunner.java:334)
	at org.testng.SuiteRunner.runSequentially(SuiteRunner.java:329)
	at org.testng.SuiteRunner.privateRun(SuiteRunner.java:291)
	at org.testng.SuiteRunner.run(SuiteRunner.java:240)
	at org.testng.SuiteRunnerWorker.runSuite(SuiteRunnerWorker.java:52)
	at org.testng.SuiteRunnerWorker.run(SuiteRunnerWorker.java:86)
	at org.testng.TestNG.runSuitesSequentially(TestNG.java:1158)
	at org.testng.TestNG.runSuitesSequentially(TestNG.java:1154)
	at org.testng.TestNG.runSuitesLocally(TestNG.java:1083)
	at org.testng.TestNG.run(TestNG.java:999)
	at org.apache.maven.surefire.testng.TestNGExecutor.run(TestNGExecutor.java:284)
	at org.apache.maven.surefire.testng.TestNGXmlTestSuite.execute(TestNGXmlTestSuite.java:75)
	at org.apache.maven.surefire.testng.TestNGProvider.invoke(TestNGProvider.java:119)
	at org.apache.maven.surefire.booter.ForkedBooter.runSuitesInProcess(ForkedBooter.java:428)
	at org.apache.maven.surefire.booter.ForkedBooter.execute(ForkedBooter.java:162)
	at org.apache.maven.surefire.booter.ForkedBooter.run(ForkedBooter.java:562)
	at org.apache.maven.surefire.booter.ForkedBooter.main(ForkedBooter.java:548)
org.openqa.selenium.NoSuchElementException: An element could not be located on the page using the given search parameters.
For documentation on this error, please visit: https://www.seleniumhq.org/exceptions/no_such_element.html
Build info: version: '3.141.59', revision: 'e82be7d358', time: '2018-11-14T08:17:03'
System info: host: 'SD-APPS-090', ip: '10.65.148.57', os.name: 'Windows 10', os.arch: 'amd64', os.version: '10.0', java.version: '1.8.0_202'
Driver info: io.appium.java_client.android.AndroidDriver
Capabilities {automationName: UiAutomator2, databaseEnabled: false, desired: {automationName: UiAutomator2, deviceName: NOTE 9, newCommandTimeout: 1200, platformName: android, platformVersion: 11, udid: NOTE9210522007851}, deviceApiLevel: 30, deviceManufacturer: CUBOT, deviceModel: NOTE 9, deviceName: NOTE9210522007851, deviceScreenDensity: 220, deviceScreenSize: 480x960, deviceUDID: NOTE9210522007851, javascriptEnabled: true, locationContextEnabled: false, networkConnectionEnabled: true, newCommandTimeout: 1200, pixelRatio: 1.375, platform: LINUX, platformName: Android, platformVersion: 11, statBarHeight: 59, takesScreenshot: true, udid: NOTE9210522007851, viewportRect: {height: 835, left: 0, top: 59, width: 480}, warnings: {}, webStorageEnabled: false}
Session ID: c73da45d-f76c-4317-b587-7147df99fb5a
*** Element info: {Using=-android uiautomator, value=new UiSelector().text("Files by Google")}
	at sun.reflect.NativeConstructorAccessorImpl.newInstance0(Native Method)
	at sun.reflect.NativeConstructorAccessorImpl.newInstance(NativeConstructorAccessorImpl.java:62)
	at sun.reflect.DelegatingConstructorAccessorImpl.newInstance(DelegatingConstructorAccessorImpl.java:45)
	at java.lang.reflect.Constructor.newInstance(Constructor.java:423)
	at org.openqa.selenium.remote.http.W3CHttpResponseCodec.createException(W3CHttpResponseCodec.java:187)
	at org.openqa.selenium.remote.http.W3CHttpResponseCodec.decode(W3CHttpResponseCodec.java:122)
	at org.openqa.selenium.remote.http.W3CHttpResponseCodec.decode(W3CHttpResponseCodec.java:49)
	at org.openqa.selenium.remote.HttpCommandExecutor.execute(HttpCommandExecutor.java:158)
	at io.appium.java_client.remote.AppiumCommandExecutor.execute(AppiumCommandExecutor.java:239)
	at org.openqa.selenium.remote.RemoteWebDriver.execute(RemoteWebDriver.java:552)
	at io.appium.java_client.DefaultGenericMobileDriver.execute(DefaultGenericMobileDriver.java:42)
	at io.appium.java_client.AppiumDriver.execute(AppiumDriver.java:1)
	at io.appium.java_client.android.AndroidDriver.execute(AndroidDriver.java:1)
	at org.openqa.selenium.remote.RemoteWebDriver.findElement(RemoteWebDriver.java:323)
	at io.appium.java_client.DefaultGenericMobileDriver.findElement(DefaultGenericMobileDriver.java:62)
	at io.appium.java_client.AppiumDriver.findElement(AppiumDriver.java:1)
	at io.appium.java_client.android.AndroidDriver.findElement(AndroidDriver.java:1)
	at io.appium.java_client.FindsByAndroidUIAutomator.findElementByAndroidUIAutomator(FindsByAndroidUIAutomator.java:38)
	at Cubot_Note9.Test8_Int.PlayCopiedAudioFile(Test8_Int.java:490)
	at Cubot_Note9.Test8_Int.PlayRecordedAudio(Test8_Int.java:345)
	at Cubot_Note9.Test8_Int.recordAudio(Test8_Int.java:229)
	at sun.reflect.NativeMethodAccessorImpl.invoke0(Native Method)
	at sun.reflect.NativeMethodAccessorImpl.invoke(NativeMethodAccessorImpl.java:62)
	at sun.reflect.DelegatingMethodAccessorImpl.invoke(DelegatingMethodAccessorImpl.java:43)
	at java.lang.reflect.Method.invoke(Method.java:498)
	at org.testng.internal.MethodInvocationHelper.invokeMethod(MethodInvocationHelper.java:80)
	at org.testng.internal.Invoker.invokeMethod(Invoker.java:673)
	at org.testng.internal.Invoker.invokeTestMethod(Invoker.java:842)
	at org.testng.internal.Invoker.invokeTestMethods(Invoker.java:1166)
	at org.testng.internal.TestMethodWorker.invokeTestMethods(TestMethodWorker.java:125)
	at org.testng.internal.TestMethodWorker.run(TestMethodWorker.java:109)
	at org.testng.TestRunner.runWorkers(TestRunner.java:1178)
	at org.testng.TestRunner.privateRun(TestRunner.java:757)
	at org.testng.TestRunner.run(TestRunner.java:608)
	at org.testng.SuiteRunner.runTest(SuiteRunner.java:334)
	at org.testng.SuiteRunner.runSequentially(SuiteRunner.java:329)
	at org.testng.SuiteRunner.privateRun(SuiteRunner.java:291)
	at org.testng.SuiteRunner.run(SuiteRunner.java:240)
	at org.testng.SuiteRunnerWorker.runSuite(SuiteRunnerWorker.java:52)
	at org.testng.SuiteRunnerWorker.run(SuiteRunnerWorker.java:86)
	at org.testng.TestNG.runSuitesSequentially(TestNG.java:1158)
	at org.testng.TestNG.runSuitesSequentially(TestNG.java:1154)
	at org.testng.TestNG.runSuitesLocally(TestNG.java:1083)
	at org.testng.TestNG.run(TestNG.java:999)
	at org.apache.maven.surefire.testng.TestNGExecutor.run(TestNGExecutor.java:284)
	at org.apache.maven.surefire.testng.TestNGXmlTestSuite.execute(TestNGXmlTestSuite.java:75)
	at org.apache.maven.surefire.testng.TestNGProvider.invoke(TestNGProvider.java:119)
	at org.apache.maven.surefire.booter.ForkedBooter.runSuitesInProcess(ForkedBooter.java:428)
	at org.apache.maven.surefire.booter.ForkedBooter.execute(ForkedBooter.java:162)
	at org.apache.maven.surefire.booter.ForkedBooter.run(ForkedBooter.java:562)
	at org.apache.maven.surefire.booter.ForkedBooter.main(ForkedBooter.java:548)
]]></system-err>
  </testcase>
  <testcase name="rearVideoRec" classname="Cubot_Note9.Test10_Int" time="2,388.064">
    <system-out><![CDATA[Test: Start
===================================================================================================================================================================================================================================================================================================================================================================================================================================================================================================================================================================================================================================================================================================================================
Test10_Int Scenario is as follows
1.Launch Camera application and start Rear camera video recording for all host applicable resolutions in Internal mount uSD card
2.Playback Highest resolution recorded video from Internal mount uSD, fast forward playback and pause video scenario 
3.Playback copied videos from Test1 folder, fast forward and pause scenario
Setting up the appium desired capabilities
===================================================================================================================================================================================================================================================================================================================================================================================================================================================================================================================================================================================================================================================================================================================================
Clearing Recent Apps
Pass: No recent apps found
Launch Camera Application for rear camera video recording
Select camera permissions
While using the app
START CAPTURE
===================================================================================================================================================================================================================================================================================================================================================================================================================================================================================================================================================================================================================================================================================================================================
Test10_Int_Bcam_res: 3 resolutions supported
Select video tab
Select settings option
Select Video quality
Select 1st rear Video Resolution: 1080p
recordingDurationRear_Int = 580sec
Start video recording
Stop video recording
Select settings option
Select Video quality
Select 2nd rear Video Resolution:  720P
recordingDurationRear_Int1 = 580sec
Start video recording
Stop video recording
Select settings option
Select Video quality
Select 3rd rear Video Resolution:  SD 480p
recordingDurationRear_Int2 = 580sec
Start video recording
Stop video recording
Select photo mode
Launch File Manager Application to verify captured videos
swipe up and search for internal storage
Launch Camera Application for rear camera video recording
Select internal Storage
switch to grid view mode to select DCIM folder
Select DCIM Folder
Select camera folder
switch to list view mode
Select More Options 
Click On Select All Options
Pass: Rear video recording is successfull
Test10_Int_Bcam_video: 3 Videos captured successfull
Calling RecordedVideoPlayback() for Playing Highest record video, fast forward video play back scenario
===================================================================================================================================================================================================================================================================================================================================================================================================================================================================================================================================================================================================================================================================================================================================
Launching filemanager application
swipe up and search for internal storage
Select internal Storage
switch to grid view mode to select DCIM folder
Select DCIM Folder
Select camera folder
switch to list view mode
select more options
Select Sort BY
Select Largest first
Click on first file to play highest recorded resolution video file
Started video playback
Tap Somewhere on Screen for contents to visible on Screen
Fast forward video for 10 seconds
Pause video playback
Pass: Recorded Video play back and fast forward successfull 
Calling DataMovementOperation() to move recorded rear camer videos to Test10_Int_Int Folder 
===================================================================================================================================================================================================================================================================================================================================================================================================================================================================================================================================================================================================================================================================================================================================
launch file manager application select uSD card-->DCIM folder-->Camera folder-->Select all rear camera images create Test10_Int_Int folder and cut paste all videos in BCFC_Cameravideos folder
click on browse option
Swipe up to select uSD card
Select SD card
switch to grid view mode to select DCIM folder
Select DCIM Folder
Select camera folder
switch to list view mode
Click More options
Click select all
Click More options
select move to option
select uSD Card
Select ADD NEW Folder option
Name folder as Test10_Int
Accept create folder
Cut paste  video files operation completed successfully
Pass: Test10_Int Pass for data move operation successfully
===================================================================================================================================================================================================================================================================================================================================================================================================================================================================================================================================================================================================================================================================================================================================
Calling copiedvideosPlayBack() for playing copied video file from Test1 folder
Launch file manager application, select internal storage, select Test1 folder, select Videos folder and Play copied videos and fast forward the same 
swipe up and search for internal storage
Select internal storage
Select test1 folder
Select test_file folder
Select OneGB folder
Select video folder
Select LG_4K_DEMO_HDR_2018_(60FPS)_ELBA(480p).mp4 file for video playback
Tap Somewhere on Screen for contents to visible on Screen
Started video playback
Tap Somewhere on Screen for contents to visible on Screen
Click fast forward button for 10 seconds video forward
Pause video playback
Pass: 4K Video play back and fast forward is successful 
Select FHD 5.1 ( 1350 X 2560 ).webm file for video playback
Started video playback
Tap Somewhere on Screen for contents to visible on Screen
Click fast forward button for 10 seconds video forward
Click pause button to stop video
Pass: FHD Video play back and fast forward is successful 
===================================================================================================================================================================================================================================================================================================================================================================================================================================================================================================================================================================================================================================================================================================================================
Final Message: Pass Test10_Int Pass for Playing Copied Video files, recorded video file and fast forward video play back scenario 
Test: End
===================================================================================================================================================================================================================================================================================================================================================================================================================================================================================================================================================================================================================================================================================================================================
]]></system-out>
    <system-err><![CDATA[2023-02-15 10:54:12 INFO   io.appium.java_client.remote.AppiumCommandExecutor$1 lambda$0 Detected dialect: W3C
2023-02-15 10:54:21 INFO   io.appium.java_client.remote.AppiumCommandExecutor$1 lambda$0 Detected dialect: W3C
org.openqa.selenium.InvalidSelectorException: Could not parse selector expression `new UiSelector().content-desc("CLEAR ALL")`: UiSelector has no `content-desc` method
For documentation on this error, please visit: https://www.seleniumhq.org/exceptions/invalid_selector_exception.html
Build info: version: '3.141.59', revision: 'e82be7d358', time: '2018-11-14T08:17:03'
System info: host: 'SD-APPS-090', ip: '10.65.148.57', os.name: 'Windows 10', os.arch: 'amd64', os.version: '10.0', java.version: '1.8.0_202'
Driver info: io.appium.java_client.android.AndroidDriver
Capabilities {automationName: UiAutomator2, databaseEnabled: false, desired: {automationName: UiAutomator2, deviceName: NOTE 9, newCommandTimeout: 1200, platformName: android, platformVersion: 11, udid: NOTE9210522007851}, deviceApiLevel: 30, deviceManufacturer: CUBOT, deviceModel: NOTE 9, deviceName: NOTE9210522007851, deviceScreenDensity: 220, deviceScreenSize: 480x960, deviceUDID: NOTE9210522007851, javascriptEnabled: true, locationContextEnabled: false, networkConnectionEnabled: true, newCommandTimeout: 1200, pixelRatio: 1.375, platform: LINUX, platformName: Android, platformVersion: 11, statBarHeight: 59, takesScreenshot: true, udid: NOTE9210522007851, viewportRect: {height: 835, left: 0, top: 59, width: 480}, warnings: {}, webStorageEnabled: false}
Session ID: 4de46b38-6540-4bd9-8f29-f4b679302d84
*** Element info: {Using=-android uiautomator, value=new UiSelector().content-desc("CLEAR ALL")}
	at sun.reflect.NativeConstructorAccessorImpl.newInstance0(Native Method)
	at sun.reflect.NativeConstructorAccessorImpl.newInstance(NativeConstructorAccessorImpl.java:62)
	at sun.reflect.DelegatingConstructorAccessorImpl.newInstance(DelegatingConstructorAccessorImpl.java:45)
	at java.lang.reflect.Constructor.newInstance(Constructor.java:423)
	at org.openqa.selenium.remote.http.W3CHttpResponseCodec.createException(W3CHttpResponseCodec.java:187)
	at org.openqa.selenium.remote.http.W3CHttpResponseCodec.decode(W3CHttpResponseCodec.java:122)
	at org.openqa.selenium.remote.http.W3CHttpResponseCodec.decode(W3CHttpResponseCodec.java:49)
	at org.openqa.selenium.remote.HttpCommandExecutor.execute(HttpCommandExecutor.java:158)
	at io.appium.java_client.remote.AppiumCommandExecutor.execute(AppiumCommandExecutor.java:239)
	at org.openqa.selenium.remote.RemoteWebDriver.execute(RemoteWebDriver.java:552)
	at io.appium.java_client.DefaultGenericMobileDriver.execute(DefaultGenericMobileDriver.java:42)
	at io.appium.java_client.AppiumDriver.execute(AppiumDriver.java:1)
	at io.appium.java_client.android.AndroidDriver.execute(AndroidDriver.java:1)
	at org.openqa.selenium.remote.RemoteWebDriver.findElement(RemoteWebDriver.java:323)
	at io.appium.java_client.DefaultGenericMobileDriver.findElement(DefaultGenericMobileDriver.java:62)
	at io.appium.java_client.AppiumDriver.findElement(AppiumDriver.java:1)
	at io.appium.java_client.android.AndroidDriver.findElement(AndroidDriver.java:1)
	at io.appium.java_client.FindsByAndroidUIAutomator.findElementByAndroidUIAutomator(FindsByAndroidUIAutomator.java:38)
	at Cubot_Note9.Test10_Int.rearVideoRec(Test10_Int.java:105)
	at sun.reflect.NativeMethodAccessorImpl.invoke0(Native Method)
	at sun.reflect.NativeMethodAccessorImpl.invoke(NativeMethodAccessorImpl.java:62)
	at sun.reflect.DelegatingMethodAccessorImpl.invoke(DelegatingMethodAccessorImpl.java:43)
	at java.lang.reflect.Method.invoke(Method.java:498)
	at org.testng.internal.MethodInvocationHelper.invokeMethod(MethodInvocationHelper.java:80)
	at org.testng.internal.Invoker.invokeMethod(Invoker.java:673)
	at org.testng.internal.Invoker.invokeTestMethod(Invoker.java:842)
	at org.testng.internal.Invoker.invokeTestMethods(Invoker.java:1166)
	at org.testng.internal.TestMethodWorker.invokeTestMethods(TestMethodWorker.java:125)
	at org.testng.internal.TestMethodWorker.run(TestMethodWorker.java:109)
	at org.testng.TestRunner.runWorkers(TestRunner.java:1178)
	at org.testng.TestRunner.privateRun(TestRunner.java:757)
	at org.testng.TestRunner.run(TestRunner.java:608)
	at org.testng.SuiteRunner.runTest(SuiteRunner.java:334)
	at org.testng.SuiteRunner.runSequentially(SuiteRunner.java:329)
	at org.testng.SuiteRunner.privateRun(SuiteRunner.java:291)
	at org.testng.SuiteRunner.run(SuiteRunner.java:240)
	at org.testng.SuiteRunnerWorker.runSuite(SuiteRunnerWorker.java:52)
	at org.testng.SuiteRunnerWorker.run(SuiteRunnerWorker.java:86)
	at org.testng.TestNG.runSuitesSequentially(TestNG.java:1158)
	at org.testng.TestNG.runSuitesSequentially(TestNG.java:1154)
	at org.testng.TestNG.runSuitesLocally(TestNG.java:1083)
	at org.testng.TestNG.run(TestNG.java:999)
	at org.apache.maven.surefire.testng.TestNGExecutor.run(TestNGExecutor.java:284)
	at org.apache.maven.surefire.testng.TestNGXmlTestSuite.execute(TestNGXmlTestSuite.java:75)
	at org.apache.maven.surefire.testng.TestNGProvider.invoke(TestNGProvider.java:119)
	at org.apache.maven.surefire.booter.ForkedBooter.runSuitesInProcess(ForkedBooter.java:428)
	at org.apache.maven.surefire.booter.ForkedBooter.execute(ForkedBooter.java:162)
	at org.apache.maven.surefire.booter.ForkedBooter.run(ForkedBooter.java:562)
	at org.apache.maven.surefire.booter.ForkedBooter.main(ForkedBooter.java:548)
org.openqa.selenium.NoSuchElementException: An element could not be located on the page using the given search parameters.
For documentation on this error, please visit: https://www.seleniumhq.org/exceptions/no_such_element.html
Build info: version: '3.141.59', revision: 'e82be7d358', time: '2018-11-14T08:17:03'
System info: host: 'SD-APPS-090', ip: '10.65.148.57', os.name: 'Windows 10', os.arch: 'amd64', os.version: '10.0', java.version: '1.8.0_202'
Driver info: io.appium.java_client.android.AndroidDriver
Capabilities {automationName: UiAutomator2, databaseEnabled: false, desired: {automationName: UiAutomator2, deviceName: NOTE 9, newCommandTimeout: 1200, platformName: android, platformVersion: 11, udid: NOTE9210522007851}, deviceApiLevel: 30, deviceManufacturer: CUBOT, deviceModel: NOTE 9, deviceName: NOTE9210522007851, deviceScreenDensity: 220, deviceScreenSize: 480x960, deviceUDID: NOTE9210522007851, javascriptEnabled: true, locationContextEnabled: false, networkConnectionEnabled: true, newCommandTimeout: 1200, pixelRatio: 1.375, platform: LINUX, platformName: Android, platformVersion: 11, statBarHeight: 59, takesScreenshot: true, udid: NOTE9210522007851, viewportRect: {height: 835, left: 0, top: 59, width: 480}, warnings: {}, webStorageEnabled: false}
Session ID: 4de46b38-6540-4bd9-8f29-f4b679302d84
*** Element info: {Using=xpath, value=//*[@text='WHILE USING THE APP']}
	at sun.reflect.NativeConstructorAccessorImpl.newInstance0(Native Method)
	at sun.reflect.NativeConstructorAccessorImpl.newInstance(NativeConstructorAccessorImpl.java:62)
	at sun.reflect.DelegatingConstructorAccessorImpl.newInstance(DelegatingConstructorAccessorImpl.java:45)
	at java.lang.reflect.Constructor.newInstance(Constructor.java:423)
	at org.openqa.selenium.remote.http.W3CHttpResponseCodec.createException(W3CHttpResponseCodec.java:187)
	at org.openqa.selenium.remote.http.W3CHttpResponseCodec.decode(W3CHttpResponseCodec.java:122)
	at org.openqa.selenium.remote.http.W3CHttpResponseCodec.decode(W3CHttpResponseCodec.java:49)
	at org.openqa.selenium.remote.HttpCommandExecutor.execute(HttpCommandExecutor.java:158)
	at io.appium.java_client.remote.AppiumCommandExecutor.execute(AppiumCommandExecutor.java:239)
	at org.openqa.selenium.remote.RemoteWebDriver.execute(RemoteWebDriver.java:552)
	at io.appium.java_client.DefaultGenericMobileDriver.execute(DefaultGenericMobileDriver.java:42)
	at io.appium.java_client.AppiumDriver.execute(AppiumDriver.java:1)
	at io.appium.java_client.android.AndroidDriver.execute(AndroidDriver.java:1)
	at org.openqa.selenium.remote.RemoteWebDriver.findElement(RemoteWebDriver.java:323)
	at io.appium.java_client.DefaultGenericMobileDriver.findElement(DefaultGenericMobileDriver.java:62)
	at io.appium.java_client.AppiumDriver.findElement(AppiumDriver.java:1)
	at io.appium.java_client.android.AndroidDriver.findElement(AndroidDriver.java:1)
	at org.openqa.selenium.remote.RemoteWebDriver.findElementByXPath(RemoteWebDriver.java:428)
	at io.appium.java_client.DefaultGenericMobileDriver.findElementByXPath(DefaultGenericMobileDriver.java:152)
	at io.appium.java_client.AppiumDriver.findElementByXPath(AppiumDriver.java:1)
	at io.appium.java_client.android.AndroidDriver.findElementByXPath(AndroidDriver.java:1)
	at org.openqa.selenium.By$ByXPath.findElement(By.java:353)
	at org.openqa.selenium.remote.RemoteWebDriver.findElement(RemoteWebDriver.java:315)
	at io.appium.java_client.DefaultGenericMobileDriver.findElement(DefaultGenericMobileDriver.java:58)
	at io.appium.java_client.AppiumDriver.findElement(AppiumDriver.java:1)
	at io.appium.java_client.android.AndroidDriver.findElement(AndroidDriver.java:1)
	at Cubot_Note9.Test10_Int.rearVideoRec(Test10_Int.java:128)
	at sun.reflect.NativeMethodAccessorImpl.invoke0(Native Method)
	at sun.reflect.NativeMethodAccessorImpl.invoke(NativeMethodAccessorImpl.java:62)
	at sun.reflect.DelegatingMethodAccessorImpl.invoke(DelegatingMethodAccessorImpl.java:43)
	at java.lang.reflect.Method.invoke(Method.java:498)
	at org.testng.internal.MethodInvocationHelper.invokeMethod(MethodInvocationHelper.java:80)
	at org.testng.internal.Invoker.invokeMethod(Invoker.java:673)
	at org.testng.internal.Invoker.invokeTestMethod(Invoker.java:842)
	at org.testng.internal.Invoker.invokeTestMethods(Invoker.java:1166)
	at org.testng.internal.TestMethodWorker.invokeTestMethods(TestMethodWorker.java:125)
	at org.testng.internal.TestMethodWorker.run(TestMethodWorker.java:109)
	at org.testng.TestRunner.runWorkers(TestRunner.java:1178)
	at org.testng.TestRunner.privateRun(TestRunner.java:757)
	at org.testng.TestRunner.run(TestRunner.java:608)
	at org.testng.SuiteRunner.runTest(SuiteRunner.java:334)
	at org.testng.SuiteRunner.runSequentially(SuiteRunner.java:329)
	at org.testng.SuiteRunner.privateRun(SuiteRunner.java:291)
	at org.testng.SuiteRunner.run(SuiteRunner.java:240)
	at org.testng.SuiteRunnerWorker.runSuite(SuiteRunnerWorker.java:52)
	at org.testng.SuiteRunnerWorker.run(SuiteRunnerWorker.java:86)
	at org.testng.TestNG.runSuitesSequentially(TestNG.java:1158)
	at org.testng.TestNG.runSuitesSequentially(TestNG.java:1154)
	at org.testng.TestNG.runSuitesLocally(TestNG.java:1083)
	at org.testng.TestNG.run(TestNG.java:999)
	at org.apache.maven.surefire.testng.TestNGExecutor.run(TestNGExecutor.java:284)
	at org.apache.maven.surefire.testng.TestNGXmlTestSuite.execute(TestNGXmlTestSuite.java:75)
	at org.apache.maven.surefire.testng.TestNGProvider.invoke(TestNGProvider.java:119)
	at org.apache.maven.surefire.booter.ForkedBooter.runSuitesInProcess(ForkedBooter.java:428)
	at org.apache.maven.surefire.booter.ForkedBooter.execute(ForkedBooter.java:162)
	at org.apache.maven.surefire.booter.ForkedBooter.run(ForkedBooter.java:562)
	at org.apache.maven.surefire.booter.ForkedBooter.main(ForkedBooter.java:548)
org.openqa.selenium.NoSuchElementException: An element could not be located on the page using the given search parameters.
For documentation on this error, please visit: https://www.seleniumhq.org/exceptions/no_such_element.html
Build info: version: '3.141.59', revision: 'e82be7d358', time: '2018-11-14T08:17:03'
System info: host: 'SD-APPS-090', ip: '10.65.148.57', os.name: 'Windows 10', os.arch: 'amd64', os.version: '10.0', java.version: '1.8.0_202'
Driver info: io.appium.java_client.android.AndroidDriver
Capabilities {automationName: UiAutomator2, databaseEnabled: false, desired: {automationName: UiAutomator2, deviceName: NOTE 9, newCommandTimeout: 1200, platformName: android, platformVersion: 11, udid: NOTE9210522007851}, deviceApiLevel: 30, deviceManufacturer: CUBOT, deviceModel: NOTE 9, deviceName: NOTE9210522007851, deviceScreenDensity: 220, deviceScreenSize: 480x960, deviceUDID: NOTE9210522007851, javascriptEnabled: true, locationContextEnabled: false, networkConnectionEnabled: true, newCommandTimeout: 1200, pixelRatio: 1.375, platform: LINUX, platformName: Android, platformVersion: 11, statBarHeight: 59, takesScreenshot: true, udid: NOTE9210522007851, viewportRect: {height: 835, left: 0, top: 59, width: 480}, warnings: {}, webStorageEnabled: false}
Session ID: 4de46b38-6540-4bd9-8f29-f4b679302d84
*** Element info: {Using=xpath, value=//*[@text='START CAPTURE']}
	at sun.reflect.NativeConstructorAccessorImpl.newInstance0(Native Method)
	at sun.reflect.NativeConstructorAccessorImpl.newInstance(NativeConstructorAccessorImpl.java:62)
	at sun.reflect.DelegatingConstructorAccessorImpl.newInstance(DelegatingConstructorAccessorImpl.java:45)
	at java.lang.reflect.Constructor.newInstance(Constructor.java:423)
	at org.openqa.selenium.remote.http.W3CHttpResponseCodec.createException(W3CHttpResponseCodec.java:187)
	at org.openqa.selenium.remote.http.W3CHttpResponseCodec.decode(W3CHttpResponseCodec.java:122)
	at org.openqa.selenium.remote.http.W3CHttpResponseCodec.decode(W3CHttpResponseCodec.java:49)
	at org.openqa.selenium.remote.HttpCommandExecutor.execute(HttpCommandExecutor.java:158)
	at io.appium.java_client.remote.AppiumCommandExecutor.execute(AppiumCommandExecutor.java:239)
	at org.openqa.selenium.remote.RemoteWebDriver.execute(RemoteWebDriver.java:552)
	at io.appium.java_client.DefaultGenericMobileDriver.execute(DefaultGenericMobileDriver.java:42)
	at io.appium.java_client.AppiumDriver.execute(AppiumDriver.java:1)
	at io.appium.java_client.android.AndroidDriver.execute(AndroidDriver.java:1)
	at org.openqa.selenium.remote.RemoteWebDriver.findElement(RemoteWebDriver.java:323)
	at io.appium.java_client.DefaultGenericMobileDriver.findElement(DefaultGenericMobileDriver.java:62)
	at io.appium.java_client.AppiumDriver.findElement(AppiumDriver.java:1)
	at io.appium.java_client.android.AndroidDriver.findElement(AndroidDriver.java:1)
	at org.openqa.selenium.remote.RemoteWebDriver.findElementByXPath(RemoteWebDriver.java:428)
	at io.appium.java_client.DefaultGenericMobileDriver.findElementByXPath(DefaultGenericMobileDriver.java:152)
	at io.appium.java_client.AppiumDriver.findElementByXPath(AppiumDriver.java:1)
	at io.appium.java_client.android.AndroidDriver.findElementByXPath(AndroidDriver.java:1)
	at org.openqa.selenium.By$ByXPath.findElement(By.java:353)
	at org.openqa.selenium.remote.RemoteWebDriver.findElement(RemoteWebDriver.java:315)
	at io.appium.java_client.DefaultGenericMobileDriver.findElement(DefaultGenericMobileDriver.java:58)
	at io.appium.java_client.AppiumDriver.findElement(AppiumDriver.java:1)
	at io.appium.java_client.android.AndroidDriver.findElement(AndroidDriver.java:1)
	at Cubot_Note9.Test10_Int.rearVideoRec(Test10_Int.java:139)
	at sun.reflect.NativeMethodAccessorImpl.invoke0(Native Method)
	at sun.reflect.NativeMethodAccessorImpl.invoke(NativeMethodAccessorImpl.java:62)
	at sun.reflect.DelegatingMethodAccessorImpl.invoke(DelegatingMethodAccessorImpl.java:43)
	at java.lang.reflect.Method.invoke(Method.java:498)
	at org.testng.internal.MethodInvocationHelper.invokeMethod(MethodInvocationHelper.java:80)
	at org.testng.internal.Invoker.invokeMethod(Invoker.java:673)
	at org.testng.internal.Invoker.invokeTestMethod(Invoker.java:842)
	at org.testng.internal.Invoker.invokeTestMethods(Invoker.java:1166)
	at org.testng.internal.TestMethodWorker.invokeTestMethods(TestMethodWorker.java:125)
	at org.testng.internal.TestMethodWorker.run(TestMethodWorker.java:109)
	at org.testng.TestRunner.runWorkers(TestRunner.java:1178)
	at org.testng.TestRunner.privateRun(TestRunner.java:757)
	at org.testng.TestRunner.run(TestRunner.java:608)
	at org.testng.SuiteRunner.runTest(SuiteRunner.java:334)
	at org.testng.SuiteRunner.runSequentially(SuiteRunner.java:329)
	at org.testng.SuiteRunner.privateRun(SuiteRunner.java:291)
	at org.testng.SuiteRunner.run(SuiteRunner.java:240)
	at org.testng.SuiteRunnerWorker.runSuite(SuiteRunnerWorker.java:52)
	at org.testng.SuiteRunnerWorker.run(SuiteRunnerWorker.java:86)
	at org.testng.TestNG.runSuitesSequentially(TestNG.java:1158)
	at org.testng.TestNG.runSuitesSequentially(TestNG.java:1154)
	at org.testng.TestNG.runSuitesLocally(TestNG.java:1083)
	at org.testng.TestNG.run(TestNG.java:999)
	at org.apache.maven.surefire.testng.TestNGExecutor.run(TestNGExecutor.java:284)
	at org.apache.maven.surefire.testng.TestNGXmlTestSuite.execute(TestNGXmlTestSuite.java:75)
	at org.apache.maven.surefire.testng.TestNGProvider.invoke(TestNGProvider.java:119)
	at org.apache.maven.surefire.booter.ForkedBooter.runSuitesInProcess(ForkedBooter.java:428)
	at org.apache.maven.surefire.booter.ForkedBooter.execute(ForkedBooter.java:162)
	at org.apache.maven.surefire.booter.ForkedBooter.run(ForkedBooter.java:562)
	at org.apache.maven.surefire.booter.ForkedBooter.main(ForkedBooter.java:548)
org.openqa.selenium.NoSuchElementException: An element could not be located on the page using the given search parameters.
For documentation on this error, please visit: https://www.seleniumhq.org/exceptions/no_such_element.html
Build info: version: '3.141.59', revision: 'e82be7d358', time: '2018-11-14T08:17:03'
System info: host: 'SD-APPS-090', ip: '10.65.148.57', os.name: 'Windows 10', os.arch: 'amd64', os.version: '10.0', java.version: '1.8.0_202'
Driver info: io.appium.java_client.android.AndroidDriver
Capabilities {automationName: UiAutomator2, databaseEnabled: false, desired: {automationName: UiAutomator2, deviceName: NOTE 9, newCommandTimeout: 1200, platformName: android, platformVersion: 11, udid: NOTE9210522007851}, deviceApiLevel: 30, deviceManufacturer: CUBOT, deviceModel: NOTE 9, deviceName: NOTE9210522007851, deviceScreenDensity: 220, deviceScreenSize: 480x960, deviceUDID: NOTE9210522007851, javascriptEnabled: true, locationContextEnabled: false, networkConnectionEnabled: true, newCommandTimeout: 1200, pixelRatio: 1.375, platform: LINUX, platformName: Android, platformVersion: 11, statBarHeight: 59, takesScreenshot: true, udid: NOTE9210522007851, viewportRect: {height: 835, left: 0, top: 59, width: 480}, warnings: {}, webStorageEnabled: false}
Session ID: 4de46b38-6540-4bd9-8f29-f4b679302d84
*** Element info: {Using=xpath, value=//*[@resource-id='com.google.android.apps.nbu.files:id/agree_button']}
	at sun.reflect.NativeConstructorAccessorImpl.newInstance0(Native Method)
	at sun.reflect.NativeConstructorAccessorImpl.newInstance(NativeConstructorAccessorImpl.java:62)
	at sun.reflect.DelegatingConstructorAccessorImpl.newInstance(DelegatingConstructorAccessorImpl.java:45)
	at java.lang.reflect.Constructor.newInstance(Constructor.java:423)
	at org.openqa.selenium.remote.http.W3CHttpResponseCodec.createException(W3CHttpResponseCodec.java:187)
	at org.openqa.selenium.remote.http.W3CHttpResponseCodec.decode(W3CHttpResponseCodec.java:122)
	at org.openqa.selenium.remote.http.W3CHttpResponseCodec.decode(W3CHttpResponseCodec.java:49)
	at org.openqa.selenium.remote.HttpCommandExecutor.execute(HttpCommandExecutor.java:158)
	at io.appium.java_client.remote.AppiumCommandExecutor.execute(AppiumCommandExecutor.java:239)
	at org.openqa.selenium.remote.RemoteWebDriver.execute(RemoteWebDriver.java:552)
	at io.appium.java_client.DefaultGenericMobileDriver.execute(DefaultGenericMobileDriver.java:42)
	at io.appium.java_client.AppiumDriver.execute(AppiumDriver.java:1)
	at io.appium.java_client.android.AndroidDriver.execute(AndroidDriver.java:1)
	at org.openqa.selenium.remote.RemoteWebDriver.findElement(RemoteWebDriver.java:323)
	at io.appium.java_client.DefaultGenericMobileDriver.findElement(DefaultGenericMobileDriver.java:62)
	at io.appium.java_client.AppiumDriver.findElement(AppiumDriver.java:1)
	at io.appium.java_client.android.AndroidDriver.findElement(AndroidDriver.java:1)
	at org.openqa.selenium.remote.RemoteWebDriver.findElementByXPath(RemoteWebDriver.java:428)
	at io.appium.java_client.DefaultGenericMobileDriver.findElementByXPath(DefaultGenericMobileDriver.java:152)
	at io.appium.java_client.AppiumDriver.findElementByXPath(AppiumDriver.java:1)
	at io.appium.java_client.android.AndroidDriver.findElementByXPath(AndroidDriver.java:1)
	at org.openqa.selenium.By$ByXPath.findElement(By.java:353)
	at org.openqa.selenium.remote.RemoteWebDriver.findElement(RemoteWebDriver.java:315)
	at io.appium.java_client.DefaultGenericMobileDriver.findElement(DefaultGenericMobileDriver.java:58)
	at io.appium.java_client.AppiumDriver.findElement(AppiumDriver.java:1)
	at io.appium.java_client.android.AndroidDriver.findElement(AndroidDriver.java:1)
	at Cubot_Note9.Test10_Int.DataMoveOperation(Test10_Int.java:666)
	at Cubot_Note9.Test10_Int.RecordedVideoPlayback(Test10_Int.java:478)
	at Cubot_Note9.Test10_Int.rearVideoRec(Test10_Int.java:359)
	at sun.reflect.NativeMethodAccessorImpl.invoke0(Native Method)
	at sun.reflect.NativeMethodAccessorImpl.invoke(NativeMethodAccessorImpl.java:62)
	at sun.reflect.DelegatingMethodAccessorImpl.invoke(DelegatingMethodAccessorImpl.java:43)
	at java.lang.reflect.Method.invoke(Method.java:498)
	at org.testng.internal.MethodInvocationHelper.invokeMethod(MethodInvocationHelper.java:80)
	at org.testng.internal.Invoker.invokeMethod(Invoker.java:673)
	at org.testng.internal.Invoker.invokeTestMethod(Invoker.java:842)
	at org.testng.internal.Invoker.invokeTestMethods(Invoker.java:1166)
	at org.testng.internal.TestMethodWorker.invokeTestMethods(TestMethodWorker.java:125)
	at org.testng.internal.TestMethodWorker.run(TestMethodWorker.java:109)
	at org.testng.TestRunner.runWorkers(TestRunner.java:1178)
	at org.testng.TestRunner.privateRun(TestRunner.java:757)
	at org.testng.TestRunner.run(TestRunner.java:608)
	at org.testng.SuiteRunner.runTest(SuiteRunner.java:334)
	at org.testng.SuiteRunner.runSequentially(SuiteRunner.java:329)
	at org.testng.SuiteRunner.privateRun(SuiteRunner.java:291)
	at org.testng.SuiteRunner.run(SuiteRunner.java:240)
	at org.testng.SuiteRunnerWorker.runSuite(SuiteRunnerWorker.java:52)
	at org.testng.SuiteRunnerWorker.run(SuiteRunnerWorker.java:86)
	at org.testng.TestNG.runSuitesSequentially(TestNG.java:1158)
	at org.testng.TestNG.runSuitesSequentially(TestNG.java:1154)
	at org.testng.TestNG.runSuitesLocally(TestNG.java:1083)
	at org.testng.TestNG.run(TestNG.java:999)
	at org.apache.maven.surefire.testng.TestNGExecutor.run(TestNGExecutor.java:284)
	at org.apache.maven.surefire.testng.TestNGXmlTestSuite.execute(TestNGXmlTestSuite.java:75)
	at org.apache.maven.surefire.testng.TestNGProvider.invoke(TestNGProvider.java:119)
	at org.apache.maven.surefire.booter.ForkedBooter.runSuitesInProcess(ForkedBooter.java:428)
	at org.apache.maven.surefire.booter.ForkedBooter.execute(ForkedBooter.java:162)
	at org.apache.maven.surefire.booter.ForkedBooter.run(ForkedBooter.java:562)
	at org.apache.maven.surefire.booter.ForkedBooter.main(ForkedBooter.java:548)
]]></system-err>
  </testcase>
  <testcase name="frontVideoRec" classname="Cubot_Note9.Test10F_Int" time="2,330.289">
    <system-out><![CDATA[Test:Start
===================================================================================================================================================================================================================================================================================================================================================================================================================================================================================================================================================================================================================================================================================================================================
Test10F_Int Scenario is as follows
1.Launch Camera application and start front camera video recording for all host applicable resolutions in Internal mount uSD Card
2.Playback Highest resolution recorded video from internal mount uSD card, fast forward playback and pause video scenario 
3.Move front camera recorded video to Test10F_Int folder
Setting up the appium desired capabilities
===================================================================================================================================================================================================================================================================================================================================================================================================================================================================================================================================================================================================================================================================================================================================
Clearing Recent Apps
Pass: No recent apps found
Launch Camera Application for rear camera video recording
Select camera permissions
While using the app
START CAPTURE
Test10F_Int_Fcam_res: 3 resolutions supported
Select video tab
Click On front camera mode
Select settings option
Select Video quality
Select First front video resolution:  HD 720P
recordingDurationFront_Int = 580sec
Start video recording
Stop video recording
Select settings option
Select Video quality
Select First FRONT video resolution:  SD 480p
recordingDurationFront_Int1 = 580sec
Start video recording
Stop video recording
Select settings option
Select Video quality
Select third front video resolution: CIF
recordingDurationFront_Int2 = 580sec
Start video recording
Stop video recording
Click On back camera mode
Select photo mode
Launch file manager application and verify recorded video capture uSD Card
Swipe up to select uSD card
Select SD card
switch to grid view mode to select DCIM folder
Select DCIM Folder
Select camera folder
switch to list view mode
Click More options
Click select all
Test10F_Int_Fcam_video: 3 Videos captured successfull
===================================================================================================================================================================================================================================================================================================================================================================================================================================================================================================================================================================================================================================================================================================================================
Calling VideoPlayBackForSleepWake()
Launching file manager application
Swipe up to select uSD card
Select internal storage
switch to grid view mode to select DCIM folder
Select DCIM Folder
Select Camera folder
switch to list view mode
Select more options
Select Sort by
Select Sort by Newest date first
Click on first file to play highest recorded resolution video file
Tap Somewhere on Screen for contents to visible on Screen
Click pause video button
Lock Mobile with 30 seconds delay
Wait For 30Seconds
Unlock Mobile
Tap Somewhere on Screen for contents to visible on Screen
Click pause video button
Tap Somewhere on Screen for contents to visible on Screen
Tap Somewhere on Screen for contents to visible on Screen
Click pause video button
Pass: Test10F_Int Pass for Front video play back, Pause,Lock and Unlock Phone Play back from Pause duration Scenario
===================================================================================================================================================================================================================================================================================================================================================================================================================================================================================================================================================================================================================================================================================================================================
calling DatamoveOperation() to move front camera recorded videos files to Test10F folder
launch file manager application select internal storage-->DCIM folder-->Camera folder-->Select all rear camera images create Test10 folder and cut paste all videos in BCFC_Cameravideos folder
Swipe up to select uSD card
Select internal storage
switch to grid view mode to select DCIM folder
Select DCIM Folder
Select camera folder
switch to list view mode
Click More options
Click select all
Click More options
select move to option
select uSD Card
Select ADD NEW Folder option
Name folder as Test10F_Int
Accept create folder
Cut paste  video files operation completed successfully
Pass: Test10F_Int Pass for data move operation successfully
===================================================================================================================================================================================================================================================================================================================================================================================================================================================================================================================================================================================================================================================================================================================================
Final Message: Pass Test10F_Int Pass for front camera  video recording, Pause Video Playback scenario and data move operation scenario
]]></system-out>
    <system-err><![CDATA[2023-02-15 11:34:10 INFO   io.appium.java_client.remote.AppiumCommandExecutor$1 lambda$0 Detected dialect: W3C
2023-02-15 11:34:18 INFO   io.appium.java_client.remote.AppiumCommandExecutor$1 lambda$0 Detected dialect: W3C
org.openqa.selenium.InvalidSelectorException: Could not parse selector expression `new UiSelector().content-desc("CLEAR ALL")`: UiSelector has no `content-desc` method
For documentation on this error, please visit: https://www.seleniumhq.org/exceptions/invalid_selector_exception.html
Build info: version: '3.141.59', revision: 'e82be7d358', time: '2018-11-14T08:17:03'
System info: host: 'SD-APPS-090', ip: '10.65.148.57', os.name: 'Windows 10', os.arch: 'amd64', os.version: '10.0', java.version: '1.8.0_202'
Driver info: io.appium.java_client.android.AndroidDriver
Capabilities {automationName: UiAutomator2, databaseEnabled: false, desired: {automationName: UiAutomator2, deviceName: NOTE 9, newCommandTimeout: 1200, platformName: android, platformVersion: 11, udid: NOTE9210522007851}, deviceApiLevel: 30, deviceManufacturer: CUBOT, deviceModel: NOTE 9, deviceName: NOTE9210522007851, deviceScreenDensity: 220, deviceScreenSize: 480x960, deviceUDID: NOTE9210522007851, javascriptEnabled: true, locationContextEnabled: false, networkConnectionEnabled: true, newCommandTimeout: 1200, pixelRatio: 1.375, platform: LINUX, platformName: Android, platformVersion: 11, statBarHeight: 59, takesScreenshot: true, udid: NOTE9210522007851, viewportRect: {height: 835, left: 0, top: 59, width: 480}, warnings: {}, webStorageEnabled: false}
Session ID: baa1152b-9918-4eab-a8e7-07e3a4d98d61
*** Element info: {Using=-android uiautomator, value=new UiSelector().content-desc("CLEAR ALL")}
	at sun.reflect.NativeConstructorAccessorImpl.newInstance0(Native Method)
	at sun.reflect.NativeConstructorAccessorImpl.newInstance(NativeConstructorAccessorImpl.java:62)
	at sun.reflect.DelegatingConstructorAccessorImpl.newInstance(DelegatingConstructorAccessorImpl.java:45)
	at java.lang.reflect.Constructor.newInstance(Constructor.java:423)
	at org.openqa.selenium.remote.http.W3CHttpResponseCodec.createException(W3CHttpResponseCodec.java:187)
	at org.openqa.selenium.remote.http.W3CHttpResponseCodec.decode(W3CHttpResponseCodec.java:122)
	at org.openqa.selenium.remote.http.W3CHttpResponseCodec.decode(W3CHttpResponseCodec.java:49)
	at org.openqa.selenium.remote.HttpCommandExecutor.execute(HttpCommandExecutor.java:158)
	at io.appium.java_client.remote.AppiumCommandExecutor.execute(AppiumCommandExecutor.java:239)
	at org.openqa.selenium.remote.RemoteWebDriver.execute(RemoteWebDriver.java:552)
	at io.appium.java_client.DefaultGenericMobileDriver.execute(DefaultGenericMobileDriver.java:42)
	at io.appium.java_client.AppiumDriver.execute(AppiumDriver.java:1)
	at io.appium.java_client.android.AndroidDriver.execute(AndroidDriver.java:1)
	at org.openqa.selenium.remote.RemoteWebDriver.findElement(RemoteWebDriver.java:323)
	at io.appium.java_client.DefaultGenericMobileDriver.findElement(DefaultGenericMobileDriver.java:62)
	at io.appium.java_client.AppiumDriver.findElement(AppiumDriver.java:1)
	at io.appium.java_client.android.AndroidDriver.findElement(AndroidDriver.java:1)
	at io.appium.java_client.FindsByAndroidUIAutomator.findElementByAndroidUIAutomator(FindsByAndroidUIAutomator.java:38)
	at Cubot_Note9.Test10F_Int.frontVideoRec(Test10F_Int.java:99)
	at sun.reflect.NativeMethodAccessorImpl.invoke0(Native Method)
	at sun.reflect.NativeMethodAccessorImpl.invoke(NativeMethodAccessorImpl.java:62)
	at sun.reflect.DelegatingMethodAccessorImpl.invoke(DelegatingMethodAccessorImpl.java:43)
	at java.lang.reflect.Method.invoke(Method.java:498)
	at org.testng.internal.MethodInvocationHelper.invokeMethod(MethodInvocationHelper.java:80)
	at org.testng.internal.Invoker.invokeMethod(Invoker.java:673)
	at org.testng.internal.Invoker.invokeTestMethod(Invoker.java:842)
	at org.testng.internal.Invoker.invokeTestMethods(Invoker.java:1166)
	at org.testng.internal.TestMethodWorker.invokeTestMethods(TestMethodWorker.java:125)
	at org.testng.internal.TestMethodWorker.run(TestMethodWorker.java:109)
	at org.testng.TestRunner.runWorkers(TestRunner.java:1178)
	at org.testng.TestRunner.privateRun(TestRunner.java:757)
	at org.testng.TestRunner.run(TestRunner.java:608)
	at org.testng.SuiteRunner.runTest(SuiteRunner.java:334)
	at org.testng.SuiteRunner.runSequentially(SuiteRunner.java:329)
	at org.testng.SuiteRunner.privateRun(SuiteRunner.java:291)
	at org.testng.SuiteRunner.run(SuiteRunner.java:240)
	at org.testng.SuiteRunnerWorker.runSuite(SuiteRunnerWorker.java:52)
	at org.testng.SuiteRunnerWorker.run(SuiteRunnerWorker.java:86)
	at org.testng.TestNG.runSuitesSequentially(TestNG.java:1158)
	at org.testng.TestNG.runSuitesSequentially(TestNG.java:1154)
	at org.testng.TestNG.runSuitesLocally(TestNG.java:1083)
	at org.testng.TestNG.run(TestNG.java:999)
	at org.apache.maven.surefire.testng.TestNGExecutor.run(TestNGExecutor.java:284)
	at org.apache.maven.surefire.testng.TestNGXmlTestSuite.execute(TestNGXmlTestSuite.java:75)
	at org.apache.maven.surefire.testng.TestNGProvider.invoke(TestNGProvider.java:119)
	at org.apache.maven.surefire.booter.ForkedBooter.runSuitesInProcess(ForkedBooter.java:428)
	at org.apache.maven.surefire.booter.ForkedBooter.execute(ForkedBooter.java:162)
	at org.apache.maven.surefire.booter.ForkedBooter.run(ForkedBooter.java:562)
	at org.apache.maven.surefire.booter.ForkedBooter.main(ForkedBooter.java:548)
org.openqa.selenium.NoSuchElementException: An element could not be located on the page using the given search parameters.
For documentation on this error, please visit: https://www.seleniumhq.org/exceptions/no_such_element.html
Build info: version: '3.141.59', revision: 'e82be7d358', time: '2018-11-14T08:17:03'
System info: host: 'SD-APPS-090', ip: '10.65.148.57', os.name: 'Windows 10', os.arch: 'amd64', os.version: '10.0', java.version: '1.8.0_202'
Driver info: io.appium.java_client.android.AndroidDriver
Capabilities {automationName: UiAutomator2, databaseEnabled: false, desired: {automationName: UiAutomator2, deviceName: NOTE 9, newCommandTimeout: 1200, platformName: android, platformVersion: 11, udid: NOTE9210522007851}, deviceApiLevel: 30, deviceManufacturer: CUBOT, deviceModel: NOTE 9, deviceName: NOTE9210522007851, deviceScreenDensity: 220, deviceScreenSize: 480x960, deviceUDID: NOTE9210522007851, javascriptEnabled: true, locationContextEnabled: false, networkConnectionEnabled: true, newCommandTimeout: 1200, pixelRatio: 1.375, platform: LINUX, platformName: Android, platformVersion: 11, statBarHeight: 59, takesScreenshot: true, udid: NOTE9210522007851, viewportRect: {height: 835, left: 0, top: 59, width: 480}, warnings: {}, webStorageEnabled: false}
Session ID: baa1152b-9918-4eab-a8e7-07e3a4d98d61
*** Element info: {Using=xpath, value=//*[@text='WHILE USING THE APP']}
	at sun.reflect.NativeConstructorAccessorImpl.newInstance0(Native Method)
	at sun.reflect.NativeConstructorAccessorImpl.newInstance(NativeConstructorAccessorImpl.java:62)
	at sun.reflect.DelegatingConstructorAccessorImpl.newInstance(DelegatingConstructorAccessorImpl.java:45)
	at java.lang.reflect.Constructor.newInstance(Constructor.java:423)
	at org.openqa.selenium.remote.http.W3CHttpResponseCodec.createException(W3CHttpResponseCodec.java:187)
	at org.openqa.selenium.remote.http.W3CHttpResponseCodec.decode(W3CHttpResponseCodec.java:122)
	at org.openqa.selenium.remote.http.W3CHttpResponseCodec.decode(W3CHttpResponseCodec.java:49)
	at org.openqa.selenium.remote.HttpCommandExecutor.execute(HttpCommandExecutor.java:158)
	at io.appium.java_client.remote.AppiumCommandExecutor.execute(AppiumCommandExecutor.java:239)
	at org.openqa.selenium.remote.RemoteWebDriver.execute(RemoteWebDriver.java:552)
	at io.appium.java_client.DefaultGenericMobileDriver.execute(DefaultGenericMobileDriver.java:42)
	at io.appium.java_client.AppiumDriver.execute(AppiumDriver.java:1)
	at io.appium.java_client.android.AndroidDriver.execute(AndroidDriver.java:1)
	at org.openqa.selenium.remote.RemoteWebDriver.findElement(RemoteWebDriver.java:323)
	at io.appium.java_client.DefaultGenericMobileDriver.findElement(DefaultGenericMobileDriver.java:62)
	at io.appium.java_client.AppiumDriver.findElement(AppiumDriver.java:1)
	at io.appium.java_client.android.AndroidDriver.findElement(AndroidDriver.java:1)
	at org.openqa.selenium.remote.RemoteWebDriver.findElementByXPath(RemoteWebDriver.java:428)
	at io.appium.java_client.DefaultGenericMobileDriver.findElementByXPath(DefaultGenericMobileDriver.java:152)
	at io.appium.java_client.AppiumDriver.findElementByXPath(AppiumDriver.java:1)
	at io.appium.java_client.android.AndroidDriver.findElementByXPath(AndroidDriver.java:1)
	at org.openqa.selenium.By$ByXPath.findElement(By.java:353)
	at org.openqa.selenium.remote.RemoteWebDriver.findElement(RemoteWebDriver.java:315)
	at io.appium.java_client.DefaultGenericMobileDriver.findElement(DefaultGenericMobileDriver.java:58)
	at io.appium.java_client.AppiumDriver.findElement(AppiumDriver.java:1)
	at io.appium.java_client.android.AndroidDriver.findElement(AndroidDriver.java:1)
	at Cubot_Note9.Test10F_Int.frontVideoRec(Test10F_Int.java:123)
	at sun.reflect.NativeMethodAccessorImpl.invoke0(Native Method)
	at sun.reflect.NativeMethodAccessorImpl.invoke(NativeMethodAccessorImpl.java:62)
	at sun.reflect.DelegatingMethodAccessorImpl.invoke(DelegatingMethodAccessorImpl.java:43)
	at java.lang.reflect.Method.invoke(Method.java:498)
	at org.testng.internal.MethodInvocationHelper.invokeMethod(MethodInvocationHelper.java:80)
	at org.testng.internal.Invoker.invokeMethod(Invoker.java:673)
	at org.testng.internal.Invoker.invokeTestMethod(Invoker.java:842)
	at org.testng.internal.Invoker.invokeTestMethods(Invoker.java:1166)
	at org.testng.internal.TestMethodWorker.invokeTestMethods(TestMethodWorker.java:125)
	at org.testng.internal.TestMethodWorker.run(TestMethodWorker.java:109)
	at org.testng.TestRunner.runWorkers(TestRunner.java:1178)
	at org.testng.TestRunner.privateRun(TestRunner.java:757)
	at org.testng.TestRunner.run(TestRunner.java:608)
	at org.testng.SuiteRunner.runTest(SuiteRunner.java:334)
	at org.testng.SuiteRunner.runSequentially(SuiteRunner.java:329)
	at org.testng.SuiteRunner.privateRun(SuiteRunner.java:291)
	at org.testng.SuiteRunner.run(SuiteRunner.java:240)
	at org.testng.SuiteRunnerWorker.runSuite(SuiteRunnerWorker.java:52)
	at org.testng.SuiteRunnerWorker.run(SuiteRunnerWorker.java:86)
	at org.testng.TestNG.runSuitesSequentially(TestNG.java:1158)
	at org.testng.TestNG.runSuitesSequentially(TestNG.java:1154)
	at org.testng.TestNG.runSuitesLocally(TestNG.java:1083)
	at org.testng.TestNG.run(TestNG.java:999)
	at org.apache.maven.surefire.testng.TestNGExecutor.run(TestNGExecutor.java:284)
	at org.apache.maven.surefire.testng.TestNGXmlTestSuite.execute(TestNGXmlTestSuite.java:75)
	at org.apache.maven.surefire.testng.TestNGProvider.invoke(TestNGProvider.java:119)
	at org.apache.maven.surefire.booter.ForkedBooter.runSuitesInProcess(ForkedBooter.java:428)
	at org.apache.maven.surefire.booter.ForkedBooter.execute(ForkedBooter.java:162)
	at org.apache.maven.surefire.booter.ForkedBooter.run(ForkedBooter.java:562)
	at org.apache.maven.surefire.booter.ForkedBooter.main(ForkedBooter.java:548)
org.openqa.selenium.NoSuchElementException: An element could not be located on the page using the given search parameters.
For documentation on this error, please visit: https://www.seleniumhq.org/exceptions/no_such_element.html
Build info: version: '3.141.59', revision: 'e82be7d358', time: '2018-11-14T08:17:03'
System info: host: 'SD-APPS-090', ip: '10.65.148.57', os.name: 'Windows 10', os.arch: 'amd64', os.version: '10.0', java.version: '1.8.0_202'
Driver info: io.appium.java_client.android.AndroidDriver
Capabilities {automationName: UiAutomator2, databaseEnabled: false, desired: {automationName: UiAutomator2, deviceName: NOTE 9, newCommandTimeout: 1200, platformName: android, platformVersion: 11, udid: NOTE9210522007851}, deviceApiLevel: 30, deviceManufacturer: CUBOT, deviceModel: NOTE 9, deviceName: NOTE9210522007851, deviceScreenDensity: 220, deviceScreenSize: 480x960, deviceUDID: NOTE9210522007851, javascriptEnabled: true, locationContextEnabled: false, networkConnectionEnabled: true, newCommandTimeout: 1200, pixelRatio: 1.375, platform: LINUX, platformName: Android, platformVersion: 11, statBarHeight: 59, takesScreenshot: true, udid: NOTE9210522007851, viewportRect: {height: 835, left: 0, top: 59, width: 480}, warnings: {}, webStorageEnabled: false}
Session ID: baa1152b-9918-4eab-a8e7-07e3a4d98d61
*** Element info: {Using=xpath, value=//*[@text='START CAPTURE']}
	at sun.reflect.NativeConstructorAccessorImpl.newInstance0(Native Method)
	at sun.reflect.NativeConstructorAccessorImpl.newInstance(NativeConstructorAccessorImpl.java:62)
	at sun.reflect.DelegatingConstructorAccessorImpl.newInstance(DelegatingConstructorAccessorImpl.java:45)
	at java.lang.reflect.Constructor.newInstance(Constructor.java:423)
	at org.openqa.selenium.remote.http.W3CHttpResponseCodec.createException(W3CHttpResponseCodec.java:187)
	at org.openqa.selenium.remote.http.W3CHttpResponseCodec.decode(W3CHttpResponseCodec.java:122)
	at org.openqa.selenium.remote.http.W3CHttpResponseCodec.decode(W3CHttpResponseCodec.java:49)
	at org.openqa.selenium.remote.HttpCommandExecutor.execute(HttpCommandExecutor.java:158)
	at io.appium.java_client.remote.AppiumCommandExecutor.execute(AppiumCommandExecutor.java:239)
	at org.openqa.selenium.remote.RemoteWebDriver.execute(RemoteWebDriver.java:552)
	at io.appium.java_client.DefaultGenericMobileDriver.execute(DefaultGenericMobileDriver.java:42)
	at io.appium.java_client.AppiumDriver.execute(AppiumDriver.java:1)
	at io.appium.java_client.android.AndroidDriver.execute(AndroidDriver.java:1)
	at org.openqa.selenium.remote.RemoteWebDriver.findElement(RemoteWebDriver.java:323)
	at io.appium.java_client.DefaultGenericMobileDriver.findElement(DefaultGenericMobileDriver.java:62)
	at io.appium.java_client.AppiumDriver.findElement(AppiumDriver.java:1)
	at io.appium.java_client.android.AndroidDriver.findElement(AndroidDriver.java:1)
	at org.openqa.selenium.remote.RemoteWebDriver.findElementByXPath(RemoteWebDriver.java:428)
	at io.appium.java_client.DefaultGenericMobileDriver.findElementByXPath(DefaultGenericMobileDriver.java:152)
	at io.appium.java_client.AppiumDriver.findElementByXPath(AppiumDriver.java:1)
	at io.appium.java_client.android.AndroidDriver.findElementByXPath(AndroidDriver.java:1)
	at org.openqa.selenium.By$ByXPath.findElement(By.java:353)
	at org.openqa.selenium.remote.RemoteWebDriver.findElement(RemoteWebDriver.java:315)
	at io.appium.java_client.DefaultGenericMobileDriver.findElement(DefaultGenericMobileDriver.java:58)
	at io.appium.java_client.AppiumDriver.findElement(AppiumDriver.java:1)
	at io.appium.java_client.android.AndroidDriver.findElement(AndroidDriver.java:1)
	at Cubot_Note9.Test10F_Int.frontVideoRec(Test10F_Int.java:134)
	at sun.reflect.NativeMethodAccessorImpl.invoke0(Native Method)
	at sun.reflect.NativeMethodAccessorImpl.invoke(NativeMethodAccessorImpl.java:62)
	at sun.reflect.DelegatingMethodAccessorImpl.invoke(DelegatingMethodAccessorImpl.java:43)
	at java.lang.reflect.Method.invoke(Method.java:498)
	at org.testng.internal.MethodInvocationHelper.invokeMethod(MethodInvocationHelper.java:80)
	at org.testng.internal.Invoker.invokeMethod(Invoker.java:673)
	at org.testng.internal.Invoker.invokeTestMethod(Invoker.java:842)
	at org.testng.internal.Invoker.invokeTestMethods(Invoker.java:1166)
	at org.testng.internal.TestMethodWorker.invokeTestMethods(TestMethodWorker.java:125)
	at org.testng.internal.TestMethodWorker.run(TestMethodWorker.java:109)
	at org.testng.TestRunner.runWorkers(TestRunner.java:1178)
	at org.testng.TestRunner.privateRun(TestRunner.java:757)
	at org.testng.TestRunner.run(TestRunner.java:608)
	at org.testng.SuiteRunner.runTest(SuiteRunner.java:334)
	at org.testng.SuiteRunner.runSequentially(SuiteRunner.java:329)
	at org.testng.SuiteRunner.privateRun(SuiteRunner.java:291)
	at org.testng.SuiteRunner.run(SuiteRunner.java:240)
	at org.testng.SuiteRunnerWorker.runSuite(SuiteRunnerWorker.java:52)
	at org.testng.SuiteRunnerWorker.run(SuiteRunnerWorker.java:86)
	at org.testng.TestNG.runSuitesSequentially(TestNG.java:1158)
	at org.testng.TestNG.runSuitesSequentially(TestNG.java:1154)
	at org.testng.TestNG.runSuitesLocally(TestNG.java:1083)
	at org.testng.TestNG.run(TestNG.java:999)
	at org.apache.maven.surefire.testng.TestNGExecutor.run(TestNGExecutor.java:284)
	at org.apache.maven.surefire.testng.TestNGXmlTestSuite.execute(TestNGXmlTestSuite.java:75)
	at org.apache.maven.surefire.testng.TestNGProvider.invoke(TestNGProvider.java:119)
	at org.apache.maven.surefire.booter.ForkedBooter.runSuitesInProcess(ForkedBooter.java:428)
	at org.apache.maven.surefire.booter.ForkedBooter.execute(ForkedBooter.java:162)
	at org.apache.maven.surefire.booter.ForkedBooter.run(ForkedBooter.java:562)
	at org.apache.maven.surefire.booter.ForkedBooter.main(ForkedBooter.java:548)
org.openqa.selenium.NoSuchElementException: An element could not be located on the page using the given search parameters.
For documentation on this error, please visit: https://www.seleniumhq.org/exceptions/no_such_element.html
Build info: version: '3.141.59', revision: 'e82be7d358', time: '2018-11-14T08:17:03'
System info: host: 'SD-APPS-090', ip: '10.65.148.57', os.name: 'Windows 10', os.arch: 'amd64', os.version: '10.0', java.version: '1.8.0_202'
Driver info: io.appium.java_client.android.AndroidDriver
Capabilities {automationName: UiAutomator2, databaseEnabled: false, desired: {automationName: UiAutomator2, deviceName: NOTE 9, newCommandTimeout: 1200, platformName: android, platformVersion: 11, udid: NOTE9210522007851}, deviceApiLevel: 30, deviceManufacturer: CUBOT, deviceModel: NOTE 9, deviceName: NOTE9210522007851, deviceScreenDensity: 220, deviceScreenSize: 480x960, deviceUDID: NOTE9210522007851, javascriptEnabled: true, locationContextEnabled: false, networkConnectionEnabled: true, newCommandTimeout: 1200, pixelRatio: 1.375, platform: LINUX, platformName: Android, platformVersion: 11, statBarHeight: 59, takesScreenshot: true, udid: NOTE9210522007851, viewportRect: {height: 835, left: 0, top: 59, width: 480}, warnings: {}, webStorageEnabled: false}
Session ID: baa1152b-9918-4eab-a8e7-07e3a4d98d61
*** Element info: {Using=xpath, value=//*[@resource-id='com.google.android.apps.nbu.files:id/agree_button']}
	at sun.reflect.NativeConstructorAccessorImpl.newInstance0(Native Method)
	at sun.reflect.NativeConstructorAccessorImpl.newInstance(NativeConstructorAccessorImpl.java:62)
	at sun.reflect.DelegatingConstructorAccessorImpl.newInstance(DelegatingConstructorAccessorImpl.java:45)
	at java.lang.reflect.Constructor.newInstance(Constructor.java:423)
	at org.openqa.selenium.remote.http.W3CHttpResponseCodec.createException(W3CHttpResponseCodec.java:187)
	at org.openqa.selenium.remote.http.W3CHttpResponseCodec.decode(W3CHttpResponseCodec.java:122)
	at org.openqa.selenium.remote.http.W3CHttpResponseCodec.decode(W3CHttpResponseCodec.java:49)
	at org.openqa.selenium.remote.HttpCommandExecutor.execute(HttpCommandExecutor.java:158)
	at io.appium.java_client.remote.AppiumCommandExecutor.execute(AppiumCommandExecutor.java:239)
	at org.openqa.selenium.remote.RemoteWebDriver.execute(RemoteWebDriver.java:552)
	at io.appium.java_client.DefaultGenericMobileDriver.execute(DefaultGenericMobileDriver.java:42)
	at io.appium.java_client.AppiumDriver.execute(AppiumDriver.java:1)
	at io.appium.java_client.android.AndroidDriver.execute(AndroidDriver.java:1)
	at org.openqa.selenium.remote.RemoteWebDriver.findElement(RemoteWebDriver.java:323)
	at io.appium.java_client.DefaultGenericMobileDriver.findElement(DefaultGenericMobileDriver.java:62)
	at io.appium.java_client.AppiumDriver.findElement(AppiumDriver.java:1)
	at io.appium.java_client.android.AndroidDriver.findElement(AndroidDriver.java:1)
	at org.openqa.selenium.remote.RemoteWebDriver.findElementByXPath(RemoteWebDriver.java:428)
	at io.appium.java_client.DefaultGenericMobileDriver.findElementByXPath(DefaultGenericMobileDriver.java:152)
	at io.appium.java_client.AppiumDriver.findElementByXPath(AppiumDriver.java:1)
	at io.appium.java_client.android.AndroidDriver.findElementByXPath(AndroidDriver.java:1)
	at org.openqa.selenium.By$ByXPath.findElement(By.java:353)
	at org.openqa.selenium.remote.RemoteWebDriver.findElement(RemoteWebDriver.java:315)
	at io.appium.java_client.DefaultGenericMobileDriver.findElement(DefaultGenericMobileDriver.java:58)
	at io.appium.java_client.AppiumDriver.findElement(AppiumDriver.java:1)
	at io.appium.java_client.android.AndroidDriver.findElement(AndroidDriver.java:1)
	at Cubot_Note9.Test10F_Int.frontVideoRec(Test10F_Int.java:290)
	at sun.reflect.NativeMethodAccessorImpl.invoke0(Native Method)
	at sun.reflect.NativeMethodAccessorImpl.invoke(NativeMethodAccessorImpl.java:62)
	at sun.reflect.DelegatingMethodAccessorImpl.invoke(DelegatingMethodAccessorImpl.java:43)
	at java.lang.reflect.Method.invoke(Method.java:498)
	at org.testng.internal.MethodInvocationHelper.invokeMethod(MethodInvocationHelper.java:80)
	at org.testng.internal.Invoker.invokeMethod(Invoker.java:673)
	at org.testng.internal.Invoker.invokeTestMethod(Invoker.java:842)
	at org.testng.internal.Invoker.invokeTestMethods(Invoker.java:1166)
	at org.testng.internal.TestMethodWorker.invokeTestMethods(TestMethodWorker.java:125)
	at org.testng.internal.TestMethodWorker.run(TestMethodWorker.java:109)
	at org.testng.TestRunner.runWorkers(TestRunner.java:1178)
	at org.testng.TestRunner.privateRun(TestRunner.java:757)
	at org.testng.TestRunner.run(TestRunner.java:608)
	at org.testng.SuiteRunner.runTest(SuiteRunner.java:334)
	at org.testng.SuiteRunner.runSequentially(SuiteRunner.java:329)
	at org.testng.SuiteRunner.privateRun(SuiteRunner.java:291)
	at org.testng.SuiteRunner.run(SuiteRunner.java:240)
	at org.testng.SuiteRunnerWorker.runSuite(SuiteRunnerWorker.java:52)
	at org.testng.SuiteRunnerWorker.run(SuiteRunnerWorker.java:86)
	at org.testng.TestNG.runSuitesSequentially(TestNG.java:1158)
	at org.testng.TestNG.runSuitesSequentially(TestNG.java:1154)
	at org.testng.TestNG.runSuitesLocally(TestNG.java:1083)
	at org.testng.TestNG.run(TestNG.java:999)
	at org.apache.maven.surefire.testng.TestNGExecutor.run(TestNGExecutor.java:284)
	at org.apache.maven.surefire.testng.TestNGXmlTestSuite.execute(TestNGXmlTestSuite.java:75)
	at org.apache.maven.surefire.testng.TestNGProvider.invoke(TestNGProvider.java:119)
	at org.apache.maven.surefire.booter.ForkedBooter.runSuitesInProcess(ForkedBooter.java:428)
	at org.apache.maven.surefire.booter.ForkedBooter.execute(ForkedBooter.java:162)
	at org.apache.maven.surefire.booter.ForkedBooter.run(ForkedBooter.java:562)
	at org.apache.maven.surefire.booter.ForkedBooter.main(ForkedBooter.java:548)
]]></system-err>
  </testcase>
  <testcase name="RearPictureCapture" classname="Cubot_Note9.Test9_Int" time="2,671.432">
    <system-out><![CDATA[Test: Start
===================================================================================================================================================================================================================================================================================================================================================================================================================================================================================================================================================================================================================================================================================================================================
Test9_Int Scenario is follows:
1.Launch camera application, set uSD as a Storage option, start rear camera Image capture for all host resolutions
2.Move rear camera  captured image files from camera folder to Test9_Int folder
Setting up the appium desired capabilities
===================================================================================================================================================================================================================================================================================================================================================================================================================================================================================================================================================================================================================================================================================================================================
Launch Home Screen and Clear recent
Clearing Recent Apps
Pass: No recent apps found
Launch Camera application for rear Picture capture for all host resolution
Select camera permissions
While using the app
START CAPTURE
Test9_Int_Bcam_res: 6 resolutions supported
Select settings
Select  picture size
Select first Image Resoution: (4:3) 16.0 megapixels 
totalPictureCountRear_Int = 50
clicking Image of 1st Resolutions ultra (4:3) 16.0 megapixels: 0
clicking Image of 1st Resolutions ultra (4:3) 16.0 megapixels: 1
clicking Image of 1st Resolutions ultra (4:3) 16.0 megapixels: 2
clicking Image of 1st Resolutions ultra (4:3) 16.0 megapixels: 3
clicking Image of 1st Resolutions ultra (4:3) 16.0 megapixels: 4
clicking Image of 1st Resolutions ultra (4:3) 16.0 megapixels: 5
clicking Image of 1st Resolutions ultra (4:3) 16.0 megapixels: 6
clicking Image of 1st Resolutions ultra (4:3) 16.0 megapixels: 7
clicking Image of 1st Resolutions ultra (4:3) 16.0 megapixels: 8
clicking Image of 1st Resolutions ultra (4:3) 16.0 megapixels: 9
clicking Image of 1st Resolutions ultra (4:3) 16.0 megapixels: 10
clicking Image of 1st Resolutions ultra (4:3) 16.0 megapixels: 11
clicking Image of 1st Resolutions ultra (4:3) 16.0 megapixels: 12
clicking Image of 1st Resolutions ultra (4:3) 16.0 megapixels: 13
clicking Image of 1st Resolutions ultra (4:3) 16.0 megapixels: 14
clicking Image of 1st Resolutions ultra (4:3) 16.0 megapixels: 15
clicking Image of 1st Resolutions ultra (4:3) 16.0 megapixels: 16
clicking Image of 1st Resolutions ultra (4:3) 16.0 megapixels: 17
clicking Image of 1st Resolutions ultra (4:3) 16.0 megapixels: 18
clicking Image of 1st Resolutions ultra (4:3) 16.0 megapixels: 19
clicking Image of 1st Resolutions ultra (4:3) 16.0 megapixels: 20
clicking Image of 1st Resolutions ultra (4:3) 16.0 megapixels: 21
clicking Image of 1st Resolutions ultra (4:3) 16.0 megapixels: 22
clicking Image of 1st Resolutions ultra (4:3) 16.0 megapixels: 23
clicking Image of 1st Resolutions ultra (4:3) 16.0 megapixels: 24
clicking Image of 1st Resolutions ultra (4:3) 16.0 megapixels: 25
clicking Image of 1st Resolutions ultra (4:3) 16.0 megapixels: 26
clicking Image of 1st Resolutions ultra (4:3) 16.0 megapixels: 27
clicking Image of 1st Resolutions ultra (4:3) 16.0 megapixels: 28
clicking Image of 1st Resolutions ultra (4:3) 16.0 megapixels: 29
clicking Image of 1st Resolutions ultra (4:3) 16.0 megapixels: 30
clicking Image of 1st Resolutions ultra (4:3) 16.0 megapixels: 31
clicking Image of 1st Resolutions ultra (4:3) 16.0 megapixels: 32
clicking Image of 1st Resolutions ultra (4:3) 16.0 megapixels: 33
clicking Image of 1st Resolutions ultra (4:3) 16.0 megapixels: 34
clicking Image of 1st Resolutions ultra (4:3) 16.0 megapixels: 35
clicking Image of 1st Resolutions ultra (4:3) 16.0 megapixels: 36
clicking Image of 1st Resolutions ultra (4:3) 16.0 megapixels: 37
clicking Image of 1st Resolutions ultra (4:3) 16.0 megapixels: 38
clicking Image of 1st Resolutions ultra (4:3) 16.0 megapixels: 39
clicking Image of 1st Resolutions ultra (4:3) 16.0 megapixels: 40
clicking Image of 1st Resolutions ultra (4:3) 16.0 megapixels: 41
clicking Image of 1st Resolutions ultra (4:3) 16.0 megapixels: 42
clicking Image of 1st Resolutions ultra (4:3) 16.0 megapixels: 43
clicking Image of 1st Resolutions ultra (4:3) 16.0 megapixels: 44
clicking Image of 1st Resolutions ultra (4:3) 16.0 megapixels: 45
clicking Image of 1st Resolutions ultra (4:3) 16.0 megapixels: 46
clicking Image of 1st Resolutions ultra (4:3) 16.0 megapixels: 47
clicking Image of 1st Resolutions ultra (4:3) 16.0 megapixels: 48
clicking Image of 1st Resolutions ultra (4:3) 16.0 megapixels: 49
Rear camera first resolution:50 images Captured succesfull
Select settings
Select  picture size
Select 2nd Image Resoution: (4:3) 8.0 megapixels 
totalPictureCountRear_Int1 = 50
clicking Image  Resolution (4:3) 8.0 megapixels: 0
clicking Image  Resolution (4:3) 8.0 megapixels: 1
clicking Image  Resolution (4:3) 8.0 megapixels: 2
clicking Image  Resolution (4:3) 8.0 megapixels: 3
clicking Image  Resolution (4:3) 8.0 megapixels: 4
clicking Image  Resolution (4:3) 8.0 megapixels: 5
clicking Image  Resolution (4:3) 8.0 megapixels: 6
clicking Image  Resolution (4:3) 8.0 megapixels: 7
clicking Image  Resolution (4:3) 8.0 megapixels: 8
clicking Image  Resolution (4:3) 8.0 megapixels: 9
clicking Image  Resolution (4:3) 8.0 megapixels: 10
clicking Image  Resolution (4:3) 8.0 megapixels: 11
clicking Image  Resolution (4:3) 8.0 megapixels: 12
clicking Image  Resolution (4:3) 8.0 megapixels: 13
clicking Image  Resolution (4:3) 8.0 megapixels: 14
clicking Image  Resolution (4:3) 8.0 megapixels: 15
clicking Image  Resolution (4:3) 8.0 megapixels: 16
clicking Image  Resolution (4:3) 8.0 megapixels: 17
clicking Image  Resolution (4:3) 8.0 megapixels: 18
clicking Image  Resolution (4:3) 8.0 megapixels: 19
clicking Image  Resolution (4:3) 8.0 megapixels: 20
clicking Image  Resolution (4:3) 8.0 megapixels: 21
clicking Image  Resolution (4:3) 8.0 megapixels: 22
clicking Image  Resolution (4:3) 8.0 megapixels: 23
clicking Image  Resolution (4:3) 8.0 megapixels: 24
clicking Image  Resolution (4:3) 8.0 megapixels: 25
clicking Image  Resolution (4:3) 8.0 megapixels: 26
clicking Image  Resolution (4:3) 8.0 megapixels: 27
clicking Image  Resolution (4:3) 8.0 megapixels: 28
clicking Image  Resolution (4:3) 8.0 megapixels: 29
clicking Image  Resolution (4:3) 8.0 megapixels: 30
clicking Image  Resolution (4:3) 8.0 megapixels: 31
clicking Image  Resolution (4:3) 8.0 megapixels: 32
clicking Image  Resolution (4:3) 8.0 megapixels: 33
clicking Image  Resolution (4:3) 8.0 megapixels: 34
clicking Image  Resolution (4:3) 8.0 megapixels: 35
clicking Image  Resolution (4:3) 8.0 megapixels: 36
clicking Image  Resolution (4:3) 8.0 megapixels: 37
clicking Image  Resolution (4:3) 8.0 megapixels: 38
clicking Image  Resolution (4:3) 8.0 megapixels: 39
clicking Image  Resolution (4:3) 8.0 megapixels: 40
clicking Image  Resolution (4:3) 8.0 megapixels: 41
clicking Image  Resolution (4:3) 8.0 megapixels: 42
clicking Image  Resolution (4:3) 8.0 megapixels: 43
clicking Image  Resolution (4:3) 8.0 megapixels: 44
clicking Image  Resolution (4:3) 8.0 megapixels: 45
clicking Image  Resolution (4:3) 8.0 megapixels: 46
clicking Image  Resolution (4:3) 8.0 megapixels: 47
clicking Image  Resolution (4:3) 8.0 megapixels: 48
clicking Image  Resolution (4:3) 8.0 megapixels: 49
Rear camera second resolution:50 images Captured succesfull
Select settings
Select  picture size
Select third Image Resoution: (4:3) 4.0 megapixels 
totalPictureCountRear_Int2 = 50
clicking Image of 3rd Resolutions ultra (4:3) 4.0 megapixels: 0
clicking Image of 3rd Resolutions ultra (4:3) 4.0 megapixels: 1
clicking Image of 3rd Resolutions ultra (4:3) 4.0 megapixels: 2
clicking Image of 3rd Resolutions ultra (4:3) 4.0 megapixels: 3
clicking Image of 3rd Resolutions ultra (4:3) 4.0 megapixels: 4
clicking Image of 3rd Resolutions ultra (4:3) 4.0 megapixels: 5
clicking Image of 3rd Resolutions ultra (4:3) 4.0 megapixels: 6
clicking Image of 3rd Resolutions ultra (4:3) 4.0 megapixels: 7
clicking Image of 3rd Resolutions ultra (4:3) 4.0 megapixels: 8
clicking Image of 3rd Resolutions ultra (4:3) 4.0 megapixels: 9
clicking Image of 3rd Resolutions ultra (4:3) 4.0 megapixels: 10
clicking Image of 3rd Resolutions ultra (4:3) 4.0 megapixels: 11
clicking Image of 3rd Resolutions ultra (4:3) 4.0 megapixels: 12
clicking Image of 3rd Resolutions ultra (4:3) 4.0 megapixels: 13
clicking Image of 3rd Resolutions ultra (4:3) 4.0 megapixels: 14
clicking Image of 3rd Resolutions ultra (4:3) 4.0 megapixels: 15
clicking Image of 3rd Resolutions ultra (4:3) 4.0 megapixels: 16
clicking Image of 3rd Resolutions ultra (4:3) 4.0 megapixels: 17
clicking Image of 3rd Resolutions ultra (4:3) 4.0 megapixels: 18
clicking Image of 3rd Resolutions ultra (4:3) 4.0 megapixels: 19
clicking Image of 3rd Resolutions ultra (4:3) 4.0 megapixels: 20
clicking Image of 3rd Resolutions ultra (4:3) 4.0 megapixels: 21
clicking Image of 3rd Resolutions ultra (4:3) 4.0 megapixels: 22
clicking Image of 3rd Resolutions ultra (4:3) 4.0 megapixels: 23
clicking Image of 3rd Resolutions ultra (4:3) 4.0 megapixels: 24
clicking Image of 3rd Resolutions ultra (4:3) 4.0 megapixels: 25
clicking Image of 3rd Resolutions ultra (4:3) 4.0 megapixels: 26
clicking Image of 3rd Resolutions ultra (4:3) 4.0 megapixels: 27
clicking Image of 3rd Resolutions ultra (4:3) 4.0 megapixels: 28
clicking Image of 3rd Resolutions ultra (4:3) 4.0 megapixels: 29
clicking Image of 3rd Resolutions ultra (4:3) 4.0 megapixels: 30
clicking Image of 3rd Resolutions ultra (4:3) 4.0 megapixels: 31
clicking Image of 3rd Resolutions ultra (4:3) 4.0 megapixels: 32
clicking Image of 3rd Resolutions ultra (4:3) 4.0 megapixels: 33
clicking Image of 3rd Resolutions ultra (4:3) 4.0 megapixels: 34
clicking Image of 3rd Resolutions ultra (4:3) 4.0 megapixels: 35
clicking Image of 3rd Resolutions ultra (4:3) 4.0 megapixels: 36
clicking Image of 3rd Resolutions ultra (4:3) 4.0 megapixels: 37
clicking Image of 3rd Resolutions ultra (4:3) 4.0 megapixels: 38
clicking Image of 3rd Resolutions ultra (4:3) 4.0 megapixels: 39
clicking Image of 3rd Resolutions ultra (4:3) 4.0 megapixels: 40
clicking Image of 3rd Resolutions ultra (4:3) 4.0 megapixels: 41
clicking Image of 3rd Resolutions ultra (4:3) 4.0 megapixels: 42
clicking Image of 3rd Resolutions ultra (4:3) 4.0 megapixels: 43
clicking Image of 3rd Resolutions ultra (4:3) 4.0 megapixels: 44
clicking Image of 3rd Resolutions ultra (4:3) 4.0 megapixels: 45
clicking Image of 3rd Resolutions ultra (4:3) 4.0 megapixels: 46
clicking Image of 3rd Resolutions ultra (4:3) 4.0 megapixels: 47
clicking Image of 3rd Resolutions ultra (4:3) 4.0 megapixels: 48
clicking Image of 3rd Resolutions ultra (4:3) 4.0 megapixels: 49
Back camera third resolution:50 images Captured succesfull
Select settings
Select  picture size
Select 4th Image Resoution: (16:9) 12.0 megapixels 
totalPictureCountRear_Int3 = 50
clicking Image of 4th Resolutions ultra (16:9) 12.0 megapixels: 0
clicking Image of 4th Resolutions ultra (16:9) 12.0 megapixels: 1
clicking Image of 4th Resolutions ultra (16:9) 12.0 megapixels: 2
clicking Image of 4th Resolutions ultra (16:9) 12.0 megapixels: 3
clicking Image of 4th Resolutions ultra (16:9) 12.0 megapixels: 4
clicking Image of 4th Resolutions ultra (16:9) 12.0 megapixels: 5
clicking Image of 4th Resolutions ultra (16:9) 12.0 megapixels: 6
clicking Image of 4th Resolutions ultra (16:9) 12.0 megapixels: 7
clicking Image of 4th Resolutions ultra (16:9) 12.0 megapixels: 8
clicking Image of 4th Resolutions ultra (16:9) 12.0 megapixels: 9
clicking Image of 4th Resolutions ultra (16:9) 12.0 megapixels: 10
clicking Image of 4th Resolutions ultra (16:9) 12.0 megapixels: 11
clicking Image of 4th Resolutions ultra (16:9) 12.0 megapixels: 12
clicking Image of 4th Resolutions ultra (16:9) 12.0 megapixels: 13
clicking Image of 4th Resolutions ultra (16:9) 12.0 megapixels: 14
clicking Image of 4th Resolutions ultra (16:9) 12.0 megapixels: 15
clicking Image of 4th Resolutions ultra (16:9) 12.0 megapixels: 16
clicking Image of 4th Resolutions ultra (16:9) 12.0 megapixels: 17
clicking Image of 4th Resolutions ultra (16:9) 12.0 megapixels: 18
clicking Image of 4th Resolutions ultra (16:9) 12.0 megapixels: 19
clicking Image of 4th Resolutions ultra (16:9) 12.0 megapixels: 20
clicking Image of 4th Resolutions ultra (16:9) 12.0 megapixels: 21
clicking Image of 4th Resolutions ultra (16:9) 12.0 megapixels: 22
clicking Image of 4th Resolutions ultra (16:9) 12.0 megapixels: 23
clicking Image of 4th Resolutions ultra (16:9) 12.0 megapixels: 24
clicking Image of 4th Resolutions ultra (16:9) 12.0 megapixels: 25
clicking Image of 4th Resolutions ultra (16:9) 12.0 megapixels: 26
clicking Image of 4th Resolutions ultra (16:9) 12.0 megapixels: 27
clicking Image of 4th Resolutions ultra (16:9) 12.0 megapixels: 28
clicking Image of 4th Resolutions ultra (16:9) 12.0 megapixels: 29
clicking Image of 4th Resolutions ultra (16:9) 12.0 megapixels: 30
clicking Image of 4th Resolutions ultra (16:9) 12.0 megapixels: 31
clicking Image of 4th Resolutions ultra (16:9) 12.0 megapixels: 32
clicking Image of 4th Resolutions ultra (16:9) 12.0 megapixels: 33
clicking Image of 4th Resolutions ultra (16:9) 12.0 megapixels: 34
clicking Image of 4th Resolutions ultra (16:9) 12.0 megapixels: 35
clicking Image of 4th Resolutions ultra (16:9) 12.0 megapixels: 36
clicking Image of 4th Resolutions ultra (16:9) 12.0 megapixels: 37
clicking Image of 4th Resolutions ultra (16:9) 12.0 megapixels: 38
clicking Image of 4th Resolutions ultra (16:9) 12.0 megapixels: 39
clicking Image of 4th Resolutions ultra (16:9) 12.0 megapixels: 40
clicking Image of 4th Resolutions ultra (16:9) 12.0 megapixels: 41
clicking Image of 4th Resolutions ultra (16:9) 12.0 megapixels: 42
clicking Image of 4th Resolutions ultra (16:9) 12.0 megapixels: 43
clicking Image of 4th Resolutions ultra (16:9) 12.0 megapixels: 44
clicking Image of 4th Resolutions ultra (16:9) 12.0 megapixels: 45
clicking Image of 4th Resolutions ultra (16:9) 12.0 megapixels: 46
clicking Image of 4th Resolutions ultra (16:9) 12.0 megapixels: 47
clicking Image of 4th Resolutions ultra (16:9) 12.0 megapixels: 48
clicking Image of 4th Resolutions ultra (16:9) 12.0 megapixels: 49
Back camera 4TH resolution:50 images Captured succesfull
Select settings
Select  picture size
Select 5th Image Resoution: (16:9) 6.0 megapixels 
totalPictureCountRear_Int4 = 50
clicking Image of 5th Resolutions ultra (16:9) 6.0 megapixels: 0
clicking Image of 5th Resolutions ultra (16:9) 6.0 megapixels: 1
clicking Image of 5th Resolutions ultra (16:9) 6.0 megapixels: 2
clicking Image of 5th Resolutions ultra (16:9) 6.0 megapixels: 3
clicking Image of 5th Resolutions ultra (16:9) 6.0 megapixels: 4
clicking Image of 5th Resolutions ultra (16:9) 6.0 megapixels: 5
clicking Image of 5th Resolutions ultra (16:9) 6.0 megapixels: 6
clicking Image of 5th Resolutions ultra (16:9) 6.0 megapixels: 7
clicking Image of 5th Resolutions ultra (16:9) 6.0 megapixels: 8
clicking Image of 5th Resolutions ultra (16:9) 6.0 megapixels: 9
clicking Image of 5th Resolutions ultra (16:9) 6.0 megapixels: 10
clicking Image of 5th Resolutions ultra (16:9) 6.0 megapixels: 11
clicking Image of 5th Resolutions ultra (16:9) 6.0 megapixels: 12
clicking Image of 5th Resolutions ultra (16:9) 6.0 megapixels: 13
clicking Image of 5th Resolutions ultra (16:9) 6.0 megapixels: 14
clicking Image of 5th Resolutions ultra (16:9) 6.0 megapixels: 15
clicking Image of 5th Resolutions ultra (16:9) 6.0 megapixels: 16
clicking Image of 5th Resolutions ultra (16:9) 6.0 megapixels: 17
clicking Image of 5th Resolutions ultra (16:9) 6.0 megapixels: 18
clicking Image of 5th Resolutions ultra (16:9) 6.0 megapixels: 19
clicking Image of 5th Resolutions ultra (16:9) 6.0 megapixels: 20
clicking Image of 5th Resolutions ultra (16:9) 6.0 megapixels: 21
clicking Image of 5th Resolutions ultra (16:9) 6.0 megapixels: 22
clicking Image of 5th Resolutions ultra (16:9) 6.0 megapixels: 23
clicking Image of 5th Resolutions ultra (16:9) 6.0 megapixels: 24
clicking Image of 5th Resolutions ultra (16:9) 6.0 megapixels: 25
clicking Image of 5th Resolutions ultra (16:9) 6.0 megapixels: 26
clicking Image of 5th Resolutions ultra (16:9) 6.0 megapixels: 27
clicking Image of 5th Resolutions ultra (16:9) 6.0 megapixels: 28
clicking Image of 5th Resolutions ultra (16:9) 6.0 megapixels: 29
clicking Image of 5th Resolutions ultra (16:9) 6.0 megapixels: 30
clicking Image of 5th Resolutions ultra (16:9) 6.0 megapixels: 31
clicking Image of 5th Resolutions ultra (16:9) 6.0 megapixels: 32
clicking Image of 5th Resolutions ultra (16:9) 6.0 megapixels: 33
clicking Image of 5th Resolutions ultra (16:9) 6.0 megapixels: 34
clicking Image of 5th Resolutions ultra (16:9) 6.0 megapixels: 35
clicking Image of 5th Resolutions ultra (16:9) 6.0 megapixels: 36
clicking Image of 5th Resolutions ultra (16:9) 6.0 megapixels: 37
clicking Image of 5th Resolutions ultra (16:9) 6.0 megapixels: 38
clicking Image of 5th Resolutions ultra (16:9) 6.0 megapixels: 39
clicking Image of 5th Resolutions ultra (16:9) 6.0 megapixels: 40
clicking Image of 5th Resolutions ultra (16:9) 6.0 megapixels: 41
clicking Image of 5th Resolutions ultra (16:9) 6.0 megapixels: 42
clicking Image of 5th Resolutions ultra (16:9) 6.0 megapixels: 43
clicking Image of 5th Resolutions ultra (16:9) 6.0 megapixels: 44
clicking Image of 5th Resolutions ultra (16:9) 6.0 megapixels: 45
clicking Image of 5th Resolutions ultra (16:9) 6.0 megapixels: 46
clicking Image of 5th Resolutions ultra (16:9) 6.0 megapixels: 47
clicking Image of 5th Resolutions ultra (16:9) 6.0 megapixels: 48
clicking Image of 5th Resolutions ultra (16:9) 6.0 megapixels: 49
Back camera 5th resolution:50 images Captured succesfull
Select settings
Select  picture size
Select 6th Image Resoution: (16:9) 2.0 megapixels 
totalPictureCountRear_Int5 = 50
clicking Image of 6th Resolutions ultra (16:9) 2.0 megapixels: 50
clicking Image of 6th Resolutions ultra (16:9) 2.0 megapixels: 50
clicking Image of 6th Resolutions ultra (16:9) 2.0 megapixels: 50
clicking Image of 6th Resolutions ultra (16:9) 2.0 megapixels: 50
clicking Image of 6th Resolutions ultra (16:9) 2.0 megapixels: 50
clicking Image of 6th Resolutions ultra (16:9) 2.0 megapixels: 50
clicking Image of 6th Resolutions ultra (16:9) 2.0 megapixels: 50
clicking Image of 6th Resolutions ultra (16:9) 2.0 megapixels: 50
clicking Image of 6th Resolutions ultra (16:9) 2.0 megapixels: 50
clicking Image of 6th Resolutions ultra (16:9) 2.0 megapixels: 50
clicking Image of 6th Resolutions ultra (16:9) 2.0 megapixels: 50
clicking Image of 6th Resolutions ultra (16:9) 2.0 megapixels: 50
clicking Image of 6th Resolutions ultra (16:9) 2.0 megapixels: 50
clicking Image of 6th Resolutions ultra (16:9) 2.0 megapixels: 50
clicking Image of 6th Resolutions ultra (16:9) 2.0 megapixels: 50
clicking Image of 6th Resolutions ultra (16:9) 2.0 megapixels: 50
clicking Image of 6th Resolutions ultra (16:9) 2.0 megapixels: 50
clicking Image of 6th Resolutions ultra (16:9) 2.0 megapixels: 50
clicking Image of 6th Resolutions ultra (16:9) 2.0 megapixels: 50
clicking Image of 6th Resolutions ultra (16:9) 2.0 megapixels: 50
clicking Image of 6th Resolutions ultra (16:9) 2.0 megapixels: 50
clicking Image of 6th Resolutions ultra (16:9) 2.0 megapixels: 50
clicking Image of 6th Resolutions ultra (16:9) 2.0 megapixels: 50
clicking Image of 6th Resolutions ultra (16:9) 2.0 megapixels: 50
clicking Image of 6th Resolutions ultra (16:9) 2.0 megapixels: 50
clicking Image of 6th Resolutions ultra (16:9) 2.0 megapixels: 50
clicking Image of 6th Resolutions ultra (16:9) 2.0 megapixels: 50
clicking Image of 6th Resolutions ultra (16:9) 2.0 megapixels: 50
clicking Image of 6th Resolutions ultra (16:9) 2.0 megapixels: 50
clicking Image of 6th Resolutions ultra (16:9) 2.0 megapixels: 50
clicking Image of 6th Resolutions ultra (16:9) 2.0 megapixels: 50
clicking Image of 6th Resolutions ultra (16:9) 2.0 megapixels: 50
clicking Image of 6th Resolutions ultra (16:9) 2.0 megapixels: 50
clicking Image of 6th Resolutions ultra (16:9) 2.0 megapixels: 50
clicking Image of 6th Resolutions ultra (16:9) 2.0 megapixels: 50
clicking Image of 6th Resolutions ultra (16:9) 2.0 megapixels: 50
clicking Image of 6th Resolutions ultra (16:9) 2.0 megapixels: 50
clicking Image of 6th Resolutions ultra (16:9) 2.0 megapixels: 50
clicking Image of 6th Resolutions ultra (16:9) 2.0 megapixels: 50
clicking Image of 6th Resolutions ultra (16:9) 2.0 megapixels: 50
clicking Image of 6th Resolutions ultra (16:9) 2.0 megapixels: 50
clicking Image of 6th Resolutions ultra (16:9) 2.0 megapixels: 50
clicking Image of 6th Resolutions ultra (16:9) 2.0 megapixels: 50
clicking Image of 6th Resolutions ultra (16:9) 2.0 megapixels: 50
clicking Image of 6th Resolutions ultra (16:9) 2.0 megapixels: 50
clicking Image of 6th Resolutions ultra (16:9) 2.0 megapixels: 50
clicking Image of 6th Resolutions ultra (16:9) 2.0 megapixels: 50
clicking Image of 6th Resolutions ultra (16:9) 2.0 megapixels: 50
clicking Image of 6th Resolutions ultra (16:9) 2.0 megapixels: 50
clicking Image of 6th Resolutions ultra (16:9) 2.0 megapixels: 50
Back camera 6th resolution:50 images Captured succesfull
Total Count value: 300 images to be Captured 
Launch file manager application and verify captured imgaes present in internal storage
click on browse option
Swipe up to select internal storage
Select internal storage
switch to grid view mode to select DCIM folder
Select DCIM Folder
Select camera folder
switch to list view mode
Click More options
Click select all
Test9_Int_Bcam_image: 300 selected images Captured succesfull
Interger value:300
Tolerance_Level = 75

Pass: Test9_Int pass for rear Image capture
Test9_Int_Bcam_image: 300  images Captured succesfull
===================================================================================================================================================================================================================================================================================================================================================================================================================================================================================================================================================================================================================================================================================================================================
calling DataMoveOperation()
Re-launch file manager application and select internal storage for data move operation, select all rear camera images files present in camera folder and move to Test9_Int folder
Swipe up to select Internal stoarge
Select Internal stoarge
Click More options
Select ADD NEW Folder option
Name folder as Test9_Int
Select ADD NEW Folder option
switch to grid view mode to select DCIM folder
Select DCIM Folder
Select camera folder
switch to list view mode
Click More options
Click select all
Click More options
select move to option
select Iternal storage
select Test9_Int
Accept Move here
Cut paste operation completed successfully
Pass: Test9_Int Pass for data move operation successfully
===================================================================================================================================================================================================================================================================================================================================================================================================================================================================================================================================================================================================================================================================================================================================
Final Message: Pass Test9_Int Pass for Rear camera image capture  successfully
Test: End
===================================================================================================================================================================================================================================================================================================================================================================================================================================================================================================================================================================================================================================================================================================================================
]]></system-out>
    <system-err><![CDATA[2023-02-15 12:13:09 INFO   io.appium.java_client.remote.AppiumCommandExecutor$1 lambda$0 Detected dialect: W3C
2023-02-15 12:13:18 INFO   io.appium.java_client.remote.AppiumCommandExecutor$1 lambda$0 Detected dialect: W3C
org.openqa.selenium.InvalidSelectorException: Could not parse selector expression `new UiSelector().content-desc("CLEAR ALL")`: UiSelector has no `content-desc` method
For documentation on this error, please visit: https://www.seleniumhq.org/exceptions/invalid_selector_exception.html
Build info: version: '3.141.59', revision: 'e82be7d358', time: '2018-11-14T08:17:03'
System info: host: 'SD-APPS-090', ip: '10.65.148.57', os.name: 'Windows 10', os.arch: 'amd64', os.version: '10.0', java.version: '1.8.0_202'
Driver info: io.appium.java_client.android.AndroidDriver
Capabilities {automationName: UiAutomator2, databaseEnabled: false, desired: {automationName: UiAutomator2, deviceName: NOTE 9, newCommandTimeout: 600, platformName: android, platformVersion: 11, udid: NOTE9210522007851}, deviceApiLevel: 30, deviceManufacturer: CUBOT, deviceModel: NOTE 9, deviceName: NOTE9210522007851, deviceScreenDensity: 220, deviceScreenSize: 480x960, deviceUDID: NOTE9210522007851, javascriptEnabled: true, locationContextEnabled: false, networkConnectionEnabled: true, newCommandTimeout: 600, pixelRatio: 1.375, platform: LINUX, platformName: Android, platformVersion: 11, statBarHeight: 59, takesScreenshot: true, udid: NOTE9210522007851, viewportRect: {height: 835, left: 0, top: 59, width: 480}, warnings: {}, webStorageEnabled: false}
Session ID: 0aca454c-0004-4d61-a008-e9805d2ffae0
*** Element info: {Using=-android uiautomator, value=new UiSelector().content-desc("CLEAR ALL")}
	at sun.reflect.NativeConstructorAccessorImpl.newInstance0(Native Method)
	at sun.reflect.NativeConstructorAccessorImpl.newInstance(NativeConstructorAccessorImpl.java:62)
	at sun.reflect.DelegatingConstructorAccessorImpl.newInstance(DelegatingConstructorAccessorImpl.java:45)
	at java.lang.reflect.Constructor.newInstance(Constructor.java:423)
	at org.openqa.selenium.remote.http.W3CHttpResponseCodec.createException(W3CHttpResponseCodec.java:187)
	at org.openqa.selenium.remote.http.W3CHttpResponseCodec.decode(W3CHttpResponseCodec.java:122)
	at org.openqa.selenium.remote.http.W3CHttpResponseCodec.decode(W3CHttpResponseCodec.java:49)
	at org.openqa.selenium.remote.HttpCommandExecutor.execute(HttpCommandExecutor.java:158)
	at io.appium.java_client.remote.AppiumCommandExecutor.execute(AppiumCommandExecutor.java:239)
	at org.openqa.selenium.remote.RemoteWebDriver.execute(RemoteWebDriver.java:552)
	at io.appium.java_client.DefaultGenericMobileDriver.execute(DefaultGenericMobileDriver.java:42)
	at io.appium.java_client.AppiumDriver.execute(AppiumDriver.java:1)
	at io.appium.java_client.android.AndroidDriver.execute(AndroidDriver.java:1)
	at org.openqa.selenium.remote.RemoteWebDriver.findElement(RemoteWebDriver.java:323)
	at io.appium.java_client.DefaultGenericMobileDriver.findElement(DefaultGenericMobileDriver.java:62)
	at io.appium.java_client.AppiumDriver.findElement(AppiumDriver.java:1)
	at io.appium.java_client.android.AndroidDriver.findElement(AndroidDriver.java:1)
	at io.appium.java_client.FindsByAndroidUIAutomator.findElementByAndroidUIAutomator(FindsByAndroidUIAutomator.java:38)
	at Cubot_Note9.Test9_Int.RearPictureCapture(Test9_Int.java:101)
	at sun.reflect.NativeMethodAccessorImpl.invoke0(Native Method)
	at sun.reflect.NativeMethodAccessorImpl.invoke(NativeMethodAccessorImpl.java:62)
	at sun.reflect.DelegatingMethodAccessorImpl.invoke(DelegatingMethodAccessorImpl.java:43)
	at java.lang.reflect.Method.invoke(Method.java:498)
	at org.testng.internal.MethodInvocationHelper.invokeMethod(MethodInvocationHelper.java:80)
	at org.testng.internal.Invoker.invokeMethod(Invoker.java:673)
	at org.testng.internal.Invoker.invokeTestMethod(Invoker.java:842)
	at org.testng.internal.Invoker.invokeTestMethods(Invoker.java:1166)
	at org.testng.internal.TestMethodWorker.invokeTestMethods(TestMethodWorker.java:125)
	at org.testng.internal.TestMethodWorker.run(TestMethodWorker.java:109)
	at org.testng.TestRunner.runWorkers(TestRunner.java:1178)
	at org.testng.TestRunner.privateRun(TestRunner.java:757)
	at org.testng.TestRunner.run(TestRunner.java:608)
	at org.testng.SuiteRunner.runTest(SuiteRunner.java:334)
	at org.testng.SuiteRunner.runSequentially(SuiteRunner.java:329)
	at org.testng.SuiteRunner.privateRun(SuiteRunner.java:291)
	at org.testng.SuiteRunner.run(SuiteRunner.java:240)
	at org.testng.SuiteRunnerWorker.runSuite(SuiteRunnerWorker.java:52)
	at org.testng.SuiteRunnerWorker.run(SuiteRunnerWorker.java:86)
	at org.testng.TestNG.runSuitesSequentially(TestNG.java:1158)
	at org.testng.TestNG.runSuitesSequentially(TestNG.java:1154)
	at org.testng.TestNG.runSuitesLocally(TestNG.java:1083)
	at org.testng.TestNG.run(TestNG.java:999)
	at org.apache.maven.surefire.testng.TestNGExecutor.run(TestNGExecutor.java:284)
	at org.apache.maven.surefire.testng.TestNGXmlTestSuite.execute(TestNGXmlTestSuite.java:75)
	at org.apache.maven.surefire.testng.TestNGProvider.invoke(TestNGProvider.java:119)
	at org.apache.maven.surefire.booter.ForkedBooter.runSuitesInProcess(ForkedBooter.java:428)
	at org.apache.maven.surefire.booter.ForkedBooter.execute(ForkedBooter.java:162)
	at org.apache.maven.surefire.booter.ForkedBooter.run(ForkedBooter.java:562)
	at org.apache.maven.surefire.booter.ForkedBooter.main(ForkedBooter.java:548)
org.openqa.selenium.NoSuchElementException: An element could not be located on the page using the given search parameters.
For documentation on this error, please visit: https://www.seleniumhq.org/exceptions/no_such_element.html
Build info: version: '3.141.59', revision: 'e82be7d358', time: '2018-11-14T08:17:03'
System info: host: 'SD-APPS-090', ip: '10.65.148.57', os.name: 'Windows 10', os.arch: 'amd64', os.version: '10.0', java.version: '1.8.0_202'
Driver info: io.appium.java_client.android.AndroidDriver
Capabilities {automationName: UiAutomator2, databaseEnabled: false, desired: {automationName: UiAutomator2, deviceName: NOTE 9, newCommandTimeout: 600, platformName: android, platformVersion: 11, udid: NOTE9210522007851}, deviceApiLevel: 30, deviceManufacturer: CUBOT, deviceModel: NOTE 9, deviceName: NOTE9210522007851, deviceScreenDensity: 220, deviceScreenSize: 480x960, deviceUDID: NOTE9210522007851, javascriptEnabled: true, locationContextEnabled: false, networkConnectionEnabled: true, newCommandTimeout: 600, pixelRatio: 1.375, platform: LINUX, platformName: Android, platformVersion: 11, statBarHeight: 59, takesScreenshot: true, udid: NOTE9210522007851, viewportRect: {height: 835, left: 0, top: 59, width: 480}, warnings: {}, webStorageEnabled: false}
Session ID: 0aca454c-0004-4d61-a008-e9805d2ffae0
*** Element info: {Using=xpath, value=//*[@text='WHILE USING THE APP']}
	at sun.reflect.NativeConstructorAccessorImpl.newInstance0(Native Method)
	at sun.reflect.NativeConstructorAccessorImpl.newInstance(NativeConstructorAccessorImpl.java:62)
	at sun.reflect.DelegatingConstructorAccessorImpl.newInstance(DelegatingConstructorAccessorImpl.java:45)
	at java.lang.reflect.Constructor.newInstance(Constructor.java:423)
	at org.openqa.selenium.remote.http.W3CHttpResponseCodec.createException(W3CHttpResponseCodec.java:187)
	at org.openqa.selenium.remote.http.W3CHttpResponseCodec.decode(W3CHttpResponseCodec.java:122)
	at org.openqa.selenium.remote.http.W3CHttpResponseCodec.decode(W3CHttpResponseCodec.java:49)
	at org.openqa.selenium.remote.HttpCommandExecutor.execute(HttpCommandExecutor.java:158)
	at io.appium.java_client.remote.AppiumCommandExecutor.execute(AppiumCommandExecutor.java:239)
	at org.openqa.selenium.remote.RemoteWebDriver.execute(RemoteWebDriver.java:552)
	at io.appium.java_client.DefaultGenericMobileDriver.execute(DefaultGenericMobileDriver.java:42)
	at io.appium.java_client.AppiumDriver.execute(AppiumDriver.java:1)
	at io.appium.java_client.android.AndroidDriver.execute(AndroidDriver.java:1)
	at org.openqa.selenium.remote.RemoteWebDriver.findElement(RemoteWebDriver.java:323)
	at io.appium.java_client.DefaultGenericMobileDriver.findElement(DefaultGenericMobileDriver.java:62)
	at io.appium.java_client.AppiumDriver.findElement(AppiumDriver.java:1)
	at io.appium.java_client.android.AndroidDriver.findElement(AndroidDriver.java:1)
	at org.openqa.selenium.remote.RemoteWebDriver.findElementByXPath(RemoteWebDriver.java:428)
	at io.appium.java_client.DefaultGenericMobileDriver.findElementByXPath(DefaultGenericMobileDriver.java:152)
	at io.appium.java_client.AppiumDriver.findElementByXPath(AppiumDriver.java:1)
	at io.appium.java_client.android.AndroidDriver.findElementByXPath(AndroidDriver.java:1)
	at org.openqa.selenium.By$ByXPath.findElement(By.java:353)
	at org.openqa.selenium.remote.RemoteWebDriver.findElement(RemoteWebDriver.java:315)
	at io.appium.java_client.DefaultGenericMobileDriver.findElement(DefaultGenericMobileDriver.java:58)
	at io.appium.java_client.AppiumDriver.findElement(AppiumDriver.java:1)
	at io.appium.java_client.android.AndroidDriver.findElement(AndroidDriver.java:1)
	at Cubot_Note9.Test9_Int.RearPictureCapture(Test9_Int.java:125)
	at sun.reflect.NativeMethodAccessorImpl.invoke0(Native Method)
	at sun.reflect.NativeMethodAccessorImpl.invoke(NativeMethodAccessorImpl.java:62)
	at sun.reflect.DelegatingMethodAccessorImpl.invoke(DelegatingMethodAccessorImpl.java:43)
	at java.lang.reflect.Method.invoke(Method.java:498)
	at org.testng.internal.MethodInvocationHelper.invokeMethod(MethodInvocationHelper.java:80)
	at org.testng.internal.Invoker.invokeMethod(Invoker.java:673)
	at org.testng.internal.Invoker.invokeTestMethod(Invoker.java:842)
	at org.testng.internal.Invoker.invokeTestMethods(Invoker.java:1166)
	at org.testng.internal.TestMethodWorker.invokeTestMethods(TestMethodWorker.java:125)
	at org.testng.internal.TestMethodWorker.run(TestMethodWorker.java:109)
	at org.testng.TestRunner.runWorkers(TestRunner.java:1178)
	at org.testng.TestRunner.privateRun(TestRunner.java:757)
	at org.testng.TestRunner.run(TestRunner.java:608)
	at org.testng.SuiteRunner.runTest(SuiteRunner.java:334)
	at org.testng.SuiteRunner.runSequentially(SuiteRunner.java:329)
	at org.testng.SuiteRunner.privateRun(SuiteRunner.java:291)
	at org.testng.SuiteRunner.run(SuiteRunner.java:240)
	at org.testng.SuiteRunnerWorker.runSuite(SuiteRunnerWorker.java:52)
	at org.testng.SuiteRunnerWorker.run(SuiteRunnerWorker.java:86)
	at org.testng.TestNG.runSuitesSequentially(TestNG.java:1158)
	at org.testng.TestNG.runSuitesSequentially(TestNG.java:1154)
	at org.testng.TestNG.runSuitesLocally(TestNG.java:1083)
	at org.testng.TestNG.run(TestNG.java:999)
	at org.apache.maven.surefire.testng.TestNGExecutor.run(TestNGExecutor.java:284)
	at org.apache.maven.surefire.testng.TestNGXmlTestSuite.execute(TestNGXmlTestSuite.java:75)
	at org.apache.maven.surefire.testng.TestNGProvider.invoke(TestNGProvider.java:119)
	at org.apache.maven.surefire.booter.ForkedBooter.runSuitesInProcess(ForkedBooter.java:428)
	at org.apache.maven.surefire.booter.ForkedBooter.execute(ForkedBooter.java:162)
	at org.apache.maven.surefire.booter.ForkedBooter.run(ForkedBooter.java:562)
	at org.apache.maven.surefire.booter.ForkedBooter.main(ForkedBooter.java:548)
org.openqa.selenium.NoSuchElementException: An element could not be located on the page using the given search parameters.
For documentation on this error, please visit: https://www.seleniumhq.org/exceptions/no_such_element.html
Build info: version: '3.141.59', revision: 'e82be7d358', time: '2018-11-14T08:17:03'
System info: host: 'SD-APPS-090', ip: '10.65.148.57', os.name: 'Windows 10', os.arch: 'amd64', os.version: '10.0', java.version: '1.8.0_202'
Driver info: io.appium.java_client.android.AndroidDriver
Capabilities {automationName: UiAutomator2, databaseEnabled: false, desired: {automationName: UiAutomator2, deviceName: NOTE 9, newCommandTimeout: 600, platformName: android, platformVersion: 11, udid: NOTE9210522007851}, deviceApiLevel: 30, deviceManufacturer: CUBOT, deviceModel: NOTE 9, deviceName: NOTE9210522007851, deviceScreenDensity: 220, deviceScreenSize: 480x960, deviceUDID: NOTE9210522007851, javascriptEnabled: true, locationContextEnabled: false, networkConnectionEnabled: true, newCommandTimeout: 600, pixelRatio: 1.375, platform: LINUX, platformName: Android, platformVersion: 11, statBarHeight: 59, takesScreenshot: true, udid: NOTE9210522007851, viewportRect: {height: 835, left: 0, top: 59, width: 480}, warnings: {}, webStorageEnabled: false}
Session ID: 0aca454c-0004-4d61-a008-e9805d2ffae0
*** Element info: {Using=xpath, value=//*[@text='START CAPTURE']}
	at sun.reflect.NativeConstructorAccessorImpl.newInstance0(Native Method)
	at sun.reflect.NativeConstructorAccessorImpl.newInstance(NativeConstructorAccessorImpl.java:62)
	at sun.reflect.DelegatingConstructorAccessorImpl.newInstance(DelegatingConstructorAccessorImpl.java:45)
	at java.lang.reflect.Constructor.newInstance(Constructor.java:423)
	at org.openqa.selenium.remote.http.W3CHttpResponseCodec.createException(W3CHttpResponseCodec.java:187)
	at org.openqa.selenium.remote.http.W3CHttpResponseCodec.decode(W3CHttpResponseCodec.java:122)
	at org.openqa.selenium.remote.http.W3CHttpResponseCodec.decode(W3CHttpResponseCodec.java:49)
	at org.openqa.selenium.remote.HttpCommandExecutor.execute(HttpCommandExecutor.java:158)
	at io.appium.java_client.remote.AppiumCommandExecutor.execute(AppiumCommandExecutor.java:239)
	at org.openqa.selenium.remote.RemoteWebDriver.execute(RemoteWebDriver.java:552)
	at io.appium.java_client.DefaultGenericMobileDriver.execute(DefaultGenericMobileDriver.java:42)
	at io.appium.java_client.AppiumDriver.execute(AppiumDriver.java:1)
	at io.appium.java_client.android.AndroidDriver.execute(AndroidDriver.java:1)
	at org.openqa.selenium.remote.RemoteWebDriver.findElement(RemoteWebDriver.java:323)
	at io.appium.java_client.DefaultGenericMobileDriver.findElement(DefaultGenericMobileDriver.java:62)
	at io.appium.java_client.AppiumDriver.findElement(AppiumDriver.java:1)
	at io.appium.java_client.android.AndroidDriver.findElement(AndroidDriver.java:1)
	at org.openqa.selenium.remote.RemoteWebDriver.findElementByXPath(RemoteWebDriver.java:428)
	at io.appium.java_client.DefaultGenericMobileDriver.findElementByXPath(DefaultGenericMobileDriver.java:152)
	at io.appium.java_client.AppiumDriver.findElementByXPath(AppiumDriver.java:1)
	at io.appium.java_client.android.AndroidDriver.findElementByXPath(AndroidDriver.java:1)
	at org.openqa.selenium.By$ByXPath.findElement(By.java:353)
	at org.openqa.selenium.remote.RemoteWebDriver.findElement(RemoteWebDriver.java:315)
	at io.appium.java_client.DefaultGenericMobileDriver.findElement(DefaultGenericMobileDriver.java:58)
	at io.appium.java_client.AppiumDriver.findElement(AppiumDriver.java:1)
	at io.appium.java_client.android.AndroidDriver.findElement(AndroidDriver.java:1)
	at Cubot_Note9.Test9_Int.RearPictureCapture(Test9_Int.java:136)
	at sun.reflect.NativeMethodAccessorImpl.invoke0(Native Method)
	at sun.reflect.NativeMethodAccessorImpl.invoke(NativeMethodAccessorImpl.java:62)
	at sun.reflect.DelegatingMethodAccessorImpl.invoke(DelegatingMethodAccessorImpl.java:43)
	at java.lang.reflect.Method.invoke(Method.java:498)
	at org.testng.internal.MethodInvocationHelper.invokeMethod(MethodInvocationHelper.java:80)
	at org.testng.internal.Invoker.invokeMethod(Invoker.java:673)
	at org.testng.internal.Invoker.invokeTestMethod(Invoker.java:842)
	at org.testng.internal.Invoker.invokeTestMethods(Invoker.java:1166)
	at org.testng.internal.TestMethodWorker.invokeTestMethods(TestMethodWorker.java:125)
	at org.testng.internal.TestMethodWorker.run(TestMethodWorker.java:109)
	at org.testng.TestRunner.runWorkers(TestRunner.java:1178)
	at org.testng.TestRunner.privateRun(TestRunner.java:757)
	at org.testng.TestRunner.run(TestRunner.java:608)
	at org.testng.SuiteRunner.runTest(SuiteRunner.java:334)
	at org.testng.SuiteRunner.runSequentially(SuiteRunner.java:329)
	at org.testng.SuiteRunner.privateRun(SuiteRunner.java:291)
	at org.testng.SuiteRunner.run(SuiteRunner.java:240)
	at org.testng.SuiteRunnerWorker.runSuite(SuiteRunnerWorker.java:52)
	at org.testng.SuiteRunnerWorker.run(SuiteRunnerWorker.java:86)
	at org.testng.TestNG.runSuitesSequentially(TestNG.java:1158)
	at org.testng.TestNG.runSuitesSequentially(TestNG.java:1154)
	at org.testng.TestNG.runSuitesLocally(TestNG.java:1083)
	at org.testng.TestNG.run(TestNG.java:999)
	at org.apache.maven.surefire.testng.TestNGExecutor.run(TestNGExecutor.java:284)
	at org.apache.maven.surefire.testng.TestNGXmlTestSuite.execute(TestNGXmlTestSuite.java:75)
	at org.apache.maven.surefire.testng.TestNGProvider.invoke(TestNGProvider.java:119)
	at org.apache.maven.surefire.booter.ForkedBooter.runSuitesInProcess(ForkedBooter.java:428)
	at org.apache.maven.surefire.booter.ForkedBooter.execute(ForkedBooter.java:162)
	at org.apache.maven.surefire.booter.ForkedBooter.run(ForkedBooter.java:562)
	at org.apache.maven.surefire.booter.ForkedBooter.main(ForkedBooter.java:548)
org.openqa.selenium.NoSuchElementException: An element could not be located on the page using the given search parameters.
For documentation on this error, please visit: https://www.seleniumhq.org/exceptions/no_such_element.html
Build info: version: '3.141.59', revision: 'e82be7d358', time: '2018-11-14T08:17:03'
System info: host: 'SD-APPS-090', ip: '10.65.148.57', os.name: 'Windows 10', os.arch: 'amd64', os.version: '10.0', java.version: '1.8.0_202'
Driver info: io.appium.java_client.android.AndroidDriver
Capabilities {automationName: UiAutomator2, databaseEnabled: false, desired: {automationName: UiAutomator2, deviceName: NOTE 9, newCommandTimeout: 600, platformName: android, platformVersion: 11, udid: NOTE9210522007851}, deviceApiLevel: 30, deviceManufacturer: CUBOT, deviceModel: NOTE 9, deviceName: NOTE9210522007851, deviceScreenDensity: 220, deviceScreenSize: 480x960, deviceUDID: NOTE9210522007851, javascriptEnabled: true, locationContextEnabled: false, networkConnectionEnabled: true, newCommandTimeout: 600, pixelRatio: 1.375, platform: LINUX, platformName: Android, platformVersion: 11, statBarHeight: 59, takesScreenshot: true, udid: NOTE9210522007851, viewportRect: {height: 835, left: 0, top: 59, width: 480}, warnings: {}, webStorageEnabled: false}
Session ID: 0aca454c-0004-4d61-a008-e9805d2ffae0
*** Element info: {Using=xpath, value=//*[@resource-id='com.google.android.apps.nbu.files:id/agree_button']}
	at sun.reflect.NativeConstructorAccessorImpl.newInstance0(Native Method)
	at sun.reflect.NativeConstructorAccessorImpl.newInstance(NativeConstructorAccessorImpl.java:62)
	at sun.reflect.DelegatingConstructorAccessorImpl.newInstance(DelegatingConstructorAccessorImpl.java:45)
	at java.lang.reflect.Constructor.newInstance(Constructor.java:423)
	at org.openqa.selenium.remote.http.W3CHttpResponseCodec.createException(W3CHttpResponseCodec.java:187)
	at org.openqa.selenium.remote.http.W3CHttpResponseCodec.decode(W3CHttpResponseCodec.java:122)
	at org.openqa.selenium.remote.http.W3CHttpResponseCodec.decode(W3CHttpResponseCodec.java:49)
	at org.openqa.selenium.remote.HttpCommandExecutor.execute(HttpCommandExecutor.java:158)
	at io.appium.java_client.remote.AppiumCommandExecutor.execute(AppiumCommandExecutor.java:239)
	at org.openqa.selenium.remote.RemoteWebDriver.execute(RemoteWebDriver.java:552)
	at io.appium.java_client.DefaultGenericMobileDriver.execute(DefaultGenericMobileDriver.java:42)
	at io.appium.java_client.AppiumDriver.execute(AppiumDriver.java:1)
	at io.appium.java_client.android.AndroidDriver.execute(AndroidDriver.java:1)
	at org.openqa.selenium.remote.RemoteWebDriver.findElement(RemoteWebDriver.java:323)
	at io.appium.java_client.DefaultGenericMobileDriver.findElement(DefaultGenericMobileDriver.java:62)
	at io.appium.java_client.AppiumDriver.findElement(AppiumDriver.java:1)
	at io.appium.java_client.android.AndroidDriver.findElement(AndroidDriver.java:1)
	at org.openqa.selenium.remote.RemoteWebDriver.findElementByXPath(RemoteWebDriver.java:428)
	at io.appium.java_client.DefaultGenericMobileDriver.findElementByXPath(DefaultGenericMobileDriver.java:152)
	at io.appium.java_client.AppiumDriver.findElementByXPath(AppiumDriver.java:1)
	at io.appium.java_client.android.AndroidDriver.findElementByXPath(AndroidDriver.java:1)
	at org.openqa.selenium.By$ByXPath.findElement(By.java:353)
	at org.openqa.selenium.remote.RemoteWebDriver.findElement(RemoteWebDriver.java:315)
	at io.appium.java_client.DefaultGenericMobileDriver.findElement(DefaultGenericMobileDriver.java:58)
	at io.appium.java_client.AppiumDriver.findElement(AppiumDriver.java:1)
	at io.appium.java_client.android.AndroidDriver.findElement(AndroidDriver.java:1)
	at Cubot_Note9.Test9_Int.RearPictureCapture(Test9_Int.java:392)
	at sun.reflect.NativeMethodAccessorImpl.invoke0(Native Method)
	at sun.reflect.NativeMethodAccessorImpl.invoke(NativeMethodAccessorImpl.java:62)
	at sun.reflect.DelegatingMethodAccessorImpl.invoke(DelegatingMethodAccessorImpl.java:43)
	at java.lang.reflect.Method.invoke(Method.java:498)
	at org.testng.internal.MethodInvocationHelper.invokeMethod(MethodInvocationHelper.java:80)
	at org.testng.internal.Invoker.invokeMethod(Invoker.java:673)
	at org.testng.internal.Invoker.invokeTestMethod(Invoker.java:842)
	at org.testng.internal.Invoker.invokeTestMethods(Invoker.java:1166)
	at org.testng.internal.TestMethodWorker.invokeTestMethods(TestMethodWorker.java:125)
	at org.testng.internal.TestMethodWorker.run(TestMethodWorker.java:109)
	at org.testng.TestRunner.runWorkers(TestRunner.java:1178)
	at org.testng.TestRunner.privateRun(TestRunner.java:757)
	at org.testng.TestRunner.run(TestRunner.java:608)
	at org.testng.SuiteRunner.runTest(SuiteRunner.java:334)
	at org.testng.SuiteRunner.runSequentially(SuiteRunner.java:329)
	at org.testng.SuiteRunner.privateRun(SuiteRunner.java:291)
	at org.testng.SuiteRunner.run(SuiteRunner.java:240)
	at org.testng.SuiteRunnerWorker.runSuite(SuiteRunnerWorker.java:52)
	at org.testng.SuiteRunnerWorker.run(SuiteRunnerWorker.java:86)
	at org.testng.TestNG.runSuitesSequentially(TestNG.java:1158)
	at org.testng.TestNG.runSuitesSequentially(TestNG.java:1154)
	at org.testng.TestNG.runSuitesLocally(TestNG.java:1083)
	at org.testng.TestNG.run(TestNG.java:999)
	at org.apache.maven.surefire.testng.TestNGExecutor.run(TestNGExecutor.java:284)
	at org.apache.maven.surefire.testng.TestNGXmlTestSuite.execute(TestNGXmlTestSuite.java:75)
	at org.apache.maven.surefire.testng.TestNGProvider.invoke(TestNGProvider.java:119)
	at org.apache.maven.surefire.booter.ForkedBooter.runSuitesInProcess(ForkedBooter.java:428)
	at org.apache.maven.surefire.booter.ForkedBooter.execute(ForkedBooter.java:162)
	at org.apache.maven.surefire.booter.ForkedBooter.run(ForkedBooter.java:562)
	at org.apache.maven.surefire.booter.ForkedBooter.main(ForkedBooter.java:548)
]]></system-err>
  </testcase>
  <testcase name="FrontPictureCapture" classname="Cubot_Note9.Test9F_Int" time="1,753.443">
    <system-out><![CDATA[Test: Start
===================================================================================================================================================================================================================================================================================================================================================================================================================================================================================================================================================================================================================================================================================================================================
Test9F Scenario is as follows:
Launch camera application, set internal as a Storage option, start Front camera image picture capture for all Host front resolutions
Setting up the appium desired capabilities
===================================================================================================================================================================================================================================================================================================================================================================================================================================================================================================================================================================================================================================================================================================================================
Launch Home Screen and Clear recent
Clearing Recent Apps
Pass: No recent apps found
Launch Camera Application for Front camera picture Capture for all Host resolutions
Select camera permissions
While using the app
START CAPTURE
Test9F_Int_Fcam_res: 6 resolutions supported
Click On front camera mode
Select settings
Select  picture size
Select first Image Resoution: (4:3) 5.0 megapixels
totalPictureCountFront_Int = 50
clicking Image of 1st Resolutions (4:3) 5.0 megapixels : 0
clicking Image of 1st Resolutions (4:3) 5.0 megapixels : 1
clicking Image of 1st Resolutions (4:3) 5.0 megapixels : 2
clicking Image of 1st Resolutions (4:3) 5.0 megapixels : 3
clicking Image of 1st Resolutions (4:3) 5.0 megapixels : 4
clicking Image of 1st Resolutions (4:3) 5.0 megapixels : 5
clicking Image of 1st Resolutions (4:3) 5.0 megapixels : 6
clicking Image of 1st Resolutions (4:3) 5.0 megapixels : 7
clicking Image of 1st Resolutions (4:3) 5.0 megapixels : 8
clicking Image of 1st Resolutions (4:3) 5.0 megapixels : 9
clicking Image of 1st Resolutions (4:3) 5.0 megapixels : 10
clicking Image of 1st Resolutions (4:3) 5.0 megapixels : 11
clicking Image of 1st Resolutions (4:3) 5.0 megapixels : 12
clicking Image of 1st Resolutions (4:3) 5.0 megapixels : 13
clicking Image of 1st Resolutions (4:3) 5.0 megapixels : 14
clicking Image of 1st Resolutions (4:3) 5.0 megapixels : 15
clicking Image of 1st Resolutions (4:3) 5.0 megapixels : 16
clicking Image of 1st Resolutions (4:3) 5.0 megapixels : 17
clicking Image of 1st Resolutions (4:3) 5.0 megapixels : 18
clicking Image of 1st Resolutions (4:3) 5.0 megapixels : 19
clicking Image of 1st Resolutions (4:3) 5.0 megapixels : 20
clicking Image of 1st Resolutions (4:3) 5.0 megapixels : 21
clicking Image of 1st Resolutions (4:3) 5.0 megapixels : 22
clicking Image of 1st Resolutions (4:3) 5.0 megapixels : 23
clicking Image of 1st Resolutions (4:3) 5.0 megapixels : 24
clicking Image of 1st Resolutions (4:3) 5.0 megapixels : 25
clicking Image of 1st Resolutions (4:3) 5.0 megapixels : 26
clicking Image of 1st Resolutions (4:3) 5.0 megapixels : 27
clicking Image of 1st Resolutions (4:3) 5.0 megapixels : 28
clicking Image of 1st Resolutions (4:3) 5.0 megapixels : 29
clicking Image of 1st Resolutions (4:3) 5.0 megapixels : 30
clicking Image of 1st Resolutions (4:3) 5.0 megapixels : 31
clicking Image of 1st Resolutions (4:3) 5.0 megapixels : 32
clicking Image of 1st Resolutions (4:3) 5.0 megapixels : 33
clicking Image of 1st Resolutions (4:3) 5.0 megapixels : 34
clicking Image of 1st Resolutions (4:3) 5.0 megapixels : 35
clicking Image of 1st Resolutions (4:3) 5.0 megapixels : 36
clicking Image of 1st Resolutions (4:3) 5.0 megapixels : 37
clicking Image of 1st Resolutions (4:3) 5.0 megapixels : 38
clicking Image of 1st Resolutions (4:3) 5.0 megapixels : 39
clicking Image of 1st Resolutions (4:3) 5.0 megapixels : 40
clicking Image of 1st Resolutions (4:3) 5.0 megapixels : 41
clicking Image of 1st Resolutions (4:3) 5.0 megapixels : 42
clicking Image of 1st Resolutions (4:3) 5.0 megapixels : 43
clicking Image of 1st Resolutions (4:3) 5.0 megapixels : 44
clicking Image of 1st Resolutions (4:3) 5.0 megapixels : 45
clicking Image of 1st Resolutions (4:3) 5.0 megapixels : 46
clicking Image of 1st Resolutions (4:3) 5.0 megapixels : 47
clicking Image of 1st Resolutions (4:3) 5.0 megapixels : 48
clicking Image of 1st Resolutions (4:3) 5.0 megapixels : 49
front camera 1st resolution:50 images Captured succesfull
Select settings
Select  picture size
Select second Image Resoution: (4:3) 2.0 megapixels
totalPictureCountFront_Int1 = 50
clicking Image of 2nd Resolutions (4:3) 2.0 megapixels : 0
clicking Image of 2nd Resolutions (4:3) 2.0 megapixels : 1
clicking Image of 2nd Resolutions (4:3) 2.0 megapixels : 2
clicking Image of 2nd Resolutions (4:3) 2.0 megapixels : 3
clicking Image of 2nd Resolutions (4:3) 2.0 megapixels : 4
clicking Image of 2nd Resolutions (4:3) 2.0 megapixels : 5
clicking Image of 2nd Resolutions (4:3) 2.0 megapixels : 6
clicking Image of 2nd Resolutions (4:3) 2.0 megapixels : 7
clicking Image of 2nd Resolutions (4:3) 2.0 megapixels : 8
clicking Image of 2nd Resolutions (4:3) 2.0 megapixels : 9
clicking Image of 2nd Resolutions (4:3) 2.0 megapixels : 10
clicking Image of 2nd Resolutions (4:3) 2.0 megapixels : 11
clicking Image of 2nd Resolutions (4:3) 2.0 megapixels : 12
clicking Image of 2nd Resolutions (4:3) 2.0 megapixels : 13
clicking Image of 2nd Resolutions (4:3) 2.0 megapixels : 14
clicking Image of 2nd Resolutions (4:3) 2.0 megapixels : 15
clicking Image of 2nd Resolutions (4:3) 2.0 megapixels : 16
clicking Image of 2nd Resolutions (4:3) 2.0 megapixels : 17
clicking Image of 2nd Resolutions (4:3) 2.0 megapixels : 18
clicking Image of 2nd Resolutions (4:3) 2.0 megapixels : 19
clicking Image of 2nd Resolutions (4:3) 2.0 megapixels : 20
clicking Image of 2nd Resolutions (4:3) 2.0 megapixels : 21
clicking Image of 2nd Resolutions (4:3) 2.0 megapixels : 22
clicking Image of 2nd Resolutions (4:3) 2.0 megapixels : 23
clicking Image of 2nd Resolutions (4:3) 2.0 megapixels : 24
clicking Image of 2nd Resolutions (4:3) 2.0 megapixels : 25
clicking Image of 2nd Resolutions (4:3) 2.0 megapixels : 26
clicking Image of 2nd Resolutions (4:3) 2.0 megapixels : 27
clicking Image of 2nd Resolutions (4:3) 2.0 megapixels : 28
clicking Image of 2nd Resolutions (4:3) 2.0 megapixels : 29
clicking Image of 2nd Resolutions (4:3) 2.0 megapixels : 30
clicking Image of 2nd Resolutions (4:3) 2.0 megapixels : 31
clicking Image of 2nd Resolutions (4:3) 2.0 megapixels : 32
clicking Image of 2nd Resolutions (4:3) 2.0 megapixels : 33
clicking Image of 2nd Resolutions (4:3) 2.0 megapixels : 34
clicking Image of 2nd Resolutions (4:3) 2.0 megapixels : 35
clicking Image of 2nd Resolutions (4:3) 2.0 megapixels : 36
clicking Image of 2nd Resolutions (4:3) 2.0 megapixels : 37
clicking Image of 2nd Resolutions (4:3) 2.0 megapixels : 38
clicking Image of 2nd Resolutions (4:3) 2.0 megapixels : 39
clicking Image of 2nd Resolutions (4:3) 2.0 megapixels : 40
clicking Image of 2nd Resolutions (4:3) 2.0 megapixels : 41
clicking Image of 2nd Resolutions (4:3) 2.0 megapixels : 42
clicking Image of 2nd Resolutions (4:3) 2.0 megapixels : 43
clicking Image of 2nd Resolutions (4:3) 2.0 megapixels : 44
clicking Image of 2nd Resolutions (4:3) 2.0 megapixels : 45
clicking Image of 2nd Resolutions (4:3) 2.0 megapixels : 46
clicking Image of 2nd Resolutions (4:3) 2.0 megapixels : 47
clicking Image of 2nd Resolutions (4:3) 2.0 megapixels : 48
clicking Image of 2nd Resolutions (4:3) 2.0 megapixels : 49
front camera 2nd resolution:50 images Captured succesfull
Select settings
Select  picture size
Select third Image Resoution: (4:3) 2.0 megapixels
totalPictureCountFront_Int2 = 50
clicking Image of 3rd Resolutions (4:3) 2.0 megapixels: 0
clicking Image of 3rd Resolutions (4:3) 2.0 megapixels: 1
clicking Image of 3rd Resolutions (4:3) 2.0 megapixels: 2
clicking Image of 3rd Resolutions (4:3) 2.0 megapixels: 3
clicking Image of 3rd Resolutions (4:3) 2.0 megapixels: 4
clicking Image of 3rd Resolutions (4:3) 2.0 megapixels: 5
clicking Image of 3rd Resolutions (4:3) 2.0 megapixels: 6
clicking Image of 3rd Resolutions (4:3) 2.0 megapixels: 7
clicking Image of 3rd Resolutions (4:3) 2.0 megapixels: 8
clicking Image of 3rd Resolutions (4:3) 2.0 megapixels: 9
clicking Image of 3rd Resolutions (4:3) 2.0 megapixels: 10
clicking Image of 3rd Resolutions (4:3) 2.0 megapixels: 11
clicking Image of 3rd Resolutions (4:3) 2.0 megapixels: 12
clicking Image of 3rd Resolutions (4:3) 2.0 megapixels: 13
clicking Image of 3rd Resolutions (4:3) 2.0 megapixels: 14
clicking Image of 3rd Resolutions (4:3) 2.0 megapixels: 15
clicking Image of 3rd Resolutions (4:3) 2.0 megapixels: 16
clicking Image of 3rd Resolutions (4:3) 2.0 megapixels: 17
clicking Image of 3rd Resolutions (4:3) 2.0 megapixels: 18
clicking Image of 3rd Resolutions (4:3) 2.0 megapixels: 19
clicking Image of 3rd Resolutions (4:3) 2.0 megapixels: 20
clicking Image of 3rd Resolutions (4:3) 2.0 megapixels: 21
clicking Image of 3rd Resolutions (4:3) 2.0 megapixels: 22
clicking Image of 3rd Resolutions (4:3) 2.0 megapixels: 23
clicking Image of 3rd Resolutions (4:3) 2.0 megapixels: 24
clicking Image of 3rd Resolutions (4:3) 2.0 megapixels: 25
clicking Image of 3rd Resolutions (4:3) 2.0 megapixels: 26
clicking Image of 3rd Resolutions (4:3) 2.0 megapixels: 27
clicking Image of 3rd Resolutions (4:3) 2.0 megapixels: 28
clicking Image of 3rd Resolutions (4:3) 2.0 megapixels: 29
clicking Image of 3rd Resolutions (4:3) 2.0 megapixels: 30
clicking Image of 3rd Resolutions (4:3) 2.0 megapixels: 31
clicking Image of 3rd Resolutions (4:3) 2.0 megapixels: 32
clicking Image of 3rd Resolutions (4:3) 2.0 megapixels: 33
clicking Image of 3rd Resolutions (4:3) 2.0 megapixels: 34
clicking Image of 3rd Resolutions (4:3) 2.0 megapixels: 35
clicking Image of 3rd Resolutions (4:3) 2.0 megapixels: 36
clicking Image of 3rd Resolutions (4:3) 2.0 megapixels: 37
clicking Image of 3rd Resolutions (4:3) 2.0 megapixels: 38
clicking Image of 3rd Resolutions (4:3) 2.0 megapixels: 39
clicking Image of 3rd Resolutions (4:3) 2.0 megapixels: 40
clicking Image of 3rd Resolutions (4:3) 2.0 megapixels: 41
clicking Image of 3rd Resolutions (4:3) 2.0 megapixels: 42
clicking Image of 3rd Resolutions (4:3) 2.0 megapixels: 43
clicking Image of 3rd Resolutions (4:3) 2.0 megapixels: 44
clicking Image of 3rd Resolutions (4:3) 2.0 megapixels: 45
clicking Image of 3rd Resolutions (4:3) 2.0 megapixels: 46
clicking Image of 3rd Resolutions (4:3) 2.0 megapixels: 47
clicking Image of 3rd Resolutions (4:3) 2.0 megapixels: 48
clicking Image of 3rd Resolutions (4:3) 2.0 megapixels: 49
front camera 3rd resolution:50 images Captured succesfull
Select settings
Select  picture size
Select 4th Image Resoution: (16:9) 4.0 megapixels
totalPictureCountFront_Int3 = 50
clicking Image of 4th Resolutions (16:9) 4.0 megapixels: 0
clicking Image of 4th Resolutions (16:9) 4.0 megapixels: 1
clicking Image of 4th Resolutions (16:9) 4.0 megapixels: 2
clicking Image of 4th Resolutions (16:9) 4.0 megapixels: 3
clicking Image of 4th Resolutions (16:9) 4.0 megapixels: 4
clicking Image of 4th Resolutions (16:9) 4.0 megapixels: 5
clicking Image of 4th Resolutions (16:9) 4.0 megapixels: 6
clicking Image of 4th Resolutions (16:9) 4.0 megapixels: 7
clicking Image of 4th Resolutions (16:9) 4.0 megapixels: 8
clicking Image of 4th Resolutions (16:9) 4.0 megapixels: 9
clicking Image of 4th Resolutions (16:9) 4.0 megapixels: 10
clicking Image of 4th Resolutions (16:9) 4.0 megapixels: 11
clicking Image of 4th Resolutions (16:9) 4.0 megapixels: 12
clicking Image of 4th Resolutions (16:9) 4.0 megapixels: 13
clicking Image of 4th Resolutions (16:9) 4.0 megapixels: 14
clicking Image of 4th Resolutions (16:9) 4.0 megapixels: 15
clicking Image of 4th Resolutions (16:9) 4.0 megapixels: 16
clicking Image of 4th Resolutions (16:9) 4.0 megapixels: 17
clicking Image of 4th Resolutions (16:9) 4.0 megapixels: 18
clicking Image of 4th Resolutions (16:9) 4.0 megapixels: 19
clicking Image of 4th Resolutions (16:9) 4.0 megapixels: 20
clicking Image of 4th Resolutions (16:9) 4.0 megapixels: 21
clicking Image of 4th Resolutions (16:9) 4.0 megapixels: 22
clicking Image of 4th Resolutions (16:9) 4.0 megapixels: 23
clicking Image of 4th Resolutions (16:9) 4.0 megapixels: 24
clicking Image of 4th Resolutions (16:9) 4.0 megapixels: 25
clicking Image of 4th Resolutions (16:9) 4.0 megapixels: 26
clicking Image of 4th Resolutions (16:9) 4.0 megapixels: 27
clicking Image of 4th Resolutions (16:9) 4.0 megapixels: 28
clicking Image of 4th Resolutions (16:9) 4.0 megapixels: 29
clicking Image of 4th Resolutions (16:9) 4.0 megapixels: 30
clicking Image of 4th Resolutions (16:9) 4.0 megapixels: 31
clicking Image of 4th Resolutions (16:9) 4.0 megapixels: 32
clicking Image of 4th Resolutions (16:9) 4.0 megapixels: 33
clicking Image of 4th Resolutions (16:9) 4.0 megapixels: 34
clicking Image of 4th Resolutions (16:9) 4.0 megapixels: 35
clicking Image of 4th Resolutions (16:9) 4.0 megapixels: 36
clicking Image of 4th Resolutions (16:9) 4.0 megapixels: 37
clicking Image of 4th Resolutions (16:9) 4.0 megapixels: 38
clicking Image of 4th Resolutions (16:9) 4.0 megapixels: 39
clicking Image of 4th Resolutions (16:9) 4.0 megapixels: 40
clicking Image of 4th Resolutions (16:9) 4.0 megapixels: 41
clicking Image of 4th Resolutions (16:9) 4.0 megapixels: 42
clicking Image of 4th Resolutions (16:9) 4.0 megapixels: 43
clicking Image of 4th Resolutions (16:9) 4.0 megapixels: 44
clicking Image of 4th Resolutions (16:9) 4.0 megapixels: 45
clicking Image of 4th Resolutions (16:9) 4.0 megapixels: 46
clicking Image of 4th Resolutions (16:9) 4.0 megapixels: 47
clicking Image of 4th Resolutions (16:9) 4.0 megapixels: 48
clicking Image of 4th Resolutions (16:9) 4.0 megapixels: 49
front camera 4th resolution:50 images Captured succesfull
Select settings
Select  picture size
Select 5th Image Resoution: (16:9) 2.0 megapixels
totalPictureCountFront_Int4 = 50
clicking Image of 5th Resolutions (16:9) 2.0 megapixels: 0
clicking Image of 5th Resolutions (16:9) 2.0 megapixels: 1
clicking Image of 5th Resolutions (16:9) 2.0 megapixels: 2
clicking Image of 5th Resolutions (16:9) 2.0 megapixels: 3
clicking Image of 5th Resolutions (16:9) 2.0 megapixels: 4
clicking Image of 5th Resolutions (16:9) 2.0 megapixels: 5
clicking Image of 5th Resolutions (16:9) 2.0 megapixels: 6
clicking Image of 5th Resolutions (16:9) 2.0 megapixels: 7
clicking Image of 5th Resolutions (16:9) 2.0 megapixels: 8
clicking Image of 5th Resolutions (16:9) 2.0 megapixels: 9
clicking Image of 5th Resolutions (16:9) 2.0 megapixels: 10
clicking Image of 5th Resolutions (16:9) 2.0 megapixels: 11
clicking Image of 5th Resolutions (16:9) 2.0 megapixels: 12
clicking Image of 5th Resolutions (16:9) 2.0 megapixels: 13
clicking Image of 5th Resolutions (16:9) 2.0 megapixels: 14
clicking Image of 5th Resolutions (16:9) 2.0 megapixels: 15
clicking Image of 5th Resolutions (16:9) 2.0 megapixels: 16
clicking Image of 5th Resolutions (16:9) 2.0 megapixels: 17
clicking Image of 5th Resolutions (16:9) 2.0 megapixels: 18
clicking Image of 5th Resolutions (16:9) 2.0 megapixels: 19
clicking Image of 5th Resolutions (16:9) 2.0 megapixels: 20
clicking Image of 5th Resolutions (16:9) 2.0 megapixels: 21
clicking Image of 5th Resolutions (16:9) 2.0 megapixels: 22
clicking Image of 5th Resolutions (16:9) 2.0 megapixels: 23
clicking Image of 5th Resolutions (16:9) 2.0 megapixels: 24
clicking Image of 5th Resolutions (16:9) 2.0 megapixels: 25
clicking Image of 5th Resolutions (16:9) 2.0 megapixels: 26
clicking Image of 5th Resolutions (16:9) 2.0 megapixels: 27
clicking Image of 5th Resolutions (16:9) 2.0 megapixels: 28
clicking Image of 5th Resolutions (16:9) 2.0 megapixels: 29
clicking Image of 5th Resolutions (16:9) 2.0 megapixels: 30
clicking Image of 5th Resolutions (16:9) 2.0 megapixels: 31
clicking Image of 5th Resolutions (16:9) 2.0 megapixels: 32
clicking Image of 5th Resolutions (16:9) 2.0 megapixels: 33
clicking Image of 5th Resolutions (16:9) 2.0 megapixels: 34
clicking Image of 5th Resolutions (16:9) 2.0 megapixels: 35
clicking Image of 5th Resolutions (16:9) 2.0 megapixels: 36
clicking Image of 5th Resolutions (16:9) 2.0 megapixels: 37
clicking Image of 5th Resolutions (16:9) 2.0 megapixels: 38
clicking Image of 5th Resolutions (16:9) 2.0 megapixels: 39
clicking Image of 5th Resolutions (16:9) 2.0 megapixels: 40
clicking Image of 5th Resolutions (16:9) 2.0 megapixels: 41
clicking Image of 5th Resolutions (16:9) 2.0 megapixels: 42
clicking Image of 5th Resolutions (16:9) 2.0 megapixels: 43
clicking Image of 5th Resolutions (16:9) 2.0 megapixels: 44
clicking Image of 5th Resolutions (16:9) 2.0 megapixels: 45
clicking Image of 5th Resolutions (16:9) 2.0 megapixels: 46
clicking Image of 5th Resolutions (16:9) 2.0 megapixels: 47
clicking Image of 5th Resolutions (16:9) 2.0 megapixels: 48
clicking Image of 5th Resolutions (16:9) 2.0 megapixels: 49
front camera 5th resolution:50 images Captured succesfull
Select settings
Select  picture size
Select 6th Image Resoution: (16:9) 0.9 megapixels
totalPictureCountFront_Int5 = 50
clicking Image of 6th Resolutions (16:9) 0.9 megapixels: 0
clicking Image of 6th Resolutions (16:9) 0.9 megapixels: 1
clicking Image of 6th Resolutions (16:9) 0.9 megapixels: 2
clicking Image of 6th Resolutions (16:9) 0.9 megapixels: 3
clicking Image of 6th Resolutions (16:9) 0.9 megapixels: 4
clicking Image of 6th Resolutions (16:9) 0.9 megapixels: 5
clicking Image of 6th Resolutions (16:9) 0.9 megapixels: 6
clicking Image of 6th Resolutions (16:9) 0.9 megapixels: 7
clicking Image of 6th Resolutions (16:9) 0.9 megapixels: 8
clicking Image of 6th Resolutions (16:9) 0.9 megapixels: 9
clicking Image of 6th Resolutions (16:9) 0.9 megapixels: 10
clicking Image of 6th Resolutions (16:9) 0.9 megapixels: 11
clicking Image of 6th Resolutions (16:9) 0.9 megapixels: 12
clicking Image of 6th Resolutions (16:9) 0.9 megapixels: 13
clicking Image of 6th Resolutions (16:9) 0.9 megapixels: 14
clicking Image of 6th Resolutions (16:9) 0.9 megapixels: 15
clicking Image of 6th Resolutions (16:9) 0.9 megapixels: 16
clicking Image of 6th Resolutions (16:9) 0.9 megapixels: 17
clicking Image of 6th Resolutions (16:9) 0.9 megapixels: 18
clicking Image of 6th Resolutions (16:9) 0.9 megapixels: 19
clicking Image of 6th Resolutions (16:9) 0.9 megapixels: 20
clicking Image of 6th Resolutions (16:9) 0.9 megapixels: 21
clicking Image of 6th Resolutions (16:9) 0.9 megapixels: 22
clicking Image of 6th Resolutions (16:9) 0.9 megapixels: 23
clicking Image of 6th Resolutions (16:9) 0.9 megapixels: 24
clicking Image of 6th Resolutions (16:9) 0.9 megapixels: 25
clicking Image of 6th Resolutions (16:9) 0.9 megapixels: 26
clicking Image of 6th Resolutions (16:9) 0.9 megapixels: 27
clicking Image of 6th Resolutions (16:9) 0.9 megapixels: 28
clicking Image of 6th Resolutions (16:9) 0.9 megapixels: 29
clicking Image of 6th Resolutions (16:9) 0.9 megapixels: 30
clicking Image of 6th Resolutions (16:9) 0.9 megapixels: 31
clicking Image of 6th Resolutions (16:9) 0.9 megapixels: 32
clicking Image of 6th Resolutions (16:9) 0.9 megapixels: 33
clicking Image of 6th Resolutions (16:9) 0.9 megapixels: 34
clicking Image of 6th Resolutions (16:9) 0.9 megapixels: 35
clicking Image of 6th Resolutions (16:9) 0.9 megapixels: 36
clicking Image of 6th Resolutions (16:9) 0.9 megapixels: 37
clicking Image of 6th Resolutions (16:9) 0.9 megapixels: 38
clicking Image of 6th Resolutions (16:9) 0.9 megapixels: 39
clicking Image of 6th Resolutions (16:9) 0.9 megapixels: 40
clicking Image of 6th Resolutions (16:9) 0.9 megapixels: 41
clicking Image of 6th Resolutions (16:9) 0.9 megapixels: 42
clicking Image of 6th Resolutions (16:9) 0.9 megapixels: 43
clicking Image of 6th Resolutions (16:9) 0.9 megapixels: 44
clicking Image of 6th Resolutions (16:9) 0.9 megapixels: 45
clicking Image of 6th Resolutions (16:9) 0.9 megapixels: 46
clicking Image of 6th Resolutions (16:9) 0.9 megapixels: 47
clicking Image of 6th Resolutions (16:9) 0.9 megapixels: 48
clicking Image of 6th Resolutions (16:9) 0.9 megapixels: 49
front camera 6th resolution:50 images Captured succesfull
Total Count value:300 images to be Captured 
Click On back camera mode
Launch file manager application and verify captured images present in internal storage
Swipe up to select Internal storage
Select SD card
switch to grid view mode to select DCIM folder
Select DCIM Folder
Select camera folder
switch to list view mode
Click More options
Click select all
Total Image
Test9F_Int_Fcam_image: 300 selected images Captured succesfull
Actual Value:300 selected
Interger value:300
Tolerance_Level = 75

Pass: Test9F_Int pass for front Image capture
Test9F_Int_Fcam_image: 300  images Captured succesfull
===================================================================================================================================================================================================================================================================================================================================================================================================================================================================================================================================================================================================================================================================================================================================
calling DataMoveOperation()
Re-launch file manager application and select internal storage for data move operation, select all front camera images files present in camera folder and move to Test9F_Int folder
Swipe up to select Internal stoarge
Select Internal stoarge
Click More options
Select ADD NEW Folder option
Name folder as Test9_Int
Select ADD NEW Folder option
switch to grid view mode and select DCIM folder
Select DCIM folder
Select camera folder
switch to list view mode
Click More options
Click select all
Click More options
select move to option
select Iternal storage
select Test9F_Int
Accept Move here
Cut paste operation completed successfully
Pass: Test9F_Int Pass for data move operation successfully
===================================================================================================================================================================================================================================================================================================================================================================================================================================================================================================================================================================================================================================================================================================================================
Final Message: Pass Test9F_Int Pass for front Camera image capture
Test: End
===================================================================================================================================================================================================================================================================================================================================================================================================================================================================================================================================================================================================================================================================================================================================
]]></system-out>
    <system-err><![CDATA[2023-02-15 12:57:50 INFO   io.appium.java_client.remote.AppiumCommandExecutor$1 lambda$0 Detected dialect: W3C
2023-02-15 12:58:03 INFO   io.appium.java_client.remote.AppiumCommandExecutor$1 lambda$0 Detected dialect: W3C
org.openqa.selenium.InvalidSelectorException: Could not parse selector expression `new UiSelector().content-desc("CLEAR ALL")`: UiSelector has no `content-desc` method
For documentation on this error, please visit: https://www.seleniumhq.org/exceptions/invalid_selector_exception.html
Build info: version: '3.141.59', revision: 'e82be7d358', time: '2018-11-14T08:17:03'
System info: host: 'SD-APPS-090', ip: '10.65.148.57', os.name: 'Windows 10', os.arch: 'amd64', os.version: '10.0', java.version: '1.8.0_202'
Driver info: io.appium.java_client.android.AndroidDriver
Capabilities {automationName: UiAutomator2, databaseEnabled: false, desired: {automationName: UiAutomator2, deviceName: NOTE 9, newCommandTimeout: 600, platformName: android, platformVersion: 11, udid: NOTE9210522007851}, deviceApiLevel: 30, deviceManufacturer: CUBOT, deviceModel: NOTE 9, deviceName: NOTE9210522007851, deviceScreenDensity: 220, deviceScreenSize: 480x960, deviceUDID: NOTE9210522007851, javascriptEnabled: true, locationContextEnabled: false, networkConnectionEnabled: true, newCommandTimeout: 600, pixelRatio: 1.375, platform: LINUX, platformName: Android, platformVersion: 11, statBarHeight: 59, takesScreenshot: true, udid: NOTE9210522007851, viewportRect: {height: 835, left: 0, top: 59, width: 480}, warnings: {}, webStorageEnabled: false}
Session ID: cdbdc2b8-b4a3-40df-81e5-ee197dfd6fd5
*** Element info: {Using=-android uiautomator, value=new UiSelector().content-desc("CLEAR ALL")}
	at sun.reflect.NativeConstructorAccessorImpl.newInstance0(Native Method)
	at sun.reflect.NativeConstructorAccessorImpl.newInstance(NativeConstructorAccessorImpl.java:62)
	at sun.reflect.DelegatingConstructorAccessorImpl.newInstance(DelegatingConstructorAccessorImpl.java:45)
	at java.lang.reflect.Constructor.newInstance(Constructor.java:423)
	at org.openqa.selenium.remote.http.W3CHttpResponseCodec.createException(W3CHttpResponseCodec.java:187)
	at org.openqa.selenium.remote.http.W3CHttpResponseCodec.decode(W3CHttpResponseCodec.java:122)
	at org.openqa.selenium.remote.http.W3CHttpResponseCodec.decode(W3CHttpResponseCodec.java:49)
	at org.openqa.selenium.remote.HttpCommandExecutor.execute(HttpCommandExecutor.java:158)
	at io.appium.java_client.remote.AppiumCommandExecutor.execute(AppiumCommandExecutor.java:239)
	at org.openqa.selenium.remote.RemoteWebDriver.execute(RemoteWebDriver.java:552)
	at io.appium.java_client.DefaultGenericMobileDriver.execute(DefaultGenericMobileDriver.java:42)
	at io.appium.java_client.AppiumDriver.execute(AppiumDriver.java:1)
	at io.appium.java_client.android.AndroidDriver.execute(AndroidDriver.java:1)
	at org.openqa.selenium.remote.RemoteWebDriver.findElement(RemoteWebDriver.java:323)
	at io.appium.java_client.DefaultGenericMobileDriver.findElement(DefaultGenericMobileDriver.java:62)
	at io.appium.java_client.AppiumDriver.findElement(AppiumDriver.java:1)
	at io.appium.java_client.android.AndroidDriver.findElement(AndroidDriver.java:1)
	at io.appium.java_client.FindsByAndroidUIAutomator.findElementByAndroidUIAutomator(FindsByAndroidUIAutomator.java:38)
	at Cubot_Note9.Test9F_Int.FrontPictureCapture(Test9F_Int.java:99)
	at sun.reflect.NativeMethodAccessorImpl.invoke0(Native Method)
	at sun.reflect.NativeMethodAccessorImpl.invoke(NativeMethodAccessorImpl.java:62)
	at sun.reflect.DelegatingMethodAccessorImpl.invoke(DelegatingMethodAccessorImpl.java:43)
	at java.lang.reflect.Method.invoke(Method.java:498)
	at org.testng.internal.MethodInvocationHelper.invokeMethod(MethodInvocationHelper.java:80)
	at org.testng.internal.Invoker.invokeMethod(Invoker.java:673)
	at org.testng.internal.Invoker.invokeTestMethod(Invoker.java:842)
	at org.testng.internal.Invoker.invokeTestMethods(Invoker.java:1166)
	at org.testng.internal.TestMethodWorker.invokeTestMethods(TestMethodWorker.java:125)
	at org.testng.internal.TestMethodWorker.run(TestMethodWorker.java:109)
	at org.testng.TestRunner.runWorkers(TestRunner.java:1178)
	at org.testng.TestRunner.privateRun(TestRunner.java:757)
	at org.testng.TestRunner.run(TestRunner.java:608)
	at org.testng.SuiteRunner.runTest(SuiteRunner.java:334)
	at org.testng.SuiteRunner.runSequentially(SuiteRunner.java:329)
	at org.testng.SuiteRunner.privateRun(SuiteRunner.java:291)
	at org.testng.SuiteRunner.run(SuiteRunner.java:240)
	at org.testng.SuiteRunnerWorker.runSuite(SuiteRunnerWorker.java:52)
	at org.testng.SuiteRunnerWorker.run(SuiteRunnerWorker.java:86)
	at org.testng.TestNG.runSuitesSequentially(TestNG.java:1158)
	at org.testng.TestNG.runSuitesSequentially(TestNG.java:1154)
	at org.testng.TestNG.runSuitesLocally(TestNG.java:1083)
	at org.testng.TestNG.run(TestNG.java:999)
	at org.apache.maven.surefire.testng.TestNGExecutor.run(TestNGExecutor.java:284)
	at org.apache.maven.surefire.testng.TestNGXmlTestSuite.execute(TestNGXmlTestSuite.java:75)
	at org.apache.maven.surefire.testng.TestNGProvider.invoke(TestNGProvider.java:119)
	at org.apache.maven.surefire.booter.ForkedBooter.runSuitesInProcess(ForkedBooter.java:428)
	at org.apache.maven.surefire.booter.ForkedBooter.execute(ForkedBooter.java:162)
	at org.apache.maven.surefire.booter.ForkedBooter.run(ForkedBooter.java:562)
	at org.apache.maven.surefire.booter.ForkedBooter.main(ForkedBooter.java:548)
org.openqa.selenium.NoSuchElementException: An element could not be located on the page using the given search parameters.
For documentation on this error, please visit: https://www.seleniumhq.org/exceptions/no_such_element.html
Build info: version: '3.141.59', revision: 'e82be7d358', time: '2018-11-14T08:17:03'
System info: host: 'SD-APPS-090', ip: '10.65.148.57', os.name: 'Windows 10', os.arch: 'amd64', os.version: '10.0', java.version: '1.8.0_202'
Driver info: io.appium.java_client.android.AndroidDriver
Capabilities {automationName: UiAutomator2, databaseEnabled: false, desired: {automationName: UiAutomator2, deviceName: NOTE 9, newCommandTimeout: 600, platformName: android, platformVersion: 11, udid: NOTE9210522007851}, deviceApiLevel: 30, deviceManufacturer: CUBOT, deviceModel: NOTE 9, deviceName: NOTE9210522007851, deviceScreenDensity: 220, deviceScreenSize: 480x960, deviceUDID: NOTE9210522007851, javascriptEnabled: true, locationContextEnabled: false, networkConnectionEnabled: true, newCommandTimeout: 600, pixelRatio: 1.375, platform: LINUX, platformName: Android, platformVersion: 11, statBarHeight: 59, takesScreenshot: true, udid: NOTE9210522007851, viewportRect: {height: 835, left: 0, top: 59, width: 480}, warnings: {}, webStorageEnabled: false}
Session ID: cdbdc2b8-b4a3-40df-81e5-ee197dfd6fd5
*** Element info: {Using=xpath, value=//*[@text='WHILE USING THE APP']}
	at sun.reflect.NativeConstructorAccessorImpl.newInstance0(Native Method)
	at sun.reflect.NativeConstructorAccessorImpl.newInstance(NativeConstructorAccessorImpl.java:62)
	at sun.reflect.DelegatingConstructorAccessorImpl.newInstance(DelegatingConstructorAccessorImpl.java:45)
	at java.lang.reflect.Constructor.newInstance(Constructor.java:423)
	at org.openqa.selenium.remote.http.W3CHttpResponseCodec.createException(W3CHttpResponseCodec.java:187)
	at org.openqa.selenium.remote.http.W3CHttpResponseCodec.decode(W3CHttpResponseCodec.java:122)
	at org.openqa.selenium.remote.http.W3CHttpResponseCodec.decode(W3CHttpResponseCodec.java:49)
	at org.openqa.selenium.remote.HttpCommandExecutor.execute(HttpCommandExecutor.java:158)
	at io.appium.java_client.remote.AppiumCommandExecutor.execute(AppiumCommandExecutor.java:239)
	at org.openqa.selenium.remote.RemoteWebDriver.execute(RemoteWebDriver.java:552)
	at io.appium.java_client.DefaultGenericMobileDriver.execute(DefaultGenericMobileDriver.java:42)
	at io.appium.java_client.AppiumDriver.execute(AppiumDriver.java:1)
	at io.appium.java_client.android.AndroidDriver.execute(AndroidDriver.java:1)
	at org.openqa.selenium.remote.RemoteWebDriver.findElement(RemoteWebDriver.java:323)
	at io.appium.java_client.DefaultGenericMobileDriver.findElement(DefaultGenericMobileDriver.java:62)
	at io.appium.java_client.AppiumDriver.findElement(AppiumDriver.java:1)
	at io.appium.java_client.android.AndroidDriver.findElement(AndroidDriver.java:1)
	at org.openqa.selenium.remote.RemoteWebDriver.findElementByXPath(RemoteWebDriver.java:428)
	at io.appium.java_client.DefaultGenericMobileDriver.findElementByXPath(DefaultGenericMobileDriver.java:152)
	at io.appium.java_client.AppiumDriver.findElementByXPath(AppiumDriver.java:1)
	at io.appium.java_client.android.AndroidDriver.findElementByXPath(AndroidDriver.java:1)
	at org.openqa.selenium.By$ByXPath.findElement(By.java:353)
	at org.openqa.selenium.remote.RemoteWebDriver.findElement(RemoteWebDriver.java:315)
	at io.appium.java_client.DefaultGenericMobileDriver.findElement(DefaultGenericMobileDriver.java:58)
	at io.appium.java_client.AppiumDriver.findElement(AppiumDriver.java:1)
	at io.appium.java_client.android.AndroidDriver.findElement(AndroidDriver.java:1)
	at Cubot_Note9.Test9F_Int.FrontPictureCapture(Test9F_Int.java:122)
	at sun.reflect.NativeMethodAccessorImpl.invoke0(Native Method)
	at sun.reflect.NativeMethodAccessorImpl.invoke(NativeMethodAccessorImpl.java:62)
	at sun.reflect.DelegatingMethodAccessorImpl.invoke(DelegatingMethodAccessorImpl.java:43)
	at java.lang.reflect.Method.invoke(Method.java:498)
	at org.testng.internal.MethodInvocationHelper.invokeMethod(MethodInvocationHelper.java:80)
	at org.testng.internal.Invoker.invokeMethod(Invoker.java:673)
	at org.testng.internal.Invoker.invokeTestMethod(Invoker.java:842)
	at org.testng.internal.Invoker.invokeTestMethods(Invoker.java:1166)
	at org.testng.internal.TestMethodWorker.invokeTestMethods(TestMethodWorker.java:125)
	at org.testng.internal.TestMethodWorker.run(TestMethodWorker.java:109)
	at org.testng.TestRunner.runWorkers(TestRunner.java:1178)
	at org.testng.TestRunner.privateRun(TestRunner.java:757)
	at org.testng.TestRunner.run(TestRunner.java:608)
	at org.testng.SuiteRunner.runTest(SuiteRunner.java:334)
	at org.testng.SuiteRunner.runSequentially(SuiteRunner.java:329)
	at org.testng.SuiteRunner.privateRun(SuiteRunner.java:291)
	at org.testng.SuiteRunner.run(SuiteRunner.java:240)
	at org.testng.SuiteRunnerWorker.runSuite(SuiteRunnerWorker.java:52)
	at org.testng.SuiteRunnerWorker.run(SuiteRunnerWorker.java:86)
	at org.testng.TestNG.runSuitesSequentially(TestNG.java:1158)
	at org.testng.TestNG.runSuitesSequentially(TestNG.java:1154)
	at org.testng.TestNG.runSuitesLocally(TestNG.java:1083)
	at org.testng.TestNG.run(TestNG.java:999)
	at org.apache.maven.surefire.testng.TestNGExecutor.run(TestNGExecutor.java:284)
	at org.apache.maven.surefire.testng.TestNGXmlTestSuite.execute(TestNGXmlTestSuite.java:75)
	at org.apache.maven.surefire.testng.TestNGProvider.invoke(TestNGProvider.java:119)
	at org.apache.maven.surefire.booter.ForkedBooter.runSuitesInProcess(ForkedBooter.java:428)
	at org.apache.maven.surefire.booter.ForkedBooter.execute(ForkedBooter.java:162)
	at org.apache.maven.surefire.booter.ForkedBooter.run(ForkedBooter.java:562)
	at org.apache.maven.surefire.booter.ForkedBooter.main(ForkedBooter.java:548)
org.openqa.selenium.NoSuchElementException: An element could not be located on the page using the given search parameters.
For documentation on this error, please visit: https://www.seleniumhq.org/exceptions/no_such_element.html
Build info: version: '3.141.59', revision: 'e82be7d358', time: '2018-11-14T08:17:03'
System info: host: 'SD-APPS-090', ip: '10.65.148.57', os.name: 'Windows 10', os.arch: 'amd64', os.version: '10.0', java.version: '1.8.0_202'
Driver info: io.appium.java_client.android.AndroidDriver
Capabilities {automationName: UiAutomator2, databaseEnabled: false, desired: {automationName: UiAutomator2, deviceName: NOTE 9, newCommandTimeout: 600, platformName: android, platformVersion: 11, udid: NOTE9210522007851}, deviceApiLevel: 30, deviceManufacturer: CUBOT, deviceModel: NOTE 9, deviceName: NOTE9210522007851, deviceScreenDensity: 220, deviceScreenSize: 480x960, deviceUDID: NOTE9210522007851, javascriptEnabled: true, locationContextEnabled: false, networkConnectionEnabled: true, newCommandTimeout: 600, pixelRatio: 1.375, platform: LINUX, platformName: Android, platformVersion: 11, statBarHeight: 59, takesScreenshot: true, udid: NOTE9210522007851, viewportRect: {height: 835, left: 0, top: 59, width: 480}, warnings: {}, webStorageEnabled: false}
Session ID: cdbdc2b8-b4a3-40df-81e5-ee197dfd6fd5
*** Element info: {Using=xpath, value=//*[@text='START CAPTURE']}
	at sun.reflect.NativeConstructorAccessorImpl.newInstance0(Native Method)
	at sun.reflect.NativeConstructorAccessorImpl.newInstance(NativeConstructorAccessorImpl.java:62)
	at sun.reflect.DelegatingConstructorAccessorImpl.newInstance(DelegatingConstructorAccessorImpl.java:45)
	at java.lang.reflect.Constructor.newInstance(Constructor.java:423)
	at org.openqa.selenium.remote.http.W3CHttpResponseCodec.createException(W3CHttpResponseCodec.java:187)
	at org.openqa.selenium.remote.http.W3CHttpResponseCodec.decode(W3CHttpResponseCodec.java:122)
	at org.openqa.selenium.remote.http.W3CHttpResponseCodec.decode(W3CHttpResponseCodec.java:49)
	at org.openqa.selenium.remote.HttpCommandExecutor.execute(HttpCommandExecutor.java:158)
	at io.appium.java_client.remote.AppiumCommandExecutor.execute(AppiumCommandExecutor.java:239)
	at org.openqa.selenium.remote.RemoteWebDriver.execute(RemoteWebDriver.java:552)
	at io.appium.java_client.DefaultGenericMobileDriver.execute(DefaultGenericMobileDriver.java:42)
	at io.appium.java_client.AppiumDriver.execute(AppiumDriver.java:1)
	at io.appium.java_client.android.AndroidDriver.execute(AndroidDriver.java:1)
	at org.openqa.selenium.remote.RemoteWebDriver.findElement(RemoteWebDriver.java:323)
	at io.appium.java_client.DefaultGenericMobileDriver.findElement(DefaultGenericMobileDriver.java:62)
	at io.appium.java_client.AppiumDriver.findElement(AppiumDriver.java:1)
	at io.appium.java_client.android.AndroidDriver.findElement(AndroidDriver.java:1)
	at org.openqa.selenium.remote.RemoteWebDriver.findElementByXPath(RemoteWebDriver.java:428)
	at io.appium.java_client.DefaultGenericMobileDriver.findElementByXPath(DefaultGenericMobileDriver.java:152)
	at io.appium.java_client.AppiumDriver.findElementByXPath(AppiumDriver.java:1)
	at io.appium.java_client.android.AndroidDriver.findElementByXPath(AndroidDriver.java:1)
	at org.openqa.selenium.By$ByXPath.findElement(By.java:353)
	at org.openqa.selenium.remote.RemoteWebDriver.findElement(RemoteWebDriver.java:315)
	at io.appium.java_client.DefaultGenericMobileDriver.findElement(DefaultGenericMobileDriver.java:58)
	at io.appium.java_client.AppiumDriver.findElement(AppiumDriver.java:1)
	at io.appium.java_client.android.AndroidDriver.findElement(AndroidDriver.java:1)
	at Cubot_Note9.Test9F_Int.FrontPictureCapture(Test9F_Int.java:133)
	at sun.reflect.NativeMethodAccessorImpl.invoke0(Native Method)
	at sun.reflect.NativeMethodAccessorImpl.invoke(NativeMethodAccessorImpl.java:62)
	at sun.reflect.DelegatingMethodAccessorImpl.invoke(DelegatingMethodAccessorImpl.java:43)
	at java.lang.reflect.Method.invoke(Method.java:498)
	at org.testng.internal.MethodInvocationHelper.invokeMethod(MethodInvocationHelper.java:80)
	at org.testng.internal.Invoker.invokeMethod(Invoker.java:673)
	at org.testng.internal.Invoker.invokeTestMethod(Invoker.java:842)
	at org.testng.internal.Invoker.invokeTestMethods(Invoker.java:1166)
	at org.testng.internal.TestMethodWorker.invokeTestMethods(TestMethodWorker.java:125)
	at org.testng.internal.TestMethodWorker.run(TestMethodWorker.java:109)
	at org.testng.TestRunner.runWorkers(TestRunner.java:1178)
	at org.testng.TestRunner.privateRun(TestRunner.java:757)
	at org.testng.TestRunner.run(TestRunner.java:608)
	at org.testng.SuiteRunner.runTest(SuiteRunner.java:334)
	at org.testng.SuiteRunner.runSequentially(SuiteRunner.java:329)
	at org.testng.SuiteRunner.privateRun(SuiteRunner.java:291)
	at org.testng.SuiteRunner.run(SuiteRunner.java:240)
	at org.testng.SuiteRunnerWorker.runSuite(SuiteRunnerWorker.java:52)
	at org.testng.SuiteRunnerWorker.run(SuiteRunnerWorker.java:86)
	at org.testng.TestNG.runSuitesSequentially(TestNG.java:1158)
	at org.testng.TestNG.runSuitesSequentially(TestNG.java:1154)
	at org.testng.TestNG.runSuitesLocally(TestNG.java:1083)
	at org.testng.TestNG.run(TestNG.java:999)
	at org.apache.maven.surefire.testng.TestNGExecutor.run(TestNGExecutor.java:284)
	at org.apache.maven.surefire.testng.TestNGXmlTestSuite.execute(TestNGXmlTestSuite.java:75)
	at org.apache.maven.surefire.testng.TestNGProvider.invoke(TestNGProvider.java:119)
	at org.apache.maven.surefire.booter.ForkedBooter.runSuitesInProcess(ForkedBooter.java:428)
	at org.apache.maven.surefire.booter.ForkedBooter.execute(ForkedBooter.java:162)
	at org.apache.maven.surefire.booter.ForkedBooter.run(ForkedBooter.java:562)
	at org.apache.maven.surefire.booter.ForkedBooter.main(ForkedBooter.java:548)
org.openqa.selenium.NoSuchElementException: An element could not be located on the page using the given search parameters.
For documentation on this error, please visit: https://www.seleniumhq.org/exceptions/no_such_element.html
Build info: version: '3.141.59', revision: 'e82be7d358', time: '2018-11-14T08:17:03'
System info: host: 'SD-APPS-090', ip: '10.65.148.57', os.name: 'Windows 10', os.arch: 'amd64', os.version: '10.0', java.version: '1.8.0_202'
Driver info: io.appium.java_client.android.AndroidDriver
Capabilities {automationName: UiAutomator2, databaseEnabled: false, desired: {automationName: UiAutomator2, deviceName: NOTE 9, newCommandTimeout: 600, platformName: android, platformVersion: 11, udid: NOTE9210522007851}, deviceApiLevel: 30, deviceManufacturer: CUBOT, deviceModel: NOTE 9, deviceName: NOTE9210522007851, deviceScreenDensity: 220, deviceScreenSize: 480x960, deviceUDID: NOTE9210522007851, javascriptEnabled: true, locationContextEnabled: false, networkConnectionEnabled: true, newCommandTimeout: 600, pixelRatio: 1.375, platform: LINUX, platformName: Android, platformVersion: 11, statBarHeight: 59, takesScreenshot: true, udid: NOTE9210522007851, viewportRect: {height: 835, left: 0, top: 59, width: 480}, warnings: {}, webStorageEnabled: false}
Session ID: cdbdc2b8-b4a3-40df-81e5-ee197dfd6fd5
*** Element info: {Using=xpath, value=//*[@resource-id='com.google.android.apps.nbu.files:id/agree_button']}
	at sun.reflect.NativeConstructorAccessorImpl.newInstance0(Native Method)
	at sun.reflect.NativeConstructorAccessorImpl.newInstance(NativeConstructorAccessorImpl.java:62)
	at sun.reflect.DelegatingConstructorAccessorImpl.newInstance(DelegatingConstructorAccessorImpl.java:45)
	at java.lang.reflect.Constructor.newInstance(Constructor.java:423)
	at org.openqa.selenium.remote.http.W3CHttpResponseCodec.createException(W3CHttpResponseCodec.java:187)
	at org.openqa.selenium.remote.http.W3CHttpResponseCodec.decode(W3CHttpResponseCodec.java:122)
	at org.openqa.selenium.remote.http.W3CHttpResponseCodec.decode(W3CHttpResponseCodec.java:49)
	at org.openqa.selenium.remote.HttpCommandExecutor.execute(HttpCommandExecutor.java:158)
	at io.appium.java_client.remote.AppiumCommandExecutor.execute(AppiumCommandExecutor.java:239)
	at org.openqa.selenium.remote.RemoteWebDriver.execute(RemoteWebDriver.java:552)
	at io.appium.java_client.DefaultGenericMobileDriver.execute(DefaultGenericMobileDriver.java:42)
	at io.appium.java_client.AppiumDriver.execute(AppiumDriver.java:1)
	at io.appium.java_client.android.AndroidDriver.execute(AndroidDriver.java:1)
	at org.openqa.selenium.remote.RemoteWebDriver.findElement(RemoteWebDriver.java:323)
	at io.appium.java_client.DefaultGenericMobileDriver.findElement(DefaultGenericMobileDriver.java:62)
	at io.appium.java_client.AppiumDriver.findElement(AppiumDriver.java:1)
	at io.appium.java_client.android.AndroidDriver.findElement(AndroidDriver.java:1)
	at org.openqa.selenium.remote.RemoteWebDriver.findElementByXPath(RemoteWebDriver.java:428)
	at io.appium.java_client.DefaultGenericMobileDriver.findElementByXPath(DefaultGenericMobileDriver.java:152)
	at io.appium.java_client.AppiumDriver.findElementByXPath(AppiumDriver.java:1)
	at io.appium.java_client.android.AndroidDriver.findElementByXPath(AndroidDriver.java:1)
	at org.openqa.selenium.By$ByXPath.findElement(By.java:353)
	at org.openqa.selenium.remote.RemoteWebDriver.findElement(RemoteWebDriver.java:315)
	at io.appium.java_client.DefaultGenericMobileDriver.findElement(DefaultGenericMobileDriver.java:58)
	at io.appium.java_client.AppiumDriver.findElement(AppiumDriver.java:1)
	at io.appium.java_client.android.AndroidDriver.findElement(AndroidDriver.java:1)
	at Cubot_Note9.Test9F_Int.FrontPictureCapture(Test9F_Int.java:396)
	at sun.reflect.NativeMethodAccessorImpl.invoke0(Native Method)
	at sun.reflect.NativeMethodAccessorImpl.invoke(NativeMethodAccessorImpl.java:62)
	at sun.reflect.DelegatingMethodAccessorImpl.invoke(DelegatingMethodAccessorImpl.java:43)
	at java.lang.reflect.Method.invoke(Method.java:498)
	at org.testng.internal.MethodInvocationHelper.invokeMethod(MethodInvocationHelper.java:80)
	at org.testng.internal.Invoker.invokeMethod(Invoker.java:673)
	at org.testng.internal.Invoker.invokeTestMethod(Invoker.java:842)
	at org.testng.internal.Invoker.invokeTestMethods(Invoker.java:1166)
	at org.testng.internal.TestMethodWorker.invokeTestMethods(TestMethodWorker.java:125)
	at org.testng.internal.TestMethodWorker.run(TestMethodWorker.java:109)
	at org.testng.TestRunner.runWorkers(TestRunner.java:1178)
	at org.testng.TestRunner.privateRun(TestRunner.java:757)
	at org.testng.TestRunner.run(TestRunner.java:608)
	at org.testng.SuiteRunner.runTest(SuiteRunner.java:334)
	at org.testng.SuiteRunner.runSequentially(SuiteRunner.java:329)
	at org.testng.SuiteRunner.privateRun(SuiteRunner.java:291)
	at org.testng.SuiteRunner.run(SuiteRunner.java:240)
	at org.testng.SuiteRunnerWorker.runSuite(SuiteRunnerWorker.java:52)
	at org.testng.SuiteRunnerWorker.run(SuiteRunnerWorker.java:86)
	at org.testng.TestNG.runSuitesSequentially(TestNG.java:1158)
	at org.testng.TestNG.runSuitesSequentially(TestNG.java:1154)
	at org.testng.TestNG.runSuitesLocally(TestNG.java:1083)
	at org.testng.TestNG.run(TestNG.java:999)
	at org.apache.maven.surefire.testng.TestNGExecutor.run(TestNGExecutor.java:284)
	at org.apache.maven.surefire.testng.TestNGXmlTestSuite.execute(TestNGXmlTestSuite.java:75)
	at org.apache.maven.surefire.testng.TestNGProvider.invoke(TestNGProvider.java:119)
	at org.apache.maven.surefire.booter.ForkedBooter.runSuitesInProcess(ForkedBooter.java:428)
	at org.apache.maven.surefire.booter.ForkedBooter.execute(ForkedBooter.java:162)
	at org.apache.maven.surefire.booter.ForkedBooter.run(ForkedBooter.java:562)
	at org.apache.maven.surefire.booter.ForkedBooter.main(ForkedBooter.java:548)
]]></system-err>
  </testcase>
</testsuite>