<?xml version="1.0" encoding="UTF-8"?>
<testng-results skipped="0" failed="2" total="8" passed="6">
  <reporter-output>
  </reporter-output>
  <suite name="Suite" duration-ms="0" started-at="2023-02-24T19:19:23Z" finished-at="2023-02-24T19:19:23Z">
    <groups>
    </groups>
  </suite>
  <suite name="Suite" duration-ms="1625475" started-at="2023-02-24T15:23:37Z" finished-at="2023-02-24T15:50:42Z">
    <groups>
    </groups>
    <test name="Test" duration-ms="1625475" started-at="2023-02-24T15:23:37Z" finished-at="2023-02-24T15:50:42Z">
      <class name="Doogee_S89.Test0_Int">
        <test-method status="PASS" signature="SetUp()" name="SetUp" is-config="true" duration-ms="16221" started-at="2023-02-24T15:23:37Z" finished-at="2023-02-24T15:23:53Z">
        </test-method>
        <test-method status="PASS" signature="start()" name="start" duration-ms="1609254" started-at="2023-02-24T15:23:53Z" finished-at="2023-02-24T15:50:42Z">
        </test-method>
      </class>
    </test>
  </suite>
  <suite name="Suite" duration-ms="548848" started-at="2023-02-24T15:50:42Z" finished-at="2023-02-24T15:59:51Z">
    <groups>
    </groups>
    <test name="Test" duration-ms="548848" started-at="2023-02-24T15:50:42Z" finished-at="2023-02-24T15:59:51Z">
      <class name="Doogee_S89.Test3_Int">
        <test-method status="PASS" signature="SetUp()" name="SetUp" is-config="true" duration-ms="14418" started-at="2023-02-24T15:50:42Z" finished-at="2023-02-24T15:50:57Z">
        </test-method>
        <test-method status="PASS" signature="Format()" name="Format" duration-ms="534430" started-at="2023-02-24T15:50:57Z" finished-at="2023-02-24T15:59:51Z">
        </test-method>
      </class>
    </test>
  </suite>
  <suite name="Suite" duration-ms="618185" started-at="2023-02-24T16:13:12Z" finished-at="2023-02-24T16:23:30Z">
    <groups>
    </groups>
    <test name="Test" duration-ms="618185" started-at="2023-02-24T16:13:12Z" finished-at="2023-02-24T16:23:30Z">
      <class name="Doogee_S89.Test8_Int">
        <test-method status="PASS" signature="SetUp()" name="SetUp" is-config="true" duration-ms="13204" started-at="2023-02-24T16:13:12Z" finished-at="2023-02-24T16:13:25Z">
        </test-method>
        <test-method status="PASS" signature="recordAudio()" name="recordAudio" duration-ms="604981" started-at="2023-02-24T16:13:25Z" finished-at="2023-02-24T16:23:30Z">
        </test-method>
      </class>
    </test>
  </suite>
  <suite name="Suite" duration-ms="2583582" started-at="2023-02-24T16:23:30Z" finished-at="2023-02-24T17:06:33Z">
    <groups>
    </groups>
    <test name="Test" duration-ms="2583582" started-at="2023-02-24T16:23:30Z" finished-at="2023-02-24T17:06:33Z">
      <class name="Doogee_S89.Test10_Int">
        <test-method status="PASS" signature="SetUp()" name="SetUp" is-config="true" duration-ms="12525" started-at="2023-02-24T16:23:30Z" finished-at="2023-02-24T16:23:42Z">
        </test-method>
        <test-method status="FAIL" signature="rearVideoRec()" name="rearVideoRec" duration-ms="2571042" started-at="2023-02-24T16:23:42Z" finished-at="2023-02-24T17:06:33Z">
          <exception class="org.openqa.selenium.NoSuchElementException">
            <message>
              <![CDATA[An element could not be located on the page using the given search parameters.
For documentation on this error, please visit: https://www.seleniumhq.org/exceptions/no_such_element.html
Build info: version: '3.141.59', revision: 'e82be7d358', time: '2018-11-14T08:17:03'
System info: host: 'SD-APPS-090', ip: '10.65.148.57', os.name: 'Windows 10', os.arch: 'amd64', os.version: '10.0', java.version: '1.8.0_202'
Driver info: io.appium.java_client.android.AndroidDriver
Capabilities {automationName: UiAutomator2, databaseEnabled: false, desired: {automationName: UiAutomator2, deviceName: S89, newCommandTimeout: 1200, platformName: android, platformVersion: 11, udid: S890000000000000127}, deviceApiLevel: 31, deviceManufacturer: DOOGEE, deviceModel: S89, deviceName: S890000000000000127, deviceScreenDensity: 480, deviceScreenSize: 1080x2340, deviceUDID: S890000000000000127, javascriptEnabled: true, locationContextEnabled: false, networkConnectionEnabled: true, newCommandTimeout: 1200, pixelRatio: 3, platform: LINUX, platformName: Android, platformVersion: 12, statBarHeight: 90, takesScreenshot: true, udid: S890000000000000127, viewportRect: {height: 2112, left: 0, top: 90, width: 1080}, warnings: {}, webStorageEnabled: false}
Session ID: 39d7d62a-ed59-4f17-bf29-87707497f2bc
*** Element info: {Using=xpath, value=//*[@text='Capture']}]]>
            </message>
            <full-stacktrace>
              <![CDATA[org.openqa.selenium.NoSuchElementException: An element could not be located on the page using the given search parameters.
For documentation on this error, please visit: https://www.seleniumhq.org/exceptions/no_such_element.html
Build info: version: '3.141.59', revision: 'e82be7d358', time: '2018-11-14T08:17:03'
System info: host: 'SD-APPS-090', ip: '10.65.148.57', os.name: 'Windows 10', os.arch: 'amd64', os.version: '10.0', java.version: '1.8.0_202'
Driver info: io.appium.java_client.android.AndroidDriver
Capabilities {automationName: UiAutomator2, databaseEnabled: false, desired: {automationName: UiAutomator2, deviceName: S89, newCommandTimeout: 1200, platformName: android, platformVersion: 11, udid: S890000000000000127}, deviceApiLevel: 31, deviceManufacturer: DOOGEE, deviceModel: S89, deviceName: S890000000000000127, deviceScreenDensity: 480, deviceScreenSize: 1080x2340, deviceUDID: S890000000000000127, javascriptEnabled: true, locationContextEnabled: false, networkConnectionEnabled: true, newCommandTimeout: 1200, pixelRatio: 3, platform: LINUX, platformName: Android, platformVersion: 12, statBarHeight: 90, takesScreenshot: true, udid: S890000000000000127, viewportRect: {height: 2112, left: 0, top: 90, width: 1080}, warnings: {}, webStorageEnabled: false}
Session ID: 39d7d62a-ed59-4f17-bf29-87707497f2bc
*** Element info: {Using=xpath, value=//*[@text='Capture']}
	at sun.reflect.GeneratedConstructorAccessor14.newInstance(Unknown Source)
	at sun.reflect.DelegatingConstructorAccessorImpl.newInstance(DelegatingConstructorAccessorImpl.java:45)
	at java.lang.reflect.Constructor.newInstance(Constructor.java:423)
	at org.openqa.selenium.remote.http.W3CHttpResponseCodec.createException(W3CHttpResponseCodec.java:187)
	at org.openqa.selenium.remote.http.W3CHttpResponseCodec.decode(W3CHttpResponseCodec.java:122)
	at org.openqa.selenium.remote.http.W3CHttpResponseCodec.decode(W3CHttpResponseCodec.java:49)
	at org.openqa.selenium.remote.HttpCommandExecutor.execute(HttpCommandExecutor.java:158)
	at io.appium.java_client.remote.AppiumCommandExecutor.execute(AppiumCommandExecutor.java:239)
	at org.openqa.selenium.remote.RemoteWebDriver.execute(RemoteWebDriver.java:552)
	at io.appium.java_client.DefaultGenericMobileDriver.execute(DefaultGenericMobileDriver.java:42)
	at io.appium.java_client.AppiumDriver.execute(AppiumDriver.java:1)
	at io.appium.java_client.android.AndroidDriver.execute(AndroidDriver.java:1)
	at org.openqa.selenium.remote.RemoteWebDriver.findElement(RemoteWebDriver.java:323)
	at io.appium.java_client.DefaultGenericMobileDriver.findElement(DefaultGenericMobileDriver.java:62)
	at io.appium.java_client.AppiumDriver.findElement(AppiumDriver.java:1)
	at io.appium.java_client.android.AndroidDriver.findElement(AndroidDriver.java:1)
	at org.openqa.selenium.remote.RemoteWebDriver.findElementByXPath(RemoteWebDriver.java:428)
	at io.appium.java_client.DefaultGenericMobileDriver.findElementByXPath(DefaultGenericMobileDriver.java:152)
	at io.appium.java_client.AppiumDriver.findElementByXPath(AppiumDriver.java:1)
	at io.appium.java_client.android.AndroidDriver.findElementByXPath(AndroidDriver.java:1)
	at org.openqa.selenium.By$ByXPath.findElement(By.java:353)
	at org.openqa.selenium.remote.RemoteWebDriver.findElement(RemoteWebDriver.java:315)
	at io.appium.java_client.DefaultGenericMobileDriver.findElement(DefaultGenericMobileDriver.java:58)
	at io.appium.java_client.AppiumDriver.findElement(AppiumDriver.java:1)
	at io.appium.java_client.android.AndroidDriver.findElement(AndroidDriver.java:1)
	at Doogee_S89.Test10_Int.rearVideoRec(Test10_Int.java:358)
	at sun.reflect.NativeMethodAccessorImpl.invoke0(Native Method)
	at sun.reflect.NativeMethodAccessorImpl.invoke(NativeMethodAccessorImpl.java:62)
	at sun.reflect.DelegatingMethodAccessorImpl.invoke(DelegatingMethodAccessorImpl.java:43)
	at java.lang.reflect.Method.invoke(Method.java:498)
	at org.testng.internal.MethodInvocationHelper.invokeMethod(MethodInvocationHelper.java:80)
	at org.testng.internal.Invoker.invokeMethod(Invoker.java:673)
	at org.testng.internal.Invoker.invokeTestMethod(Invoker.java:842)
	at org.testng.internal.Invoker.invokeTestMethods(Invoker.java:1166)
	at org.testng.internal.TestMethodWorker.invokeTestMethods(TestMethodWorker.java:125)
	at org.testng.internal.TestMethodWorker.run(TestMethodWorker.java:109)
	at org.testng.TestRunner.runWorkers(TestRunner.java:1178)
	at org.testng.TestRunner.privateRun(TestRunner.java:757)
	at org.testng.TestRunner.run(TestRunner.java:608)
	at org.testng.SuiteRunner.runTest(SuiteRunner.java:334)
	at org.testng.SuiteRunner.runSequentially(SuiteRunner.java:329)
	at org.testng.SuiteRunner.privateRun(SuiteRunner.java:291)
	at org.testng.SuiteRunner.run(SuiteRunner.java:240)
	at org.testng.SuiteRunnerWorker.runSuite(SuiteRunnerWorker.java:52)
	at org.testng.SuiteRunnerWorker.run(SuiteRunnerWorker.java:86)
	at org.testng.TestNG.runSuitesSequentially(TestNG.java:1158)
	at org.testng.TestNG.runSuitesSequentially(TestNG.java:1154)
	at org.testng.TestNG.runSuitesLocally(TestNG.java:1083)
	at org.testng.TestNG.run(TestNG.java:999)
	at org.apache.maven.surefire.testng.TestNGExecutor.run(TestNGExecutor.java:284)
	at org.apache.maven.surefire.testng.TestNGXmlTestSuite.execute(TestNGXmlTestSuite.java:75)
	at org.apache.maven.surefire.testng.TestNGProvider.invoke(TestNGProvider.java:119)
	at org.apache.maven.surefire.booter.ForkedBooter.runSuitesInProcess(ForkedBooter.java:428)
	at org.apache.maven.surefire.booter.ForkedBooter.execute(ForkedBooter.java:162)
	at org.apache.maven.surefire.booter.ForkedBooter.run(ForkedBooter.java:562)
	at org.apache.maven.surefire.booter.ForkedBooter.main(ForkedBooter.java:548)
]]>
            </full-stacktrace>
          </exception>
        </test-method>
      </class>
    </test>
  </suite>
  <suite name="Suite" duration-ms="2594734" started-at="2023-02-24T17:06:33Z" finished-at="2023-02-24T17:49:48Z">
    <groups>
    </groups>
    <test name="Test" duration-ms="2594734" started-at="2023-02-24T17:06:33Z" finished-at="2023-02-24T17:49:48Z">
      <class name="Doogee_S89.Test10F_Int">
        <test-method status="PASS" signature="SetUp()" name="SetUp" is-config="true" duration-ms="13520" started-at="2023-02-24T17:06:33Z" finished-at="2023-02-24T17:06:47Z">
        </test-method>
        <test-method status="FAIL" signature="frontVideoRec()" name="frontVideoRec" duration-ms="2581214" started-at="2023-02-24T17:06:47Z" finished-at="2023-02-24T17:49:48Z">
          <exception class="org.openqa.selenium.NoSuchElementException">
            <message>
              <![CDATA[An element could not be located on the page using the given search parameters.
For documentation on this error, please visit: https://www.seleniumhq.org/exceptions/no_such_element.html
Build info: version: '3.141.59', revision: 'e82be7d358', time: '2018-11-14T08:17:03'
System info: host: 'SD-APPS-090', ip: '10.65.148.57', os.name: 'Windows 10', os.arch: 'amd64', os.version: '10.0', java.version: '1.8.0_202'
Driver info: io.appium.java_client.android.AndroidDriver
Capabilities {automationName: UiAutomator2, databaseEnabled: false, desired: {automationName: UiAutomator2, deviceName: S89, newCommandTimeout: 1200, platformName: android, platformVersion: 11, udid: S890000000000000127}, deviceApiLevel: 31, deviceManufacturer: DOOGEE, deviceModel: S89, deviceName: S890000000000000127, deviceScreenDensity: 480, deviceScreenSize: 1080x2340, deviceUDID: S890000000000000127, javascriptEnabled: true, locationContextEnabled: false, networkConnectionEnabled: true, newCommandTimeout: 1200, pixelRatio: 3, platform: LINUX, platformName: Android, platformVersion: 12, statBarHeight: 90, takesScreenshot: true, udid: S890000000000000127, viewportRect: {height: 2112, left: 0, top: 90, width: 1080}, warnings: {}, webStorageEnabled: false}
Session ID: 8df57153-3eca-4c17-8163-de0429ddca06
*** Element info: {Using=xpath, value=//android.widget.ImageView[@content-desc="Front camera"]}]]>
            </message>
            <full-stacktrace>
              <![CDATA[org.openqa.selenium.NoSuchElementException: An element could not be located on the page using the given search parameters.
For documentation on this error, please visit: https://www.seleniumhq.org/exceptions/no_such_element.html
Build info: version: '3.141.59', revision: 'e82be7d358', time: '2018-11-14T08:17:03'
System info: host: 'SD-APPS-090', ip: '10.65.148.57', os.name: 'Windows 10', os.arch: 'amd64', os.version: '10.0', java.version: '1.8.0_202'
Driver info: io.appium.java_client.android.AndroidDriver
Capabilities {automationName: UiAutomator2, databaseEnabled: false, desired: {automationName: UiAutomator2, deviceName: S89, newCommandTimeout: 1200, platformName: android, platformVersion: 11, udid: S890000000000000127}, deviceApiLevel: 31, deviceManufacturer: DOOGEE, deviceModel: S89, deviceName: S890000000000000127, deviceScreenDensity: 480, deviceScreenSize: 1080x2340, deviceUDID: S890000000000000127, javascriptEnabled: true, locationContextEnabled: false, networkConnectionEnabled: true, newCommandTimeout: 1200, pixelRatio: 3, platform: LINUX, platformName: Android, platformVersion: 12, statBarHeight: 90, takesScreenshot: true, udid: S890000000000000127, viewportRect: {height: 2112, left: 0, top: 90, width: 1080}, warnings: {}, webStorageEnabled: false}
Session ID: 8df57153-3eca-4c17-8163-de0429ddca06
*** Element info: {Using=xpath, value=//android.widget.ImageView[@content-desc="Front camera"]}
	at sun.reflect.GeneratedConstructorAccessor14.newInstance(Unknown Source)
	at sun.reflect.DelegatingConstructorAccessorImpl.newInstance(DelegatingConstructorAccessorImpl.java:45)
	at java.lang.reflect.Constructor.newInstance(Constructor.java:423)
	at org.openqa.selenium.remote.http.W3CHttpResponseCodec.createException(W3CHttpResponseCodec.java:187)
	at org.openqa.selenium.remote.http.W3CHttpResponseCodec.decode(W3CHttpResponseCodec.java:122)
	at org.openqa.selenium.remote.http.W3CHttpResponseCodec.decode(W3CHttpResponseCodec.java:49)
	at org.openqa.selenium.remote.HttpCommandExecutor.execute(HttpCommandExecutor.java:158)
	at io.appium.java_client.remote.AppiumCommandExecutor.execute(AppiumCommandExecutor.java:239)
	at org.openqa.selenium.remote.RemoteWebDriver.execute(RemoteWebDriver.java:552)
	at io.appium.java_client.DefaultGenericMobileDriver.execute(DefaultGenericMobileDriver.java:42)
	at io.appium.java_client.AppiumDriver.execute(AppiumDriver.java:1)
	at io.appium.java_client.android.AndroidDriver.execute(AndroidDriver.java:1)
	at org.openqa.selenium.remote.RemoteWebDriver.findElement(RemoteWebDriver.java:323)
	at io.appium.java_client.DefaultGenericMobileDriver.findElement(DefaultGenericMobileDriver.java:62)
	at io.appium.java_client.AppiumDriver.findElement(AppiumDriver.java:1)
	at io.appium.java_client.android.AndroidDriver.findElement(AndroidDriver.java:1)
	at org.openqa.selenium.remote.RemoteWebDriver.findElementByXPath(RemoteWebDriver.java:428)
	at io.appium.java_client.DefaultGenericMobileDriver.findElementByXPath(DefaultGenericMobileDriver.java:152)
	at io.appium.java_client.AppiumDriver.findElementByXPath(AppiumDriver.java:1)
	at io.appium.java_client.android.AndroidDriver.findElementByXPath(AndroidDriver.java:1)
	at org.openqa.selenium.By$ByXPath.findElement(By.java:353)
	at org.openqa.selenium.remote.RemoteWebDriver.findElement(RemoteWebDriver.java:315)
	at io.appium.java_client.DefaultGenericMobileDriver.findElement(DefaultGenericMobileDriver.java:58)
	at io.appium.java_client.AppiumDriver.findElement(AppiumDriver.java:1)
	at io.appium.java_client.android.AndroidDriver.findElement(AndroidDriver.java:1)
	at Doogee_S89.Test10F_Int.frontVideoRec(Test10F_Int.java:387)
	at sun.reflect.NativeMethodAccessorImpl.invoke0(Native Method)
	at sun.reflect.NativeMethodAccessorImpl.invoke(NativeMethodAccessorImpl.java:62)
	at sun.reflect.DelegatingMethodAccessorImpl.invoke(DelegatingMethodAccessorImpl.java:43)
	at java.lang.reflect.Method.invoke(Method.java:498)
	at org.testng.internal.MethodInvocationHelper.invokeMethod(MethodInvocationHelper.java:80)
	at org.testng.internal.Invoker.invokeMethod(Invoker.java:673)
	at org.testng.internal.Invoker.invokeTestMethod(Invoker.java:842)
	at org.testng.internal.Invoker.invokeTestMethods(Invoker.java:1166)
	at org.testng.internal.TestMethodWorker.invokeTestMethods(TestMethodWorker.java:125)
	at org.testng.internal.TestMethodWorker.run(TestMethodWorker.java:109)
	at org.testng.TestRunner.runWorkers(TestRunner.java:1178)
	at org.testng.TestRunner.privateRun(TestRunner.java:757)
	at org.testng.TestRunner.run(TestRunner.java:608)
	at org.testng.SuiteRunner.runTest(SuiteRunner.java:334)
	at org.testng.SuiteRunner.runSequentially(SuiteRunner.java:329)
	at org.testng.SuiteRunner.privateRun(SuiteRunner.java:291)
	at org.testng.SuiteRunner.run(SuiteRunner.java:240)
	at org.testng.SuiteRunnerWorker.runSuite(SuiteRunnerWorker.java:52)
	at org.testng.SuiteRunnerWorker.run(SuiteRunnerWorker.java:86)
	at org.testng.TestNG.runSuitesSequentially(TestNG.java:1158)
	at org.testng.TestNG.runSuitesSequentially(TestNG.java:1154)
	at org.testng.TestNG.runSuitesLocally(TestNG.java:1083)
	at org.testng.TestNG.run(TestNG.java:999)
	at org.apache.maven.surefire.testng.TestNGExecutor.run(TestNGExecutor.java:284)
	at org.apache.maven.surefire.testng.TestNGXmlTestSuite.execute(TestNGXmlTestSuite.java:75)
	at org.apache.maven.surefire.testng.TestNGProvider.invoke(TestNGProvider.java:119)
	at org.apache.maven.surefire.booter.ForkedBooter.runSuitesInProcess(ForkedBooter.java:428)
	at org.apache.maven.surefire.booter.ForkedBooter.execute(ForkedBooter.java:162)
	at org.apache.maven.surefire.booter.ForkedBooter.run(ForkedBooter.java:562)
	at org.apache.maven.surefire.booter.ForkedBooter.main(ForkedBooter.java:548)
]]>
            </full-stacktrace>
          </exception>
        </test-method>
      </class>
    </test>
  </suite>
  <suite name="Suite" duration-ms="800347" started-at="2023-02-24T15:59:51Z" finished-at="2023-02-24T16:13:12Z">
    <groups>
    </groups>
    <test name="Test" duration-ms="800347" started-at="2023-02-24T15:59:51Z" finished-at="2023-02-24T16:13:12Z">
      <class name="Doogee_S89.Test18_Int">
        <test-method status="PASS" signature="SetUp()" name="SetUp" is-config="true" duration-ms="13219" started-at="2023-02-24T15:59:51Z" finished-at="2023-02-24T16:00:04Z">
        </test-method>
        <test-method status="PASS" signature="CopyPaste()" name="CopyPaste" duration-ms="787128" started-at="2023-02-24T16:00:04Z" finished-at="2023-02-24T16:13:12Z">
        </test-method>
      </class>
    </test>
  </suite>
  <suite name="Suite" duration-ms="2706020" started-at="2023-02-24T18:34:16Z" finished-at="2023-02-24T19:19:22Z">
    <groups>
    </groups>
    <test name="Test" duration-ms="2706020" started-at="2023-02-24T18:34:16Z" finished-at="2023-02-24T19:19:22Z">
      <class name="Doogee_S89.Test9F_Int">
        <test-method status="PASS" signature="SetUp()" name="SetUp" is-config="true" duration-ms="13101" started-at="2023-02-24T18:34:16Z" finished-at="2023-02-24T18:34:29Z">
        </test-method>
        <test-method status="PASS" signature="FrontPictureCapture()" name="FrontPictureCapture" duration-ms="2692919" started-at="2023-02-24T18:34:29Z" finished-at="2023-02-24T19:19:22Z">
        </test-method>
      </class>
    </test>
  </suite>
  <suite name="Suite" duration-ms="2668205" started-at="2023-02-24T17:49:48Z" finished-at="2023-02-24T18:34:16Z">
    <groups>
    </groups>
    <test name="Test" duration-ms="2668205" started-at="2023-02-24T17:49:48Z" finished-at="2023-02-24T18:34:16Z">
      <class name="Doogee_S89.Test9_Int">
        <test-method status="PASS" signature="SetUp()" name="SetUp" is-config="true" duration-ms="13200" started-at="2023-02-24T17:49:48Z" finished-at="2023-02-24T17:50:01Z">
        </test-method>
        <test-method status="PASS" signature="RearPictureCapture()" name="RearPictureCapture" duration-ms="2655005" started-at="2023-02-24T17:50:01Z" finished-at="2023-02-24T18:34:16Z">
        </test-method>
      </class>
    </test>
  </suite>
</testng-results>
