<?xml version="1.0" encoding="UTF-8"?>
<testsuite xmlns:xsi="http://www.w3.org/2001/XMLSchema-instance" xsi:noNamespaceSchemaLocation="https://maven.apache.org/surefire/maven-surefire-plugin/xsd/surefire-test-report-3.0.xsd" version="3.0" name="TestSuite" time="13,762.229" tests="8" errors="0" skipped="0" failures="0">
  <properties>
    <property name="sun.desktop" value="windows"/>
    <property name="awt.toolkit" value="sun.awt.windows.WToolkit"/>
    <property name="fileName" value="testngMain.xml"/>
    <property name="file.encoding.pkg" value="sun.io"/>
    <property name="java.specification.version" value="1.8"/>
    <property name="totalPictureCountRear" value="75"/>
    <property name="sun.cpu.isalist" value="amd64"/>
    <property name="totalPictureCountFront" value="75"/>
    <property name="sun.jnu.encoding" value="Cp1252"/>
    <property name="java.class.path" value="C:\Users\sandisk\Android11\Eclipse_Workspace\Sharp_Aquos_R3\target\test-classes;C:\Users\sandisk\Android11\Eclipse_Workspace\Sharp_Aquos_R3\target\classes;C:\Users\sandisk\.m2\repository\org\seleniumhq\selenium\selenium-java\3.141.59\selenium-java-3.141.59.jar;C:\Users\sandisk\.m2\repository\org\seleniumhq\selenium\selenium-api\3.141.59\selenium-api-3.141.59.jar;C:\Users\sandisk\.m2\repository\org\seleniumhq\selenium\selenium-chrome-driver\3.141.59\selenium-chrome-driver-3.141.59.jar;C:\Users\sandisk\.m2\repository\org\seleniumhq\selenium\selenium-edge-driver\3.141.59\selenium-edge-driver-3.141.59.jar;C:\Users\sandisk\.m2\repository\org\seleniumhq\selenium\selenium-firefox-driver\3.141.59\selenium-firefox-driver-3.141.59.jar;C:\Users\sandisk\.m2\repository\org\seleniumhq\selenium\selenium-ie-driver\3.141.59\selenium-ie-driver-3.141.59.jar;C:\Users\sandisk\.m2\repository\org\seleniumhq\selenium\selenium-opera-driver\3.141.59\selenium-opera-driver-3.141.59.jar;C:\Users\sandisk\.m2\repository\org\seleniumhq\selenium\selenium-remote-driver\3.141.59\selenium-remote-driver-3.141.59.jar;C:\Users\sandisk\.m2\repository\org\seleniumhq\selenium\selenium-safari-driver\3.141.59\selenium-safari-driver-3.141.59.jar;C:\Users\sandisk\.m2\repository\org\seleniumhq\selenium\selenium-support\3.141.59\selenium-support-3.141.59.jar;C:\Users\sandisk\.m2\repository\net\bytebuddy\byte-buddy\1.8.15\byte-buddy-1.8.15.jar;C:\Users\sandisk\.m2\repository\org\apache\commons\commons-exec\1.3\commons-exec-1.3.jar;C:\Users\sandisk\.m2\repository\com\google\guava\guava\25.0-jre\guava-25.0-jre.jar;C:\Users\sandisk\.m2\repository\com\google\code\findbugs\jsr305\1.3.9\jsr305-1.3.9.jar;C:\Users\sandisk\.m2\repository\org\checkerframework\checker-compat-qual\2.0.0\checker-compat-qual-2.0.0.jar;C:\Users\sandisk\.m2\repository\com\google\errorprone\error_prone_annotations\2.1.3\error_prone_annotations-2.1.3.jar;C:\Users\sandisk\.m2\repository\com\google\j2objc\j2objc-annotations\1.1\j2objc-annotations-1.1.jar;C:\Users\sandisk\.m2\repository\org\codehaus\mojo\animal-sniffer-annotations\1.14\animal-sniffer-annotations-1.14.jar;C:\Users\sandisk\.m2\repository\com\squareup\okhttp3\okhttp\3.11.0\okhttp-3.11.0.jar;C:\Users\sandisk\.m2\repository\com\squareup\okio\okio\1.14.0\okio-1.14.0.jar;C:\Users\sandisk\.m2\repository\org\seleniumhq\selenium\selenium-android-driver\2.39.0\selenium-android-driver-2.39.0.jar;C:\Users\sandisk\.m2\repository\io\appium\java-client\7.0.0\java-client-7.0.0.jar;C:\Users\sandisk\.m2\repository\com\google\code\gson\gson\2.8.5\gson-2.8.5.jar;C:\Users\sandisk\.m2\repository\org\apache\httpcomponents\httpclient\4.5.6\httpclient-4.5.6.jar;C:\Users\sandisk\.m2\repository\org\apache\httpcomponents\httpcore\4.4.10\httpcore-4.4.10.jar;C:\Users\sandisk\.m2\repository\commons-logging\commons-logging\1.2\commons-logging-1.2.jar;C:\Users\sandisk\.m2\repository\commons-codec\commons-codec\1.10\commons-codec-1.10.jar;C:\Users\sandisk\.m2\repository\cglib\cglib\3.2.8\cglib-3.2.8.jar;C:\Users\sandisk\.m2\repository\org\ow2\asm\asm\6.2.1\asm-6.2.1.jar;C:\Users\sandisk\.m2\repository\org\apache\ant\ant\1.10.3\ant-1.10.3.jar;C:\Users\sandisk\.m2\repository\org\apache\ant\ant-launcher\1.10.3\ant-launcher-1.10.3.jar;C:\Users\sandisk\.m2\repository\commons-validator\commons-validator\1.6\commons-validator-1.6.jar;C:\Users\sandisk\.m2\repository\commons-beanutils\commons-beanutils\1.9.2\commons-beanutils-1.9.2.jar;C:\Users\sandisk\.m2\repository\commons-digester\commons-digester\1.8.1\commons-digester-1.8.1.jar;C:\Users\sandisk\.m2\repository\commons-collections\commons-collections\3.2.2\commons-collections-3.2.2.jar;C:\Users\sandisk\.m2\repository\org\apache\commons\commons-lang3\3.8\commons-lang3-3.8.jar;C:\Users\sandisk\.m2\repository\commons-io\commons-io\2.6\commons-io-2.6.jar;C:\Users\sandisk\.m2\repository\org\springframework\spring-context\5.1.0.RELEASE\spring-context-5.1.0.RELEASE.jar;C:\Users\sandisk\.m2\repository\org\springframework\spring-aop\5.1.0.RELEASE\spring-aop-5.1.0.RELEASE.jar;C:\Users\sandisk\.m2\repository\org\springframework\spring-beans\5.1.0.RELEASE\spring-beans-5.1.0.RELEASE.jar;C:\Users\sandisk\.m2\repository\org\springframework\spring-core\5.1.0.RELEASE\spring-core-5.1.0.RELEASE.jar;C:\Users\sandisk\.m2\repository\org\springframework\spring-jcl\5.1.0.RELEASE\spring-jcl-5.1.0.RELEASE.jar;C:\Users\sandisk\.m2\repository\org\springframework\spring-expression\5.1.0.RELEASE\spring-expression-5.1.0.RELEASE.jar;C:\Users\sandisk\.m2\repository\org\aspectj\aspectjweaver\1.9.1\aspectjweaver-1.9.1.jar;C:\Users\sandisk\.m2\repository\org\slf4j\slf4j-api\1.7.25\slf4j-api-1.7.25.jar;C:\Users\sandisk\.m2\repository\org\testng\testng\6.1.1\testng-6.1.1.jar;C:\Users\sandisk\.m2\repository\junit\junit\3.8.1\junit-3.8.1.jar;C:\Users\sandisk\.m2\repository\org\beanshell\bsh\2.0b4\bsh-2.0b4.jar;C:\Users\sandisk\.m2\repository\com\beust\jcommander\1.12\jcommander-1.12.jar;C:\Users\sandisk\.m2\repository\org\yaml\snakeyaml\1.6\snakeyaml-1.6.jar;"/>
    <property name="java.vm.vendor" value="Oracle Corporation"/>
    <property name="sun.arch.data.model" value="64"/>
    <property name="user.variant" value=""/>
    <property name="java.vendor.url" value="http://java.oracle.com/"/>
    <property name="user.timezone" value="Asia/Calcutta"/>
    <property name="os.name" value="Windows 10"/>
    <property name="java.vm.specification.version" value="1.8"/>
    <property name="sun.java.launcher" value="SUN_STANDARD"/>
    <property name="user.country" value="IN"/>
    <property name="sun.boot.library.path" value="C:\Program Files\Java\jdk1.8.0_202\jre\bin"/>
    <property name="recordingDurationRear1" value="400"/>
    <property name="recordingDurationFront2" value="400"/>
    <property name="recordingDurationRear2" value="400"/>
    <property name="sun.java.command" value="C:\Users\sandisk\AppData\Local\Temp\surefire7983723269414844463\surefirebooter1322017031308374717.jar C:\Users\sandisk\AppData\Local\Temp\surefire7983723269414844463 2023-01-12T14-32-51_981-jvmRun1 surefire4284194621120509246tmp surefire_08121624953088662401tmp"/>
    <property name="recordingDurationFront" value="400"/>
    <property name="recordingDurationFront3" value="240"/>
    <property name="recordingDurationRear3" value="400"/>
    <property name="recordingDurationRear4" value="240"/>
    <property name="recordingDurationFront1" value="400"/>
    <property name="recordingDurationRear5" value="120"/>
    <property name="surefire.test.class.path" value="C:\Users\sandisk\Android11\Eclipse_Workspace\Sharp_Aquos_R3\target\test-classes;C:\Users\sandisk\Android11\Eclipse_Workspace\Sharp_Aquos_R3\target\classes;C:\Users\sandisk\.m2\repository\org\seleniumhq\selenium\selenium-java\3.141.59\selenium-java-3.141.59.jar;C:\Users\sandisk\.m2\repository\org\seleniumhq\selenium\selenium-api\3.141.59\selenium-api-3.141.59.jar;C:\Users\sandisk\.m2\repository\org\seleniumhq\selenium\selenium-chrome-driver\3.141.59\selenium-chrome-driver-3.141.59.jar;C:\Users\sandisk\.m2\repository\org\seleniumhq\selenium\selenium-edge-driver\3.141.59\selenium-edge-driver-3.141.59.jar;C:\Users\sandisk\.m2\repository\org\seleniumhq\selenium\selenium-firefox-driver\3.141.59\selenium-firefox-driver-3.141.59.jar;C:\Users\sandisk\.m2\repository\org\seleniumhq\selenium\selenium-ie-driver\3.141.59\selenium-ie-driver-3.141.59.jar;C:\Users\sandisk\.m2\repository\org\seleniumhq\selenium\selenium-opera-driver\3.141.59\selenium-opera-driver-3.141.59.jar;C:\Users\sandisk\.m2\repository\org\seleniumhq\selenium\selenium-remote-driver\3.141.59\selenium-remote-driver-3.141.59.jar;C:\Users\sandisk\.m2\repository\org\seleniumhq\selenium\selenium-safari-driver\3.141.59\selenium-safari-driver-3.141.59.jar;C:\Users\sandisk\.m2\repository\org\seleniumhq\selenium\selenium-support\3.141.59\selenium-support-3.141.59.jar;C:\Users\sandisk\.m2\repository\net\bytebuddy\byte-buddy\1.8.15\byte-buddy-1.8.15.jar;C:\Users\sandisk\.m2\repository\org\apache\commons\commons-exec\1.3\commons-exec-1.3.jar;C:\Users\sandisk\.m2\repository\com\google\guava\guava\25.0-jre\guava-25.0-jre.jar;C:\Users\sandisk\.m2\repository\com\google\code\findbugs\jsr305\1.3.9\jsr305-1.3.9.jar;C:\Users\sandisk\.m2\repository\org\checkerframework\checker-compat-qual\2.0.0\checker-compat-qual-2.0.0.jar;C:\Users\sandisk\.m2\repository\com\google\errorprone\error_prone_annotations\2.1.3\error_prone_annotations-2.1.3.jar;C:\Users\sandisk\.m2\repository\com\google\j2objc\j2objc-annotations\1.1\j2objc-annotations-1.1.jar;C:\Users\sandisk\.m2\repository\org\codehaus\mojo\animal-sniffer-annotations\1.14\animal-sniffer-annotations-1.14.jar;C:\Users\sandisk\.m2\repository\com\squareup\okhttp3\okhttp\3.11.0\okhttp-3.11.0.jar;C:\Users\sandisk\.m2\repository\com\squareup\okio\okio\1.14.0\okio-1.14.0.jar;C:\Users\sandisk\.m2\repository\org\seleniumhq\selenium\selenium-android-driver\2.39.0\selenium-android-driver-2.39.0.jar;C:\Users\sandisk\.m2\repository\io\appium\java-client\7.0.0\java-client-7.0.0.jar;C:\Users\sandisk\.m2\repository\com\google\code\gson\gson\2.8.5\gson-2.8.5.jar;C:\Users\sandisk\.m2\repository\org\apache\httpcomponents\httpclient\4.5.6\httpclient-4.5.6.jar;C:\Users\sandisk\.m2\repository\org\apache\httpcomponents\httpcore\4.4.10\httpcore-4.4.10.jar;C:\Users\sandisk\.m2\repository\commons-logging\commons-logging\1.2\commons-logging-1.2.jar;C:\Users\sandisk\.m2\repository\commons-codec\commons-codec\1.10\commons-codec-1.10.jar;C:\Users\sandisk\.m2\repository\cglib\cglib\3.2.8\cglib-3.2.8.jar;C:\Users\sandisk\.m2\repository\org\ow2\asm\asm\6.2.1\asm-6.2.1.jar;C:\Users\sandisk\.m2\repository\org\apache\ant\ant\1.10.3\ant-1.10.3.jar;C:\Users\sandisk\.m2\repository\org\apache\ant\ant-launcher\1.10.3\ant-launcher-1.10.3.jar;C:\Users\sandisk\.m2\repository\commons-validator\commons-validator\1.6\commons-validator-1.6.jar;C:\Users\sandisk\.m2\repository\commons-beanutils\commons-beanutils\1.9.2\commons-beanutils-1.9.2.jar;C:\Users\sandisk\.m2\repository\commons-digester\commons-digester\1.8.1\commons-digester-1.8.1.jar;C:\Users\sandisk\.m2\repository\commons-collections\commons-collections\3.2.2\commons-collections-3.2.2.jar;C:\Users\sandisk\.m2\repository\org\apache\commons\commons-lang3\3.8\commons-lang3-3.8.jar;C:\Users\sandisk\.m2\repository\commons-io\commons-io\2.6\commons-io-2.6.jar;C:\Users\sandisk\.m2\repository\org\springframework\spring-context\5.1.0.RELEASE\spring-context-5.1.0.RELEASE.jar;C:\Users\sandisk\.m2\repository\org\springframework\spring-aop\5.1.0.RELEASE\spring-aop-5.1.0.RELEASE.jar;C:\Users\sandisk\.m2\repository\org\springframework\spring-beans\5.1.0.RELEASE\spring-beans-5.1.0.RELEASE.jar;C:\Users\sandisk\.m2\repository\org\springframework\spring-core\5.1.0.RELEASE\spring-core-5.1.0.RELEASE.jar;C:\Users\sandisk\.m2\repository\org\springframework\spring-jcl\5.1.0.RELEASE\spring-jcl-5.1.0.RELEASE.jar;C:\Users\sandisk\.m2\repository\org\springframework\spring-expression\5.1.0.RELEASE\spring-expression-5.1.0.RELEASE.jar;C:\Users\sandisk\.m2\repository\org\aspectj\aspectjweaver\1.9.1\aspectjweaver-1.9.1.jar;C:\Users\sandisk\.m2\repository\org\slf4j\slf4j-api\1.7.25\slf4j-api-1.7.25.jar;C:\Users\sandisk\.m2\repository\org\testng\testng\6.1.1\testng-6.1.1.jar;C:\Users\sandisk\.m2\repository\junit\junit\3.8.1\junit-3.8.1.jar;C:\Users\sandisk\.m2\repository\org\beanshell\bsh\2.0b4\bsh-2.0b4.jar;C:\Users\sandisk\.m2\repository\com\beust\jcommander\1.12\jcommander-1.12.jar;C:\Users\sandisk\.m2\repository\org\yaml\snakeyaml\1.6\snakeyaml-1.6.jar;"/>
    <property name="recordingDurationRear6" value="120"/>
    <property name="sun.cpu.endian" value="little"/>
    <property name="user.home" value="C:\Users\sandisk"/>
    <property name="user.language" value="en"/>
    <property name="java.specification.vendor" value="Oracle Corporation"/>
    <property name="java.home" value="C:\Program Files\Java\jdk1.8.0_202\jre"/>
    <property name="file.separator" value="\"/>
    <property name="basedir" value="C:\Users\sandisk\Android11\Eclipse_Workspace\Sharp_Aquos_R3"/>
    <property name="line.separator" value="&#10;"/>
    <property name="java.vm.specification.vendor" value="Oracle Corporation"/>
    <property name="java.specification.name" value="Java Platform API Specification"/>
    <property name="mountUnmountCycle" value="1"/>
    <property name="java.awt.graphicsenv" value="sun.awt.Win32GraphicsEnvironment"/>
    <property name="surefire.real.class.path" value="C:\Users\sandisk\AppData\Local\Temp\surefire7983723269414844463\surefirebooter1322017031308374717.jar"/>
    <property name="recordingDurationFront4" value="120"/>
    <property name="recordingDurationRear" value="400"/>
    <property name="sun.boot.class.path" value="C:\Program Files\Java\jdk1.8.0_202\jre\lib\resources.jar;C:\Program Files\Java\jdk1.8.0_202\jre\lib\rt.jar;C:\Program Files\Java\jdk1.8.0_202\jre\lib\sunrsasign.jar;C:\Program Files\Java\jdk1.8.0_202\jre\lib\jsse.jar;C:\Program Files\Java\jdk1.8.0_202\jre\lib\jce.jar;C:\Program Files\Java\jdk1.8.0_202\jre\lib\charsets.jar;C:\Program Files\Java\jdk1.8.0_202\jre\lib\jfr.jar;C:\Program Files\Java\jdk1.8.0_202\jre\classes"/>
    <property name="user.script" value=""/>
    <property name="sun.management.compiler" value="HotSpot 64-Bit Tiered Compilers"/>
    <property name="java.runtime.version" value="1.8.0_202-b08"/>
    <property name="totalPictureCountFront3" value="75"/>
    <property name="user.name" value="sandisk"/>
    <property name="totalPictureCountFront2" value="75"/>
    <property name="totalPictureCountFront1" value="75"/>
    <property name="path.separator" value=";"/>
    <property name="totalPictureCountRear3" value="50"/>
    <property name="totalPictureCountRear4" value="50"/>
    <property name="totalPictureCountRear1" value="50"/>
    <property name="os.version" value="10.0"/>
    <property name="totalPictureCountRear2" value="75"/>
    <property name="java.endorsed.dirs" value="C:\Program Files\Java\jdk1.8.0_202\jre\lib\endorsed"/>
    <property name="java.runtime.name" value="Java(TM) SE Runtime Environment"/>
    <property name="file.encoding" value="Cp1252"/>
    <property name="java.vm.name" value="Java HotSpot(TM) 64-Bit Server VM"/>
    <property name="localRepository" value="C:\Users\sandisk\.m2\repository"/>
    <property name="java.vendor.url.bug" value="http://bugreport.sun.com/bugreport/"/>
    <property name="java.io.tmpdir" value="C:\Users\sandisk\AppData\Local\Temp\"/>
    <property name="java.version" value="1.8.0_202"/>
    <property name="user.dir" value="C:\Users\sandisk\Android11\Eclipse_Workspace\Sharp_Aquos_R3"/>
    <property name="os.arch" value="amd64"/>
    <property name="java.vm.specification.name" value="Java Virtual Machine Specification"/>
    <property name="java.util.logging.SimpleFormatter.format" value="%1$tY-%1$tm-%1$td %1$tH:%1$tM:%1$tS %4$-6s %2$s %5$s%6$s%n"/>
    <property name="java.awt.printerjob" value="sun.awt.windows.WPrinterJob"/>
    <property name="Tolerance_Level" value="75"/>
    <property name="sun.os.patch.level" value=""/>
    <property name="java.library.path" value="C:\Program Files\Java\jdk1.8.0_202\jre\bin;C:\Windows\Sun\Java\bin;C:\Windows\system32;C:\Windows;C:\Program Files (x86)\Common Files\Oracle\Java\javapath;C:\Windows\system32;C:\Windows;C:\Windows\System32\Wbem;C:\Windows\System32\WindowsPowerShell\v1.0\;C:\Windows\System32\OpenSSH\;C:\ant\apache-ant-1.9.15\bin;C:\Android\Android_SDK\Android-sdk\bin;C:\Program Files\Java\jdk1.8.0_202\bin;C:\Android\Android_SDK\Android-sdk\tools;C:\Android\Android_SDK\Android-sdk\platform-tools;C:\Users\sandisk\Android11\Maven\apache-maven-3.8.4\bin;C:\Users\sandisk\AppData\Local\Microsoft\WindowsApps;;."/>
    <property name="java.vendor" value="Oracle Corporation"/>
    <property name="java.vm.info" value="mixed mode"/>
    <property name="java.vm.version" value="25.202-b08"/>
    <property name="sun.io.unicode.encoding" value="UnicodeLittle"/>
    <property name="java.ext.dirs" value="C:\Program Files\Java\jdk1.8.0_202\jre\lib\ext;C:\Windows\Sun\Java\lib\ext"/>
    <property name="java.class.version" value="52.0"/>
  </properties>
  <testcase name="start" classname="Sharp_Aquos_R3.Test0" time="1,466.833">
    <system-out><![CDATA[===================================================================================================================================================================================================================================================================================================================================================================================================================================================================================================================================================================================================================================================================================================================================
 Test0 Scenario is as follows 
Unlock phone, clear recent apps, clear internal memory
Call Image() and Capture Rear camera 25 images for default resolution in uSD card and Verify the data capture
Call Video() and record Rear camera video of first 2 resloutions for 2 minutes of duration in uSD Card and verify the same
Call Format() and format uSD card with data and verify the same
===================================================================================================================================================================================================================================================================================================================================================================================================================================================================================================================================================================================================================================================================================================================================
Setting up the appium desired capabilities
Clearing Recent Apps
Pass: No recent apps found
Launch File Manager Application and clear internal memory
swipe up and search for internal storage
Select  Internal storage
Select More options
click on Select all
Select  Delete permanently
Select More options
Select  Delete permanently
Select  Delete
Pass: Clearing phone internal memory is successfull
===================================================================================================================================================================================================================================================================================================================================================================================================================================================================================================================================================================================================================================================================================================================================
Calling Image() to capture rear camera image in uSD card and verifying the same.
Clearing Recent Apps
Pass: No recent apps found
Launch Camera Application for Rear picture capture
Permission request
Allow Camera to access this device’s location?
Select settings option
 Select common
Save To settings option
Select sd card option
Capture Image of Default Resolution
clicking Image of Default Resolutions0
clicking Image of Default Resolutions1
clicking Image of Default Resolutions2
clicking Image of Default Resolutions3
clicking Image of Default Resolutions4
clicking Image of Default Resolutions5
clicking Image of Default Resolutions6
clicking Image of Default Resolutions7
clicking Image of Default Resolutions8
clicking Image of Default Resolutions9
clicking Image of Default Resolutions10
clicking Image of Default Resolutions11
clicking Image of Default Resolutions12
clicking Image of Default Resolutions13
clicking Image of Default Resolutions14
clicking Image of Default Resolutions15
clicking Image of Default Resolutions16
clicking Image of Default Resolutions17
clicking Image of Default Resolutions18
clicking Image of Default Resolutions19
clicking Image of Default Resolutions20
clicking Image of Default Resolutions21
clicking Image of Default Resolutions22
clicking Image of Default Resolutions23
clicking Image of Default Resolutions24
Pass:Total Number Of Image captured 25 is successfull
===================================================================================================================================================================================================================================================================================================================================================================================================================================================================================================================================================================================================================================================================================================================================
Launch File Manager application to verify  Image capture
Select  browse
Select  SD Card
Select DCIM Folder
Select Camera Folder
Select  moreoptions
click on select all
Verifying Image Capture 
Pass:Total Number Of Image captured 25 is successfull
===================================================================================================================================================================================================================================================================================================================================================================================================================================================================================================================================================================================================================================================================================================================================
Calling video() for rear video recording in USD card and verifying data capture.
Launch Camera Application
Permission request
Allow Camera to access this device’s location?
Clicking Video Tab
Select settings option
select common
Save To settings option
Select sd card option
Select settings option
Select 1st Back Video Resolution: 1.8M (1920x960)
Start video recording
Recording Video for 2Minutes of Duration
Stop video recording
Select settings option
Select 2nd Back Video Resolution: 4K (3840x2160)
Start video recording
Recording Video for 2Minutes of Duration
Stop video recording
select photo mode
Pass: Rear camera video recording is successfull
===================================================================================================================================================================================================================================================================================================================================================================================================================================================================================================================================================================================================================================================================================================================================
Verifying Captured Videos
Launch Home screen and Clear recent Apps
Launch File Manager Application to verify captured videos
Click On browse
Click On SD Card
Select DCIM Folder
select on camera folder
Click On more options
Click On select all
Verifying Image Capture 
Pass: 2 Videos recorded Successfully
Pass: A total of 27 files present in uSD card before Format
===================================================================================================================================================================================================================================================================================================================================================================================================================================================================================================================================================================================================================================================================================================================================
calling Format() for format with data scenario
Launch Settings application for Format uSD card with Data 
Swipe Up and Search for Storage
Select Storage
Swipe Up and Search sd card
Clicking on SD card
clicking on more options
click on storage settings
Select Format
Started formatting, waiting till it gets formatted
Pass: Format uSD with Data is successfull
===================================================================================================================================================================================================================================================================================================================================================================================================================================================================================================================================================================================================================================================================================================================================
Launch File Manager Application
Click On SD Card
Click on DCIM Folder
Pass:Images and videos are not present in the DCIM folder, CARD format is successfully completed 
Final Message: Pass Test0 pass for format Operation
Test: End
===================================================================================================================================================================================================================================================================================================================================================================================================================================================================================================================================================================================================================================================================================================================================
]]></system-out>
    <system-err><![CDATA[2023-01-12 14:33:09 INFO   io.appium.java_client.remote.AppiumCommandExecutor$1 lambda$0 Detected dialect: W3C
2023-01-12 14:33:15 INFO   io.appium.java_client.remote.AppiumCommandExecutor$1 lambda$0 Detected dialect: W3C
org.openqa.selenium.InvalidSelectorException: Could not parse selector expression `new UiSelector().resource-id("jp.co.sharp.android.launcher3:id/snapshot")`: UiSelector has no `resource-id` method
For documentation on this error, please visit: https://www.seleniumhq.org/exceptions/invalid_selector_exception.html
Build info: version: '3.141.59', revision: 'e82be7d358', time: '2018-11-14T08:17:03'
System info: host: 'SD-APPS-200', ip: '10.65.150.243', os.name: 'Windows 10', os.arch: 'amd64', os.version: '10.0', java.version: '1.8.0_202'
Driver info: io.appium.java_client.android.AndroidDriver
Capabilities {automationName: UiAutomator2, databaseEnabled: false, desired: {automationName: UiAutomator2, deviceName: AQUOS R3, newCommandTimeout: 600, platformName: android, platformVersion: 11, udid: 357787090740490}, deviceApiLevel: 30, deviceManufacturer: SHARP, deviceModel: SH-04L, deviceName: 357787090740490, deviceScreenDensity: 640, deviceScreenSize: 1440x3120, deviceUDID: 357787090740490, javascriptEnabled: true, locationContextEnabled: false, networkConnectionEnabled: true, newCommandTimeout: 600, pixelRatio: 4, platform: LINUX, platformName: Android, platformVersion: 11, statBarHeight: 140, takesScreenshot: true, udid: 357787090740490, viewportRect: {height: 2648, left: 0, top: 140, width: 1440}, warnings: {}, webStorageEnabled: false}
Session ID: 7b04c67d-9d24-4242-88c9-680d46bfabf6
*** Element info: {Using=-android uiautomator, value=new UiSelector().resource-id("jp.co.sharp.android.launcher3:id/snapshot")}
	at sun.reflect.NativeConstructorAccessorImpl.newInstance0(Native Method)
	at sun.reflect.NativeConstructorAccessorImpl.newInstance(NativeConstructorAccessorImpl.java:62)
	at sun.reflect.DelegatingConstructorAccessorImpl.newInstance(DelegatingConstructorAccessorImpl.java:45)
	at java.lang.reflect.Constructor.newInstance(Constructor.java:423)
	at org.openqa.selenium.remote.http.W3CHttpResponseCodec.createException(W3CHttpResponseCodec.java:187)
	at org.openqa.selenium.remote.http.W3CHttpResponseCodec.decode(W3CHttpResponseCodec.java:122)
	at org.openqa.selenium.remote.http.W3CHttpResponseCodec.decode(W3CHttpResponseCodec.java:49)
	at org.openqa.selenium.remote.HttpCommandExecutor.execute(HttpCommandExecutor.java:158)
	at io.appium.java_client.remote.AppiumCommandExecutor.execute(AppiumCommandExecutor.java:239)
	at org.openqa.selenium.remote.RemoteWebDriver.execute(RemoteWebDriver.java:552)
	at io.appium.java_client.DefaultGenericMobileDriver.execute(DefaultGenericMobileDriver.java:42)
	at io.appium.java_client.AppiumDriver.execute(AppiumDriver.java:1)
	at io.appium.java_client.android.AndroidDriver.execute(AndroidDriver.java:1)
	at org.openqa.selenium.remote.RemoteWebDriver.findElement(RemoteWebDriver.java:323)
	at io.appium.java_client.DefaultGenericMobileDriver.findElement(DefaultGenericMobileDriver.java:62)
	at io.appium.java_client.AppiumDriver.findElement(AppiumDriver.java:1)
	at io.appium.java_client.android.AndroidDriver.findElement(AndroidDriver.java:1)
	at io.appium.java_client.FindsByAndroidUIAutomator.findElementByAndroidUIAutomator(FindsByAndroidUIAutomator.java:38)
	at Sharp_Aquos_R3.Test0.start(Test0.java:122)
	at sun.reflect.NativeMethodAccessorImpl.invoke0(Native Method)
	at sun.reflect.NativeMethodAccessorImpl.invoke(NativeMethodAccessorImpl.java:62)
	at sun.reflect.DelegatingMethodAccessorImpl.invoke(DelegatingMethodAccessorImpl.java:43)
	at java.lang.reflect.Method.invoke(Method.java:498)
	at org.testng.internal.MethodInvocationHelper.invokeMethod(MethodInvocationHelper.java:80)
	at org.testng.internal.Invoker.invokeMethod(Invoker.java:673)
	at org.testng.internal.Invoker.invokeTestMethod(Invoker.java:842)
	at org.testng.internal.Invoker.invokeTestMethods(Invoker.java:1166)
	at org.testng.internal.TestMethodWorker.invokeTestMethods(TestMethodWorker.java:125)
	at org.testng.internal.TestMethodWorker.run(TestMethodWorker.java:109)
	at org.testng.TestRunner.runWorkers(TestRunner.java:1178)
	at org.testng.TestRunner.privateRun(TestRunner.java:757)
	at org.testng.TestRunner.run(TestRunner.java:608)
	at org.testng.SuiteRunner.runTest(SuiteRunner.java:334)
	at org.testng.SuiteRunner.runSequentially(SuiteRunner.java:329)
	at org.testng.SuiteRunner.privateRun(SuiteRunner.java:291)
	at org.testng.SuiteRunner.run(SuiteRunner.java:240)
	at org.testng.SuiteRunnerWorker.runSuite(SuiteRunnerWorker.java:52)
	at org.testng.SuiteRunnerWorker.run(SuiteRunnerWorker.java:86)
	at org.testng.TestNG.runSuitesSequentially(TestNG.java:1158)
	at org.testng.TestNG.runSuitesSequentially(TestNG.java:1154)
	at org.testng.TestNG.runSuitesLocally(TestNG.java:1083)
	at org.testng.TestNG.run(TestNG.java:999)
	at org.apache.maven.surefire.testng.TestNGExecutor.run(TestNGExecutor.java:284)
	at org.apache.maven.surefire.testng.TestNGXmlTestSuite.execute(TestNGXmlTestSuite.java:75)
	at org.apache.maven.surefire.testng.TestNGProvider.invoke(TestNGProvider.java:119)
	at org.apache.maven.surefire.booter.ForkedBooter.runSuitesInProcess(ForkedBooter.java:428)
	at org.apache.maven.surefire.booter.ForkedBooter.execute(ForkedBooter.java:162)
	at org.apache.maven.surefire.booter.ForkedBooter.run(ForkedBooter.java:562)
	at org.apache.maven.surefire.booter.ForkedBooter.main(ForkedBooter.java:548)
org.openqa.selenium.NoSuchElementException: An element could not be located on the page using the given search parameters.
For documentation on this error, please visit: https://www.seleniumhq.org/exceptions/no_such_element.html
Build info: version: '3.141.59', revision: 'e82be7d358', time: '2018-11-14T08:17:03'
System info: host: 'SD-APPS-200', ip: '10.65.150.243', os.name: 'Windows 10', os.arch: 'amd64', os.version: '10.0', java.version: '1.8.0_202'
Driver info: io.appium.java_client.android.AndroidDriver
Capabilities {automationName: UiAutomator2, databaseEnabled: false, desired: {automationName: UiAutomator2, deviceName: AQUOS R3, newCommandTimeout: 600, platformName: android, platformVersion: 11, udid: 357787090740490}, deviceApiLevel: 30, deviceManufacturer: SHARP, deviceModel: SH-04L, deviceName: 357787090740490, deviceScreenDensity: 640, deviceScreenSize: 1440x3120, deviceUDID: 357787090740490, javascriptEnabled: true, locationContextEnabled: false, networkConnectionEnabled: true, newCommandTimeout: 600, pixelRatio: 4, platform: LINUX, platformName: Android, platformVersion: 11, statBarHeight: 140, takesScreenshot: true, udid: 357787090740490, viewportRect: {height: 2648, left: 0, top: 140, width: 1440}, warnings: {}, webStorageEnabled: false}
Session ID: 7b04c67d-9d24-4242-88c9-680d46bfabf6
*** Element info: {Using=-android uiautomator, value=new UiSelector().text("CLEAR ALL")}
	at sun.reflect.NativeConstructorAccessorImpl.newInstance0(Native Method)
	at sun.reflect.NativeConstructorAccessorImpl.newInstance(NativeConstructorAccessorImpl.java:62)
	at sun.reflect.DelegatingConstructorAccessorImpl.newInstance(DelegatingConstructorAccessorImpl.java:45)
	at java.lang.reflect.Constructor.newInstance(Constructor.java:423)
	at org.openqa.selenium.remote.http.W3CHttpResponseCodec.createException(W3CHttpResponseCodec.java:187)
	at org.openqa.selenium.remote.http.W3CHttpResponseCodec.decode(W3CHttpResponseCodec.java:122)
	at org.openqa.selenium.remote.http.W3CHttpResponseCodec.decode(W3CHttpResponseCodec.java:49)
	at org.openqa.selenium.remote.HttpCommandExecutor.execute(HttpCommandExecutor.java:158)
	at io.appium.java_client.remote.AppiumCommandExecutor.execute(AppiumCommandExecutor.java:239)
	at org.openqa.selenium.remote.RemoteWebDriver.execute(RemoteWebDriver.java:552)
	at io.appium.java_client.DefaultGenericMobileDriver.execute(DefaultGenericMobileDriver.java:42)
	at io.appium.java_client.AppiumDriver.execute(AppiumDriver.java:1)
	at io.appium.java_client.android.AndroidDriver.execute(AndroidDriver.java:1)
	at org.openqa.selenium.remote.RemoteWebDriver.findElement(RemoteWebDriver.java:323)
	at io.appium.java_client.DefaultGenericMobileDriver.findElement(DefaultGenericMobileDriver.java:62)
	at io.appium.java_client.AppiumDriver.findElement(AppiumDriver.java:1)
	at io.appium.java_client.android.AndroidDriver.findElement(AndroidDriver.java:1)
	at io.appium.java_client.FindsByAndroidUIAutomator.findElementByAndroidUIAutomator(FindsByAndroidUIAutomator.java:38)
	at Sharp_Aquos_R3.Test0.Images(Test0.java:238)
	at Sharp_Aquos_R3.Test0.start(Test0.java:211)
	at sun.reflect.NativeMethodAccessorImpl.invoke0(Native Method)
	at sun.reflect.NativeMethodAccessorImpl.invoke(NativeMethodAccessorImpl.java:62)
	at sun.reflect.DelegatingMethodAccessorImpl.invoke(DelegatingMethodAccessorImpl.java:43)
	at java.lang.reflect.Method.invoke(Method.java:498)
	at org.testng.internal.MethodInvocationHelper.invokeMethod(MethodInvocationHelper.java:80)
	at org.testng.internal.Invoker.invokeMethod(Invoker.java:673)
	at org.testng.internal.Invoker.invokeTestMethod(Invoker.java:842)
	at org.testng.internal.Invoker.invokeTestMethods(Invoker.java:1166)
	at org.testng.internal.TestMethodWorker.invokeTestMethods(TestMethodWorker.java:125)
	at org.testng.internal.TestMethodWorker.run(TestMethodWorker.java:109)
	at org.testng.TestRunner.runWorkers(TestRunner.java:1178)
	at org.testng.TestRunner.privateRun(TestRunner.java:757)
	at org.testng.TestRunner.run(TestRunner.java:608)
	at org.testng.SuiteRunner.runTest(SuiteRunner.java:334)
	at org.testng.SuiteRunner.runSequentially(SuiteRunner.java:329)
	at org.testng.SuiteRunner.privateRun(SuiteRunner.java:291)
	at org.testng.SuiteRunner.run(SuiteRunner.java:240)
	at org.testng.SuiteRunnerWorker.runSuite(SuiteRunnerWorker.java:52)
	at org.testng.SuiteRunnerWorker.run(SuiteRunnerWorker.java:86)
	at org.testng.TestNG.runSuitesSequentially(TestNG.java:1158)
	at org.testng.TestNG.runSuitesSequentially(TestNG.java:1154)
	at org.testng.TestNG.runSuitesLocally(TestNG.java:1083)
	at org.testng.TestNG.run(TestNG.java:999)
	at org.apache.maven.surefire.testng.TestNGExecutor.run(TestNGExecutor.java:284)
	at org.apache.maven.surefire.testng.TestNGXmlTestSuite.execute(TestNGXmlTestSuite.java:75)
	at org.apache.maven.surefire.testng.TestNGProvider.invoke(TestNGProvider.java:119)
	at org.apache.maven.surefire.booter.ForkedBooter.runSuitesInProcess(ForkedBooter.java:428)
	at org.apache.maven.surefire.booter.ForkedBooter.execute(ForkedBooter.java:162)
	at org.apache.maven.surefire.booter.ForkedBooter.run(ForkedBooter.java:562)
	at org.apache.maven.surefire.booter.ForkedBooter.main(ForkedBooter.java:548)
org.openqa.selenium.NoSuchElementException: An element could not be located on the page using the given search parameters.
For documentation on this error, please visit: https://www.seleniumhq.org/exceptions/no_such_element.html
Build info: version: '3.141.59', revision: 'e82be7d358', time: '2018-11-14T08:17:03'
System info: host: 'SD-APPS-200', ip: '10.65.150.243', os.name: 'Windows 10', os.arch: 'amd64', os.version: '10.0', java.version: '1.8.0_202'
Driver info: io.appium.java_client.android.AndroidDriver
Capabilities {automationName: UiAutomator2, databaseEnabled: false, desired: {automationName: UiAutomator2, deviceName: AQUOS R3, newCommandTimeout: 600, platformName: android, platformVersion: 11, udid: 357787090740490}, deviceApiLevel: 30, deviceManufacturer: SHARP, deviceModel: SH-04L, deviceName: 357787090740490, deviceScreenDensity: 640, deviceScreenSize: 1440x3120, deviceUDID: 357787090740490, javascriptEnabled: true, locationContextEnabled: false, networkConnectionEnabled: true, newCommandTimeout: 600, pixelRatio: 4, platform: LINUX, platformName: Android, platformVersion: 11, statBarHeight: 140, takesScreenshot: true, udid: 357787090740490, viewportRect: {height: 2648, left: 0, top: 140, width: 1440}, warnings: {}, webStorageEnabled: false}
Session ID: 7b04c67d-9d24-4242-88c9-680d46bfabf6
*** Element info: {Using=-android uiautomator, value=new UiSelector().text("Agree")}
	at sun.reflect.NativeConstructorAccessorImpl.newInstance0(Native Method)
	at sun.reflect.NativeConstructorAccessorImpl.newInstance(NativeConstructorAccessorImpl.java:62)
	at sun.reflect.DelegatingConstructorAccessorImpl.newInstance(DelegatingConstructorAccessorImpl.java:45)
	at java.lang.reflect.Constructor.newInstance(Constructor.java:423)
	at org.openqa.selenium.remote.http.W3CHttpResponseCodec.createException(W3CHttpResponseCodec.java:187)
	at org.openqa.selenium.remote.http.W3CHttpResponseCodec.decode(W3CHttpResponseCodec.java:122)
	at org.openqa.selenium.remote.http.W3CHttpResponseCodec.decode(W3CHttpResponseCodec.java:49)
	at org.openqa.selenium.remote.HttpCommandExecutor.execute(HttpCommandExecutor.java:158)
	at io.appium.java_client.remote.AppiumCommandExecutor.execute(AppiumCommandExecutor.java:239)
	at org.openqa.selenium.remote.RemoteWebDriver.execute(RemoteWebDriver.java:552)
	at io.appium.java_client.DefaultGenericMobileDriver.execute(DefaultGenericMobileDriver.java:42)
	at io.appium.java_client.AppiumDriver.execute(AppiumDriver.java:1)
	at io.appium.java_client.android.AndroidDriver.execute(AndroidDriver.java:1)
	at org.openqa.selenium.remote.RemoteWebDriver.findElement(RemoteWebDriver.java:323)
	at io.appium.java_client.DefaultGenericMobileDriver.findElement(DefaultGenericMobileDriver.java:62)
	at io.appium.java_client.AppiumDriver.findElement(AppiumDriver.java:1)
	at io.appium.java_client.android.AndroidDriver.findElement(AndroidDriver.java:1)
	at io.appium.java_client.FindsByAndroidUIAutomator.findElementByAndroidUIAutomator(FindsByAndroidUIAutomator.java:38)
	at Sharp_Aquos_R3.Test0.Images(Test0.java:259)
	at Sharp_Aquos_R3.Test0.start(Test0.java:211)
	at sun.reflect.NativeMethodAccessorImpl.invoke0(Native Method)
	at sun.reflect.NativeMethodAccessorImpl.invoke(NativeMethodAccessorImpl.java:62)
	at sun.reflect.DelegatingMethodAccessorImpl.invoke(DelegatingMethodAccessorImpl.java:43)
	at java.lang.reflect.Method.invoke(Method.java:498)
	at org.testng.internal.MethodInvocationHelper.invokeMethod(MethodInvocationHelper.java:80)
	at org.testng.internal.Invoker.invokeMethod(Invoker.java:673)
	at org.testng.internal.Invoker.invokeTestMethod(Invoker.java:842)
	at org.testng.internal.Invoker.invokeTestMethods(Invoker.java:1166)
	at org.testng.internal.TestMethodWorker.invokeTestMethods(TestMethodWorker.java:125)
	at org.testng.internal.TestMethodWorker.run(TestMethodWorker.java:109)
	at org.testng.TestRunner.runWorkers(TestRunner.java:1178)
	at org.testng.TestRunner.privateRun(TestRunner.java:757)
	at org.testng.TestRunner.run(TestRunner.java:608)
	at org.testng.SuiteRunner.runTest(SuiteRunner.java:334)
	at org.testng.SuiteRunner.runSequentially(SuiteRunner.java:329)
	at org.testng.SuiteRunner.privateRun(SuiteRunner.java:291)
	at org.testng.SuiteRunner.run(SuiteRunner.java:240)
	at org.testng.SuiteRunnerWorker.runSuite(SuiteRunnerWorker.java:52)
	at org.testng.SuiteRunnerWorker.run(SuiteRunnerWorker.java:86)
	at org.testng.TestNG.runSuitesSequentially(TestNG.java:1158)
	at org.testng.TestNG.runSuitesSequentially(TestNG.java:1154)
	at org.testng.TestNG.runSuitesLocally(TestNG.java:1083)
	at org.testng.TestNG.run(TestNG.java:999)
	at org.apache.maven.surefire.testng.TestNGExecutor.run(TestNGExecutor.java:284)
	at org.apache.maven.surefire.testng.TestNGXmlTestSuite.execute(TestNGXmlTestSuite.java:75)
	at org.apache.maven.surefire.testng.TestNGProvider.invoke(TestNGProvider.java:119)
	at org.apache.maven.surefire.booter.ForkedBooter.runSuitesInProcess(ForkedBooter.java:428)
	at org.apache.maven.surefire.booter.ForkedBooter.execute(ForkedBooter.java:162)
	at org.apache.maven.surefire.booter.ForkedBooter.run(ForkedBooter.java:562)
	at org.apache.maven.surefire.booter.ForkedBooter.main(ForkedBooter.java:548)
org.openqa.selenium.NoSuchElementException: An element could not be located on the page using the given search parameters.
For documentation on this error, please visit: https://www.seleniumhq.org/exceptions/no_such_element.html
Build info: version: '3.141.59', revision: 'e82be7d358', time: '2018-11-14T08:17:03'
System info: host: 'SD-APPS-200', ip: '10.65.150.243', os.name: 'Windows 10', os.arch: 'amd64', os.version: '10.0', java.version: '1.8.0_202'
Driver info: io.appium.java_client.android.AndroidDriver
Capabilities {automationName: UiAutomator2, databaseEnabled: false, desired: {automationName: UiAutomator2, deviceName: AQUOS R3, newCommandTimeout: 600, platformName: android, platformVersion: 11, udid: 357787090740490}, deviceApiLevel: 30, deviceManufacturer: SHARP, deviceModel: SH-04L, deviceName: 357787090740490, deviceScreenDensity: 640, deviceScreenSize: 1440x3120, deviceUDID: 357787090740490, javascriptEnabled: true, locationContextEnabled: false, networkConnectionEnabled: true, newCommandTimeout: 600, pixelRatio: 4, platform: LINUX, platformName: Android, platformVersion: 11, statBarHeight: 140, takesScreenshot: true, udid: 357787090740490, viewportRect: {height: 2648, left: 0, top: 140, width: 1440}, warnings: {}, webStorageEnabled: false}
Session ID: 7b04c67d-9d24-4242-88c9-680d46bfabf6
*** Element info: {Using=-android uiautomator, value=new UiSelector().text("WHILE USING THE APP")}
	at sun.reflect.NativeConstructorAccessorImpl.newInstance0(Native Method)
	at sun.reflect.NativeConstructorAccessorImpl.newInstance(NativeConstructorAccessorImpl.java:62)
	at sun.reflect.DelegatingConstructorAccessorImpl.newInstance(DelegatingConstructorAccessorImpl.java:45)
	at java.lang.reflect.Constructor.newInstance(Constructor.java:423)
	at org.openqa.selenium.remote.http.W3CHttpResponseCodec.createException(W3CHttpResponseCodec.java:187)
	at org.openqa.selenium.remote.http.W3CHttpResponseCodec.decode(W3CHttpResponseCodec.java:122)
	at org.openqa.selenium.remote.http.W3CHttpResponseCodec.decode(W3CHttpResponseCodec.java:49)
	at org.openqa.selenium.remote.HttpCommandExecutor.execute(HttpCommandExecutor.java:158)
	at io.appium.java_client.remote.AppiumCommandExecutor.execute(AppiumCommandExecutor.java:239)
	at org.openqa.selenium.remote.RemoteWebDriver.execute(RemoteWebDriver.java:552)
	at io.appium.java_client.DefaultGenericMobileDriver.execute(DefaultGenericMobileDriver.java:42)
	at io.appium.java_client.AppiumDriver.execute(AppiumDriver.java:1)
	at io.appium.java_client.android.AndroidDriver.execute(AndroidDriver.java:1)
	at org.openqa.selenium.remote.RemoteWebDriver.findElement(RemoteWebDriver.java:323)
	at io.appium.java_client.DefaultGenericMobileDriver.findElement(DefaultGenericMobileDriver.java:62)
	at io.appium.java_client.AppiumDriver.findElement(AppiumDriver.java:1)
	at io.appium.java_client.android.AndroidDriver.findElement(AndroidDriver.java:1)
	at io.appium.java_client.FindsByAndroidUIAutomator.findElementByAndroidUIAutomator(FindsByAndroidUIAutomator.java:38)
	at Sharp_Aquos_R3.Test0.Images(Test0.java:273)
	at Sharp_Aquos_R3.Test0.start(Test0.java:211)
	at sun.reflect.NativeMethodAccessorImpl.invoke0(Native Method)
	at sun.reflect.NativeMethodAccessorImpl.invoke(NativeMethodAccessorImpl.java:62)
	at sun.reflect.DelegatingMethodAccessorImpl.invoke(DelegatingMethodAccessorImpl.java:43)
	at java.lang.reflect.Method.invoke(Method.java:498)
	at org.testng.internal.MethodInvocationHelper.invokeMethod(MethodInvocationHelper.java:80)
	at org.testng.internal.Invoker.invokeMethod(Invoker.java:673)
	at org.testng.internal.Invoker.invokeTestMethod(Invoker.java:842)
	at org.testng.internal.Invoker.invokeTestMethods(Invoker.java:1166)
	at org.testng.internal.TestMethodWorker.invokeTestMethods(TestMethodWorker.java:125)
	at org.testng.internal.TestMethodWorker.run(TestMethodWorker.java:109)
	at org.testng.TestRunner.runWorkers(TestRunner.java:1178)
	at org.testng.TestRunner.privateRun(TestRunner.java:757)
	at org.testng.TestRunner.run(TestRunner.java:608)
	at org.testng.SuiteRunner.runTest(SuiteRunner.java:334)
	at org.testng.SuiteRunner.runSequentially(SuiteRunner.java:329)
	at org.testng.SuiteRunner.privateRun(SuiteRunner.java:291)
	at org.testng.SuiteRunner.run(SuiteRunner.java:240)
	at org.testng.SuiteRunnerWorker.runSuite(SuiteRunnerWorker.java:52)
	at org.testng.SuiteRunnerWorker.run(SuiteRunnerWorker.java:86)
	at org.testng.TestNG.runSuitesSequentially(TestNG.java:1158)
	at org.testng.TestNG.runSuitesSequentially(TestNG.java:1154)
	at org.testng.TestNG.runSuitesLocally(TestNG.java:1083)
	at org.testng.TestNG.run(TestNG.java:999)
	at org.apache.maven.surefire.testng.TestNGExecutor.run(TestNGExecutor.java:284)
	at org.apache.maven.surefire.testng.TestNGXmlTestSuite.execute(TestNGXmlTestSuite.java:75)
	at org.apache.maven.surefire.testng.TestNGProvider.invoke(TestNGProvider.java:119)
	at org.apache.maven.surefire.booter.ForkedBooter.runSuitesInProcess(ForkedBooter.java:428)
	at org.apache.maven.surefire.booter.ForkedBooter.execute(ForkedBooter.java:162)
	at org.apache.maven.surefire.booter.ForkedBooter.run(ForkedBooter.java:562)
	at org.apache.maven.surefire.booter.ForkedBooter.main(ForkedBooter.java:548)
org.openqa.selenium.NoSuchElementException: An element could not be located on the page using the given search parameters.
For documentation on this error, please visit: https://www.seleniumhq.org/exceptions/no_such_element.html
Build info: version: '3.141.59', revision: 'e82be7d358', time: '2018-11-14T08:17:03'
System info: host: 'SD-APPS-200', ip: '10.65.150.243', os.name: 'Windows 10', os.arch: 'amd64', os.version: '10.0', java.version: '1.8.0_202'
Driver info: io.appium.java_client.android.AndroidDriver
Capabilities {automationName: UiAutomator2, databaseEnabled: false, desired: {automationName: UiAutomator2, deviceName: AQUOS R3, newCommandTimeout: 600, platformName: android, platformVersion: 11, udid: 357787090740490}, deviceApiLevel: 30, deviceManufacturer: SHARP, deviceModel: SH-04L, deviceName: 357787090740490, deviceScreenDensity: 640, deviceScreenSize: 1440x3120, deviceUDID: 357787090740490, javascriptEnabled: true, locationContextEnabled: false, networkConnectionEnabled: true, newCommandTimeout: 600, pixelRatio: 4, platform: LINUX, platformName: Android, platformVersion: 11, statBarHeight: 140, takesScreenshot: true, udid: 357787090740490, viewportRect: {height: 2648, left: 0, top: 140, width: 1440}, warnings: {}, webStorageEnabled: false}
Session ID: 7b04c67d-9d24-4242-88c9-680d46bfabf6
*** Element info: {Using=-android uiautomator, value=new UiSelector().text("Agree")}
	at sun.reflect.NativeConstructorAccessorImpl.newInstance0(Native Method)
	at sun.reflect.NativeConstructorAccessorImpl.newInstance(NativeConstructorAccessorImpl.java:62)
	at sun.reflect.DelegatingConstructorAccessorImpl.newInstance(DelegatingConstructorAccessorImpl.java:45)
	at java.lang.reflect.Constructor.newInstance(Constructor.java:423)
	at org.openqa.selenium.remote.http.W3CHttpResponseCodec.createException(W3CHttpResponseCodec.java:187)
	at org.openqa.selenium.remote.http.W3CHttpResponseCodec.decode(W3CHttpResponseCodec.java:122)
	at org.openqa.selenium.remote.http.W3CHttpResponseCodec.decode(W3CHttpResponseCodec.java:49)
	at org.openqa.selenium.remote.HttpCommandExecutor.execute(HttpCommandExecutor.java:158)
	at io.appium.java_client.remote.AppiumCommandExecutor.execute(AppiumCommandExecutor.java:239)
	at org.openqa.selenium.remote.RemoteWebDriver.execute(RemoteWebDriver.java:552)
	at io.appium.java_client.DefaultGenericMobileDriver.execute(DefaultGenericMobileDriver.java:42)
	at io.appium.java_client.AppiumDriver.execute(AppiumDriver.java:1)
	at io.appium.java_client.android.AndroidDriver.execute(AndroidDriver.java:1)
	at org.openqa.selenium.remote.RemoteWebDriver.findElement(RemoteWebDriver.java:323)
	at io.appium.java_client.DefaultGenericMobileDriver.findElement(DefaultGenericMobileDriver.java:62)
	at io.appium.java_client.AppiumDriver.findElement(AppiumDriver.java:1)
	at io.appium.java_client.android.AndroidDriver.findElement(AndroidDriver.java:1)
	at io.appium.java_client.FindsByAndroidUIAutomator.findElementByAndroidUIAutomator(FindsByAndroidUIAutomator.java:38)
	at Sharp_Aquos_R3.Test0.Video(Test0.java:464)
	at Sharp_Aquos_R3.Test0.Images(Test0.java:416)
	at Sharp_Aquos_R3.Test0.start(Test0.java:211)
	at sun.reflect.NativeMethodAccessorImpl.invoke0(Native Method)
	at sun.reflect.NativeMethodAccessorImpl.invoke(NativeMethodAccessorImpl.java:62)
	at sun.reflect.DelegatingMethodAccessorImpl.invoke(DelegatingMethodAccessorImpl.java:43)
	at java.lang.reflect.Method.invoke(Method.java:498)
	at org.testng.internal.MethodInvocationHelper.invokeMethod(MethodInvocationHelper.java:80)
	at org.testng.internal.Invoker.invokeMethod(Invoker.java:673)
	at org.testng.internal.Invoker.invokeTestMethod(Invoker.java:842)
	at org.testng.internal.Invoker.invokeTestMethods(Invoker.java:1166)
	at org.testng.internal.TestMethodWorker.invokeTestMethods(TestMethodWorker.java:125)
	at org.testng.internal.TestMethodWorker.run(TestMethodWorker.java:109)
	at org.testng.TestRunner.runWorkers(TestRunner.java:1178)
	at org.testng.TestRunner.privateRun(TestRunner.java:757)
	at org.testng.TestRunner.run(TestRunner.java:608)
	at org.testng.SuiteRunner.runTest(SuiteRunner.java:334)
	at org.testng.SuiteRunner.runSequentially(SuiteRunner.java:329)
	at org.testng.SuiteRunner.privateRun(SuiteRunner.java:291)
	at org.testng.SuiteRunner.run(SuiteRunner.java:240)
	at org.testng.SuiteRunnerWorker.runSuite(SuiteRunnerWorker.java:52)
	at org.testng.SuiteRunnerWorker.run(SuiteRunnerWorker.java:86)
	at org.testng.TestNG.runSuitesSequentially(TestNG.java:1158)
	at org.testng.TestNG.runSuitesSequentially(TestNG.java:1154)
	at org.testng.TestNG.runSuitesLocally(TestNG.java:1083)
	at org.testng.TestNG.run(TestNG.java:999)
	at org.apache.maven.surefire.testng.TestNGExecutor.run(TestNGExecutor.java:284)
	at org.apache.maven.surefire.testng.TestNGXmlTestSuite.execute(TestNGXmlTestSuite.java:75)
	at org.apache.maven.surefire.testng.TestNGProvider.invoke(TestNGProvider.java:119)
	at org.apache.maven.surefire.booter.ForkedBooter.runSuitesInProcess(ForkedBooter.java:428)
	at org.apache.maven.surefire.booter.ForkedBooter.execute(ForkedBooter.java:162)
	at org.apache.maven.surefire.booter.ForkedBooter.run(ForkedBooter.java:562)
	at org.apache.maven.surefire.booter.ForkedBooter.main(ForkedBooter.java:548)
org.openqa.selenium.NoSuchElementException: An element could not be located on the page using the given search parameters.
For documentation on this error, please visit: https://www.seleniumhq.org/exceptions/no_such_element.html
Build info: version: '3.141.59', revision: 'e82be7d358', time: '2018-11-14T08:17:03'
System info: host: 'SD-APPS-200', ip: '10.65.150.243', os.name: 'Windows 10', os.arch: 'amd64', os.version: '10.0', java.version: '1.8.0_202'
Driver info: io.appium.java_client.android.AndroidDriver
Capabilities {automationName: UiAutomator2, databaseEnabled: false, desired: {automationName: UiAutomator2, deviceName: AQUOS R3, newCommandTimeout: 600, platformName: android, platformVersion: 11, udid: 357787090740490}, deviceApiLevel: 30, deviceManufacturer: SHARP, deviceModel: SH-04L, deviceName: 357787090740490, deviceScreenDensity: 640, deviceScreenSize: 1440x3120, deviceUDID: 357787090740490, javascriptEnabled: true, locationContextEnabled: false, networkConnectionEnabled: true, newCommandTimeout: 600, pixelRatio: 4, platform: LINUX, platformName: Android, platformVersion: 11, statBarHeight: 140, takesScreenshot: true, udid: 357787090740490, viewportRect: {height: 2648, left: 0, top: 140, width: 1440}, warnings: {}, webStorageEnabled: false}
Session ID: 7b04c67d-9d24-4242-88c9-680d46bfabf6
*** Element info: {Using=-android uiautomator, value=new UiSelector().text("WHILE USING THE APP")}
	at sun.reflect.NativeConstructorAccessorImpl.newInstance0(Native Method)
	at sun.reflect.NativeConstructorAccessorImpl.newInstance(NativeConstructorAccessorImpl.java:62)
	at sun.reflect.DelegatingConstructorAccessorImpl.newInstance(DelegatingConstructorAccessorImpl.java:45)
	at java.lang.reflect.Constructor.newInstance(Constructor.java:423)
	at org.openqa.selenium.remote.http.W3CHttpResponseCodec.createException(W3CHttpResponseCodec.java:187)
	at org.openqa.selenium.remote.http.W3CHttpResponseCodec.decode(W3CHttpResponseCodec.java:122)
	at org.openqa.selenium.remote.http.W3CHttpResponseCodec.decode(W3CHttpResponseCodec.java:49)
	at org.openqa.selenium.remote.HttpCommandExecutor.execute(HttpCommandExecutor.java:158)
	at io.appium.java_client.remote.AppiumCommandExecutor.execute(AppiumCommandExecutor.java:239)
	at org.openqa.selenium.remote.RemoteWebDriver.execute(RemoteWebDriver.java:552)
	at io.appium.java_client.DefaultGenericMobileDriver.execute(DefaultGenericMobileDriver.java:42)
	at io.appium.java_client.AppiumDriver.execute(AppiumDriver.java:1)
	at io.appium.java_client.android.AndroidDriver.execute(AndroidDriver.java:1)
	at org.openqa.selenium.remote.RemoteWebDriver.findElement(RemoteWebDriver.java:323)
	at io.appium.java_client.DefaultGenericMobileDriver.findElement(DefaultGenericMobileDriver.java:62)
	at io.appium.java_client.AppiumDriver.findElement(AppiumDriver.java:1)
	at io.appium.java_client.android.AndroidDriver.findElement(AndroidDriver.java:1)
	at io.appium.java_client.FindsByAndroidUIAutomator.findElementByAndroidUIAutomator(FindsByAndroidUIAutomator.java:38)
	at Sharp_Aquos_R3.Test0.Video(Test0.java:478)
	at Sharp_Aquos_R3.Test0.Images(Test0.java:416)
	at Sharp_Aquos_R3.Test0.start(Test0.java:211)
	at sun.reflect.NativeMethodAccessorImpl.invoke0(Native Method)
	at sun.reflect.NativeMethodAccessorImpl.invoke(NativeMethodAccessorImpl.java:62)
	at sun.reflect.DelegatingMethodAccessorImpl.invoke(DelegatingMethodAccessorImpl.java:43)
	at java.lang.reflect.Method.invoke(Method.java:498)
	at org.testng.internal.MethodInvocationHelper.invokeMethod(MethodInvocationHelper.java:80)
	at org.testng.internal.Invoker.invokeMethod(Invoker.java:673)
	at org.testng.internal.Invoker.invokeTestMethod(Invoker.java:842)
	at org.testng.internal.Invoker.invokeTestMethods(Invoker.java:1166)
	at org.testng.internal.TestMethodWorker.invokeTestMethods(TestMethodWorker.java:125)
	at org.testng.internal.TestMethodWorker.run(TestMethodWorker.java:109)
	at org.testng.TestRunner.runWorkers(TestRunner.java:1178)
	at org.testng.TestRunner.privateRun(TestRunner.java:757)
	at org.testng.TestRunner.run(TestRunner.java:608)
	at org.testng.SuiteRunner.runTest(SuiteRunner.java:334)
	at org.testng.SuiteRunner.runSequentially(SuiteRunner.java:329)
	at org.testng.SuiteRunner.privateRun(SuiteRunner.java:291)
	at org.testng.SuiteRunner.run(SuiteRunner.java:240)
	at org.testng.SuiteRunnerWorker.runSuite(SuiteRunnerWorker.java:52)
	at org.testng.SuiteRunnerWorker.run(SuiteRunnerWorker.java:86)
	at org.testng.TestNG.runSuitesSequentially(TestNG.java:1158)
	at org.testng.TestNG.runSuitesSequentially(TestNG.java:1154)
	at org.testng.TestNG.runSuitesLocally(TestNG.java:1083)
	at org.testng.TestNG.run(TestNG.java:999)
	at org.apache.maven.surefire.testng.TestNGExecutor.run(TestNGExecutor.java:284)
	at org.apache.maven.surefire.testng.TestNGXmlTestSuite.execute(TestNGXmlTestSuite.java:75)
	at org.apache.maven.surefire.testng.TestNGProvider.invoke(TestNGProvider.java:119)
	at org.apache.maven.surefire.booter.ForkedBooter.runSuitesInProcess(ForkedBooter.java:428)
	at org.apache.maven.surefire.booter.ForkedBooter.execute(ForkedBooter.java:162)
	at org.apache.maven.surefire.booter.ForkedBooter.run(ForkedBooter.java:562)
	at org.apache.maven.surefire.booter.ForkedBooter.main(ForkedBooter.java:548)
select browse option
org.openqa.selenium.NoSuchElementException: An element could not be located on the page using the given search parameters.
For documentation on this error, please visit: https://www.seleniumhq.org/exceptions/no_such_element.html
Build info: version: '3.141.59', revision: 'e82be7d358', time: '2018-11-14T08:17:03'
System info: host: 'SD-APPS-200', ip: '10.65.150.243', os.name: 'Windows 10', os.arch: 'amd64', os.version: '10.0', java.version: '1.8.0_202'
Driver info: io.appium.java_client.android.AndroidDriver
Capabilities {automationName: UiAutomator2, databaseEnabled: false, desired: {automationName: UiAutomator2, deviceName: AQUOS R3, newCommandTimeout: 600, platformName: android, platformVersion: 11, udid: 357787090740490}, deviceApiLevel: 30, deviceManufacturer: SHARP, deviceModel: SH-04L, deviceName: 357787090740490, deviceScreenDensity: 640, deviceScreenSize: 1440x3120, deviceUDID: 357787090740490, javascriptEnabled: true, locationContextEnabled: false, networkConnectionEnabled: true, newCommandTimeout: 600, pixelRatio: 4, platform: LINUX, platformName: Android, platformVersion: 11, statBarHeight: 140, takesScreenshot: true, udid: 357787090740490, viewportRect: {height: 2648, left: 0, top: 140, width: 1440}, warnings: {}, webStorageEnabled: false}
Session ID: 7b04c67d-9d24-4242-88c9-680d46bfabf6
*** Element info: {Using=-android uiautomator, value=new UiSelector().text("Camera")}
	at sun.reflect.NativeConstructorAccessorImpl.newInstance0(Native Method)
	at sun.reflect.NativeConstructorAccessorImpl.newInstance(NativeConstructorAccessorImpl.java:62)
	at sun.reflect.DelegatingConstructorAccessorImpl.newInstance(DelegatingConstructorAccessorImpl.java:45)
	at java.lang.reflect.Constructor.newInstance(Constructor.java:423)
	at org.openqa.selenium.remote.http.W3CHttpResponseCodec.createException(W3CHttpResponseCodec.java:187)
	at org.openqa.selenium.remote.http.W3CHttpResponseCodec.decode(W3CHttpResponseCodec.java:122)
	at org.openqa.selenium.remote.http.W3CHttpResponseCodec.decode(W3CHttpResponseCodec.java:49)
	at org.openqa.selenium.remote.HttpCommandExecutor.execute(HttpCommandExecutor.java:158)
	at io.appium.java_client.remote.AppiumCommandExecutor.execute(AppiumCommandExecutor.java:239)
	at org.openqa.selenium.remote.RemoteWebDriver.execute(RemoteWebDriver.java:552)
	at io.appium.java_client.DefaultGenericMobileDriver.execute(DefaultGenericMobileDriver.java:42)
	at io.appium.java_client.AppiumDriver.execute(AppiumDriver.java:1)
	at io.appium.java_client.android.AndroidDriver.execute(AndroidDriver.java:1)
	at org.openqa.selenium.remote.RemoteWebDriver.findElement(RemoteWebDriver.java:323)
	at io.appium.java_client.DefaultGenericMobileDriver.findElement(DefaultGenericMobileDriver.java:62)
	at io.appium.java_client.AppiumDriver.findElement(AppiumDriver.java:1)
	at io.appium.java_client.android.AndroidDriver.findElement(AndroidDriver.java:1)
	at io.appium.java_client.FindsByAndroidUIAutomator.findElementByAndroidUIAutomator(FindsByAndroidUIAutomator.java:38)
	at Sharp_Aquos_R3.Test0.Format(Test0.java:797)
	at Sharp_Aquos_R3.Test0.Video(Test0.java:668)
	at Sharp_Aquos_R3.Test0.Images(Test0.java:416)
	at Sharp_Aquos_R3.Test0.start(Test0.java:211)
	at sun.reflect.NativeMethodAccessorImpl.invoke0(Native Method)
	at sun.reflect.NativeMethodAccessorImpl.invoke(NativeMethodAccessorImpl.java:62)
	at sun.reflect.DelegatingMethodAccessorImpl.invoke(DelegatingMethodAccessorImpl.java:43)
	at java.lang.reflect.Method.invoke(Method.java:498)
	at org.testng.internal.MethodInvocationHelper.invokeMethod(MethodInvocationHelper.java:80)
	at org.testng.internal.Invoker.invokeMethod(Invoker.java:673)
	at org.testng.internal.Invoker.invokeTestMethod(Invoker.java:842)
	at org.testng.internal.Invoker.invokeTestMethods(Invoker.java:1166)
	at org.testng.internal.TestMethodWorker.invokeTestMethods(TestMethodWorker.java:125)
	at org.testng.internal.TestMethodWorker.run(TestMethodWorker.java:109)
	at org.testng.TestRunner.runWorkers(TestRunner.java:1178)
	at org.testng.TestRunner.privateRun(TestRunner.java:757)
	at org.testng.TestRunner.run(TestRunner.java:608)
	at org.testng.SuiteRunner.runTest(SuiteRunner.java:334)
	at org.testng.SuiteRunner.runSequentially(SuiteRunner.java:329)
	at org.testng.SuiteRunner.privateRun(SuiteRunner.java:291)
	at org.testng.SuiteRunner.run(SuiteRunner.java:240)
	at org.testng.SuiteRunnerWorker.runSuite(SuiteRunnerWorker.java:52)
	at org.testng.SuiteRunnerWorker.run(SuiteRunnerWorker.java:86)
	at org.testng.TestNG.runSuitesSequentially(TestNG.java:1158)
	at org.testng.TestNG.runSuitesSequentially(TestNG.java:1154)
	at org.testng.TestNG.runSuitesLocally(TestNG.java:1083)
	at org.testng.TestNG.run(TestNG.java:999)
	at org.apache.maven.surefire.testng.TestNGExecutor.run(TestNGExecutor.java:284)
	at org.apache.maven.surefire.testng.TestNGXmlTestSuite.execute(TestNGXmlTestSuite.java:75)
	at org.apache.maven.surefire.testng.TestNGProvider.invoke(TestNGProvider.java:119)
	at org.apache.maven.surefire.booter.ForkedBooter.runSuitesInProcess(ForkedBooter.java:428)
	at org.apache.maven.surefire.booter.ForkedBooter.execute(ForkedBooter.java:162)
	at org.apache.maven.surefire.booter.ForkedBooter.run(ForkedBooter.java:562)
	at org.apache.maven.surefire.booter.ForkedBooter.main(ForkedBooter.java:548)
]]></system-err>
  </testcase>
  <testcase name="Format" classname="Sharp_Aquos_R3.Test3" time="298.984">
    <system-out><![CDATA[Test: Start
===================================================================================================================================================================================================================================================================================================================================================================================================================================================================================================================================================================================================================================================================================================================================
Test3 Scenario is as follows
1. Host does'nt support clear recent apps option! Hence Skiping clear recent apps scenario
2. Format usd card for specified number of times
Setting up the appium desired capabilities
===================================================================================================================================================================================================================================================================================================================================================================================================================================================================================================================================================================================================================================================================================================================================
Number of Unmount,mount and Format cycles = 1
Launch Settings application for Format uSD card with Data 
Swipe Up and Search for Storage
Select Storage
Swipe Up and Search sd card
Clicking on SD card
clicking on more options
click on storage settings
Select Format
Started formatting, waiting till it gets formatted
Format uSD card cycle:0 completed succesfully
Launch File Manager application to verify  Card is fully Formated or not
Select SD card
Select DCIM Folder
Pass: Images and videos are not present in the DCIM folder, CARD format is successfully completed 
===================================================================================================================================================================================================================================================================================================================================================================================================================================================================================================================================================================================================================================================================================================================================
Final Message: Pass Test3 Pass for  Formattig uSD Card and verify data format
Test:End
===================================================================================================================================================================================================================================================================================================================================================================================================================================================================================================================================================================================================================================================================================================================================
]]></system-out>
    <system-err><![CDATA[2023-01-12 14:57:42 INFO   io.appium.java_client.remote.AppiumCommandExecutor$1 lambda$0 Detected dialect: W3C
2023-01-12 14:57:48 INFO   io.appium.java_client.remote.AppiumCommandExecutor$1 lambda$0 Detected dialect: W3C
org.openqa.selenium.NoSuchElementException: An element could not be located on the page using the given search parameters.
For documentation on this error, please visit: https://www.seleniumhq.org/exceptions/no_such_element.html
Build info: version: '3.141.59', revision: 'e82be7d358', time: '2018-11-14T08:17:03'
System info: host: 'SD-APPS-200', ip: '10.65.150.243', os.name: 'Windows 10', os.arch: 'amd64', os.version: '10.0', java.version: '1.8.0_202'
Driver info: io.appium.java_client.android.AndroidDriver
Capabilities {automationName: UiAutomator2, databaseEnabled: false, desired: {automationName: UiAutomator2, deviceName: AQUOS R3, newCommandTimeout: 600, platformName: android, platformVersion: 11, udid: 357787090740490}, deviceApiLevel: 30, deviceManufacturer: SHARP, deviceModel: SH-04L, deviceName: 357787090740490, deviceScreenDensity: 640, deviceScreenSize: 1440x3120, deviceUDID: 357787090740490, javascriptEnabled: true, locationContextEnabled: false, networkConnectionEnabled: true, newCommandTimeout: 600, pixelRatio: 4, platform: LINUX, platformName: Android, platformVersion: 11, statBarHeight: 140, takesScreenshot: true, udid: 357787090740490, viewportRect: {height: 2648, left: 0, top: 140, width: 1440}, warnings: {}, webStorageEnabled: false}
Session ID: 44364f48-3c4a-4c7e-972b-6439033c2e2c
*** Element info: {Using=xpath, value=//*[@resource-id='com.google.android.apps.nbu.files:id/agree_button']}
	at sun.reflect.NativeConstructorAccessorImpl.newInstance0(Native Method)
	at sun.reflect.NativeConstructorAccessorImpl.newInstance(NativeConstructorAccessorImpl.java:62)
	at sun.reflect.DelegatingConstructorAccessorImpl.newInstance(DelegatingConstructorAccessorImpl.java:45)
	at java.lang.reflect.Constructor.newInstance(Constructor.java:423)
	at org.openqa.selenium.remote.http.W3CHttpResponseCodec.createException(W3CHttpResponseCodec.java:187)
	at org.openqa.selenium.remote.http.W3CHttpResponseCodec.decode(W3CHttpResponseCodec.java:122)
	at org.openqa.selenium.remote.http.W3CHttpResponseCodec.decode(W3CHttpResponseCodec.java:49)
	at org.openqa.selenium.remote.HttpCommandExecutor.execute(HttpCommandExecutor.java:158)
	at io.appium.java_client.remote.AppiumCommandExecutor.execute(AppiumCommandExecutor.java:239)
	at org.openqa.selenium.remote.RemoteWebDriver.execute(RemoteWebDriver.java:552)
	at io.appium.java_client.DefaultGenericMobileDriver.execute(DefaultGenericMobileDriver.java:42)
	at io.appium.java_client.AppiumDriver.execute(AppiumDriver.java:1)
	at io.appium.java_client.android.AndroidDriver.execute(AndroidDriver.java:1)
	at org.openqa.selenium.remote.RemoteWebDriver.findElement(RemoteWebDriver.java:323)
	at io.appium.java_client.DefaultGenericMobileDriver.findElement(DefaultGenericMobileDriver.java:62)
	at io.appium.java_client.AppiumDriver.findElement(AppiumDriver.java:1)
	at io.appium.java_client.android.AndroidDriver.findElement(AndroidDriver.java:1)
	at org.openqa.selenium.remote.RemoteWebDriver.findElementByXPath(RemoteWebDriver.java:428)
	at io.appium.java_client.DefaultGenericMobileDriver.findElementByXPath(DefaultGenericMobileDriver.java:152)
	at io.appium.java_client.AppiumDriver.findElementByXPath(AppiumDriver.java:1)
	at io.appium.java_client.android.AndroidDriver.findElementByXPath(AndroidDriver.java:1)
	at org.openqa.selenium.By$ByXPath.findElement(By.java:353)
	at org.openqa.selenium.remote.RemoteWebDriver.findElement(RemoteWebDriver.java:315)
	at io.appium.java_client.DefaultGenericMobileDriver.findElement(DefaultGenericMobileDriver.java:58)
	at io.appium.java_client.AppiumDriver.findElement(AppiumDriver.java:1)
	at io.appium.java_client.android.AndroidDriver.findElement(AndroidDriver.java:1)
	at Sharp_Aquos_R3.Test3.Format(Test3.java:213)
	at sun.reflect.NativeMethodAccessorImpl.invoke0(Native Method)
	at sun.reflect.NativeMethodAccessorImpl.invoke(NativeMethodAccessorImpl.java:62)
	at sun.reflect.DelegatingMethodAccessorImpl.invoke(DelegatingMethodAccessorImpl.java:43)
	at java.lang.reflect.Method.invoke(Method.java:498)
	at org.testng.internal.MethodInvocationHelper.invokeMethod(MethodInvocationHelper.java:80)
	at org.testng.internal.Invoker.invokeMethod(Invoker.java:673)
	at org.testng.internal.Invoker.invokeTestMethod(Invoker.java:842)
	at org.testng.internal.Invoker.invokeTestMethods(Invoker.java:1166)
	at org.testng.internal.TestMethodWorker.invokeTestMethods(TestMethodWorker.java:125)
	at org.testng.internal.TestMethodWorker.run(TestMethodWorker.java:109)
	at org.testng.TestRunner.runWorkers(TestRunner.java:1178)
	at org.testng.TestRunner.privateRun(TestRunner.java:757)
	at org.testng.TestRunner.run(TestRunner.java:608)
	at org.testng.SuiteRunner.runTest(SuiteRunner.java:334)
	at org.testng.SuiteRunner.runSequentially(SuiteRunner.java:329)
	at org.testng.SuiteRunner.privateRun(SuiteRunner.java:291)
	at org.testng.SuiteRunner.run(SuiteRunner.java:240)
	at org.testng.SuiteRunnerWorker.runSuite(SuiteRunnerWorker.java:52)
	at org.testng.SuiteRunnerWorker.run(SuiteRunnerWorker.java:86)
	at org.testng.TestNG.runSuitesSequentially(TestNG.java:1158)
	at org.testng.TestNG.runSuitesSequentially(TestNG.java:1154)
	at org.testng.TestNG.runSuitesLocally(TestNG.java:1083)
	at org.testng.TestNG.run(TestNG.java:999)
	at org.apache.maven.surefire.testng.TestNGExecutor.run(TestNGExecutor.java:284)
	at org.apache.maven.surefire.testng.TestNGXmlTestSuite.execute(TestNGXmlTestSuite.java:75)
	at org.apache.maven.surefire.testng.TestNGProvider.invoke(TestNGProvider.java:119)
	at org.apache.maven.surefire.booter.ForkedBooter.runSuitesInProcess(ForkedBooter.java:428)
	at org.apache.maven.surefire.booter.ForkedBooter.execute(ForkedBooter.java:162)
	at org.apache.maven.surefire.booter.ForkedBooter.run(ForkedBooter.java:562)
	at org.apache.maven.surefire.booter.ForkedBooter.main(ForkedBooter.java:548)
org.openqa.selenium.NoSuchElementException: An element could not be located on the page using the given search parameters.
For documentation on this error, please visit: https://www.seleniumhq.org/exceptions/no_such_element.html
Build info: version: '3.141.59', revision: 'e82be7d358', time: '2018-11-14T08:17:03'
System info: host: 'SD-APPS-200', ip: '10.65.150.243', os.name: 'Windows 10', os.arch: 'amd64', os.version: '10.0', java.version: '1.8.0_202'
Driver info: io.appium.java_client.android.AndroidDriver
Capabilities {automationName: UiAutomator2, databaseEnabled: false, desired: {automationName: UiAutomator2, deviceName: AQUOS R3, newCommandTimeout: 600, platformName: android, platformVersion: 11, udid: 357787090740490}, deviceApiLevel: 30, deviceManufacturer: SHARP, deviceModel: SH-04L, deviceName: 357787090740490, deviceScreenDensity: 640, deviceScreenSize: 1440x3120, deviceUDID: 357787090740490, javascriptEnabled: true, locationContextEnabled: false, networkConnectionEnabled: true, newCommandTimeout: 600, pixelRatio: 4, platform: LINUX, platformName: Android, platformVersion: 11, statBarHeight: 140, takesScreenshot: true, udid: 357787090740490, viewportRect: {height: 2648, left: 0, top: 140, width: 1440}, warnings: {}, webStorageEnabled: false}
Session ID: 44364f48-3c4a-4c7e-972b-6439033c2e2c
*** Element info: {Using=xpath, value=//*[@text='Camera']}
	at sun.reflect.NativeConstructorAccessorImpl.newInstance0(Native Method)
	at sun.reflect.NativeConstructorAccessorImpl.newInstance(NativeConstructorAccessorImpl.java:62)
	at sun.reflect.DelegatingConstructorAccessorImpl.newInstance(DelegatingConstructorAccessorImpl.java:45)
	at java.lang.reflect.Constructor.newInstance(Constructor.java:423)
	at org.openqa.selenium.remote.http.W3CHttpResponseCodec.createException(W3CHttpResponseCodec.java:187)
	at org.openqa.selenium.remote.http.W3CHttpResponseCodec.decode(W3CHttpResponseCodec.java:122)
	at org.openqa.selenium.remote.http.W3CHttpResponseCodec.decode(W3CHttpResponseCodec.java:49)
	at org.openqa.selenium.remote.HttpCommandExecutor.execute(HttpCommandExecutor.java:158)
	at io.appium.java_client.remote.AppiumCommandExecutor.execute(AppiumCommandExecutor.java:239)
	at org.openqa.selenium.remote.RemoteWebDriver.execute(RemoteWebDriver.java:552)
	at io.appium.java_client.DefaultGenericMobileDriver.execute(DefaultGenericMobileDriver.java:42)
	at io.appium.java_client.AppiumDriver.execute(AppiumDriver.java:1)
	at io.appium.java_client.android.AndroidDriver.execute(AndroidDriver.java:1)
	at org.openqa.selenium.remote.RemoteWebDriver.findElement(RemoteWebDriver.java:323)
	at io.appium.java_client.DefaultGenericMobileDriver.findElement(DefaultGenericMobileDriver.java:62)
	at io.appium.java_client.AppiumDriver.findElement(AppiumDriver.java:1)
	at io.appium.java_client.android.AndroidDriver.findElement(AndroidDriver.java:1)
	at org.openqa.selenium.remote.RemoteWebDriver.findElementByXPath(RemoteWebDriver.java:428)
	at io.appium.java_client.DefaultGenericMobileDriver.findElementByXPath(DefaultGenericMobileDriver.java:152)
	at io.appium.java_client.AppiumDriver.findElementByXPath(AppiumDriver.java:1)
	at io.appium.java_client.android.AndroidDriver.findElementByXPath(AndroidDriver.java:1)
	at org.openqa.selenium.By$ByXPath.findElement(By.java:353)
	at org.openqa.selenium.remote.RemoteWebDriver.findElement(RemoteWebDriver.java:315)
	at io.appium.java_client.DefaultGenericMobileDriver.findElement(DefaultGenericMobileDriver.java:58)
	at io.appium.java_client.AppiumDriver.findElement(AppiumDriver.java:1)
	at io.appium.java_client.android.AndroidDriver.findElement(AndroidDriver.java:1)
	at Sharp_Aquos_R3.Test3.Format(Test3.java:246)
	at sun.reflect.NativeMethodAccessorImpl.invoke0(Native Method)
	at sun.reflect.NativeMethodAccessorImpl.invoke(NativeMethodAccessorImpl.java:62)
	at sun.reflect.DelegatingMethodAccessorImpl.invoke(DelegatingMethodAccessorImpl.java:43)
	at java.lang.reflect.Method.invoke(Method.java:498)
	at org.testng.internal.MethodInvocationHelper.invokeMethod(MethodInvocationHelper.java:80)
	at org.testng.internal.Invoker.invokeMethod(Invoker.java:673)
	at org.testng.internal.Invoker.invokeTestMethod(Invoker.java:842)
	at org.testng.internal.Invoker.invokeTestMethods(Invoker.java:1166)
	at org.testng.internal.TestMethodWorker.invokeTestMethods(TestMethodWorker.java:125)
	at org.testng.internal.TestMethodWorker.run(TestMethodWorker.java:109)
	at org.testng.TestRunner.runWorkers(TestRunner.java:1178)
	at org.testng.TestRunner.privateRun(TestRunner.java:757)
	at org.testng.TestRunner.run(TestRunner.java:608)
	at org.testng.SuiteRunner.runTest(SuiteRunner.java:334)
	at org.testng.SuiteRunner.runSequentially(SuiteRunner.java:329)
	at org.testng.SuiteRunner.privateRun(SuiteRunner.java:291)
	at org.testng.SuiteRunner.run(SuiteRunner.java:240)
	at org.testng.SuiteRunnerWorker.runSuite(SuiteRunnerWorker.java:52)
	at org.testng.SuiteRunnerWorker.run(SuiteRunnerWorker.java:86)
	at org.testng.TestNG.runSuitesSequentially(TestNG.java:1158)
	at org.testng.TestNG.runSuitesSequentially(TestNG.java:1154)
	at org.testng.TestNG.runSuitesLocally(TestNG.java:1083)
	at org.testng.TestNG.run(TestNG.java:999)
	at org.apache.maven.surefire.testng.TestNGExecutor.run(TestNGExecutor.java:284)
	at org.apache.maven.surefire.testng.TestNGXmlTestSuite.execute(TestNGXmlTestSuite.java:75)
	at org.apache.maven.surefire.testng.TestNGProvider.invoke(TestNGProvider.java:119)
	at org.apache.maven.surefire.booter.ForkedBooter.runSuitesInProcess(ForkedBooter.java:428)
	at org.apache.maven.surefire.booter.ForkedBooter.execute(ForkedBooter.java:162)
	at org.apache.maven.surefire.booter.ForkedBooter.run(ForkedBooter.java:562)
	at org.apache.maven.surefire.booter.ForkedBooter.main(ForkedBooter.java:548)
]]></system-err>
  </testcase>
  <testcase name="CopyPaste" classname="Sharp_Aquos_R3.Test18" time="1,042.479">
    <system-out><![CDATA[Test: Start
===================================================================================================================================================================================================================================================================================================================================================================================================================================================================================================================================================================================================================================================================================================================================
===================================================================================================================================================================================================================================================================================================================================================================================================================================================================================================================================================================================================================================================================================================================================
Test18 Scenario is as follows
Pushing 1GB zip File to Host Internal Memory via server folder named as Test1 
Extracting zip file in Host internal memory
Copy Paste 1GB file (Test1) from host internal memory to uSD Card, Create a folder named Test2 in uSD Card, Copy paste 1GB Folder(Test1) From internal to external inside folder Test2 and Vice versa
Create folder name(New_Scenario in External memory, select folder name(Test2) from internal memory and perform cut paste operation from internla to external memory
Setting up the appium desired capabilities
Pushing zip file to host internal memory
Push file is successfull
Launching file manager application to extract zip and perform copy paste, cut paste operation from internal memory to external memory
clcik on ok
click on browse option
Select Internal storage
select Test1 folder from internal storage
Unzip folder name test_file
Extracting Push zip file as Folder named Test1
Extracting Complete
click on done
Launching file manager application
Select Internal storage
Select Test1 folder from internal storage
Select more options
Select Copy option
Select External Storage
Select Paste option for copy paste Test1 folder from Internal to external storage
Copy paste 1GB folder from Internal to external storage is successfull
swipe up and search for internal storage
Select Internal storage
Long Press and select and Test1 Folder
Select more options
Select Copy option
Select External storage
Creating folder name Test2 in uSD card
Select create new folder option
Name folder as Test2
Copy paste Test1 folder inside Test2 folder
Copy paste Test1 folder inside Test2 folder in uSD card completed successfully
swipe up and search for sd card
Select External Storage
Select list view
Long Press and select and Test2 Folder 
Select Test2 folder and perform copy paste operation from external to internal memory
Select more options
Select Copy option
Select Internal storage
click on copy here
Pass: Test18 Pass for Copy paste operation from internal memory to external memory and vice versa scenario completed successfully
swipe up and search for internal storage
Select Internal storage
Long Press and select and Test2 Folder
Creating Folder Name New_Scenario in External Storage and perform Cut paste operation from Internal to external storage
Select move option
Select External storage
click on create folder and create  folder name New_Scenario in sd card
Select Move to option
Move to Test1 folder inside New_Scenario folder
switch to list view mode
Pass: Cut paste Operation Completed Successfully
===================================================================================================================================================================================================================================================================================================================================================================================================================================================================================================================================================================================================================================================================================================================================
Final message: Pass Test18 pass for copy paste & cut paste operation
Test: End
===================================================================================================================================================================================================================================================================================================================================================================================================================================================================================================================================================================================================================================================================================================================================
]]></system-out>
    <system-err><![CDATA[2023-01-12 15:02:46 INFO   io.appium.java_client.remote.AppiumCommandExecutor$1 lambda$0 Detected dialect: W3C
2023-01-12 15:02:57 INFO   io.appium.java_client.remote.AppiumCommandExecutor$1 lambda$0 Detected dialect: W3C
org.openqa.selenium.NoSuchElementException: An element could not be located on the page using the given search parameters.
For documentation on this error, please visit: https://www.seleniumhq.org/exceptions/no_such_element.html
Build info: version: '3.141.59', revision: 'e82be7d358', time: '2018-11-14T08:17:03'
System info: host: 'SD-APPS-200', ip: '10.65.150.243', os.name: 'Windows 10', os.arch: 'amd64', os.version: '10.0', java.version: '1.8.0_202'
Driver info: io.appium.java_client.android.AndroidDriver
Capabilities {automationName: UiAutomator2, databaseEnabled: false, desired: {automationName: UiAutomator2, deviceName: AQUOS R3, newCommandTimeout: 600, platformName: android, platformVersion: 11, udid: 357787090740490}, deviceApiLevel: 30, deviceManufacturer: SHARP, deviceModel: SH-04L, deviceName: 357787090740490, deviceScreenDensity: 640, deviceScreenSize: 1440x3120, deviceUDID: 357787090740490, javascriptEnabled: true, locationContextEnabled: false, networkConnectionEnabled: true, newCommandTimeout: 600, pixelRatio: 4, platform: LINUX, platformName: Android, platformVersion: 11, statBarHeight: 140, takesScreenshot: true, udid: 357787090740490, viewportRect: {height: 2648, left: 0, top: 140, width: 1440}, warnings: {}, webStorageEnabled: false}
Session ID: 5c960ba5-2716-4ad5-92c3-75cf909650b2
*** Element info: {Using=xpath, value=//*[@resource-id='com.itel.filemanager:id/notice_ok']}
	at sun.reflect.NativeConstructorAccessorImpl.newInstance0(Native Method)
	at sun.reflect.NativeConstructorAccessorImpl.newInstance(NativeConstructorAccessorImpl.java:62)
	at sun.reflect.DelegatingConstructorAccessorImpl.newInstance(DelegatingConstructorAccessorImpl.java:45)
	at java.lang.reflect.Constructor.newInstance(Constructor.java:423)
	at org.openqa.selenium.remote.http.W3CHttpResponseCodec.createException(W3CHttpResponseCodec.java:187)
	at org.openqa.selenium.remote.http.W3CHttpResponseCodec.decode(W3CHttpResponseCodec.java:122)
	at org.openqa.selenium.remote.http.W3CHttpResponseCodec.decode(W3CHttpResponseCodec.java:49)
	at org.openqa.selenium.remote.HttpCommandExecutor.execute(HttpCommandExecutor.java:158)
	at io.appium.java_client.remote.AppiumCommandExecutor.execute(AppiumCommandExecutor.java:239)
	at org.openqa.selenium.remote.RemoteWebDriver.execute(RemoteWebDriver.java:552)
	at io.appium.java_client.DefaultGenericMobileDriver.execute(DefaultGenericMobileDriver.java:42)
	at io.appium.java_client.AppiumDriver.execute(AppiumDriver.java:1)
	at io.appium.java_client.android.AndroidDriver.execute(AndroidDriver.java:1)
	at org.openqa.selenium.remote.RemoteWebDriver.findElement(RemoteWebDriver.java:323)
	at io.appium.java_client.DefaultGenericMobileDriver.findElement(DefaultGenericMobileDriver.java:62)
	at io.appium.java_client.AppiumDriver.findElement(AppiumDriver.java:1)
	at io.appium.java_client.android.AndroidDriver.findElement(AndroidDriver.java:1)
	at org.openqa.selenium.remote.RemoteWebDriver.findElementByXPath(RemoteWebDriver.java:428)
	at io.appium.java_client.DefaultGenericMobileDriver.findElementByXPath(DefaultGenericMobileDriver.java:152)
	at io.appium.java_client.AppiumDriver.findElementByXPath(AppiumDriver.java:1)
	at io.appium.java_client.android.AndroidDriver.findElementByXPath(AndroidDriver.java:1)
	at org.openqa.selenium.By$ByXPath.findElement(By.java:353)
	at org.openqa.selenium.remote.RemoteWebDriver.findElement(RemoteWebDriver.java:315)
	at io.appium.java_client.DefaultGenericMobileDriver.findElement(DefaultGenericMobileDriver.java:58)
	at io.appium.java_client.AppiumDriver.findElement(AppiumDriver.java:1)
	at io.appium.java_client.android.AndroidDriver.findElement(AndroidDriver.java:1)
	at Sharp_Aquos_R3.Test18.CopyPaste(Test18.java:116)
	at sun.reflect.NativeMethodAccessorImpl.invoke0(Native Method)
	at sun.reflect.NativeMethodAccessorImpl.invoke(NativeMethodAccessorImpl.java:62)
	at sun.reflect.DelegatingMethodAccessorImpl.invoke(DelegatingMethodAccessorImpl.java:43)
	at java.lang.reflect.Method.invoke(Method.java:498)
	at org.testng.internal.MethodInvocationHelper.invokeMethod(MethodInvocationHelper.java:80)
	at org.testng.internal.Invoker.invokeMethod(Invoker.java:673)
	at org.testng.internal.Invoker.invokeTestMethod(Invoker.java:842)
	at org.testng.internal.Invoker.invokeTestMethods(Invoker.java:1166)
	at org.testng.internal.TestMethodWorker.invokeTestMethods(TestMethodWorker.java:125)
	at org.testng.internal.TestMethodWorker.run(TestMethodWorker.java:109)
	at org.testng.TestRunner.runWorkers(TestRunner.java:1178)
	at org.testng.TestRunner.privateRun(TestRunner.java:757)
	at org.testng.TestRunner.run(TestRunner.java:608)
	at org.testng.SuiteRunner.runTest(SuiteRunner.java:334)
	at org.testng.SuiteRunner.runSequentially(SuiteRunner.java:329)
	at org.testng.SuiteRunner.privateRun(SuiteRunner.java:291)
	at org.testng.SuiteRunner.run(SuiteRunner.java:240)
	at org.testng.SuiteRunnerWorker.runSuite(SuiteRunnerWorker.java:52)
	at org.testng.SuiteRunnerWorker.run(SuiteRunnerWorker.java:86)
	at org.testng.TestNG.runSuitesSequentially(TestNG.java:1158)
	at org.testng.TestNG.runSuitesSequentially(TestNG.java:1154)
	at org.testng.TestNG.runSuitesLocally(TestNG.java:1083)
	at org.testng.TestNG.run(TestNG.java:999)
	at org.apache.maven.surefire.testng.TestNGExecutor.run(TestNGExecutor.java:284)
	at org.apache.maven.surefire.testng.TestNGXmlTestSuite.execute(TestNGXmlTestSuite.java:75)
	at org.apache.maven.surefire.testng.TestNGProvider.invoke(TestNGProvider.java:119)
	at org.apache.maven.surefire.booter.ForkedBooter.runSuitesInProcess(ForkedBooter.java:428)
	at org.apache.maven.surefire.booter.ForkedBooter.execute(ForkedBooter.java:162)
	at org.apache.maven.surefire.booter.ForkedBooter.run(ForkedBooter.java:562)
	at org.apache.maven.surefire.booter.ForkedBooter.main(ForkedBooter.java:548)
]]></system-err>
  </testcase>
  <testcase name="recordAudio" classname="Sharp_Aquos_R3.Test8" time="192.572">
    <system-out><![CDATA[Test: Start
===================================================================================================================================================================================================================================================================================================================================================================================================================================================================================================================================================================================================================================================================================================================================
Test8 scenario is as follows
1.Host voice recorder application does not support uSD storage option. Hence skipping voice recording scenario!
2.Launch file manager application and playback copied audio files from external storage the files are placed in the Test1 folder
Setting up the appium desired capabilities
===================================================================================================================================================================================================================================================================================================================================================================================================================================================================================================================================================================================================================================================================================================================================
calling PlayCopiedAudioFile to play back copied audio files from Test1 folder 
Launch File Manager Application for playing copied audio files from uSD card
Select external storage
Select Test1 folder
Select test_file folder
Select 1GB folder
Select MP3 files folder
Select First audio file for play back
select first mp3/audio file from uSD card(Test1-->MP3)  for playback and fast forward scenario
Fast Forwarding Audio for 10 Seconds
Pause Audio
Pass: 1st Audio Play Back Successfull 
select second audio/mp3 file from uSD card(Test1-->MP3) for playback and fast forward scenario
Select second audio file for play back
Fast Forwarding Audio for 10 Seconds
Pause Audio
Pass: 2nd Audio Play back succssfull
Select third audio file for play back
select third audio/mp3 file from uSD card(Test1-->MP3) for playback and fast forward scenario
Fast Forwarding Audio for 10 Seconds
Pause Audio
Pass: Test8 Pass NA :  copied audio play back and fast forward scenario is successfull
===================================================================================================================================================================================================================================================================================================================================================================================================================================================================================================================================================================================================================================================================================================================================
Final Message: Pass Test8 Pass NA -  copied audio play back and fast forward scenario is successfull
Test: End
===================================================================================================================================================================================================================================================================================================================================================================================================================================================================================================================================================================================================================================================================================================================================
]]></system-out>
    <system-err><![CDATA[2023-01-12 15:20:15 INFO   io.appium.java_client.remote.AppiumCommandExecutor$1 lambda$0 Detected dialect: W3C
2023-01-12 15:20:26 INFO   io.appium.java_client.remote.AppiumCommandExecutor$1 lambda$0 Detected dialect: W3C
]]></system-err>
  </testcase>
  <testcase name="rearVideoRec" classname="Sharp_Aquos_R3.Test10" time="3,292.534">
    <system-out><![CDATA[Test: Start
===================================================================================================================================================================================================================================================================================================================================================================================================================================================================================================================================================================================================================================================================================================================================
Test10 Scenario is as follows
1.Launch Camera application and start back camera video recording for all host applicable resolutions in uSD Card
2.Playback Highest resolution recorded video from USD Card, fast forward playback and pause video scenario 
3.Playback copied videos from Test1 folder, fast forward and pause scenario
Setting up the appium desired capabilities
===================================================================================================================================================================================================================================================================================================================================================================================================================================================================================================================================================================================================================================================================================================================================
Launch Camera Application for rear camera video recording
Permission request
change to SD card element not found : org.openqa.selenium.NoSuchElementException: An element could not be located on the page using the given search parameters.
For documentation on this error, please visit: https://www.seleniumhq.org/exceptions/no_such_element.html
Build info: version: '3.141.59', revision: 'e82be7d358', time: '2018-11-14T08:17:03'
System info: host: 'SD-APPS-200', ip: '10.65.150.243', os.name: 'Windows 10', os.arch: 'amd64', os.version: '10.0', java.version: '1.8.0_202'
Driver info: io.appium.java_client.android.AndroidDriver
Capabilities {automationName: UiAutomator2, databaseEnabled: false, desired: {automationName: UiAutomator2, deviceName: AQUOS R3, newCommandTimeout: 1200, platformName: android, platformVersion: 11, udid: 357787090740490}, deviceApiLevel: 30, deviceManufacturer: SHARP, deviceModel: SH-04L, deviceName: 357787090740490, deviceScreenDensity: 640, deviceScreenSize: 1440x3120, deviceUDID: 357787090740490, javascriptEnabled: true, locationContextEnabled: false, networkConnectionEnabled: true, newCommandTimeout: 1200, pixelRatio: 4, platform: LINUX, platformName: Android, platformVersion: 11, statBarHeight: 140, takesScreenshot: true, udid: 357787090740490, viewportRect: {height: 2648, left: 0, top: 140, width: 1440}, warnings: {}, webStorageEnabled: false}
Session ID: b09d10a5-fac6-4800-a915-36c2a90cd39b
*** Element info: {Using=-android uiautomator, value=new UiSelector().text("Agree")}
Allow Camera to access this device’s location?
===================================================================================================================================================================================================================================================================================================================================================================================================================================================================================================================================================================================================================================================================================================================================
Test10_Bcam_res: 7 resolutions supported
Clicking Video Tab
Select settings option
select common
Save To settings option
Select sd card option
Select settings option
Select 1st Back Video Resolution: 1.8M (1920x960)
recordingDurationRearExt = 400Seconds
Start video recording
Stop video recording
Select settings option
Select 2nd Back Video Resolution:  FULL HD (1920x1080)
recordingDurationRear1 = 400Seconds
Start video recording
Stop video recording
Select settings option
Select 3rd Back Video Resolution: FULL HD (1920x1080) 60fps
recordingDurationRear2 = 400Seconds
Start video recording
Stop video recording
Select settings option
Select 4th Back Video Resolution: HD (1280x720)
recordingDurationRear3 = 400Seconds
Start video recording
Stop video recording
Select settings option
Select 5thBack Video Resolution: 1.6M (1440x1080)
recordingDurationRear4 = 240Seconds
Start video recording
Stop video recording
Select settings option
Select 6th Back Video Resolution: 1.2M (1080x1080)
recordingDurationRear5 = 120Seconds
Start video recording
Stop video recording
Select settings option
Select 7th Back Video Resolution: 4K (3840x2160)
recordingDurationRear6 = 120Seconds
Start video recording
Stop video recording
Switch to defalut Photo mode
Pass: Rear video recording is successfull
Launch File Manager Application to verify captured videos
swipe up and search for sd card
Select  SD Card
switch to grid view mode to select dcim folder
Select DCIM Folder
Select Camera Folder
switch back to list  view mode
Select More Options 
Click On Select All Options
Test10_Bcam_video: 7 Videos captured successfull
===================================================================================================================================================================================================================================================================================================================================================================================================================================================================================================================================================================================================================================================================================================================================
Calling RecordedVideoPlayback() for Playing Highest record video, fast forward video play back scenario
Launch files Application select usd card ply highest resolution recorded video and fastforward same
swipe up and search for sd card
Select External Storage
switch to grid view mode to select dcim folder
Select DCIM folder
Select Camera folder
switch back to list  view mode
select more options
Select Sort BY
Select Largest first
Click on first file to play highest recorded resolution video file from usd card
Started video playback
Tap Somewhere on Screen for contents to visible on Screen
Fast forward video for 10 seconds
Pause video 
Pass: Recorded Video play back and fast forward successfull 
===================================================================================================================================================================================================================================================================================================================================================================================================================================================================================================================================================================================================================================================================================================================================
Calling DataMovementOperation() to move recorded rear camer videos to Test10 Folder 
Re-launch file manager application and select external storage for data move operation, select all rear camera videos present in camera folder and move to Test10 folder
Select external storage
switch to grid view mode and select DCIM folder
Select DCIM folder
Select camera folder
switch to list view mode
Click More options
Click select all
Click More options
select move to option
select uSD Card
Select ADD NEW Folder option
Name folder as Test10
Accept create folder
Cut paste  video files operation completed successfully
Test10: Data move operation completed successfully
Pass: Test10 Pass for data move operation successfully
===================================================================================================================================================================================================================================================================================================================================================================================================================================================================================================================================================================================================================================================================================================================================
Calling copiedvideosPlayBack() for playing copied video file from Test1 folder
Launch file manager application, select uSD card, select Test1 folder, select Videos folder and Play copied videos and fast forward the same 
swipe up and search for sd card
Select external storage
switch to grid view mode to select Test1 folder
Select test1folder
Select test_file folder
Select OneGB folder
switch back to list  view mode
Select video folder
Select LG_4K_DEMO_HDR_2018_(60FPS)_ELBA(480p).mp4 file from uSD card(Test1-->videos) for video playback and fast forward
Select LG_4K_DEMO_HDR_2018_(60FPS)_ELBA(480p).mp4 file for video playback
Started video playback
Tap Somewhere on Screen for contents to visible on Screen
Click fast forward button for 10 seconds video forward
Pause video 
Select FHD 5.1 ( 1350 X 2560 ).webm file from uSD card(Test1-->videos) for video playback and fast forward
Started video playback
Tap Somewhere on Screen for contents to visible on Screen
Pause video 
Pass: FHD Video play back and fast forward is successful 
===================================================================================================================================================================================================================================================================================================================================================================================================================================================================================================================================================================================================================================================================================================================================
Final message: Pass Test10 Pass for Playing Copied Video files, recorded video file and fast forward video play back scenario 
Test: End
===================================================================================================================================================================================================================================================================================================================================================================================================================================================================================================================================================================================================================================================================================================================================
]]></system-out>
    <system-err><![CDATA[2023-01-12 15:23:34 INFO   io.appium.java_client.remote.AppiumCommandExecutor$1 lambda$0 Detected dialect: W3C
2023-01-12 15:23:39 INFO   io.appium.java_client.remote.AppiumCommandExecutor$1 lambda$0 Detected dialect: W3C
org.openqa.selenium.NoSuchElementException: An element could not be located on the page using the given search parameters.
For documentation on this error, please visit: https://www.seleniumhq.org/exceptions/no_such_element.html
Build info: version: '3.141.59', revision: 'e82be7d358', time: '2018-11-14T08:17:03'
System info: host: 'SD-APPS-200', ip: '10.65.150.243', os.name: 'Windows 10', os.arch: 'amd64', os.version: '10.0', java.version: '1.8.0_202'
Driver info: io.appium.java_client.android.AndroidDriver
Capabilities {automationName: UiAutomator2, databaseEnabled: false, desired: {automationName: UiAutomator2, deviceName: AQUOS R3, newCommandTimeout: 1200, platformName: android, platformVersion: 11, udid: 357787090740490}, deviceApiLevel: 30, deviceManufacturer: SHARP, deviceModel: SH-04L, deviceName: 357787090740490, deviceScreenDensity: 640, deviceScreenSize: 1440x3120, deviceUDID: 357787090740490, javascriptEnabled: true, locationContextEnabled: false, networkConnectionEnabled: true, newCommandTimeout: 1200, pixelRatio: 4, platform: LINUX, platformName: Android, platformVersion: 11, statBarHeight: 140, takesScreenshot: true, udid: 357787090740490, viewportRect: {height: 2648, left: 0, top: 140, width: 1440}, warnings: {}, webStorageEnabled: false}
Session ID: b09d10a5-fac6-4800-a915-36c2a90cd39b
*** Element info: {Using=-android uiautomator, value=new UiSelector().text("WHILE USING THE APP")}
	at sun.reflect.NativeConstructorAccessorImpl.newInstance0(Native Method)
	at sun.reflect.NativeConstructorAccessorImpl.newInstance(NativeConstructorAccessorImpl.java:62)
	at sun.reflect.DelegatingConstructorAccessorImpl.newInstance(DelegatingConstructorAccessorImpl.java:45)
	at java.lang.reflect.Constructor.newInstance(Constructor.java:423)
	at org.openqa.selenium.remote.http.W3CHttpResponseCodec.createException(W3CHttpResponseCodec.java:187)
	at org.openqa.selenium.remote.http.W3CHttpResponseCodec.decode(W3CHttpResponseCodec.java:122)
	at org.openqa.selenium.remote.http.W3CHttpResponseCodec.decode(W3CHttpResponseCodec.java:49)
	at org.openqa.selenium.remote.HttpCommandExecutor.execute(HttpCommandExecutor.java:158)
	at io.appium.java_client.remote.AppiumCommandExecutor.execute(AppiumCommandExecutor.java:239)
	at org.openqa.selenium.remote.RemoteWebDriver.execute(RemoteWebDriver.java:552)
	at io.appium.java_client.DefaultGenericMobileDriver.execute(DefaultGenericMobileDriver.java:42)
	at io.appium.java_client.AppiumDriver.execute(AppiumDriver.java:1)
	at io.appium.java_client.android.AndroidDriver.execute(AndroidDriver.java:1)
	at org.openqa.selenium.remote.RemoteWebDriver.findElement(RemoteWebDriver.java:323)
	at io.appium.java_client.DefaultGenericMobileDriver.findElement(DefaultGenericMobileDriver.java:62)
	at io.appium.java_client.AppiumDriver.findElement(AppiumDriver.java:1)
	at io.appium.java_client.android.AndroidDriver.findElement(AndroidDriver.java:1)
	at io.appium.java_client.FindsByAndroidUIAutomator.findElementByAndroidUIAutomator(FindsByAndroidUIAutomator.java:38)
	at Sharp_Aquos_R3.Test10.rearVideoRec(Test10.java:129)
	at sun.reflect.NativeMethodAccessorImpl.invoke0(Native Method)
	at sun.reflect.NativeMethodAccessorImpl.invoke(NativeMethodAccessorImpl.java:62)
	at sun.reflect.DelegatingMethodAccessorImpl.invoke(DelegatingMethodAccessorImpl.java:43)
	at java.lang.reflect.Method.invoke(Method.java:498)
	at org.testng.internal.MethodInvocationHelper.invokeMethod(MethodInvocationHelper.java:80)
	at org.testng.internal.Invoker.invokeMethod(Invoker.java:673)
	at org.testng.internal.Invoker.invokeTestMethod(Invoker.java:842)
	at org.testng.internal.Invoker.invokeTestMethods(Invoker.java:1166)
	at org.testng.internal.TestMethodWorker.invokeTestMethods(TestMethodWorker.java:125)
	at org.testng.internal.TestMethodWorker.run(TestMethodWorker.java:109)
	at org.testng.TestRunner.runWorkers(TestRunner.java:1178)
	at org.testng.TestRunner.privateRun(TestRunner.java:757)
	at org.testng.TestRunner.run(TestRunner.java:608)
	at org.testng.SuiteRunner.runTest(SuiteRunner.java:334)
	at org.testng.SuiteRunner.runSequentially(SuiteRunner.java:329)
	at org.testng.SuiteRunner.privateRun(SuiteRunner.java:291)
	at org.testng.SuiteRunner.run(SuiteRunner.java:240)
	at org.testng.SuiteRunnerWorker.runSuite(SuiteRunnerWorker.java:52)
	at org.testng.SuiteRunnerWorker.run(SuiteRunnerWorker.java:86)
	at org.testng.TestNG.runSuitesSequentially(TestNG.java:1158)
	at org.testng.TestNG.runSuitesSequentially(TestNG.java:1154)
	at org.testng.TestNG.runSuitesLocally(TestNG.java:1083)
	at org.testng.TestNG.run(TestNG.java:999)
	at org.apache.maven.surefire.testng.TestNGExecutor.run(TestNGExecutor.java:284)
	at org.apache.maven.surefire.testng.TestNGXmlTestSuite.execute(TestNGXmlTestSuite.java:75)
	at org.apache.maven.surefire.testng.TestNGProvider.invoke(TestNGProvider.java:119)
	at org.apache.maven.surefire.booter.ForkedBooter.runSuitesInProcess(ForkedBooter.java:428)
	at org.apache.maven.surefire.booter.ForkedBooter.execute(ForkedBooter.java:162)
	at org.apache.maven.surefire.booter.ForkedBooter.run(ForkedBooter.java:562)
	at org.apache.maven.surefire.booter.ForkedBooter.main(ForkedBooter.java:548)
Pass: 4K Video play back and fast forward is successful 
Click fast forward button for 10 seconds video forward
]]></system-err>
  </testcase>
  <testcase name="frontVideoRec" classname="Sharp_Aquos_R3.Test10F" time="2,548.208">
    <system-out><![CDATA[Test:Start
===================================================================================================================================================================================================================================================================================================================================================================================================================================================================================================================================================================================================================================================================================================================================
Test10F Scenario is as follows
Launch Camera application and start front camera video recording for all host applicable resolutions in uSD Card
Playback front Highest recorded video from uSD card for 30 seconds, pause video playback, lock mobile and wait 30 seconds, unlock mobile and playback video from pause video duration
Setting up the appium desired capabilities
===================================================================================================================================================================================================================================================================================================================================================================================================================================================================================================================================================================================================================================================================================================================================
Launch Camera Application for rear camera video recording
Permission request
Allow Camera to access this device’s location?
Test10F_Fcam_res: 5 resolutions supported
Clicking Video Tab
Select settings option
 select common
Save To settings option
Select sd card option
click on front camera
Select settings option
Select First front video resolution: 1.8M (1920x960)
recordingDurationFront = 400
Start video recording
Stop video recording
Select settings option
Select second front video resolution:FULL HD (1920x1080)
recordingDurationFront1 = 400
Start video recording
Stop video recording
Select settings option
Select third front video resolution: Video Stabilization
recordingDurationFront2 = 400
Start video recording
Stop video recording
Select settings option
Select fourth front video resolution: 1.2M (1080x1080)
recordingDurationFront3 = 240
Start video recording
Stop video recording
Select settings option
Select fifth front video resolution: 4K (3840x2160)
recordingDurationFront4 = 120
Start video recording
Stop video recording
Click On back camera mode
Switch to defalut Photo mode
Pass: Test10F pass for front camera video recording
===================================================================================================================================================================================================================================================================================================================================================================================================================================================================================================================================================================================================================================================================================================================================
Launch File Manager Application to verify captured videos
Select  SD Card
swipe up and search for dcim
Select DCIM Folder
Select Camera Folder
Select More Options 
Click On Select All Options
Test10F_Fcam_video: 5 Videos captured successfull
===================================================================================================================================================================================================================================================================================================================================================================================================================================================================================================================================================================================================================================================================================================================================
Calling VideoPlayBackForSleepWake()
Launch File Manager application and playback front recorded video from USD for 30 seconds, pause video playback, locking phone and unlock after 30 seconds delay and playback video from pause duration.
swipe up and search for sd card
Select External Storage
switch to grid view mode and select DCIM folder
//Select DCIM Folder
//Select  camera
switch back to list  view mode
select more options
Select Sort BY
Select Newest date first
Click on first file to play newest date frist recorded resolution video file in usd card
Started video playback
Tap Somewhere on Screen for contents to visible on Screen
Lock Mobile with 30 seconds delay
Wait For 30Seconds
Unlock Mobile
Pause video 
Pass: Test10F Pass for Front video play back, Pause,Lock and Unlock Phone Play back from Pause duration Scenario
===================================================================================================================================================================================================================================================================================================================================================================================================================================================================================================================================================================================================================================================================================================================================
Calling Data Move Operation
Re-launch file manager application and select external storage for data move operation, select all rear camera videos present in camera folder and move to Test10 folder
Select external storage
switch to grid view mode and select DCIM folder
Select DCIM folder
Select camera folder
switch to list view mode
Click More options
Click select all
Click More options
select move to option
select uSD Card
Select ADD NEW Folder option
Name folder as Test10F
Accept create folder
Cut paste  video files operation completed successfully
Test10F: Data move operation completed successfully
Pass: Test10F Pass for data move operation successfully
===================================================================================================================================================================================================================================================================================================================================================================================================================================================================================================================================================================================================================================================================================================================================
Final Message: Pass Test10F Pass for Pause Video Playback
Test: End
===================================================================================================================================================================================================================================================================================================================================================================================================================================================================================================================================================================================================================================================================================================================================
===================================================================================================================================================================================================================================================================================================================================================================================================================================================================================================================================================================================================================================================================================================================================
]]></system-out>
    <system-err><![CDATA[2023-01-12 16:18:32 INFO   io.appium.java_client.remote.AppiumCommandExecutor$1 lambda$0 Detected dialect: W3C
2023-01-12 16:18:38 INFO   io.appium.java_client.remote.AppiumCommandExecutor$1 lambda$0 Detected dialect: W3C
org.openqa.selenium.NoSuchElementException: An element could not be located on the page using the given search parameters.
For documentation on this error, please visit: https://www.seleniumhq.org/exceptions/no_such_element.html
Build info: version: '3.141.59', revision: 'e82be7d358', time: '2018-11-14T08:17:03'
System info: host: 'SD-APPS-200', ip: '10.65.150.243', os.name: 'Windows 10', os.arch: 'amd64', os.version: '10.0', java.version: '1.8.0_202'
Driver info: io.appium.java_client.android.AndroidDriver
Capabilities {automationName: UiAutomator2, databaseEnabled: false, desired: {automationName: UiAutomator2, deviceName: AQUOS R3, newCommandTimeout: 1200, platformName: android, platformVersion: 11, udid: 357787090740490}, deviceApiLevel: 30, deviceManufacturer: SHARP, deviceModel: SH-04L, deviceName: 357787090740490, deviceScreenDensity: 640, deviceScreenSize: 1440x3120, deviceUDID: 357787090740490, javascriptEnabled: true, locationContextEnabled: false, networkConnectionEnabled: true, newCommandTimeout: 1200, pixelRatio: 4, platform: LINUX, platformName: Android, platformVersion: 11, statBarHeight: 140, takesScreenshot: true, udid: 357787090740490, viewportRect: {height: 2648, left: 0, top: 140, width: 1440}, warnings: {}, webStorageEnabled: false}
Session ID: 7f34dd1b-7523-48e9-aa08-f0bc14fcb9b6
*** Element info: {Using=-android uiautomator, value=new UiSelector().text("WHILE USING THE APP")}
	at sun.reflect.NativeConstructorAccessorImpl.newInstance0(Native Method)
	at sun.reflect.NativeConstructorAccessorImpl.newInstance(NativeConstructorAccessorImpl.java:62)
	at sun.reflect.DelegatingConstructorAccessorImpl.newInstance(DelegatingConstructorAccessorImpl.java:45)
	at java.lang.reflect.Constructor.newInstance(Constructor.java:423)
	at org.openqa.selenium.remote.http.W3CHttpResponseCodec.createException(W3CHttpResponseCodec.java:187)
	at org.openqa.selenium.remote.http.W3CHttpResponseCodec.decode(W3CHttpResponseCodec.java:122)
	at org.openqa.selenium.remote.http.W3CHttpResponseCodec.decode(W3CHttpResponseCodec.java:49)
	at org.openqa.selenium.remote.HttpCommandExecutor.execute(HttpCommandExecutor.java:158)
	at io.appium.java_client.remote.AppiumCommandExecutor.execute(AppiumCommandExecutor.java:239)
	at org.openqa.selenium.remote.RemoteWebDriver.execute(RemoteWebDriver.java:552)
	at io.appium.java_client.DefaultGenericMobileDriver.execute(DefaultGenericMobileDriver.java:42)
	at io.appium.java_client.AppiumDriver.execute(AppiumDriver.java:1)
	at io.appium.java_client.android.AndroidDriver.execute(AndroidDriver.java:1)
	at org.openqa.selenium.remote.RemoteWebDriver.findElement(RemoteWebDriver.java:323)
	at io.appium.java_client.DefaultGenericMobileDriver.findElement(DefaultGenericMobileDriver.java:62)
	at io.appium.java_client.AppiumDriver.findElement(AppiumDriver.java:1)
	at io.appium.java_client.android.AndroidDriver.findElement(AndroidDriver.java:1)
	at io.appium.java_client.FindsByAndroidUIAutomator.findElementByAndroidUIAutomator(FindsByAndroidUIAutomator.java:38)
	at Sharp_Aquos_R3.Test10F.frontVideoRec(Test10F.java:119)
	at sun.reflect.NativeMethodAccessorImpl.invoke0(Native Method)
	at sun.reflect.NativeMethodAccessorImpl.invoke(NativeMethodAccessorImpl.java:62)
	at sun.reflect.DelegatingMethodAccessorImpl.invoke(DelegatingMethodAccessorImpl.java:43)
	at java.lang.reflect.Method.invoke(Method.java:498)
	at org.testng.internal.MethodInvocationHelper.invokeMethod(MethodInvocationHelper.java:80)
	at org.testng.internal.Invoker.invokeMethod(Invoker.java:673)
	at org.testng.internal.Invoker.invokeTestMethod(Invoker.java:842)
	at org.testng.internal.Invoker.invokeTestMethods(Invoker.java:1166)
	at org.testng.internal.TestMethodWorker.invokeTestMethods(TestMethodWorker.java:125)
	at org.testng.internal.TestMethodWorker.run(TestMethodWorker.java:109)
	at org.testng.TestRunner.runWorkers(TestRunner.java:1178)
	at org.testng.TestRunner.privateRun(TestRunner.java:757)
	at org.testng.TestRunner.run(TestRunner.java:608)
	at org.testng.SuiteRunner.runTest(SuiteRunner.java:334)
	at org.testng.SuiteRunner.runSequentially(SuiteRunner.java:329)
	at org.testng.SuiteRunner.privateRun(SuiteRunner.java:291)
	at org.testng.SuiteRunner.run(SuiteRunner.java:240)
	at org.testng.SuiteRunnerWorker.runSuite(SuiteRunnerWorker.java:52)
	at org.testng.SuiteRunnerWorker.run(SuiteRunnerWorker.java:86)
	at org.testng.TestNG.runSuitesSequentially(TestNG.java:1158)
	at org.testng.TestNG.runSuitesSequentially(TestNG.java:1154)
	at org.testng.TestNG.runSuitesLocally(TestNG.java:1083)
	at org.testng.TestNG.run(TestNG.java:999)
	at org.apache.maven.surefire.testng.TestNGExecutor.run(TestNGExecutor.java:284)
	at org.apache.maven.surefire.testng.TestNGXmlTestSuite.execute(TestNGXmlTestSuite.java:75)
	at org.apache.maven.surefire.testng.TestNGProvider.invoke(TestNGProvider.java:119)
	at org.apache.maven.surefire.booter.ForkedBooter.runSuitesInProcess(ForkedBooter.java:428)
	at org.apache.maven.surefire.booter.ForkedBooter.execute(ForkedBooter.java:162)
	at org.apache.maven.surefire.booter.ForkedBooter.run(ForkedBooter.java:562)
	at org.apache.maven.surefire.booter.ForkedBooter.main(ForkedBooter.java:548)
]]></system-err>
  </testcase>
  <testcase name="RearPictureCapture" classname="Sharp_Aquos_R3.Test9" time="2,735.313">
    <system-out><![CDATA[Test: Start
===================================================================================================================================================================================================================================================================================================================================================================================================================================================================================================================================================================================================================================================================================================================================
Test9 Scenario is follows:
Launch camera application, set USD as a Storage option, start rear camera Image capture for all host resolutions
Setting up the appium desired capabilities
Launch Camera application for rear Picture capture for all host resolution
Permission request
Allow Camera to access this device’s location?
Test9_Bcam_res: 5 resolutions supported
Select settings option
common
Save To settings option
Select sd card option
Select settings
Select sd card option
Select zero Image Resoution:8.1M (4032x2016) 
totalPictureCountRear = 75
clicking Image of 0th Resolutions 8.1M (4032x2016): 0
clicking Image of 0th Resolutions 8.1M (4032x2016): 1
clicking Image of 0th Resolutions 8.1M (4032x2016): 2
clicking Image of 0th Resolutions 8.1M (4032x2016): 3
clicking Image of 0th Resolutions 8.1M (4032x2016): 4
clicking Image of 0th Resolutions 8.1M (4032x2016): 5
clicking Image of 0th Resolutions 8.1M (4032x2016): 6
clicking Image of 0th Resolutions 8.1M (4032x2016): 7
clicking Image of 0th Resolutions 8.1M (4032x2016): 8
clicking Image of 0th Resolutions 8.1M (4032x2016): 9
clicking Image of 0th Resolutions 8.1M (4032x2016): 10
clicking Image of 0th Resolutions 8.1M (4032x2016): 11
clicking Image of 0th Resolutions 8.1M (4032x2016): 12
clicking Image of 0th Resolutions 8.1M (4032x2016): 13
clicking Image of 0th Resolutions 8.1M (4032x2016): 14
clicking Image of 0th Resolutions 8.1M (4032x2016): 15
clicking Image of 0th Resolutions 8.1M (4032x2016): 16
clicking Image of 0th Resolutions 8.1M (4032x2016): 17
clicking Image of 0th Resolutions 8.1M (4032x2016): 18
clicking Image of 0th Resolutions 8.1M (4032x2016): 19
clicking Image of 0th Resolutions 8.1M (4032x2016): 20
clicking Image of 0th Resolutions 8.1M (4032x2016): 21
clicking Image of 0th Resolutions 8.1M (4032x2016): 22
clicking Image of 0th Resolutions 8.1M (4032x2016): 23
clicking Image of 0th Resolutions 8.1M (4032x2016): 24
clicking Image of 0th Resolutions 8.1M (4032x2016): 25
clicking Image of 0th Resolutions 8.1M (4032x2016): 26
clicking Image of 0th Resolutions 8.1M (4032x2016): 27
clicking Image of 0th Resolutions 8.1M (4032x2016): 28
clicking Image of 0th Resolutions 8.1M (4032x2016): 29
clicking Image of 0th Resolutions 8.1M (4032x2016): 30
clicking Image of 0th Resolutions 8.1M (4032x2016): 31
clicking Image of 0th Resolutions 8.1M (4032x2016): 32
clicking Image of 0th Resolutions 8.1M (4032x2016): 33
clicking Image of 0th Resolutions 8.1M (4032x2016): 34
clicking Image of 0th Resolutions 8.1M (4032x2016): 35
clicking Image of 0th Resolutions 8.1M (4032x2016): 36
clicking Image of 0th Resolutions 8.1M (4032x2016): 37
clicking Image of 0th Resolutions 8.1M (4032x2016): 38
clicking Image of 0th Resolutions 8.1M (4032x2016): 39
clicking Image of 0th Resolutions 8.1M (4032x2016): 40
clicking Image of 0th Resolutions 8.1M (4032x2016): 41
clicking Image of 0th Resolutions 8.1M (4032x2016): 42
clicking Image of 0th Resolutions 8.1M (4032x2016): 43
clicking Image of 0th Resolutions 8.1M (4032x2016): 44
clicking Image of 0th Resolutions 8.1M (4032x2016): 45
clicking Image of 0th Resolutions 8.1M (4032x2016): 46
clicking Image of 0th Resolutions 8.1M (4032x2016): 47
clicking Image of 0th Resolutions 8.1M (4032x2016): 48
clicking Image of 0th Resolutions 8.1M (4032x2016): 49
clicking Image of 0th Resolutions 8.1M (4032x2016): 50
clicking Image of 0th Resolutions 8.1M (4032x2016): 51
clicking Image of 0th Resolutions 8.1M (4032x2016): 52
clicking Image of 0th Resolutions 8.1M (4032x2016): 53
clicking Image of 0th Resolutions 8.1M (4032x2016): 54
clicking Image of 0th Resolutions 8.1M (4032x2016): 55
clicking Image of 0th Resolutions 8.1M (4032x2016): 56
clicking Image of 0th Resolutions 8.1M (4032x2016): 57
clicking Image of 0th Resolutions 8.1M (4032x2016): 58
clicking Image of 0th Resolutions 8.1M (4032x2016): 59
clicking Image of 0th Resolutions 8.1M (4032x2016): 60
clicking Image of 0th Resolutions 8.1M (4032x2016): 61
clicking Image of 0th Resolutions 8.1M (4032x2016): 62
clicking Image of 0th Resolutions 8.1M (4032x2016): 63
clicking Image of 0th Resolutions 8.1M (4032x2016): 64
clicking Image of 0th Resolutions 8.1M (4032x2016): 65
clicking Image of 0th Resolutions 8.1M (4032x2016): 66
clicking Image of 0th Resolutions 8.1M (4032x2016): 67
clicking Image of 0th Resolutions 8.1M (4032x2016): 68
clicking Image of 0th Resolutions 8.1M (4032x2016): 69
clicking Image of 0th Resolutions 8.1M (4032x2016): 70
clicking Image of 0th Resolutions 8.1M (4032x2016): 71
clicking Image of 0th Resolutions 8.1M (4032x2016): 72
clicking Image of 0th Resolutions 8.1M (4032x2016): 73
clicking Image of 0th Resolutions 8.1M (4032x2016): 74
Back camera first resolution:75 images Captured succesfull
Select settings
Select sd card option
Select first Image Resoution:9.1M (4032x2268) 
totalPictureCountRear1 = 50
clicking Image of 1st Resolutions ultra 9.1M (4032x2268): 0
clicking Image of 1st Resolutions ultra 9.1M (4032x2268): 1
clicking Image of 1st Resolutions ultra 9.1M (4032x2268): 2
clicking Image of 1st Resolutions ultra 9.1M (4032x2268): 3
clicking Image of 1st Resolutions ultra 9.1M (4032x2268): 4
clicking Image of 1st Resolutions ultra 9.1M (4032x2268): 5
clicking Image of 1st Resolutions ultra 9.1M (4032x2268): 6
clicking Image of 1st Resolutions ultra 9.1M (4032x2268): 7
clicking Image of 1st Resolutions ultra 9.1M (4032x2268): 8
clicking Image of 1st Resolutions ultra 9.1M (4032x2268): 9
clicking Image of 1st Resolutions ultra 9.1M (4032x2268): 10
clicking Image of 1st Resolutions ultra 9.1M (4032x2268): 11
clicking Image of 1st Resolutions ultra 9.1M (4032x2268): 12
clicking Image of 1st Resolutions ultra 9.1M (4032x2268): 13
clicking Image of 1st Resolutions ultra 9.1M (4032x2268): 14
clicking Image of 1st Resolutions ultra 9.1M (4032x2268): 15
clicking Image of 1st Resolutions ultra 9.1M (4032x2268): 16
clicking Image of 1st Resolutions ultra 9.1M (4032x2268): 17
clicking Image of 1st Resolutions ultra 9.1M (4032x2268): 18
clicking Image of 1st Resolutions ultra 9.1M (4032x2268): 19
clicking Image of 1st Resolutions ultra 9.1M (4032x2268): 20
clicking Image of 1st Resolutions ultra 9.1M (4032x2268): 21
clicking Image of 1st Resolutions ultra 9.1M (4032x2268): 22
clicking Image of 1st Resolutions ultra 9.1M (4032x2268): 23
clicking Image of 1st Resolutions ultra 9.1M (4032x2268): 24
clicking Image of 1st Resolutions ultra 9.1M (4032x2268): 25
clicking Image of 1st Resolutions ultra 9.1M (4032x2268): 26
clicking Image of 1st Resolutions ultra 9.1M (4032x2268): 27
clicking Image of 1st Resolutions ultra 9.1M (4032x2268): 28
clicking Image of 1st Resolutions ultra 9.1M (4032x2268): 29
clicking Image of 1st Resolutions ultra 9.1M (4032x2268): 30
clicking Image of 1st Resolutions ultra 9.1M (4032x2268): 31
clicking Image of 1st Resolutions ultra 9.1M (4032x2268): 32
clicking Image of 1st Resolutions ultra 9.1M (4032x2268): 33
clicking Image of 1st Resolutions ultra 9.1M (4032x2268): 34
clicking Image of 1st Resolutions ultra 9.1M (4032x2268): 35
clicking Image of 1st Resolutions ultra 9.1M (4032x2268): 36
clicking Image of 1st Resolutions ultra 9.1M (4032x2268): 37
clicking Image of 1st Resolutions ultra 9.1M (4032x2268): 38
clicking Image of 1st Resolutions ultra 9.1M (4032x2268): 39
clicking Image of 1st Resolutions ultra 9.1M (4032x2268): 40
clicking Image of 1st Resolutions ultra 9.1M (4032x2268): 41
clicking Image of 1st Resolutions ultra 9.1M (4032x2268): 42
clicking Image of 1st Resolutions ultra 9.1M (4032x2268): 43
clicking Image of 1st Resolutions ultra 9.1M (4032x2268): 44
clicking Image of 1st Resolutions ultra 9.1M (4032x2268): 45
clicking Image of 1st Resolutions ultra 9.1M (4032x2268): 46
clicking Image of 1st Resolutions ultra 9.1M (4032x2268): 47
clicking Image of 1st Resolutions ultra 9.1M (4032x2268): 48
clicking Image of 1st Resolutions ultra 9.1M (4032x2268): 49
Back camera second resolution:50 images Captured succesfull
Select settings
Select sd card option
Select second Image Resoution:12.2M (4032x3024) 
totalPictureCountRear2 = 75
clicking Image of 2nd Resolutions ultra 12.2M (4032x3024): 0
clicking Image of 2nd Resolutions ultra 12.2M (4032x3024): 1
clicking Image of 2nd Resolutions ultra 12.2M (4032x3024): 2
clicking Image of 2nd Resolutions ultra 12.2M (4032x3024): 3
clicking Image of 2nd Resolutions ultra 12.2M (4032x3024): 4
clicking Image of 2nd Resolutions ultra 12.2M (4032x3024): 5
clicking Image of 2nd Resolutions ultra 12.2M (4032x3024): 6
clicking Image of 2nd Resolutions ultra 12.2M (4032x3024): 7
clicking Image of 2nd Resolutions ultra 12.2M (4032x3024): 8
clicking Image of 2nd Resolutions ultra 12.2M (4032x3024): 9
clicking Image of 2nd Resolutions ultra 12.2M (4032x3024): 10
clicking Image of 2nd Resolutions ultra 12.2M (4032x3024): 11
clicking Image of 2nd Resolutions ultra 12.2M (4032x3024): 12
clicking Image of 2nd Resolutions ultra 12.2M (4032x3024): 13
clicking Image of 2nd Resolutions ultra 12.2M (4032x3024): 14
clicking Image of 2nd Resolutions ultra 12.2M (4032x3024): 15
clicking Image of 2nd Resolutions ultra 12.2M (4032x3024): 16
clicking Image of 2nd Resolutions ultra 12.2M (4032x3024): 17
clicking Image of 2nd Resolutions ultra 12.2M (4032x3024): 18
clicking Image of 2nd Resolutions ultra 12.2M (4032x3024): 19
clicking Image of 2nd Resolutions ultra 12.2M (4032x3024): 20
clicking Image of 2nd Resolutions ultra 12.2M (4032x3024): 21
clicking Image of 2nd Resolutions ultra 12.2M (4032x3024): 22
clicking Image of 2nd Resolutions ultra 12.2M (4032x3024): 23
clicking Image of 2nd Resolutions ultra 12.2M (4032x3024): 24
clicking Image of 2nd Resolutions ultra 12.2M (4032x3024): 25
clicking Image of 2nd Resolutions ultra 12.2M (4032x3024): 26
clicking Image of 2nd Resolutions ultra 12.2M (4032x3024): 27
clicking Image of 2nd Resolutions ultra 12.2M (4032x3024): 28
clicking Image of 2nd Resolutions ultra 12.2M (4032x3024): 29
clicking Image of 2nd Resolutions ultra 12.2M (4032x3024): 30
clicking Image of 2nd Resolutions ultra 12.2M (4032x3024): 31
clicking Image of 2nd Resolutions ultra 12.2M (4032x3024): 32
clicking Image of 2nd Resolutions ultra 12.2M (4032x3024): 33
clicking Image of 2nd Resolutions ultra 12.2M (4032x3024): 34
clicking Image of 2nd Resolutions ultra 12.2M (4032x3024): 35
clicking Image of 2nd Resolutions ultra 12.2M (4032x3024): 36
clicking Image of 2nd Resolutions ultra 12.2M (4032x3024): 37
clicking Image of 2nd Resolutions ultra 12.2M (4032x3024): 38
clicking Image of 2nd Resolutions ultra 12.2M (4032x3024): 39
clicking Image of 2nd Resolutions ultra 12.2M (4032x3024): 40
clicking Image of 2nd Resolutions ultra 12.2M (4032x3024): 41
clicking Image of 2nd Resolutions ultra 12.2M (4032x3024): 42
clicking Image of 2nd Resolutions ultra 12.2M (4032x3024): 43
clicking Image of 2nd Resolutions ultra 12.2M (4032x3024): 44
clicking Image of 2nd Resolutions ultra 12.2M (4032x3024): 45
clicking Image of 2nd Resolutions ultra 12.2M (4032x3024): 46
clicking Image of 2nd Resolutions ultra 12.2M (4032x3024): 47
clicking Image of 2nd Resolutions ultra 12.2M (4032x3024): 48
clicking Image of 2nd Resolutions ultra 12.2M (4032x3024): 49
clicking Image of 2nd Resolutions ultra 12.2M (4032x3024): 50
clicking Image of 2nd Resolutions ultra 12.2M (4032x3024): 51
clicking Image of 2nd Resolutions ultra 12.2M (4032x3024): 52
clicking Image of 2nd Resolutions ultra 12.2M (4032x3024): 53
clicking Image of 2nd Resolutions ultra 12.2M (4032x3024): 54
clicking Image of 2nd Resolutions ultra 12.2M (4032x3024): 55
clicking Image of 2nd Resolutions ultra 12.2M (4032x3024): 56
clicking Image of 2nd Resolutions ultra 12.2M (4032x3024): 57
clicking Image of 2nd Resolutions ultra 12.2M (4032x3024): 58
clicking Image of 2nd Resolutions ultra 12.2M (4032x3024): 59
clicking Image of 2nd Resolutions ultra 12.2M (4032x3024): 60
clicking Image of 2nd Resolutions ultra 12.2M (4032x3024): 61
clicking Image of 2nd Resolutions ultra 12.2M (4032x3024): 62
clicking Image of 2nd Resolutions ultra 12.2M (4032x3024): 63
clicking Image of 2nd Resolutions ultra 12.2M (4032x3024): 64
clicking Image of 2nd Resolutions ultra 12.2M (4032x3024): 65
clicking Image of 2nd Resolutions ultra 12.2M (4032x3024): 66
clicking Image of 2nd Resolutions ultra 12.2M (4032x3024): 67
clicking Image of 2nd Resolutions ultra 12.2M (4032x3024): 68
clicking Image of 2nd Resolutions ultra 12.2M (4032x3024): 69
clicking Image of 2nd Resolutions ultra 12.2M (4032x3024): 70
clicking Image of 2nd Resolutions ultra 12.2M (4032x3024): 71
clicking Image of 2nd Resolutions ultra 12.2M (4032x3024): 72
clicking Image of 2nd Resolutions ultra 12.2M (4032x3024): 73
clicking Image of 2nd Resolutions ultra 12.2M (4032x3024): 74
Back camera third resolution:75 images Captured succesfull
Select settings
Select sd card option
Select third Image Resoution:Memo Size (1600x1200) 
totalPictureCountRear3 = 50
clicking Image of 3rd Resolutions ultra Memo Size (1600x1200): 0
clicking Image of 3rd Resolutions ultra Memo Size (1600x1200): 1
clicking Image of 3rd Resolutions ultra Memo Size (1600x1200): 2
clicking Image of 3rd Resolutions ultra Memo Size (1600x1200): 3
clicking Image of 3rd Resolutions ultra Memo Size (1600x1200): 4
clicking Image of 3rd Resolutions ultra Memo Size (1600x1200): 5
clicking Image of 3rd Resolutions ultra Memo Size (1600x1200): 6
clicking Image of 3rd Resolutions ultra Memo Size (1600x1200): 7
clicking Image of 3rd Resolutions ultra Memo Size (1600x1200): 8
clicking Image of 3rd Resolutions ultra Memo Size (1600x1200): 9
clicking Image of 3rd Resolutions ultra Memo Size (1600x1200): 10
clicking Image of 3rd Resolutions ultra Memo Size (1600x1200): 11
clicking Image of 3rd Resolutions ultra Memo Size (1600x1200): 12
clicking Image of 3rd Resolutions ultra Memo Size (1600x1200): 13
clicking Image of 3rd Resolutions ultra Memo Size (1600x1200): 14
clicking Image of 3rd Resolutions ultra Memo Size (1600x1200): 15
clicking Image of 3rd Resolutions ultra Memo Size (1600x1200): 16
clicking Image of 3rd Resolutions ultra Memo Size (1600x1200): 17
clicking Image of 3rd Resolutions ultra Memo Size (1600x1200): 18
clicking Image of 3rd Resolutions ultra Memo Size (1600x1200): 19
clicking Image of 3rd Resolutions ultra Memo Size (1600x1200): 20
clicking Image of 3rd Resolutions ultra Memo Size (1600x1200): 21
clicking Image of 3rd Resolutions ultra Memo Size (1600x1200): 22
clicking Image of 3rd Resolutions ultra Memo Size (1600x1200): 23
clicking Image of 3rd Resolutions ultra Memo Size (1600x1200): 24
clicking Image of 3rd Resolutions ultra Memo Size (1600x1200): 25
clicking Image of 3rd Resolutions ultra Memo Size (1600x1200): 26
clicking Image of 3rd Resolutions ultra Memo Size (1600x1200): 27
clicking Image of 3rd Resolutions ultra Memo Size (1600x1200): 28
clicking Image of 3rd Resolutions ultra Memo Size (1600x1200): 29
clicking Image of 3rd Resolutions ultra Memo Size (1600x1200): 30
clicking Image of 3rd Resolutions ultra Memo Size (1600x1200): 31
clicking Image of 3rd Resolutions ultra Memo Size (1600x1200): 32
clicking Image of 3rd Resolutions ultra Memo Size (1600x1200): 33
clicking Image of 3rd Resolutions ultra Memo Size (1600x1200): 34
clicking Image of 3rd Resolutions ultra Memo Size (1600x1200): 35
clicking Image of 3rd Resolutions ultra Memo Size (1600x1200): 36
clicking Image of 3rd Resolutions ultra Memo Size (1600x1200): 37
clicking Image of 3rd Resolutions ultra Memo Size (1600x1200): 38
clicking Image of 3rd Resolutions ultra Memo Size (1600x1200): 39
clicking Image of 3rd Resolutions ultra Memo Size (1600x1200): 40
clicking Image of 3rd Resolutions ultra Memo Size (1600x1200): 41
clicking Image of 3rd Resolutions ultra Memo Size (1600x1200): 42
clicking Image of 3rd Resolutions ultra Memo Size (1600x1200): 43
clicking Image of 3rd Resolutions ultra Memo Size (1600x1200): 44
clicking Image of 3rd Resolutions ultra Memo Size (1600x1200): 45
clicking Image of 3rd Resolutions ultra Memo Size (1600x1200): 46
clicking Image of 3rd Resolutions ultra Memo Size (1600x1200): 47
clicking Image of 3rd Resolutions ultra Memo Size (1600x1200): 48
clicking Image of 3rd Resolutions ultra Memo Size (1600x1200): 49
Back camera fourth resolution: 50 images Captured succesfull
Select settings
Select sd card option
Select fourth Image Resoution:9.1M (3024x3024) 
totalPictureCountRear4 = 50
clicking Image of 4th Resolutions ultra 9.1M (3024x3024): 0
clicking Image of 4th Resolutions ultra 9.1M (3024x3024): 1
clicking Image of 4th Resolutions ultra 9.1M (3024x3024): 2
clicking Image of 4th Resolutions ultra 9.1M (3024x3024): 3
clicking Image of 4th Resolutions ultra 9.1M (3024x3024): 4
clicking Image of 4th Resolutions ultra 9.1M (3024x3024): 5
clicking Image of 4th Resolutions ultra 9.1M (3024x3024): 6
clicking Image of 4th Resolutions ultra 9.1M (3024x3024): 7
clicking Image of 4th Resolutions ultra 9.1M (3024x3024): 8
clicking Image of 4th Resolutions ultra 9.1M (3024x3024): 9
clicking Image of 4th Resolutions ultra 9.1M (3024x3024): 10
clicking Image of 4th Resolutions ultra 9.1M (3024x3024): 11
clicking Image of 4th Resolutions ultra 9.1M (3024x3024): 12
clicking Image of 4th Resolutions ultra 9.1M (3024x3024): 13
clicking Image of 4th Resolutions ultra 9.1M (3024x3024): 14
clicking Image of 4th Resolutions ultra 9.1M (3024x3024): 15
clicking Image of 4th Resolutions ultra 9.1M (3024x3024): 16
clicking Image of 4th Resolutions ultra 9.1M (3024x3024): 17
clicking Image of 4th Resolutions ultra 9.1M (3024x3024): 18
clicking Image of 4th Resolutions ultra 9.1M (3024x3024): 19
clicking Image of 4th Resolutions ultra 9.1M (3024x3024): 20
clicking Image of 4th Resolutions ultra 9.1M (3024x3024): 21
clicking Image of 4th Resolutions ultra 9.1M (3024x3024): 22
clicking Image of 4th Resolutions ultra 9.1M (3024x3024): 23
clicking Image of 4th Resolutions ultra 9.1M (3024x3024): 24
clicking Image of 4th Resolutions ultra 9.1M (3024x3024): 25
clicking Image of 4th Resolutions ultra 9.1M (3024x3024): 26
clicking Image of 4th Resolutions ultra 9.1M (3024x3024): 27
clicking Image of 4th Resolutions ultra 9.1M (3024x3024): 28
clicking Image of 4th Resolutions ultra 9.1M (3024x3024): 29
clicking Image of 4th Resolutions ultra 9.1M (3024x3024): 30
clicking Image of 4th Resolutions ultra 9.1M (3024x3024): 31
clicking Image of 4th Resolutions ultra 9.1M (3024x3024): 32
clicking Image of 4th Resolutions ultra 9.1M (3024x3024): 33
clicking Image of 4th Resolutions ultra 9.1M (3024x3024): 34
clicking Image of 4th Resolutions ultra 9.1M (3024x3024): 35
clicking Image of 4th Resolutions ultra 9.1M (3024x3024): 36
clicking Image of 4th Resolutions ultra 9.1M (3024x3024): 37
clicking Image of 4th Resolutions ultra 9.1M (3024x3024): 38
clicking Image of 4th Resolutions ultra 9.1M (3024x3024): 39
clicking Image of 4th Resolutions ultra 9.1M (3024x3024): 40
clicking Image of 4th Resolutions ultra 9.1M (3024x3024): 41
clicking Image of 4th Resolutions ultra 9.1M (3024x3024): 42
clicking Image of 4th Resolutions ultra 9.1M (3024x3024): 43
clicking Image of 4th Resolutions ultra 9.1M (3024x3024): 44
clicking Image of 4th Resolutions ultra 9.1M (3024x3024): 45
clicking Image of 4th Resolutions ultra 9.1M (3024x3024): 46
clicking Image of 4th Resolutions ultra 9.1M (3024x3024): 47
clicking Image of 4th Resolutions ultra 9.1M (3024x3024): 48
clicking Image of 4th Resolutions ultra 9.1M (3024x3024): 49
Back camera fourth resolution: 50 images Captured succesfull
Total Count value: 300 images to be Captured 
Launch file manager application and verify recorded video present in uSD Card
Swipe up to select uSD card
Select SD card
switch to grid view mode to select DCIM folder
Select DCIM Folder
Select camera folder
switch to list view mode
Click More options
Click select all
Total Image
Test9_Bcam_image: 274 selected images Captured succesfull
Actual Value:274 selected
Interger value:274
Tolerance_Level = 75

Pass: Test9 pass for rear Image capture
Test9 Bcam_image: 274  images Captured succesfull
===================================================================================================================================================================================================================================================================================================================================================================================================================================================================================================================================================================================================================================================================================================================================
calling DataMoveOperation()
Re-launch file manager application and select external storage for data move operation, select all rear camera images files present in camera folder and move to Test9 folder
Select external storage
switch to grid view mode and select DCIM folder
Select DCIM folder
Select camera folder
switch to list view mode
Click More options
Click select all
Click More options
select move to option
select uSD Card
Select ADD NEW Folder option
Name folder as Test9
Accept create folder
Cut paste   operation completed successfully
Test9: Data move operation completed successfully
Pass: Test9 Pass for data move operation successfully
===================================================================================================================================================================================================================================================================================================================================================================================================================================================================================================================================================================================================================================================================================================================================
Final message: Pass Test9 Pass for Rear camera image capture  successfully
Test: End
===================================================================================================================================================================================================================================================================================================================================================================================================================================================================================================================================================================================================================================================================================================================================
]]></system-out>
    <system-err><![CDATA[2023-01-12 17:01:06 INFO   io.appium.java_client.remote.AppiumCommandExecutor$1 lambda$0 Detected dialect: W3C
2023-01-12 17:01:17 INFO   io.appium.java_client.remote.AppiumCommandExecutor$1 lambda$0 Detected dialect: W3C
org.openqa.selenium.NoSuchElementException: An element could not be located on the page using the given search parameters.
For documentation on this error, please visit: https://www.seleniumhq.org/exceptions/no_such_element.html
Build info: version: '3.141.59', revision: 'e82be7d358', time: '2018-11-14T08:17:03'
System info: host: 'SD-APPS-200', ip: '10.65.150.243', os.name: 'Windows 10', os.arch: 'amd64', os.version: '10.0', java.version: '1.8.0_202'
Driver info: io.appium.java_client.android.AndroidDriver
Capabilities {automationName: UiAutomator2, databaseEnabled: false, desired: {automationName: UiAutomator2, deviceName: AQUOS R3, newCommandTimeout: 600, platformName: android, platformVersion: 11, udid: 357787090740490}, deviceApiLevel: 30, deviceManufacturer: SHARP, deviceModel: SH-04L, deviceName: 357787090740490, deviceScreenDensity: 640, deviceScreenSize: 1440x3120, deviceUDID: 357787090740490, javascriptEnabled: true, locationContextEnabled: false, networkConnectionEnabled: true, newCommandTimeout: 600, pixelRatio: 4, platform: LINUX, platformName: Android, platformVersion: 11, statBarHeight: 140, takesScreenshot: true, udid: 357787090740490, viewportRect: {height: 2648, left: 0, top: 140, width: 1440}, warnings: {}, webStorageEnabled: false}
Session ID: 7c1f4e80-6eac-4fee-a406-1c2cb1f549c3
*** Element info: {Using=-android uiautomator, value=new UiSelector().text("WHILE USING THE APP")}
	at sun.reflect.NativeConstructorAccessorImpl.newInstance0(Native Method)
	at sun.reflect.NativeConstructorAccessorImpl.newInstance(NativeConstructorAccessorImpl.java:62)
	at sun.reflect.DelegatingConstructorAccessorImpl.newInstance(DelegatingConstructorAccessorImpl.java:45)
	at java.lang.reflect.Constructor.newInstance(Constructor.java:423)
	at org.openqa.selenium.remote.http.W3CHttpResponseCodec.createException(W3CHttpResponseCodec.java:187)
	at org.openqa.selenium.remote.http.W3CHttpResponseCodec.decode(W3CHttpResponseCodec.java:122)
	at org.openqa.selenium.remote.http.W3CHttpResponseCodec.decode(W3CHttpResponseCodec.java:49)
	at org.openqa.selenium.remote.HttpCommandExecutor.execute(HttpCommandExecutor.java:158)
	at io.appium.java_client.remote.AppiumCommandExecutor.execute(AppiumCommandExecutor.java:239)
	at org.openqa.selenium.remote.RemoteWebDriver.execute(RemoteWebDriver.java:552)
	at io.appium.java_client.DefaultGenericMobileDriver.execute(DefaultGenericMobileDriver.java:42)
	at io.appium.java_client.AppiumDriver.execute(AppiumDriver.java:1)
	at io.appium.java_client.android.AndroidDriver.execute(AndroidDriver.java:1)
	at org.openqa.selenium.remote.RemoteWebDriver.findElement(RemoteWebDriver.java:323)
	at io.appium.java_client.DefaultGenericMobileDriver.findElement(DefaultGenericMobileDriver.java:62)
	at io.appium.java_client.AppiumDriver.findElement(AppiumDriver.java:1)
	at io.appium.java_client.android.AndroidDriver.findElement(AndroidDriver.java:1)
	at io.appium.java_client.FindsByAndroidUIAutomator.findElementByAndroidUIAutomator(FindsByAndroidUIAutomator.java:38)
	at Sharp_Aquos_R3.Test9.RearPictureCapture(Test9.java:112)
	at sun.reflect.NativeMethodAccessorImpl.invoke0(Native Method)
	at sun.reflect.NativeMethodAccessorImpl.invoke(NativeMethodAccessorImpl.java:62)
	at sun.reflect.DelegatingMethodAccessorImpl.invoke(DelegatingMethodAccessorImpl.java:43)
	at java.lang.reflect.Method.invoke(Method.java:498)
	at org.testng.internal.MethodInvocationHelper.invokeMethod(MethodInvocationHelper.java:80)
	at org.testng.internal.Invoker.invokeMethod(Invoker.java:673)
	at org.testng.internal.Invoker.invokeTestMethod(Invoker.java:842)
	at org.testng.internal.Invoker.invokeTestMethods(Invoker.java:1166)
	at org.testng.internal.TestMethodWorker.invokeTestMethods(TestMethodWorker.java:125)
	at org.testng.internal.TestMethodWorker.run(TestMethodWorker.java:109)
	at org.testng.TestRunner.runWorkers(TestRunner.java:1178)
	at org.testng.TestRunner.privateRun(TestRunner.java:757)
	at org.testng.TestRunner.run(TestRunner.java:608)
	at org.testng.SuiteRunner.runTest(SuiteRunner.java:334)
	at org.testng.SuiteRunner.runSequentially(SuiteRunner.java:329)
	at org.testng.SuiteRunner.privateRun(SuiteRunner.java:291)
	at org.testng.SuiteRunner.run(SuiteRunner.java:240)
	at org.testng.SuiteRunnerWorker.runSuite(SuiteRunnerWorker.java:52)
	at org.testng.SuiteRunnerWorker.run(SuiteRunnerWorker.java:86)
	at org.testng.TestNG.runSuitesSequentially(TestNG.java:1158)
	at org.testng.TestNG.runSuitesSequentially(TestNG.java:1154)
	at org.testng.TestNG.runSuitesLocally(TestNG.java:1083)
	at org.testng.TestNG.run(TestNG.java:999)
	at org.apache.maven.surefire.testng.TestNGExecutor.run(TestNGExecutor.java:284)
	at org.apache.maven.surefire.testng.TestNGXmlTestSuite.execute(TestNGXmlTestSuite.java:75)
	at org.apache.maven.surefire.testng.TestNGProvider.invoke(TestNGProvider.java:119)
	at org.apache.maven.surefire.booter.ForkedBooter.runSuitesInProcess(ForkedBooter.java:428)
	at org.apache.maven.surefire.booter.ForkedBooter.execute(ForkedBooter.java:162)
	at org.apache.maven.surefire.booter.ForkedBooter.run(ForkedBooter.java:562)
	at org.apache.maven.surefire.booter.ForkedBooter.main(ForkedBooter.java:548)
org.openqa.selenium.NoSuchElementException: An element could not be located on the page using the given search parameters.
For documentation on this error, please visit: https://www.seleniumhq.org/exceptions/no_such_element.html
Build info: version: '3.141.59', revision: 'e82be7d358', time: '2018-11-14T08:17:03'
System info: host: 'SD-APPS-200', ip: '10.65.150.243', os.name: 'Windows 10', os.arch: 'amd64', os.version: '10.0', java.version: '1.8.0_202'
Driver info: io.appium.java_client.android.AndroidDriver
Capabilities {automationName: UiAutomator2, databaseEnabled: false, desired: {automationName: UiAutomator2, deviceName: AQUOS R3, newCommandTimeout: 600, platformName: android, platformVersion: 11, udid: 357787090740490}, deviceApiLevel: 30, deviceManufacturer: SHARP, deviceModel: SH-04L, deviceName: 357787090740490, deviceScreenDensity: 640, deviceScreenSize: 1440x3120, deviceUDID: 357787090740490, javascriptEnabled: true, locationContextEnabled: false, networkConnectionEnabled: true, newCommandTimeout: 600, pixelRatio: 4, platform: LINUX, platformName: Android, platformVersion: 11, statBarHeight: 140, takesScreenshot: true, udid: 357787090740490, viewportRect: {height: 2648, left: 0, top: 140, width: 1440}, warnings: {}, webStorageEnabled: false}
Session ID: 7c1f4e80-6eac-4fee-a406-1c2cb1f549c3
*** Element info: {Using=xpath, value=//*[@resource-id='com.google.android.apps.nbu.files:id/agree_button']}
	at sun.reflect.GeneratedConstructorAccessor17.newInstance(Unknown Source)
	at sun.reflect.DelegatingConstructorAccessorImpl.newInstance(DelegatingConstructorAccessorImpl.java:45)
	at java.lang.reflect.Constructor.newInstance(Constructor.java:423)
	at org.openqa.selenium.remote.http.W3CHttpResponseCodec.createException(W3CHttpResponseCodec.java:187)
	at org.openqa.selenium.remote.http.W3CHttpResponseCodec.decode(W3CHttpResponseCodec.java:122)
	at org.openqa.selenium.remote.http.W3CHttpResponseCodec.decode(W3CHttpResponseCodec.java:49)
	at org.openqa.selenium.remote.HttpCommandExecutor.execute(HttpCommandExecutor.java:158)
	at io.appium.java_client.remote.AppiumCommandExecutor.execute(AppiumCommandExecutor.java:239)
	at org.openqa.selenium.remote.RemoteWebDriver.execute(RemoteWebDriver.java:552)
	at io.appium.java_client.DefaultGenericMobileDriver.execute(DefaultGenericMobileDriver.java:42)
	at io.appium.java_client.AppiumDriver.execute(AppiumDriver.java:1)
	at io.appium.java_client.android.AndroidDriver.execute(AndroidDriver.java:1)
	at org.openqa.selenium.remote.RemoteWebDriver.findElement(RemoteWebDriver.java:323)
	at io.appium.java_client.DefaultGenericMobileDriver.findElement(DefaultGenericMobileDriver.java:62)
	at io.appium.java_client.AppiumDriver.findElement(AppiumDriver.java:1)
	at io.appium.java_client.android.AndroidDriver.findElement(AndroidDriver.java:1)
	at org.openqa.selenium.remote.RemoteWebDriver.findElementByXPath(RemoteWebDriver.java:428)
	at io.appium.java_client.DefaultGenericMobileDriver.findElementByXPath(DefaultGenericMobileDriver.java:152)
	at io.appium.java_client.AppiumDriver.findElementByXPath(AppiumDriver.java:1)
	at io.appium.java_client.android.AndroidDriver.findElementByXPath(AndroidDriver.java:1)
	at org.openqa.selenium.By$ByXPath.findElement(By.java:353)
	at org.openqa.selenium.remote.RemoteWebDriver.findElement(RemoteWebDriver.java:315)
	at io.appium.java_client.DefaultGenericMobileDriver.findElement(DefaultGenericMobileDriver.java:58)
	at io.appium.java_client.AppiumDriver.findElement(AppiumDriver.java:1)
	at io.appium.java_client.android.AndroidDriver.findElement(AndroidDriver.java:1)
	at Sharp_Aquos_R3.Test9.RearPictureCapture(Test9.java:368)
	at sun.reflect.NativeMethodAccessorImpl.invoke0(Native Method)
	at sun.reflect.NativeMethodAccessorImpl.invoke(NativeMethodAccessorImpl.java:62)
	at sun.reflect.DelegatingMethodAccessorImpl.invoke(DelegatingMethodAccessorImpl.java:43)
	at java.lang.reflect.Method.invoke(Method.java:498)
	at org.testng.internal.MethodInvocationHelper.invokeMethod(MethodInvocationHelper.java:80)
	at org.testng.internal.Invoker.invokeMethod(Invoker.java:673)
	at org.testng.internal.Invoker.invokeTestMethod(Invoker.java:842)
	at org.testng.internal.Invoker.invokeTestMethods(Invoker.java:1166)
	at org.testng.internal.TestMethodWorker.invokeTestMethods(TestMethodWorker.java:125)
	at org.testng.internal.TestMethodWorker.run(TestMethodWorker.java:109)
	at org.testng.TestRunner.runWorkers(TestRunner.java:1178)
	at org.testng.TestRunner.privateRun(TestRunner.java:757)
	at org.testng.TestRunner.run(TestRunner.java:608)
	at org.testng.SuiteRunner.runTest(SuiteRunner.java:334)
	at org.testng.SuiteRunner.runSequentially(SuiteRunner.java:329)
	at org.testng.SuiteRunner.privateRun(SuiteRunner.java:291)
	at org.testng.SuiteRunner.run(SuiteRunner.java:240)
	at org.testng.SuiteRunnerWorker.runSuite(SuiteRunnerWorker.java:52)
	at org.testng.SuiteRunnerWorker.run(SuiteRunnerWorker.java:86)
	at org.testng.TestNG.runSuitesSequentially(TestNG.java:1158)
	at org.testng.TestNG.runSuitesSequentially(TestNG.java:1154)
	at org.testng.TestNG.runSuitesLocally(TestNG.java:1083)
	at org.testng.TestNG.run(TestNG.java:999)
	at org.apache.maven.surefire.testng.TestNGExecutor.run(TestNGExecutor.java:284)
	at org.apache.maven.surefire.testng.TestNGXmlTestSuite.execute(TestNGXmlTestSuite.java:75)
	at org.apache.maven.surefire.testng.TestNGProvider.invoke(TestNGProvider.java:119)
	at org.apache.maven.surefire.booter.ForkedBooter.runSuitesInProcess(ForkedBooter.java:428)
	at org.apache.maven.surefire.booter.ForkedBooter.execute(ForkedBooter.java:162)
	at org.apache.maven.surefire.booter.ForkedBooter.run(ForkedBooter.java:562)
	at org.apache.maven.surefire.booter.ForkedBooter.main(ForkedBooter.java:548)
]]></system-err>
  </testcase>
  <testcase name="FrontPictureCapture" classname="Sharp_Aquos_R3.Test9F" time="2,129.623">
    <system-out><![CDATA[Test: Start
===================================================================================================================================================================================================================================================================================================================================================================================================================================================================================================================================================================================================================================================================================================================================
Test9F Scenario is as follows:
Launch camera application, set uSD as a Storage option, start Front camera image picture capture for all Host front resolutions
Setting up the appium desired capabilities
===================================================================================================================================================================================================================================================================================================================================================================================================================================================================================================================================================================================================================================================================================================================================
Launch Camera Application for Front camera picture Capture for all Host resolutions
Permission request
Allow Camera to access this device’s location?
Test9F_Fcam_res: 4 resolutions supported
Select settings option
select common
Save To settings option
Select sd card option
Click on front camera
Select settings
Select camera resolution
Select first Image Resoution:10.8M (4656x2328) 
totalPictureCountFront = 75
clicking Image of 1st Resolutions 10.8M (4656x2328) : 0
clicking Image of 1st Resolutions 10.8M (4656x2328) : 1
clicking Image of 1st Resolutions 10.8M (4656x2328) : 2
clicking Image of 1st Resolutions 10.8M (4656x2328) : 3
clicking Image of 1st Resolutions 10.8M (4656x2328) : 4
clicking Image of 1st Resolutions 10.8M (4656x2328) : 5
clicking Image of 1st Resolutions 10.8M (4656x2328) : 6
clicking Image of 1st Resolutions 10.8M (4656x2328) : 7
clicking Image of 1st Resolutions 10.8M (4656x2328) : 8
clicking Image of 1st Resolutions 10.8M (4656x2328) : 9
clicking Image of 1st Resolutions 10.8M (4656x2328) : 10
clicking Image of 1st Resolutions 10.8M (4656x2328) : 11
clicking Image of 1st Resolutions 10.8M (4656x2328) : 12
clicking Image of 1st Resolutions 10.8M (4656x2328) : 13
clicking Image of 1st Resolutions 10.8M (4656x2328) : 14
clicking Image of 1st Resolutions 10.8M (4656x2328) : 15
clicking Image of 1st Resolutions 10.8M (4656x2328) : 16
clicking Image of 1st Resolutions 10.8M (4656x2328) : 17
clicking Image of 1st Resolutions 10.8M (4656x2328) : 18
clicking Image of 1st Resolutions 10.8M (4656x2328) : 19
clicking Image of 1st Resolutions 10.8M (4656x2328) : 20
clicking Image of 1st Resolutions 10.8M (4656x2328) : 21
clicking Image of 1st Resolutions 10.8M (4656x2328) : 22
clicking Image of 1st Resolutions 10.8M (4656x2328) : 23
clicking Image of 1st Resolutions 10.8M (4656x2328) : 24
clicking Image of 1st Resolutions 10.8M (4656x2328) : 25
clicking Image of 1st Resolutions 10.8M (4656x2328) : 26
clicking Image of 1st Resolutions 10.8M (4656x2328) : 27
clicking Image of 1st Resolutions 10.8M (4656x2328) : 28
clicking Image of 1st Resolutions 10.8M (4656x2328) : 29
clicking Image of 1st Resolutions 10.8M (4656x2328) : 30
clicking Image of 1st Resolutions 10.8M (4656x2328) : 31
clicking Image of 1st Resolutions 10.8M (4656x2328) : 32
clicking Image of 1st Resolutions 10.8M (4656x2328) : 33
clicking Image of 1st Resolutions 10.8M (4656x2328) : 34
clicking Image of 1st Resolutions 10.8M (4656x2328) : 35
clicking Image of 1st Resolutions 10.8M (4656x2328) : 36
clicking Image of 1st Resolutions 10.8M (4656x2328) : 37
clicking Image of 1st Resolutions 10.8M (4656x2328) : 38
clicking Image of 1st Resolutions 10.8M (4656x2328) : 39
clicking Image of 1st Resolutions 10.8M (4656x2328) : 40
clicking Image of 1st Resolutions 10.8M (4656x2328) : 41
clicking Image of 1st Resolutions 10.8M (4656x2328) : 42
clicking Image of 1st Resolutions 10.8M (4656x2328) : 43
clicking Image of 1st Resolutions 10.8M (4656x2328) : 44
clicking Image of 1st Resolutions 10.8M (4656x2328) : 45
clicking Image of 1st Resolutions 10.8M (4656x2328) : 46
clicking Image of 1st Resolutions 10.8M (4656x2328) : 47
clicking Image of 1st Resolutions 10.8M (4656x2328) : 48
clicking Image of 1st Resolutions 10.8M (4656x2328) : 49
clicking Image of 1st Resolutions 10.8M (4656x2328) : 50
clicking Image of 1st Resolutions 10.8M (4656x2328) : 51
clicking Image of 1st Resolutions 10.8M (4656x2328) : 52
clicking Image of 1st Resolutions 10.8M (4656x2328) : 53
clicking Image of 1st Resolutions 10.8M (4656x2328) : 54
clicking Image of 1st Resolutions 10.8M (4656x2328) : 55
clicking Image of 1st Resolutions 10.8M (4656x2328) : 56
clicking Image of 1st Resolutions 10.8M (4656x2328) : 57
clicking Image of 1st Resolutions 10.8M (4656x2328) : 58
clicking Image of 1st Resolutions 10.8M (4656x2328) : 59
clicking Image of 1st Resolutions 10.8M (4656x2328) : 60
clicking Image of 1st Resolutions 10.8M (4656x2328) : 61
clicking Image of 1st Resolutions 10.8M (4656x2328) : 62
clicking Image of 1st Resolutions 10.8M (4656x2328) : 63
clicking Image of 1st Resolutions 10.8M (4656x2328) : 64
clicking Image of 1st Resolutions 10.8M (4656x2328) : 65
clicking Image of 1st Resolutions 10.8M (4656x2328) : 66
clicking Image of 1st Resolutions 10.8M (4656x2328) : 67
clicking Image of 1st Resolutions 10.8M (4656x2328) : 68
clicking Image of 1st Resolutions 10.8M (4656x2328) : 69
clicking Image of 1st Resolutions 10.8M (4656x2328) : 70
clicking Image of 1st Resolutions 10.8M (4656x2328) : 71
clicking Image of 1st Resolutions 10.8M (4656x2328) : 72
clicking Image of 1st Resolutions 10.8M (4656x2328) : 73
clicking Image of 1st Resolutions 10.8M (4656x2328) : 74
front camera first resolution:75 images Captured succesfull
Select settings
Select camera resolution
Select second Image Resoution: 12.2M (4656x2620)
totalPictureCountFront1 = 75
clicking Image of 2nd Resolutions 12.2M (4656x2620) : 0
clicking Image of 2nd Resolutions 12.2M (4656x2620) : 1
clicking Image of 2nd Resolutions 12.2M (4656x2620) : 2
clicking Image of 2nd Resolutions 12.2M (4656x2620) : 3
clicking Image of 2nd Resolutions 12.2M (4656x2620) : 4
clicking Image of 2nd Resolutions 12.2M (4656x2620) : 5
clicking Image of 2nd Resolutions 12.2M (4656x2620) : 6
clicking Image of 2nd Resolutions 12.2M (4656x2620) : 7
clicking Image of 2nd Resolutions 12.2M (4656x2620) : 8
clicking Image of 2nd Resolutions 12.2M (4656x2620) : 9
clicking Image of 2nd Resolutions 12.2M (4656x2620) : 10
clicking Image of 2nd Resolutions 12.2M (4656x2620) : 11
clicking Image of 2nd Resolutions 12.2M (4656x2620) : 12
clicking Image of 2nd Resolutions 12.2M (4656x2620) : 13
clicking Image of 2nd Resolutions 12.2M (4656x2620) : 14
clicking Image of 2nd Resolutions 12.2M (4656x2620) : 15
clicking Image of 2nd Resolutions 12.2M (4656x2620) : 16
clicking Image of 2nd Resolutions 12.2M (4656x2620) : 17
clicking Image of 2nd Resolutions 12.2M (4656x2620) : 18
clicking Image of 2nd Resolutions 12.2M (4656x2620) : 19
clicking Image of 2nd Resolutions 12.2M (4656x2620) : 20
clicking Image of 2nd Resolutions 12.2M (4656x2620) : 21
clicking Image of 2nd Resolutions 12.2M (4656x2620) : 22
clicking Image of 2nd Resolutions 12.2M (4656x2620) : 23
clicking Image of 2nd Resolutions 12.2M (4656x2620) : 24
clicking Image of 2nd Resolutions 12.2M (4656x2620) : 25
clicking Image of 2nd Resolutions 12.2M (4656x2620) : 26
clicking Image of 2nd Resolutions 12.2M (4656x2620) : 27
clicking Image of 2nd Resolutions 12.2M (4656x2620) : 28
clicking Image of 2nd Resolutions 12.2M (4656x2620) : 29
clicking Image of 2nd Resolutions 12.2M (4656x2620) : 30
clicking Image of 2nd Resolutions 12.2M (4656x2620) : 31
clicking Image of 2nd Resolutions 12.2M (4656x2620) : 32
clicking Image of 2nd Resolutions 12.2M (4656x2620) : 33
clicking Image of 2nd Resolutions 12.2M (4656x2620) : 34
clicking Image of 2nd Resolutions 12.2M (4656x2620) : 35
clicking Image of 2nd Resolutions 12.2M (4656x2620) : 36
clicking Image of 2nd Resolutions 12.2M (4656x2620) : 37
clicking Image of 2nd Resolutions 12.2M (4656x2620) : 38
clicking Image of 2nd Resolutions 12.2M (4656x2620) : 39
clicking Image of 2nd Resolutions 12.2M (4656x2620) : 40
clicking Image of 2nd Resolutions 12.2M (4656x2620) : 41
clicking Image of 2nd Resolutions 12.2M (4656x2620) : 42
clicking Image of 2nd Resolutions 12.2M (4656x2620) : 43
clicking Image of 2nd Resolutions 12.2M (4656x2620) : 44
clicking Image of 2nd Resolutions 12.2M (4656x2620) : 45
clicking Image of 2nd Resolutions 12.2M (4656x2620) : 46
clicking Image of 2nd Resolutions 12.2M (4656x2620) : 47
clicking Image of 2nd Resolutions 12.2M (4656x2620) : 48
clicking Image of 2nd Resolutions 12.2M (4656x2620) : 49
clicking Image of 2nd Resolutions 12.2M (4656x2620) : 50
clicking Image of 2nd Resolutions 12.2M (4656x2620) : 51
clicking Image of 2nd Resolutions 12.2M (4656x2620) : 52
clicking Image of 2nd Resolutions 12.2M (4656x2620) : 53
clicking Image of 2nd Resolutions 12.2M (4656x2620) : 54
clicking Image of 2nd Resolutions 12.2M (4656x2620) : 55
clicking Image of 2nd Resolutions 12.2M (4656x2620) : 56
clicking Image of 2nd Resolutions 12.2M (4656x2620) : 57
clicking Image of 2nd Resolutions 12.2M (4656x2620) : 58
clicking Image of 2nd Resolutions 12.2M (4656x2620) : 59
clicking Image of 2nd Resolutions 12.2M (4656x2620) : 60
clicking Image of 2nd Resolutions 12.2M (4656x2620) : 61
clicking Image of 2nd Resolutions 12.2M (4656x2620) : 62
clicking Image of 2nd Resolutions 12.2M (4656x2620) : 63
clicking Image of 2nd Resolutions 12.2M (4656x2620) : 64
clicking Image of 2nd Resolutions 12.2M (4656x2620) : 65
clicking Image of 2nd Resolutions 12.2M (4656x2620) : 66
clicking Image of 2nd Resolutions 12.2M (4656x2620) : 67
clicking Image of 2nd Resolutions 12.2M (4656x2620) : 68
clicking Image of 2nd Resolutions 12.2M (4656x2620) : 69
clicking Image of 2nd Resolutions 12.2M (4656x2620) : 70
clicking Image of 2nd Resolutions 12.2M (4656x2620) : 71
clicking Image of 2nd Resolutions 12.2M (4656x2620) : 72
clicking Image of 2nd Resolutions 12.2M (4656x2620) : 73
clicking Image of 2nd Resolutions 12.2M (4656x2620) : 74
front camera second resolution:75 images Captured succesfull
Select settings
Select camera resolution
Select third Image Resoution: 16.3M (4656x3492)
totalPictureCountFront2 = 75
clicking Image of 3rd Resolutions 16.3M (4656x3492): 0
clicking Image of 3rd Resolutions 16.3M (4656x3492): 1
clicking Image of 3rd Resolutions 16.3M (4656x3492): 2
clicking Image of 3rd Resolutions 16.3M (4656x3492): 3
clicking Image of 3rd Resolutions 16.3M (4656x3492): 4
clicking Image of 3rd Resolutions 16.3M (4656x3492): 5
clicking Image of 3rd Resolutions 16.3M (4656x3492): 6
clicking Image of 3rd Resolutions 16.3M (4656x3492): 7
clicking Image of 3rd Resolutions 16.3M (4656x3492): 8
clicking Image of 3rd Resolutions 16.3M (4656x3492): 9
clicking Image of 3rd Resolutions 16.3M (4656x3492): 10
clicking Image of 3rd Resolutions 16.3M (4656x3492): 11
clicking Image of 3rd Resolutions 16.3M (4656x3492): 12
clicking Image of 3rd Resolutions 16.3M (4656x3492): 13
clicking Image of 3rd Resolutions 16.3M (4656x3492): 14
clicking Image of 3rd Resolutions 16.3M (4656x3492): 15
clicking Image of 3rd Resolutions 16.3M (4656x3492): 16
clicking Image of 3rd Resolutions 16.3M (4656x3492): 17
clicking Image of 3rd Resolutions 16.3M (4656x3492): 18
clicking Image of 3rd Resolutions 16.3M (4656x3492): 19
clicking Image of 3rd Resolutions 16.3M (4656x3492): 20
clicking Image of 3rd Resolutions 16.3M (4656x3492): 21
clicking Image of 3rd Resolutions 16.3M (4656x3492): 22
clicking Image of 3rd Resolutions 16.3M (4656x3492): 23
clicking Image of 3rd Resolutions 16.3M (4656x3492): 24
clicking Image of 3rd Resolutions 16.3M (4656x3492): 25
clicking Image of 3rd Resolutions 16.3M (4656x3492): 26
clicking Image of 3rd Resolutions 16.3M (4656x3492): 27
clicking Image of 3rd Resolutions 16.3M (4656x3492): 28
clicking Image of 3rd Resolutions 16.3M (4656x3492): 29
clicking Image of 3rd Resolutions 16.3M (4656x3492): 30
clicking Image of 3rd Resolutions 16.3M (4656x3492): 31
clicking Image of 3rd Resolutions 16.3M (4656x3492): 32
clicking Image of 3rd Resolutions 16.3M (4656x3492): 33
clicking Image of 3rd Resolutions 16.3M (4656x3492): 34
clicking Image of 3rd Resolutions 16.3M (4656x3492): 35
clicking Image of 3rd Resolutions 16.3M (4656x3492): 36
clicking Image of 3rd Resolutions 16.3M (4656x3492): 37
clicking Image of 3rd Resolutions 16.3M (4656x3492): 38
clicking Image of 3rd Resolutions 16.3M (4656x3492): 39
clicking Image of 3rd Resolutions 16.3M (4656x3492): 40
clicking Image of 3rd Resolutions 16.3M (4656x3492): 41
clicking Image of 3rd Resolutions 16.3M (4656x3492): 42
clicking Image of 3rd Resolutions 16.3M (4656x3492): 43
clicking Image of 3rd Resolutions 16.3M (4656x3492): 44
clicking Image of 3rd Resolutions 16.3M (4656x3492): 45
clicking Image of 3rd Resolutions 16.3M (4656x3492): 46
clicking Image of 3rd Resolutions 16.3M (4656x3492): 47
clicking Image of 3rd Resolutions 16.3M (4656x3492): 48
clicking Image of 3rd Resolutions 16.3M (4656x3492): 49
clicking Image of 3rd Resolutions 16.3M (4656x3492): 50
clicking Image of 3rd Resolutions 16.3M (4656x3492): 51
clicking Image of 3rd Resolutions 16.3M (4656x3492): 52
clicking Image of 3rd Resolutions 16.3M (4656x3492): 53
clicking Image of 3rd Resolutions 16.3M (4656x3492): 54
clicking Image of 3rd Resolutions 16.3M (4656x3492): 55
clicking Image of 3rd Resolutions 16.3M (4656x3492): 56
clicking Image of 3rd Resolutions 16.3M (4656x3492): 57
clicking Image of 3rd Resolutions 16.3M (4656x3492): 58
clicking Image of 3rd Resolutions 16.3M (4656x3492): 59
clicking Image of 3rd Resolutions 16.3M (4656x3492): 60
clicking Image of 3rd Resolutions 16.3M (4656x3492): 61
clicking Image of 3rd Resolutions 16.3M (4656x3492): 62
clicking Image of 3rd Resolutions 16.3M (4656x3492): 63
clicking Image of 3rd Resolutions 16.3M (4656x3492): 64
clicking Image of 3rd Resolutions 16.3M (4656x3492): 65
clicking Image of 3rd Resolutions 16.3M (4656x3492): 66
clicking Image of 3rd Resolutions 16.3M (4656x3492): 67
clicking Image of 3rd Resolutions 16.3M (4656x3492): 68
clicking Image of 3rd Resolutions 16.3M (4656x3492): 69
clicking Image of 3rd Resolutions 16.3M (4656x3492): 70
clicking Image of 3rd Resolutions 16.3M (4656x3492): 71
clicking Image of 3rd Resolutions 16.3M (4656x3492): 72
clicking Image of 3rd Resolutions 16.3M (4656x3492): 73
clicking Image of 3rd Resolutions 16.3M (4656x3492): 74
front camera third resolution:75 images Captured succesfull
Select settings
Select camera resolution
Select fourth Image Resoution: Images with balanced composition are automatically saved.
totalPictureCountFront3 = 75
clicking Image of 4th Resolutions Images with balanced composition are automatically saved.: 0
clicking Image of 4th Resolutions Images with balanced composition are automatically saved.: 1
clicking Image of 4th Resolutions Images with balanced composition are automatically saved.: 2
clicking Image of 4th Resolutions Images with balanced composition are automatically saved.: 3
clicking Image of 4th Resolutions Images with balanced composition are automatically saved.: 4
clicking Image of 4th Resolutions Images with balanced composition are automatically saved.: 5
clicking Image of 4th Resolutions Images with balanced composition are automatically saved.: 6
clicking Image of 4th Resolutions Images with balanced composition are automatically saved.: 7
clicking Image of 4th Resolutions Images with balanced composition are automatically saved.: 8
clicking Image of 4th Resolutions Images with balanced composition are automatically saved.: 9
clicking Image of 4th Resolutions Images with balanced composition are automatically saved.: 10
clicking Image of 4th Resolutions Images with balanced composition are automatically saved.: 11
clicking Image of 4th Resolutions Images with balanced composition are automatically saved.: 12
clicking Image of 4th Resolutions Images with balanced composition are automatically saved.: 13
clicking Image of 4th Resolutions Images with balanced composition are automatically saved.: 14
clicking Image of 4th Resolutions Images with balanced composition are automatically saved.: 15
clicking Image of 4th Resolutions Images with balanced composition are automatically saved.: 16
clicking Image of 4th Resolutions Images with balanced composition are automatically saved.: 17
clicking Image of 4th Resolutions Images with balanced composition are automatically saved.: 18
clicking Image of 4th Resolutions Images with balanced composition are automatically saved.: 19
clicking Image of 4th Resolutions Images with balanced composition are automatically saved.: 20
clicking Image of 4th Resolutions Images with balanced composition are automatically saved.: 21
clicking Image of 4th Resolutions Images with balanced composition are automatically saved.: 22
clicking Image of 4th Resolutions Images with balanced composition are automatically saved.: 23
clicking Image of 4th Resolutions Images with balanced composition are automatically saved.: 24
clicking Image of 4th Resolutions Images with balanced composition are automatically saved.: 25
clicking Image of 4th Resolutions Images with balanced composition are automatically saved.: 26
clicking Image of 4th Resolutions Images with balanced composition are automatically saved.: 27
clicking Image of 4th Resolutions Images with balanced composition are automatically saved.: 28
clicking Image of 4th Resolutions Images with balanced composition are automatically saved.: 29
clicking Image of 4th Resolutions Images with balanced composition are automatically saved.: 30
clicking Image of 4th Resolutions Images with balanced composition are automatically saved.: 31
clicking Image of 4th Resolutions Images with balanced composition are automatically saved.: 32
clicking Image of 4th Resolutions Images with balanced composition are automatically saved.: 33
clicking Image of 4th Resolutions Images with balanced composition are automatically saved.: 34
clicking Image of 4th Resolutions Images with balanced composition are automatically saved.: 35
clicking Image of 4th Resolutions Images with balanced composition are automatically saved.: 36
clicking Image of 4th Resolutions Images with balanced composition are automatically saved.: 37
clicking Image of 4th Resolutions Images with balanced composition are automatically saved.: 38
clicking Image of 4th Resolutions Images with balanced composition are automatically saved.: 39
clicking Image of 4th Resolutions Images with balanced composition are automatically saved.: 40
clicking Image of 4th Resolutions Images with balanced composition are automatically saved.: 41
clicking Image of 4th Resolutions Images with balanced composition are automatically saved.: 42
clicking Image of 4th Resolutions Images with balanced composition are automatically saved.: 43
clicking Image of 4th Resolutions Images with balanced composition are automatically saved.: 44
clicking Image of 4th Resolutions Images with balanced composition are automatically saved.: 45
clicking Image of 4th Resolutions Images with balanced composition are automatically saved.: 46
clicking Image of 4th Resolutions Images with balanced composition are automatically saved.: 47
clicking Image of 4th Resolutions Images with balanced composition are automatically saved.: 48
clicking Image of 4th Resolutions Images with balanced composition are automatically saved.: 49
clicking Image of 4th Resolutions Images with balanced composition are automatically saved.: 50
clicking Image of 4th Resolutions Images with balanced composition are automatically saved.: 51
clicking Image of 4th Resolutions Images with balanced composition are automatically saved.: 52
clicking Image of 4th Resolutions Images with balanced composition are automatically saved.: 53
clicking Image of 4th Resolutions Images with balanced composition are automatically saved.: 54
clicking Image of 4th Resolutions Images with balanced composition are automatically saved.: 55
clicking Image of 4th Resolutions Images with balanced composition are automatically saved.: 56
clicking Image of 4th Resolutions Images with balanced composition are automatically saved.: 57
clicking Image of 4th Resolutions Images with balanced composition are automatically saved.: 58
clicking Image of 4th Resolutions Images with balanced composition are automatically saved.: 59
clicking Image of 4th Resolutions Images with balanced composition are automatically saved.: 60
clicking Image of 4th Resolutions Images with balanced composition are automatically saved.: 61
clicking Image of 4th Resolutions Images with balanced composition are automatically saved.: 62
clicking Image of 4th Resolutions Images with balanced composition are automatically saved.: 63
clicking Image of 4th Resolutions Images with balanced composition are automatically saved.: 64
clicking Image of 4th Resolutions Images with balanced composition are automatically saved.: 65
clicking Image of 4th Resolutions Images with balanced composition are automatically saved.: 66
clicking Image of 4th Resolutions Images with balanced composition are automatically saved.: 67
clicking Image of 4th Resolutions Images with balanced composition are automatically saved.: 68
clicking Image of 4th Resolutions Images with balanced composition are automatically saved.: 69
clicking Image of 4th Resolutions Images with balanced composition are automatically saved.: 70
clicking Image of 4th Resolutions Images with balanced composition are automatically saved.: 71
clicking Image of 4th Resolutions Images with balanced composition are automatically saved.: 72
clicking Image of 4th Resolutions Images with balanced composition are automatically saved.: 73
clicking Image of 4th Resolutions Images with balanced composition are automatically saved.: 74
Back camera fourth resolution:75 images Captured succesfull
Total Count value:300 images to be Captured 
switch to back camera
Launch file manager application and verify captured images present in uSD Card
Swipe up to select uSD card
Select SD card
switch to grid view mode to select DCIM folder
Select DCIM Folder
Select camera folder
switch to list view mode
Click More options
Click select all
Total Image
Test9F_Fcam_image: 300 selected images Captured succesfull
Actual Value:300 selected
Interger value:300
Tolerance_Level = 75

Pass: Test9F pass for rear Image capture
Test9F Fcam_image: 300  images Captured succesfull
===================================================================================================================================================================================================================================================================================================================================================================================================================================================================================================================================================================================================================================================================================================================================
calling DataMoveOperation()
Re-launch file manager application and select external storage for data move operation, select all front camera images files present in camera folder and move to Test9F folder
Select external storage
switch to grid view mode and select DCIM folder
Select DCIM folder
Select camera folder
switch to list view mode
Click More options
Click select all
Click More options
select move to option
select uSD Card
Select ADD NEW Folder option
Name folder as Test9F
Accept create folder
Cut paste  operation completed successfully
Test9F: Data move operation completed successfully
Pass: Test9F Pass for data move operation successfully
===================================================================================================================================================================================================================================================================================================================================================================================================================================================================================================================================================================================================================================================================================================================================
Final message: Pass Test9F Pass for Front camera image capture  successfully
Test: End
===================================================================================================================================================================================================================================================================================================================================================================================================================================================================================================================================================================================================================================================================================================================================
]]></system-out>
    <system-err><![CDATA[2023-01-12 17:46:47 INFO   io.appium.java_client.remote.AppiumCommandExecutor$1 lambda$0 Detected dialect: W3C
2023-01-12 17:46:58 INFO   io.appium.java_client.remote.AppiumCommandExecutor$1 lambda$0 Detected dialect: W3C
org.openqa.selenium.NoSuchElementException: An element could not be located on the page using the given search parameters.
For documentation on this error, please visit: https://www.seleniumhq.org/exceptions/no_such_element.html
Build info: version: '3.141.59', revision: 'e82be7d358', time: '2018-11-14T08:17:03'
System info: host: 'SD-APPS-200', ip: '10.65.150.243', os.name: 'Windows 10', os.arch: 'amd64', os.version: '10.0', java.version: '1.8.0_202'
Driver info: io.appium.java_client.android.AndroidDriver
Capabilities {automationName: UiAutomator2, databaseEnabled: false, desired: {automationName: UiAutomator2, deviceName: AQUOS R3, newCommandTimeout: 600, platformName: android, platformVersion: 11, udid: 357787090740490}, deviceApiLevel: 30, deviceManufacturer: SHARP, deviceModel: SH-04L, deviceName: 357787090740490, deviceScreenDensity: 640, deviceScreenSize: 1440x3120, deviceUDID: 357787090740490, javascriptEnabled: true, locationContextEnabled: false, networkConnectionEnabled: true, newCommandTimeout: 600, pixelRatio: 4, platform: LINUX, platformName: Android, platformVersion: 11, statBarHeight: 140, takesScreenshot: true, udid: 357787090740490, viewportRect: {height: 2648, left: 0, top: 140, width: 1440}, warnings: {}, webStorageEnabled: false}
Session ID: b56e52dd-d144-49b1-93d5-cae9da235563
*** Element info: {Using=-android uiautomator, value=new UiSelector().text("WHILE USING THE APP")}
	at sun.reflect.GeneratedConstructorAccessor17.newInstance(Unknown Source)
	at sun.reflect.DelegatingConstructorAccessorImpl.newInstance(DelegatingConstructorAccessorImpl.java:45)
	at java.lang.reflect.Constructor.newInstance(Constructor.java:423)
	at org.openqa.selenium.remote.http.W3CHttpResponseCodec.createException(W3CHttpResponseCodec.java:187)
	at org.openqa.selenium.remote.http.W3CHttpResponseCodec.decode(W3CHttpResponseCodec.java:122)
	at org.openqa.selenium.remote.http.W3CHttpResponseCodec.decode(W3CHttpResponseCodec.java:49)
	at org.openqa.selenium.remote.HttpCommandExecutor.execute(HttpCommandExecutor.java:158)
	at io.appium.java_client.remote.AppiumCommandExecutor.execute(AppiumCommandExecutor.java:239)
	at org.openqa.selenium.remote.RemoteWebDriver.execute(RemoteWebDriver.java:552)
	at io.appium.java_client.DefaultGenericMobileDriver.execute(DefaultGenericMobileDriver.java:42)
	at io.appium.java_client.AppiumDriver.execute(AppiumDriver.java:1)
	at io.appium.java_client.android.AndroidDriver.execute(AndroidDriver.java:1)
	at org.openqa.selenium.remote.RemoteWebDriver.findElement(RemoteWebDriver.java:323)
	at io.appium.java_client.DefaultGenericMobileDriver.findElement(DefaultGenericMobileDriver.java:62)
	at io.appium.java_client.AppiumDriver.findElement(AppiumDriver.java:1)
	at io.appium.java_client.android.AndroidDriver.findElement(AndroidDriver.java:1)
	at io.appium.java_client.FindsByAndroidUIAutomator.findElementByAndroidUIAutomator(FindsByAndroidUIAutomator.java:38)
	at Sharp_Aquos_R3.Test9F.FrontPictureCapture(Test9F.java:110)
	at sun.reflect.NativeMethodAccessorImpl.invoke0(Native Method)
	at sun.reflect.NativeMethodAccessorImpl.invoke(NativeMethodAccessorImpl.java:62)
	at sun.reflect.DelegatingMethodAccessorImpl.invoke(DelegatingMethodAccessorImpl.java:43)
	at java.lang.reflect.Method.invoke(Method.java:498)
	at org.testng.internal.MethodInvocationHelper.invokeMethod(MethodInvocationHelper.java:80)
	at org.testng.internal.Invoker.invokeMethod(Invoker.java:673)
	at org.testng.internal.Invoker.invokeTestMethod(Invoker.java:842)
	at org.testng.internal.Invoker.invokeTestMethods(Invoker.java:1166)
	at org.testng.internal.TestMethodWorker.invokeTestMethods(TestMethodWorker.java:125)
	at org.testng.internal.TestMethodWorker.run(TestMethodWorker.java:109)
	at org.testng.TestRunner.runWorkers(TestRunner.java:1178)
	at org.testng.TestRunner.privateRun(TestRunner.java:757)
	at org.testng.TestRunner.run(TestRunner.java:608)
	at org.testng.SuiteRunner.runTest(SuiteRunner.java:334)
	at org.testng.SuiteRunner.runSequentially(SuiteRunner.java:329)
	at org.testng.SuiteRunner.privateRun(SuiteRunner.java:291)
	at org.testng.SuiteRunner.run(SuiteRunner.java:240)
	at org.testng.SuiteRunnerWorker.runSuite(SuiteRunnerWorker.java:52)
	at org.testng.SuiteRunnerWorker.run(SuiteRunnerWorker.java:86)
	at org.testng.TestNG.runSuitesSequentially(TestNG.java:1158)
	at org.testng.TestNG.runSuitesSequentially(TestNG.java:1154)
	at org.testng.TestNG.runSuitesLocally(TestNG.java:1083)
	at org.testng.TestNG.run(TestNG.java:999)
	at org.apache.maven.surefire.testng.TestNGExecutor.run(TestNGExecutor.java:284)
	at org.apache.maven.surefire.testng.TestNGXmlTestSuite.execute(TestNGXmlTestSuite.java:75)
	at org.apache.maven.surefire.testng.TestNGProvider.invoke(TestNGProvider.java:119)
	at org.apache.maven.surefire.booter.ForkedBooter.runSuitesInProcess(ForkedBooter.java:428)
	at org.apache.maven.surefire.booter.ForkedBooter.execute(ForkedBooter.java:162)
	at org.apache.maven.surefire.booter.ForkedBooter.run(ForkedBooter.java:562)
	at org.apache.maven.surefire.booter.ForkedBooter.main(ForkedBooter.java:548)
org.openqa.selenium.NoSuchElementException: An element could not be located on the page using the given search parameters.
For documentation on this error, please visit: https://www.seleniumhq.org/exceptions/no_such_element.html
Build info: version: '3.141.59', revision: 'e82be7d358', time: '2018-11-14T08:17:03'
System info: host: 'SD-APPS-200', ip: '10.65.150.243', os.name: 'Windows 10', os.arch: 'amd64', os.version: '10.0', java.version: '1.8.0_202'
Driver info: io.appium.java_client.android.AndroidDriver
Capabilities {automationName: UiAutomator2, databaseEnabled: false, desired: {automationName: UiAutomator2, deviceName: AQUOS R3, newCommandTimeout: 600, platformName: android, platformVersion: 11, udid: 357787090740490}, deviceApiLevel: 30, deviceManufacturer: SHARP, deviceModel: SH-04L, deviceName: 357787090740490, deviceScreenDensity: 640, deviceScreenSize: 1440x3120, deviceUDID: 357787090740490, javascriptEnabled: true, locationContextEnabled: false, networkConnectionEnabled: true, newCommandTimeout: 600, pixelRatio: 4, platform: LINUX, platformName: Android, platformVersion: 11, statBarHeight: 140, takesScreenshot: true, udid: 357787090740490, viewportRect: {height: 2648, left: 0, top: 140, width: 1440}, warnings: {}, webStorageEnabled: false}
Session ID: b56e52dd-d144-49b1-93d5-cae9da235563
*** Element info: {Using=xpath, value=//*[@resource-id='com.google.android.apps.nbu.files:id/agree_button']}
	at sun.reflect.GeneratedConstructorAccessor17.newInstance(Unknown Source)
	at sun.reflect.DelegatingConstructorAccessorImpl.newInstance(DelegatingConstructorAccessorImpl.java:45)
	at java.lang.reflect.Constructor.newInstance(Constructor.java:423)
	at org.openqa.selenium.remote.http.W3CHttpResponseCodec.createException(W3CHttpResponseCodec.java:187)
	at org.openqa.selenium.remote.http.W3CHttpResponseCodec.decode(W3CHttpResponseCodec.java:122)
	at org.openqa.selenium.remote.http.W3CHttpResponseCodec.decode(W3CHttpResponseCodec.java:49)
	at org.openqa.selenium.remote.HttpCommandExecutor.execute(HttpCommandExecutor.java:158)
	at io.appium.java_client.remote.AppiumCommandExecutor.execute(AppiumCommandExecutor.java:239)
	at org.openqa.selenium.remote.RemoteWebDriver.execute(RemoteWebDriver.java:552)
	at io.appium.java_client.DefaultGenericMobileDriver.execute(DefaultGenericMobileDriver.java:42)
	at io.appium.java_client.AppiumDriver.execute(AppiumDriver.java:1)
	at io.appium.java_client.android.AndroidDriver.execute(AndroidDriver.java:1)
	at org.openqa.selenium.remote.RemoteWebDriver.findElement(RemoteWebDriver.java:323)
	at io.appium.java_client.DefaultGenericMobileDriver.findElement(DefaultGenericMobileDriver.java:62)
	at io.appium.java_client.AppiumDriver.findElement(AppiumDriver.java:1)
	at io.appium.java_client.android.AndroidDriver.findElement(AndroidDriver.java:1)
	at org.openqa.selenium.remote.RemoteWebDriver.findElementByXPath(RemoteWebDriver.java:428)
	at io.appium.java_client.DefaultGenericMobileDriver.findElementByXPath(DefaultGenericMobileDriver.java:152)
	at io.appium.java_client.AppiumDriver.findElementByXPath(AppiumDriver.java:1)
	at io.appium.java_client.android.AndroidDriver.findElementByXPath(AndroidDriver.java:1)
	at org.openqa.selenium.By$ByXPath.findElement(By.java:353)
	at org.openqa.selenium.remote.RemoteWebDriver.findElement(RemoteWebDriver.java:315)
	at io.appium.java_client.DefaultGenericMobileDriver.findElement(DefaultGenericMobileDriver.java:58)
	at io.appium.java_client.AppiumDriver.findElement(AppiumDriver.java:1)
	at io.appium.java_client.android.AndroidDriver.findElement(AndroidDriver.java:1)
	at Sharp_Aquos_R3.Test9F.FrontPictureCapture(Test9F.java:338)
	at sun.reflect.NativeMethodAccessorImpl.invoke0(Native Method)
	at sun.reflect.NativeMethodAccessorImpl.invoke(NativeMethodAccessorImpl.java:62)
	at sun.reflect.DelegatingMethodAccessorImpl.invoke(DelegatingMethodAccessorImpl.java:43)
	at java.lang.reflect.Method.invoke(Method.java:498)
	at org.testng.internal.MethodInvocationHelper.invokeMethod(MethodInvocationHelper.java:80)
	at org.testng.internal.Invoker.invokeMethod(Invoker.java:673)
	at org.testng.internal.Invoker.invokeTestMethod(Invoker.java:842)
	at org.testng.internal.Invoker.invokeTestMethods(Invoker.java:1166)
	at org.testng.internal.TestMethodWorker.invokeTestMethods(TestMethodWorker.java:125)
	at org.testng.internal.TestMethodWorker.run(TestMethodWorker.java:109)
	at org.testng.TestRunner.runWorkers(TestRunner.java:1178)
	at org.testng.TestRunner.privateRun(TestRunner.java:757)
	at org.testng.TestRunner.run(TestRunner.java:608)
	at org.testng.SuiteRunner.runTest(SuiteRunner.java:334)
	at org.testng.SuiteRunner.runSequentially(SuiteRunner.java:329)
	at org.testng.SuiteRunner.privateRun(SuiteRunner.java:291)
	at org.testng.SuiteRunner.run(SuiteRunner.java:240)
	at org.testng.SuiteRunnerWorker.runSuite(SuiteRunnerWorker.java:52)
	at org.testng.SuiteRunnerWorker.run(SuiteRunnerWorker.java:86)
	at org.testng.TestNG.runSuitesSequentially(TestNG.java:1158)
	at org.testng.TestNG.runSuitesSequentially(TestNG.java:1154)
	at org.testng.TestNG.runSuitesLocally(TestNG.java:1083)
	at org.testng.TestNG.run(TestNG.java:999)
	at org.apache.maven.surefire.testng.TestNGExecutor.run(TestNGExecutor.java:284)
	at org.apache.maven.surefire.testng.TestNGXmlTestSuite.execute(TestNGXmlTestSuite.java:75)
	at org.apache.maven.surefire.testng.TestNGProvider.invoke(TestNGProvider.java:119)
	at org.apache.maven.surefire.booter.ForkedBooter.runSuitesInProcess(ForkedBooter.java:428)
	at org.apache.maven.surefire.booter.ForkedBooter.execute(ForkedBooter.java:162)
	at org.apache.maven.surefire.booter.ForkedBooter.run(ForkedBooter.java:562)
	at org.apache.maven.surefire.booter.ForkedBooter.main(ForkedBooter.java:548)
]]></system-err>
  </testcase>
</testsuite>