<?xml version="1.0" encoding="UTF-8"?>
<testng-results skipped="0" failed="2" total="8" passed="6">
  <reporter-output>
  </reporter-output>
  <suite name="Suite" duration-ms="0" started-at="2023-03-30T14:39:22Z" finished-at="2023-03-30T14:39:22Z">
    <groups>
    </groups>
  </suite>
  <suite name="Suite" duration-ms="633374" started-at="2023-03-30T11:31:18Z" finished-at="2023-03-30T11:41:52Z">
    <groups>
    </groups>
    <test name="Test" duration-ms="633374" started-at="2023-03-30T11:31:18Z" finished-at="2023-03-30T11:41:52Z">
      <class name="Motorola_Moto_E30_XT21596.Test0_Int">
        <test-method status="PASS" signature="SetUp()" name="SetUp" is-config="true" duration-ms="7334" started-at="2023-03-30T11:31:18Z" finished-at="2023-03-30T11:31:26Z">
        </test-method>
        <test-method status="PASS" signature="start()" name="start" duration-ms="626036" started-at="2023-03-30T11:31:26Z" finished-at="2023-03-30T11:41:52Z">
        </test-method>
      </class>
    </test>
  </suite>
  <suite name="Suite" duration-ms="1363400" started-at="2023-03-30T12:25:02Z" finished-at="2023-03-30T12:47:45Z">
    <groups>
    </groups>
    <test name="Test" duration-ms="1363400" started-at="2023-03-30T12:25:02Z" finished-at="2023-03-30T12:47:45Z">
      <class name="Motorola_Moto_E30_XT21596.Test10F_Int">
        <test-method status="PASS" signature="SetUp()" name="SetUp" is-config="true" duration-ms="7843" started-at="2023-03-30T12:25:02Z" finished-at="2023-03-30T12:25:10Z">
        </test-method>
        <test-method status="FAIL" signature="rearVideoRec()" name="rearVideoRec" duration-ms="1355556" started-at="2023-03-30T12:25:10Z" finished-at="2023-03-30T12:47:45Z">
          <exception class="org.openqa.selenium.NoSuchElementException">
            <message>
              <![CDATA[An element could not be located on the page using the given search parameters.
For documentation on this error, please visit: https://www.seleniumhq.org/exceptions/no_such_element.html
Build info: version: '3.141.59', revision: 'e82be7d358', time: '2018-11-14T08:17:03'
System info: host: 'SD-APPS-201', ip: '10.65.147.20', os.name: 'Windows 10', os.arch: 'amd64', os.version: '10.0', java.version: '1.8.0_202'
Driver info: io.appium.java_client.android.AndroidDriver
Capabilities {automationName: UiAutomator2, databaseEnabled: false, desired: {automationName: UiAutomator2, deviceName: moto e30, newCommandTimeout: 1200, platformName: android, platformVersion: 11, udid: ZY32DKLV9L}, deviceApiLevel: 30, deviceManufacturer: motorola, deviceModel: moto e30, deviceName: ZY32DKLV9L, deviceScreenDensity: 280, deviceScreenSize: 720x1600, deviceUDID: ZY32DKLV9L, javascriptEnabled: true, locationContextEnabled: false, networkConnectionEnabled: true, newCommandTimeout: 1200, pixelRatio: 1.75, platform: LINUX, platformName: Android, platformVersion: 11, statBarHeight: 77, takesScreenshot: true, udid: ZY32DKLV9L, viewportRect: {height: 1364, left: 0, top: 77, width: 720}, warnings: {}, webStorageEnabled: false}
Session ID: 50799e92-c4dc-41d5-9052-e94ad1dc64c5
*** Element info: {Using=xpath, value=//*[@resource-id='com.ontim.camera2:id/camera_switcher']}]]>
            </message>
            <full-stacktrace>
              <![CDATA[org.openqa.selenium.NoSuchElementException: An element could not be located on the page using the given search parameters.
For documentation on this error, please visit: https://www.seleniumhq.org/exceptions/no_such_element.html
Build info: version: '3.141.59', revision: 'e82be7d358', time: '2018-11-14T08:17:03'
System info: host: 'SD-APPS-201', ip: '10.65.147.20', os.name: 'Windows 10', os.arch: 'amd64', os.version: '10.0', java.version: '1.8.0_202'
Driver info: io.appium.java_client.android.AndroidDriver
Capabilities {automationName: UiAutomator2, databaseEnabled: false, desired: {automationName: UiAutomator2, deviceName: moto e30, newCommandTimeout: 1200, platformName: android, platformVersion: 11, udid: ZY32DKLV9L}, deviceApiLevel: 30, deviceManufacturer: motorola, deviceModel: moto e30, deviceName: ZY32DKLV9L, deviceScreenDensity: 280, deviceScreenSize: 720x1600, deviceUDID: ZY32DKLV9L, javascriptEnabled: true, locationContextEnabled: false, networkConnectionEnabled: true, newCommandTimeout: 1200, pixelRatio: 1.75, platform: LINUX, platformName: Android, platformVersion: 11, statBarHeight: 77, takesScreenshot: true, udid: ZY32DKLV9L, viewportRect: {height: 1364, left: 0, top: 77, width: 720}, warnings: {}, webStorageEnabled: false}
Session ID: 50799e92-c4dc-41d5-9052-e94ad1dc64c5
*** Element info: {Using=xpath, value=//*[@resource-id='com.ontim.camera2:id/camera_switcher']}
	at sun.reflect.NativeConstructorAccessorImpl.newInstance0(Native Method)
	at sun.reflect.NativeConstructorAccessorImpl.newInstance(NativeConstructorAccessorImpl.java:62)
	at sun.reflect.DelegatingConstructorAccessorImpl.newInstance(DelegatingConstructorAccessorImpl.java:45)
	at java.lang.reflect.Constructor.newInstance(Constructor.java:423)
	at org.openqa.selenium.remote.http.W3CHttpResponseCodec.createException(W3CHttpResponseCodec.java:187)
	at org.openqa.selenium.remote.http.W3CHttpResponseCodec.decode(W3CHttpResponseCodec.java:122)
	at org.openqa.selenium.remote.http.W3CHttpResponseCodec.decode(W3CHttpResponseCodec.java:49)
	at org.openqa.selenium.remote.HttpCommandExecutor.execute(HttpCommandExecutor.java:158)
	at io.appium.java_client.remote.AppiumCommandExecutor.execute(AppiumCommandExecutor.java:239)
	at org.openqa.selenium.remote.RemoteWebDriver.execute(RemoteWebDriver.java:552)
	at io.appium.java_client.DefaultGenericMobileDriver.execute(DefaultGenericMobileDriver.java:42)
	at io.appium.java_client.AppiumDriver.execute(AppiumDriver.java:1)
	at io.appium.java_client.android.AndroidDriver.execute(AndroidDriver.java:1)
	at org.openqa.selenium.remote.RemoteWebDriver.findElement(RemoteWebDriver.java:323)
	at io.appium.java_client.DefaultGenericMobileDriver.findElement(DefaultGenericMobileDriver.java:62)
	at io.appium.java_client.AppiumDriver.findElement(AppiumDriver.java:1)
	at io.appium.java_client.android.AndroidDriver.findElement(AndroidDriver.java:1)
	at org.openqa.selenium.remote.RemoteWebDriver.findElementByXPath(RemoteWebDriver.java:428)
	at io.appium.java_client.DefaultGenericMobileDriver.findElementByXPath(DefaultGenericMobileDriver.java:152)
	at io.appium.java_client.AppiumDriver.findElementByXPath(AppiumDriver.java:1)
	at io.appium.java_client.android.AndroidDriver.findElementByXPath(AndroidDriver.java:1)
	at org.openqa.selenium.By$ByXPath.findElement(By.java:353)
	at org.openqa.selenium.remote.RemoteWebDriver.findElement(RemoteWebDriver.java:315)
	at io.appium.java_client.DefaultGenericMobileDriver.findElement(DefaultGenericMobileDriver.java:58)
	at io.appium.java_client.AppiumDriver.findElement(AppiumDriver.java:1)
	at io.appium.java_client.android.AndroidDriver.findElement(AndroidDriver.java:1)
	at Motorola_Moto_E30_XT21596.Test10F_Int.rearVideoRec(Test10F_Int.java:303)
	at sun.reflect.NativeMethodAccessorImpl.invoke0(Native Method)
	at sun.reflect.NativeMethodAccessorImpl.invoke(NativeMethodAccessorImpl.java:62)
	at sun.reflect.DelegatingMethodAccessorImpl.invoke(DelegatingMethodAccessorImpl.java:43)
	at java.lang.reflect.Method.invoke(Method.java:498)
	at org.testng.internal.MethodInvocationHelper.invokeMethod(MethodInvocationHelper.java:80)
	at org.testng.internal.Invoker.invokeMethod(Invoker.java:673)
	at org.testng.internal.Invoker.invokeTestMethod(Invoker.java:842)
	at org.testng.internal.Invoker.invokeTestMethods(Invoker.java:1166)
	at org.testng.internal.TestMethodWorker.invokeTestMethods(TestMethodWorker.java:125)
	at org.testng.internal.TestMethodWorker.run(TestMethodWorker.java:109)
	at org.testng.TestRunner.runWorkers(TestRunner.java:1178)
	at org.testng.TestRunner.privateRun(TestRunner.java:757)
	at org.testng.TestRunner.run(TestRunner.java:608)
	at org.testng.SuiteRunner.runTest(SuiteRunner.java:334)
	at org.testng.SuiteRunner.runSequentially(SuiteRunner.java:329)
	at org.testng.SuiteRunner.privateRun(SuiteRunner.java:291)
	at org.testng.SuiteRunner.run(SuiteRunner.java:240)
	at org.testng.SuiteRunnerWorker.runSuite(SuiteRunnerWorker.java:52)
	at org.testng.SuiteRunnerWorker.run(SuiteRunnerWorker.java:86)
	at org.testng.TestNG.runSuitesSequentially(TestNG.java:1158)
	at org.testng.TestNG.runSuitesSequentially(TestNG.java:1154)
	at org.testng.TestNG.runSuitesLocally(TestNG.java:1083)
	at org.testng.TestNG.run(TestNG.java:999)
	at org.apache.maven.surefire.testng.TestNGExecutor.run(TestNGExecutor.java:284)
	at org.apache.maven.surefire.testng.TestNGXmlTestSuite.execute(TestNGXmlTestSuite.java:75)
	at org.apache.maven.surefire.testng.TestNGProvider.invoke(TestNGProvider.java:119)
	at org.apache.maven.surefire.booter.ForkedBooter.runSuitesInProcess(ForkedBooter.java:428)
	at org.apache.maven.surefire.booter.ForkedBooter.execute(ForkedBooter.java:162)
	at org.apache.maven.surefire.booter.ForkedBooter.run(ForkedBooter.java:562)
	at org.apache.maven.surefire.booter.ForkedBooter.main(ForkedBooter.java:548)
]]>
            </full-stacktrace>
          </exception>
        </test-method>
      </class>
    </test>
  </suite>
  <suite name="Suite" duration-ms="2549036" started-at="2023-03-30T13:56:53Z" finished-at="2023-03-30T14:39:22Z">
    <groups>
    </groups>
    <test name="Test" duration-ms="2549036" started-at="2023-03-30T13:56:53Z" finished-at="2023-03-30T14:39:22Z">
      <class name="Motorola_Moto_E30_XT21596.Test9F_Int">
        <test-method status="PASS" signature="SetUp()" name="SetUp" is-config="true" duration-ms="7801" started-at="2023-03-30T13:56:53Z" finished-at="2023-03-30T13:57:01Z">
        </test-method>
        <test-method status="PASS" signature="RearPictureCapture()" name="RearPictureCapture" duration-ms="2541235" started-at="2023-03-30T13:57:01Z" finished-at="2023-03-30T14:39:22Z">
        </test-method>
      </class>
    </test>
  </suite>
  <suite name="Suite" duration-ms="568678" started-at="2023-03-30T11:54:17Z" finished-at="2023-03-30T12:03:46Z">
    <groups>
    </groups>
    <test name="Test" duration-ms="568678" started-at="2023-03-30T11:54:17Z" finished-at="2023-03-30T12:03:46Z">
      <class name="Motorola_Moto_E30_XT21596.Test8_Int">
        <test-method status="PASS" signature="SetUp()" name="SetUp" is-config="true" duration-ms="8023" started-at="2023-03-30T11:54:17Z" finished-at="2023-03-30T11:54:25Z">
        </test-method>
        <test-method status="PASS" signature="recordAudio()" name="recordAudio" duration-ms="560654" started-at="2023-03-30T11:54:25Z" finished-at="2023-03-30T12:03:46Z">
        </test-method>
      </class>
    </test>
  </suite>
  <suite name="Suite" duration-ms="1276359" started-at="2023-03-30T12:03:46Z" finished-at="2023-03-30T12:25:02Z">
    <groups>
    </groups>
    <test name="Test" duration-ms="1276359" started-at="2023-03-30T12:03:46Z" finished-at="2023-03-30T12:25:02Z">
      <class name="Motorola_Moto_E30_XT21596.Test10_Int">
        <test-method status="PASS" signature="SetUp()" name="SetUp" is-config="true" duration-ms="7801" started-at="2023-03-30T12:03:46Z" finished-at="2023-03-30T12:03:54Z">
        </test-method>
        <test-method status="FAIL" signature="rearVideoRec()" name="rearVideoRec" duration-ms="1268539" started-at="2023-03-30T12:03:54Z" finished-at="2023-03-30T12:25:02Z">
          <exception class="org.openqa.selenium.WebDriverException">
            <message>
              <![CDATA[An unknown server-side error occurred while processing the command. Original error: Could not proxy command to the remote server. Original error: connect ECONNREFUSED 127.0.0.1:8203
Build info: version: '3.141.59', revision: 'e82be7d358', time: '2018-11-14T08:17:03'
System info: host: 'SD-APPS-201', ip: '10.65.147.20', os.name: 'Windows 10', os.arch: 'amd64', os.version: '10.0', java.version: '1.8.0_202'
Driver info: io.appium.java_client.android.AndroidDriver
Capabilities {automationName: UiAutomator2, databaseEnabled: false, desired: {automationName: UiAutomator2, deviceName: moto e30, newCommandTimeout: 1200, platformName: android, platformVersion: 11, udid: ZY32DKLV9L}, deviceApiLevel: 30, deviceManufacturer: motorola, deviceModel: moto e30, deviceName: ZY32DKLV9L, deviceScreenDensity: 280, deviceScreenSize: 720x1600, deviceUDID: ZY32DKLV9L, javascriptEnabled: true, locationContextEnabled: false, networkConnectionEnabled: true, newCommandTimeout: 1200, pixelRatio: 1.75, platform: LINUX, platformName: Android, platformVersion: 11, statBarHeight: 77, takesScreenshot: true, udid: ZY32DKLV9L, viewportRect: {height: 1364, left: 0, top: 77, width: 720}, warnings: {}, webStorageEnabled: false}
Session ID: d1e20fee-80c7-4c66-b7d1-5410cd0c063d]]>
            </message>
            <full-stacktrace>
              <![CDATA[org.openqa.selenium.WebDriverException: An unknown server-side error occurred while processing the command. Original error: Could not proxy command to the remote server. Original error: connect ECONNREFUSED 127.0.0.1:8203
Build info: version: '3.141.59', revision: 'e82be7d358', time: '2018-11-14T08:17:03'
System info: host: 'SD-APPS-201', ip: '10.65.147.20', os.name: 'Windows 10', os.arch: 'amd64', os.version: '10.0', java.version: '1.8.0_202'
Driver info: io.appium.java_client.android.AndroidDriver
Capabilities {automationName: UiAutomator2, databaseEnabled: false, desired: {automationName: UiAutomator2, deviceName: moto e30, newCommandTimeout: 1200, platformName: android, platformVersion: 11, udid: ZY32DKLV9L}, deviceApiLevel: 30, deviceManufacturer: motorola, deviceModel: moto e30, deviceName: ZY32DKLV9L, deviceScreenDensity: 280, deviceScreenSize: 720x1600, deviceUDID: ZY32DKLV9L, javascriptEnabled: true, locationContextEnabled: false, networkConnectionEnabled: true, newCommandTimeout: 1200, pixelRatio: 1.75, platform: LINUX, platformName: Android, platformVersion: 11, statBarHeight: 77, takesScreenshot: true, udid: ZY32DKLV9L, viewportRect: {height: 1364, left: 0, top: 77, width: 720}, warnings: {}, webStorageEnabled: false}
Session ID: d1e20fee-80c7-4c66-b7d1-5410cd0c063d
	at sun.reflect.NativeConstructorAccessorImpl.newInstance0(Native Method)
	at sun.reflect.NativeConstructorAccessorImpl.newInstance(NativeConstructorAccessorImpl.java:62)
	at sun.reflect.DelegatingConstructorAccessorImpl.newInstance(DelegatingConstructorAccessorImpl.java:45)
	at java.lang.reflect.Constructor.newInstance(Constructor.java:423)
	at org.openqa.selenium.remote.http.W3CHttpResponseCodec.createException(W3CHttpResponseCodec.java:187)
	at org.openqa.selenium.remote.http.W3CHttpResponseCodec.decode(W3CHttpResponseCodec.java:122)
	at org.openqa.selenium.remote.http.W3CHttpResponseCodec.decode(W3CHttpResponseCodec.java:49)
	at org.openqa.selenium.remote.HttpCommandExecutor.execute(HttpCommandExecutor.java:158)
	at io.appium.java_client.remote.AppiumCommandExecutor.execute(AppiumCommandExecutor.java:239)
	at org.openqa.selenium.remote.RemoteWebDriver.execute(RemoteWebDriver.java:552)
	at io.appium.java_client.DefaultGenericMobileDriver.execute(DefaultGenericMobileDriver.java:42)
	at io.appium.java_client.AppiumDriver.execute(AppiumDriver.java:1)
	at io.appium.java_client.android.AndroidDriver.execute(AndroidDriver.java:1)
	at io.appium.java_client.CommandExecutionHelper.execute(CommandExecutionHelper.java:27)
	at io.appium.java_client.android.nativekey.PressesKey.pressKey(PressesKey.java:63)
	at Motorola_Moto_E30_XT21596.Test10_Int.rearVideoRec(Test10_Int.java:295)
	at sun.reflect.NativeMethodAccessorImpl.invoke0(Native Method)
	at sun.reflect.NativeMethodAccessorImpl.invoke(NativeMethodAccessorImpl.java:62)
	at sun.reflect.DelegatingMethodAccessorImpl.invoke(DelegatingMethodAccessorImpl.java:43)
	at java.lang.reflect.Method.invoke(Method.java:498)
	at org.testng.internal.MethodInvocationHelper.invokeMethod(MethodInvocationHelper.java:80)
	at org.testng.internal.Invoker.invokeMethod(Invoker.java:673)
	at org.testng.internal.Invoker.invokeTestMethod(Invoker.java:842)
	at org.testng.internal.Invoker.invokeTestMethods(Invoker.java:1166)
	at org.testng.internal.TestMethodWorker.invokeTestMethods(TestMethodWorker.java:125)
	at org.testng.internal.TestMethodWorker.run(TestMethodWorker.java:109)
	at org.testng.TestRunner.runWorkers(TestRunner.java:1178)
	at org.testng.TestRunner.privateRun(TestRunner.java:757)
	at org.testng.TestRunner.run(TestRunner.java:608)
	at org.testng.SuiteRunner.runTest(SuiteRunner.java:334)
	at org.testng.SuiteRunner.runSequentially(SuiteRunner.java:329)
	at org.testng.SuiteRunner.privateRun(SuiteRunner.java:291)
	at org.testng.SuiteRunner.run(SuiteRunner.java:240)
	at org.testng.SuiteRunnerWorker.runSuite(SuiteRunnerWorker.java:52)
	at org.testng.SuiteRunnerWorker.run(SuiteRunnerWorker.java:86)
	at org.testng.TestNG.runSuitesSequentially(TestNG.java:1158)
	at org.testng.TestNG.runSuitesSequentially(TestNG.java:1154)
	at org.testng.TestNG.runSuitesLocally(TestNG.java:1083)
	at org.testng.TestNG.run(TestNG.java:999)
	at org.apache.maven.surefire.testng.TestNGExecutor.run(TestNGExecutor.java:284)
	at org.apache.maven.surefire.testng.TestNGXmlTestSuite.execute(TestNGXmlTestSuite.java:75)
	at org.apache.maven.surefire.testng.TestNGProvider.invoke(TestNGProvider.java:119)
	at org.apache.maven.surefire.booter.ForkedBooter.runSuitesInProcess(ForkedBooter.java:428)
	at org.apache.maven.surefire.booter.ForkedBooter.execute(ForkedBooter.java:162)
	at org.apache.maven.surefire.booter.ForkedBooter.run(ForkedBooter.java:562)
	at org.apache.maven.surefire.booter.ForkedBooter.main(ForkedBooter.java:548)
]]>
            </full-stacktrace>
          </exception>
        </test-method>
      </class>
    </test>
  </suite>
  <suite name="Suite" duration-ms="419748" started-at="2023-03-30T11:41:52Z" finished-at="2023-03-30T11:48:51Z">
    <groups>
    </groups>
    <test name="Test" duration-ms="419748" started-at="2023-03-30T11:41:52Z" finished-at="2023-03-30T11:48:51Z">
      <class name="Motorola_Moto_E30_XT21596.Test3_Int">
        <test-method status="PASS" signature="SetUp()" name="SetUp" is-config="true" duration-ms="8375" started-at="2023-03-30T11:41:52Z" finished-at="2023-03-30T11:42:00Z">
        </test-method>
        <test-method status="PASS" signature="Format()" name="Format" duration-ms="411372" started-at="2023-03-30T11:42:00Z" finished-at="2023-03-30T11:48:51Z">
        </test-method>
      </class>
    </test>
  </suite>
  <suite name="Suite" duration-ms="325614" started-at="2023-03-30T11:48:51Z" finished-at="2023-03-30T11:54:17Z">
    <groups>
    </groups>
    <test name="Test" duration-ms="325614" started-at="2023-03-30T11:48:51Z" finished-at="2023-03-30T11:54:17Z">
      <class name="Motorola_Moto_E30_XT21596.Test18_Int">
        <test-method status="PASS" signature="SetUp()" name="SetUp" is-config="true" duration-ms="7947" started-at="2023-03-30T11:48:51Z" finished-at="2023-03-30T11:48:59Z">
        </test-method>
        <test-method status="PASS" signature="CopyPaste()" name="CopyPaste" duration-ms="317666" started-at="2023-03-30T11:48:59Z" finished-at="2023-03-30T11:54:17Z">
        </test-method>
      </class>
    </test>
  </suite>
  <suite name="Suite" duration-ms="4147530" started-at="2023-03-30T12:47:45Z" finished-at="2023-03-30T13:56:53Z">
    <groups>
    </groups>
    <test name="Test" duration-ms="4147530" started-at="2023-03-30T12:47:45Z" finished-at="2023-03-30T13:56:53Z">
      <class name="Motorola_Moto_E30_XT21596.Test9_Int">
        <test-method status="PASS" signature="SetUp()" name="SetUp" is-config="true" duration-ms="7855" started-at="2023-03-30T12:47:45Z" finished-at="2023-03-30T12:47:53Z">
        </test-method>
        <test-method status="PASS" signature="RearPictureCapture()" name="RearPictureCapture" duration-ms="4139675" started-at="2023-03-30T12:47:53Z" finished-at="2023-03-30T13:56:53Z">
        </test-method>
      </class>
    </test>
  </suite>
</testng-results>
