<?xml version="1.0" encoding="UTF-8"?>
<testsuite xmlns:xsi="http://www.w3.org/2001/XMLSchema-instance" xsi:noNamespaceSchemaLocation="https://maven.apache.org/surefire/maven-surefire-plugin/xsd/surefire-test-report-3.0.xsd" version="3.0" name="TestSuite" time="10,494.39" tests="8" errors="0" skipped="0" failures="0">
  <properties>
    <property name="sun.desktop" value="windows"/>
    <property name="awt.toolkit" value="sun.awt.windows.WToolkit"/>
    <property name="fileName" value="testngMain.xml"/>
    <property name="file.encoding.pkg" value="sun.io"/>
    <property name="java.specification.version" value="1.8"/>
    <property name="totalPictureCountRear" value="100"/>
    <property name="sun.cpu.isalist" value="amd64"/>
    <property name="totalPictureCountFront" value="100"/>
    <property name="sun.jnu.encoding" value="Cp1252"/>
    <property name="java.class.path" value="C:\Users\sandisk\Android11\Realme_XT_RMX1921\target\test-classes;C:\Users\sandisk\Android11\Realme_XT_RMX1921\target\classes;C:\Users\sandisk\.m2\repository\org\seleniumhq\selenium\selenium-java\3.141.59\selenium-java-3.141.59.jar;C:\Users\sandisk\.m2\repository\org\seleniumhq\selenium\selenium-api\3.141.59\selenium-api-3.141.59.jar;C:\Users\sandisk\.m2\repository\org\seleniumhq\selenium\selenium-chrome-driver\3.141.59\selenium-chrome-driver-3.141.59.jar;C:\Users\sandisk\.m2\repository\org\seleniumhq\selenium\selenium-edge-driver\3.141.59\selenium-edge-driver-3.141.59.jar;C:\Users\sandisk\.m2\repository\org\seleniumhq\selenium\selenium-firefox-driver\3.141.59\selenium-firefox-driver-3.141.59.jar;C:\Users\sandisk\.m2\repository\org\seleniumhq\selenium\selenium-ie-driver\3.141.59\selenium-ie-driver-3.141.59.jar;C:\Users\sandisk\.m2\repository\org\seleniumhq\selenium\selenium-opera-driver\3.141.59\selenium-opera-driver-3.141.59.jar;C:\Users\sandisk\.m2\repository\org\seleniumhq\selenium\selenium-remote-driver\3.141.59\selenium-remote-driver-3.141.59.jar;C:\Users\sandisk\.m2\repository\org\seleniumhq\selenium\selenium-safari-driver\3.141.59\selenium-safari-driver-3.141.59.jar;C:\Users\sandisk\.m2\repository\org\seleniumhq\selenium\selenium-support\3.141.59\selenium-support-3.141.59.jar;C:\Users\sandisk\.m2\repository\net\bytebuddy\byte-buddy\1.8.15\byte-buddy-1.8.15.jar;C:\Users\sandisk\.m2\repository\org\apache\commons\commons-exec\1.3\commons-exec-1.3.jar;C:\Users\sandisk\.m2\repository\com\google\guava\guava\25.0-jre\guava-25.0-jre.jar;C:\Users\sandisk\.m2\repository\com\google\code\findbugs\jsr305\1.3.9\jsr305-1.3.9.jar;C:\Users\sandisk\.m2\repository\org\checkerframework\checker-compat-qual\2.0.0\checker-compat-qual-2.0.0.jar;C:\Users\sandisk\.m2\repository\com\google\errorprone\error_prone_annotations\2.1.3\error_prone_annotations-2.1.3.jar;C:\Users\sandisk\.m2\repository\com\google\j2objc\j2objc-annotations\1.1\j2objc-annotations-1.1.jar;C:\Users\sandisk\.m2\repository\org\codehaus\mojo\animal-sniffer-annotations\1.14\animal-sniffer-annotations-1.14.jar;C:\Users\sandisk\.m2\repository\com\squareup\okhttp3\okhttp\3.11.0\okhttp-3.11.0.jar;C:\Users\sandisk\.m2\repository\com\squareup\okio\okio\1.14.0\okio-1.14.0.jar;C:\Users\sandisk\.m2\repository\org\seleniumhq\selenium\selenium-android-driver\2.39.0\selenium-android-driver-2.39.0.jar;C:\Users\sandisk\.m2\repository\io\appium\java-client\7.0.0\java-client-7.0.0.jar;C:\Users\sandisk\.m2\repository\com\google\code\gson\gson\2.8.5\gson-2.8.5.jar;C:\Users\sandisk\.m2\repository\org\apache\httpcomponents\httpclient\4.5.6\httpclient-4.5.6.jar;C:\Users\sandisk\.m2\repository\org\apache\httpcomponents\httpcore\4.4.10\httpcore-4.4.10.jar;C:\Users\sandisk\.m2\repository\commons-logging\commons-logging\1.2\commons-logging-1.2.jar;C:\Users\sandisk\.m2\repository\commons-codec\commons-codec\1.10\commons-codec-1.10.jar;C:\Users\sandisk\.m2\repository\cglib\cglib\3.2.8\cglib-3.2.8.jar;C:\Users\sandisk\.m2\repository\org\ow2\asm\asm\6.2.1\asm-6.2.1.jar;C:\Users\sandisk\.m2\repository\org\apache\ant\ant\1.10.3\ant-1.10.3.jar;C:\Users\sandisk\.m2\repository\org\apache\ant\ant-launcher\1.10.3\ant-launcher-1.10.3.jar;C:\Users\sandisk\.m2\repository\commons-validator\commons-validator\1.6\commons-validator-1.6.jar;C:\Users\sandisk\.m2\repository\commons-beanutils\commons-beanutils\1.9.2\commons-beanutils-1.9.2.jar;C:\Users\sandisk\.m2\repository\commons-digester\commons-digester\1.8.1\commons-digester-1.8.1.jar;C:\Users\sandisk\.m2\repository\commons-collections\commons-collections\3.2.2\commons-collections-3.2.2.jar;C:\Users\sandisk\.m2\repository\org\apache\commons\commons-lang3\3.8\commons-lang3-3.8.jar;C:\Users\sandisk\.m2\repository\commons-io\commons-io\2.6\commons-io-2.6.jar;C:\Users\sandisk\.m2\repository\org\springframework\spring-context\5.1.0.RELEASE\spring-context-5.1.0.RELEASE.jar;C:\Users\sandisk\.m2\repository\org\springframework\spring-aop\5.1.0.RELEASE\spring-aop-5.1.0.RELEASE.jar;C:\Users\sandisk\.m2\repository\org\springframework\spring-beans\5.1.0.RELEASE\spring-beans-5.1.0.RELEASE.jar;C:\Users\sandisk\.m2\repository\org\springframework\spring-core\5.1.0.RELEASE\spring-core-5.1.0.RELEASE.jar;C:\Users\sandisk\.m2\repository\org\springframework\spring-jcl\5.1.0.RELEASE\spring-jcl-5.1.0.RELEASE.jar;C:\Users\sandisk\.m2\repository\org\springframework\spring-expression\5.1.0.RELEASE\spring-expression-5.1.0.RELEASE.jar;C:\Users\sandisk\.m2\repository\org\aspectj\aspectjweaver\1.9.1\aspectjweaver-1.9.1.jar;C:\Users\sandisk\.m2\repository\org\slf4j\slf4j-api\1.7.25\slf4j-api-1.7.25.jar;C:\Users\sandisk\.m2\repository\org\testng\testng\6.1.1\testng-6.1.1.jar;C:\Users\sandisk\.m2\repository\junit\junit\3.8.1\junit-3.8.1.jar;C:\Users\sandisk\.m2\repository\org\beanshell\bsh\2.0b4\bsh-2.0b4.jar;C:\Users\sandisk\.m2\repository\com\beust\jcommander\1.12\jcommander-1.12.jar;C:\Users\sandisk\.m2\repository\org\yaml\snakeyaml\1.6\snakeyaml-1.6.jar;"/>
    <property name="java.vm.vendor" value="Oracle Corporation"/>
    <property name="sun.arch.data.model" value="64"/>
    <property name="user.variant" value=""/>
    <property name="java.vendor.url" value="http://java.oracle.com/"/>
    <property name="user.timezone" value="Asia/Calcutta"/>
    <property name="os.name" value="Windows 10"/>
    <property name="java.vm.specification.version" value="1.8"/>
    <property name="sun.java.launcher" value="SUN_STANDARD"/>
    <property name="user.country" value="IN"/>
    <property name="sun.boot.library.path" value="C:\Program Files\Java\jdk1.8.0_202\jre\bin"/>
    <property name="recordingDurationRear1" value="300"/>
    <property name="recordingDurationRear2" value="300"/>
    <property name="sun.java.command" value="C:\Users\sandisk\AppData\Local\Temp\surefire2911111710962054665\surefirebooter5864730534650674173.jar C:\Users\sandisk\AppData\Local\Temp\surefire2911111710962054665 2023-01-06T19-48-47_357-jvmRun1 surefire4768478873586790374tmp surefire_07370054051324459955tmp"/>
    <property name="recordingDurationFront" value="580"/>
    <property name="recordingDurationFront1" value="300"/>
    <property name="surefire.test.class.path" value="C:\Users\sandisk\Android11\Realme_XT_RMX1921\target\test-classes;C:\Users\sandisk\Android11\Realme_XT_RMX1921\target\classes;C:\Users\sandisk\.m2\repository\org\seleniumhq\selenium\selenium-java\3.141.59\selenium-java-3.141.59.jar;C:\Users\sandisk\.m2\repository\org\seleniumhq\selenium\selenium-api\3.141.59\selenium-api-3.141.59.jar;C:\Users\sandisk\.m2\repository\org\seleniumhq\selenium\selenium-chrome-driver\3.141.59\selenium-chrome-driver-3.141.59.jar;C:\Users\sandisk\.m2\repository\org\seleniumhq\selenium\selenium-edge-driver\3.141.59\selenium-edge-driver-3.141.59.jar;C:\Users\sandisk\.m2\repository\org\seleniumhq\selenium\selenium-firefox-driver\3.141.59\selenium-firefox-driver-3.141.59.jar;C:\Users\sandisk\.m2\repository\org\seleniumhq\selenium\selenium-ie-driver\3.141.59\selenium-ie-driver-3.141.59.jar;C:\Users\sandisk\.m2\repository\org\seleniumhq\selenium\selenium-opera-driver\3.141.59\selenium-opera-driver-3.141.59.jar;C:\Users\sandisk\.m2\repository\org\seleniumhq\selenium\selenium-remote-driver\3.141.59\selenium-remote-driver-3.141.59.jar;C:\Users\sandisk\.m2\repository\org\seleniumhq\selenium\selenium-safari-driver\3.141.59\selenium-safari-driver-3.141.59.jar;C:\Users\sandisk\.m2\repository\org\seleniumhq\selenium\selenium-support\3.141.59\selenium-support-3.141.59.jar;C:\Users\sandisk\.m2\repository\net\bytebuddy\byte-buddy\1.8.15\byte-buddy-1.8.15.jar;C:\Users\sandisk\.m2\repository\org\apache\commons\commons-exec\1.3\commons-exec-1.3.jar;C:\Users\sandisk\.m2\repository\com\google\guava\guava\25.0-jre\guava-25.0-jre.jar;C:\Users\sandisk\.m2\repository\com\google\code\findbugs\jsr305\1.3.9\jsr305-1.3.9.jar;C:\Users\sandisk\.m2\repository\org\checkerframework\checker-compat-qual\2.0.0\checker-compat-qual-2.0.0.jar;C:\Users\sandisk\.m2\repository\com\google\errorprone\error_prone_annotations\2.1.3\error_prone_annotations-2.1.3.jar;C:\Users\sandisk\.m2\repository\com\google\j2objc\j2objc-annotations\1.1\j2objc-annotations-1.1.jar;C:\Users\sandisk\.m2\repository\org\codehaus\mojo\animal-sniffer-annotations\1.14\animal-sniffer-annotations-1.14.jar;C:\Users\sandisk\.m2\repository\com\squareup\okhttp3\okhttp\3.11.0\okhttp-3.11.0.jar;C:\Users\sandisk\.m2\repository\com\squareup\okio\okio\1.14.0\okio-1.14.0.jar;C:\Users\sandisk\.m2\repository\org\seleniumhq\selenium\selenium-android-driver\2.39.0\selenium-android-driver-2.39.0.jar;C:\Users\sandisk\.m2\repository\io\appium\java-client\7.0.0\java-client-7.0.0.jar;C:\Users\sandisk\.m2\repository\com\google\code\gson\gson\2.8.5\gson-2.8.5.jar;C:\Users\sandisk\.m2\repository\org\apache\httpcomponents\httpclient\4.5.6\httpclient-4.5.6.jar;C:\Users\sandisk\.m2\repository\org\apache\httpcomponents\httpcore\4.4.10\httpcore-4.4.10.jar;C:\Users\sandisk\.m2\repository\commons-logging\commons-logging\1.2\commons-logging-1.2.jar;C:\Users\sandisk\.m2\repository\commons-codec\commons-codec\1.10\commons-codec-1.10.jar;C:\Users\sandisk\.m2\repository\cglib\cglib\3.2.8\cglib-3.2.8.jar;C:\Users\sandisk\.m2\repository\org\ow2\asm\asm\6.2.1\asm-6.2.1.jar;C:\Users\sandisk\.m2\repository\org\apache\ant\ant\1.10.3\ant-1.10.3.jar;C:\Users\sandisk\.m2\repository\org\apache\ant\ant-launcher\1.10.3\ant-launcher-1.10.3.jar;C:\Users\sandisk\.m2\repository\commons-validator\commons-validator\1.6\commons-validator-1.6.jar;C:\Users\sandisk\.m2\repository\commons-beanutils\commons-beanutils\1.9.2\commons-beanutils-1.9.2.jar;C:\Users\sandisk\.m2\repository\commons-digester\commons-digester\1.8.1\commons-digester-1.8.1.jar;C:\Users\sandisk\.m2\repository\commons-collections\commons-collections\3.2.2\commons-collections-3.2.2.jar;C:\Users\sandisk\.m2\repository\org\apache\commons\commons-lang3\3.8\commons-lang3-3.8.jar;C:\Users\sandisk\.m2\repository\commons-io\commons-io\2.6\commons-io-2.6.jar;C:\Users\sandisk\.m2\repository\org\springframework\spring-context\5.1.0.RELEASE\spring-context-5.1.0.RELEASE.jar;C:\Users\sandisk\.m2\repository\org\springframework\spring-aop\5.1.0.RELEASE\spring-aop-5.1.0.RELEASE.jar;C:\Users\sandisk\.m2\repository\org\springframework\spring-beans\5.1.0.RELEASE\spring-beans-5.1.0.RELEASE.jar;C:\Users\sandisk\.m2\repository\org\springframework\spring-core\5.1.0.RELEASE\spring-core-5.1.0.RELEASE.jar;C:\Users\sandisk\.m2\repository\org\springframework\spring-jcl\5.1.0.RELEASE\spring-jcl-5.1.0.RELEASE.jar;C:\Users\sandisk\.m2\repository\org\springframework\spring-expression\5.1.0.RELEASE\spring-expression-5.1.0.RELEASE.jar;C:\Users\sandisk\.m2\repository\org\aspectj\aspectjweaver\1.9.1\aspectjweaver-1.9.1.jar;C:\Users\sandisk\.m2\repository\org\slf4j\slf4j-api\1.7.25\slf4j-api-1.7.25.jar;C:\Users\sandisk\.m2\repository\org\testng\testng\6.1.1\testng-6.1.1.jar;C:\Users\sandisk\.m2\repository\junit\junit\3.8.1\junit-3.8.1.jar;C:\Users\sandisk\.m2\repository\org\beanshell\bsh\2.0b4\bsh-2.0b4.jar;C:\Users\sandisk\.m2\repository\com\beust\jcommander\1.12\jcommander-1.12.jar;C:\Users\sandisk\.m2\repository\org\yaml\snakeyaml\1.6\snakeyaml-1.6.jar;"/>
    <property name="sun.cpu.endian" value="little"/>
    <property name="user.home" value="C:\Users\sandisk"/>
    <property name="user.language" value="en"/>
    <property name="java.specification.vendor" value="Oracle Corporation"/>
    <property name="java.home" value="C:\Program Files\Java\jdk1.8.0_202\jre"/>
    <property name="file.separator" value="\"/>
    <property name="basedir" value="C:\Users\sandisk\Android11\Realme_XT_RMX1921"/>
    <property name="line.separator" value="&#10;"/>
    <property name="java.vm.specification.vendor" value="Oracle Corporation"/>
    <property name="java.specification.name" value="Java Platform API Specification"/>
    <property name="mountUnmountCycle" value="1"/>
    <property name="java.awt.graphicsenv" value="sun.awt.Win32GraphicsEnvironment"/>
    <property name="surefire.real.class.path" value="C:\Users\sandisk\AppData\Local\Temp\surefire2911111710962054665\surefirebooter5864730534650674173.jar"/>
    <property name="recordingDurationRear" value="580"/>
    <property name="sun.boot.class.path" value="C:\Program Files\Java\jdk1.8.0_202\jre\lib\resources.jar;C:\Program Files\Java\jdk1.8.0_202\jre\lib\rt.jar;C:\Program Files\Java\jdk1.8.0_202\jre\lib\sunrsasign.jar;C:\Program Files\Java\jdk1.8.0_202\jre\lib\jsse.jar;C:\Program Files\Java\jdk1.8.0_202\jre\lib\jce.jar;C:\Program Files\Java\jdk1.8.0_202\jre\lib\charsets.jar;C:\Program Files\Java\jdk1.8.0_202\jre\lib\jfr.jar;C:\Program Files\Java\jdk1.8.0_202\jre\classes"/>
    <property name="user.script" value=""/>
    <property name="sun.management.compiler" value="HotSpot 64-Bit Tiered Compilers"/>
    <property name="java.runtime.version" value="1.8.0_202-b08"/>
    <property name="totalPictureCountFront3" value="50"/>
    <property name="user.name" value="sandisk"/>
    <property name="totalPictureCountFront2" value="50"/>
    <property name="totalPictureCountFront1" value="100"/>
    <property name="path.separator" value=";"/>
    <property name="totalPictureCountRear3" value="50"/>
    <property name="totalPictureCountRear1" value="100"/>
    <property name="os.version" value="10.0"/>
    <property name="totalPictureCountRear2" value="50"/>
    <property name="java.endorsed.dirs" value="C:\Program Files\Java\jdk1.8.0_202\jre\lib\endorsed"/>
    <property name="java.runtime.name" value="Java(TM) SE Runtime Environment"/>
    <property name="file.encoding" value="Cp1252"/>
    <property name="java.vm.name" value="Java HotSpot(TM) 64-Bit Server VM"/>
    <property name="localRepository" value="C:\Users\sandisk\.m2\repository"/>
    <property name="java.vendor.url.bug" value="http://bugreport.sun.com/bugreport/"/>
    <property name="java.io.tmpdir" value="C:\Users\sandisk\AppData\Local\Temp\"/>
    <property name="java.version" value="1.8.0_202"/>
    <property name="user.dir" value="C:\Users\sandisk\Android11\Realme_XT_RMX1921"/>
    <property name="os.arch" value="amd64"/>
    <property name="java.vm.specification.name" value="Java Virtual Machine Specification"/>
    <property name="java.util.logging.SimpleFormatter.format" value="%1$tY-%1$tm-%1$td %1$tH:%1$tM:%1$tS %4$-6s %2$s %5$s%6$s%n"/>
    <property name="java.awt.printerjob" value="sun.awt.windows.WPrinterJob"/>
    <property name="Tolerance_Level" value="75"/>
    <property name="sun.os.patch.level" value=""/>
    <property name="java.library.path" value="C:\Program Files\Java\jdk1.8.0_202\jre\bin;C:\Windows\Sun\Java\bin;C:\Windows\system32;C:\Windows;C:\Program Files (x86)\Common Files\Oracle\Java\javapath;C:\Windows\system32;C:\Windows;C:\Windows\System32\Wbem;C:\Windows\System32\WindowsPowerShell\v1.0\;C:\Windows\System32\OpenSSH\;C:\Program Files\Java\jdk1.8.0_202\bin;C:\Users\sandisk\AppData\Local\Android\Sdk;C:\Users\sandisk\android-sdks\platform-tools;C:\Android\Android-sdk\bin;C:\Android\Android-sdk\tools;C:\Android\Android-sdk\platform-tools;C:\ant\apache-ant-1.9.15\bin;C:\Android\Android-sdk\bin;C:\Program Files\Java\jdk1.8.0_202\bin;C:\Users\sandisk\Maven\apache-maven-3.8.4\bin;C:\Python37\Scripts\;C:\Python37\;C:\Users\sandisk\AppData\Local\Microsoft\WindowsApps;;."/>
    <property name="java.vendor" value="Oracle Corporation"/>
    <property name="java.vm.info" value="mixed mode"/>
    <property name="java.vm.version" value="25.202-b08"/>
    <property name="sun.io.unicode.encoding" value="UnicodeLittle"/>
    <property name="java.ext.dirs" value="C:\Program Files\Java\jdk1.8.0_202\jre\lib\ext;C:\Windows\Sun\Java\lib\ext"/>
    <property name="java.class.version" value="52.0"/>
  </properties>
  <testcase name="start" classname="Realme_XT_RMX1921.Test0" time="1,144.497">
    <system-out><![CDATA[===================================================================================================================================================================================================================================================================================================================================================================================================================================================================================================================================================================================================================================================================================================================================
 Test0 Scenario is as follows 
Unlock phone, clear recent apps, clear internal memory
Call Image() and Capture Rear camera 25 images for default resolution in uSD card and Verify the data capture
Call Video() and record Rear camera video of first 2 resloutions for 2 minutes of duration in uSD Card and verify the same
Call Format() and format uSD card with data and verify the same
===================================================================================================================================================================================================================================================================================================================================================================================================================================================================================================================================================================================================================================================================================================================================
Setting up the appium desired capabilities
Host does'nt support clear recent apps option! Hence Skiping clear recent apps scenario
Launch File Manager Application and clear internal memory
swipe up and search for internal storage
Select  Internal storage
Select More options
click on Select all
Select More options
Select  Delete permanently
Select  Delete
Pass: Clearing phone internal memory is successfull
===================================================================================================================================================================================================================================================================================================================================================================================================================================================================================================================================================================================================================================================================================================================================
Calling Image() to capture rear camera image in uSD card and verifying the same.
Launch Camera Application for Rear picture capture
Select settings option
Search forAdvanced settings option
Select SD as storage option
Select turn on option
Select SD as storage option
Select turn on option
Capture Image of Default Resolution
clicking Image of Default Resolutions0
clicking Image of Default Resolutions1
clicking Image of Default Resolutions2
clicking Image of Default Resolutions3
clicking Image of Default Resolutions4
clicking Image of Default Resolutions5
clicking Image of Default Resolutions6
clicking Image of Default Resolutions7
clicking Image of Default Resolutions8
clicking Image of Default Resolutions9
clicking Image of Default Resolutions10
clicking Image of Default Resolutions11
clicking Image of Default Resolutions12
clicking Image of Default Resolutions13
clicking Image of Default Resolutions14
clicking Image of Default Resolutions15
clicking Image of Default Resolutions16
clicking Image of Default Resolutions17
clicking Image of Default Resolutions18
clicking Image of Default Resolutions19
clicking Image of Default Resolutions20
clicking Image of Default Resolutions21
clicking Image of Default Resolutions22
clicking Image of Default Resolutions23
clicking Image of Default Resolutions24
Pass:Total Number Of Image captured 25 is successfull
===================================================================================================================================================================================================================================================================================================================================================================================================================================================================================================================================================================================================================================================================================================================================
Launch File Manager application to verify  Image capture
clicking on browse
swipe up search for sd card
Select  SD Card
Select DCIM Folder
Select Camera Folder
Select more options
click on Select all
Verifying Image Capture 
Pass:Total Number Of Image captured 25 is successfull
===================================================================================================================================================================================================================================================================================================================================================================================================================================================================================================================================================================================================================================================================================================================================
Calling video() for rear video recording in USD card and verifying data capture.
Launch Camera Application
Current Existing Camera is Back Camera
Clicking Video Tab
Select settings option
Search forAdvanced settings option
Select SD as storage option
Select turn on option
Select SD as storage option
Select turn on option
Select settings option
swipe up and select for video resolution
Select 1st Back Video Resolution: 1080p
Start video recording
Recording Video for 2Minutes of Duration
Stop video recording
Select settings option
swipe up and select for video resolution
Select 2nd Back Video Resolution:  720P
Start video recording
Recording Video for 2Minutes of Duration
Stop video recording
select photo mode
Pass: Rear camera video recording is successfull
===================================================================================================================================================================================================================================================================================================================================================================================================================================================================================================================================================================================================================================================================================================================================
Verifying Captured Videos
Launch Home screen and Clear recent Apps
Launch File Manager Application to verify captured videos
clcik on browse
swipe up and search for sd card
Click On SD Card
Select DCIM Folder
Select Camera Folder
Select more options
click on Select all
Pass: 2 Videos recorded Successfully
Pass: A total of 27 files present in uSD card before Format
===================================================================================================================================================================================================================================================================================================================================================================================================================================================================================================================================================================================================================================================================================================================================
calling Format() for format with data scenario
Launch Settings application for Format uSD card with Data 
Swipe Up and Search for Storage
Select Storage
Swipe Up and Search sd card
Clicking on SD card
Clicking on formatsdcard
Select again formatsdcard
Accept to Format uSD Card
Started formatting, waiting till it gets formatted
Select cancel
Going back to home screen
Pass: Format uSD with Data is successfull
===================================================================================================================================================================================================================================================================================================================================================================================================================================================================================================================================================================================================================================================================================================================================
Launch File Manager Application
select browse option
Click On SD Card
Pass:Images and videos are not present in the DCIM folder, CARD format is successfully completed 
Final Message: Pass Test0 pass for format Operation
Test: End
===================================================================================================================================================================================================================================================================================================================================================================================================================================================================================================================================================================================================================================================================================================================================
]]></system-out>
    <system-err><![CDATA[2023-01-06 19:49:00 INFO   io.appium.java_client.remote.AppiumCommandExecutor$1 lambda$0 Detected dialect: W3C
Test: Start
2023-01-06 19:49:07 INFO   io.appium.java_client.remote.AppiumCommandExecutor$1 lambda$0 Detected dialect: W3C
org.openqa.selenium.NoSuchElementException: An element could not be located on the page using the given search parameters.
For documentation on this error, please visit: https://www.seleniumhq.org/exceptions/no_such_element.html
Build info: version: '3.141.59', revision: 'e82be7d358', time: '2018-11-14T08:17:03'
System info: host: 'RPG-USB-APPS-38', ip: '10.65.145.50', os.name: 'Windows 10', os.arch: 'amd64', os.version: '10.0', java.version: '1.8.0_202'
Driver info: io.appium.java_client.android.AndroidDriver
Capabilities {automationName: UiAutomator2, databaseEnabled: false, desired: {automationName: UiAutomator2, deviceName: realme XT, newCommandTimeout: 600, platformName: android, platformVersion: 11, udid: 917402bf}, deviceApiLevel: 30, deviceManufacturer: realme, deviceModel: RMX1921, deviceName: 917402bf, deviceScreenDensity: 480, deviceScreenSize: 1080x2340, deviceUDID: 917402bf, javascriptEnabled: true, locationContextEnabled: false, networkConnectionEnabled: true, newCommandTimeout: 600, pixelRatio: 3, platform: LINUX, platformName: Android, platformVersion: 11, statBarHeight: 96, takesScreenshot: true, udid: 917402bf, viewportRect: {height: 2036, left: 0, top: 96, width: 1080}, warnings: {}, webStorageEnabled: false}
Session ID: 2d8bb6a3-cd35-4e42-b523-278d5f5a80ac
*** Element info: {Using=xpath, value=//*[@text='Turn on']}
	at sun.reflect.NativeConstructorAccessorImpl.newInstance0(Native Method)
	at sun.reflect.NativeConstructorAccessorImpl.newInstance(NativeConstructorAccessorImpl.java:62)
	at sun.reflect.DelegatingConstructorAccessorImpl.newInstance(DelegatingConstructorAccessorImpl.java:45)
	at java.lang.reflect.Constructor.newInstance(Constructor.java:423)
	at org.openqa.selenium.remote.http.W3CHttpResponseCodec.createException(W3CHttpResponseCodec.java:187)
	at org.openqa.selenium.remote.http.W3CHttpResponseCodec.decode(W3CHttpResponseCodec.java:122)
	at org.openqa.selenium.remote.http.W3CHttpResponseCodec.decode(W3CHttpResponseCodec.java:49)
	at org.openqa.selenium.remote.HttpCommandExecutor.execute(HttpCommandExecutor.java:158)
	at io.appium.java_client.remote.AppiumCommandExecutor.execute(AppiumCommandExecutor.java:239)
	at org.openqa.selenium.remote.RemoteWebDriver.execute(RemoteWebDriver.java:552)
	at io.appium.java_client.DefaultGenericMobileDriver.execute(DefaultGenericMobileDriver.java:42)
	at io.appium.java_client.AppiumDriver.execute(AppiumDriver.java:1)
	at io.appium.java_client.android.AndroidDriver.execute(AndroidDriver.java:1)
	at org.openqa.selenium.remote.RemoteWebDriver.findElement(RemoteWebDriver.java:323)
	at io.appium.java_client.DefaultGenericMobileDriver.findElement(DefaultGenericMobileDriver.java:62)
	at io.appium.java_client.AppiumDriver.findElement(AppiumDriver.java:1)
	at io.appium.java_client.android.AndroidDriver.findElement(AndroidDriver.java:1)
	at org.openqa.selenium.remote.RemoteWebDriver.findElementByXPath(RemoteWebDriver.java:428)
	at io.appium.java_client.DefaultGenericMobileDriver.findElementByXPath(DefaultGenericMobileDriver.java:152)
	at io.appium.java_client.AppiumDriver.findElementByXPath(AppiumDriver.java:1)
	at io.appium.java_client.android.AndroidDriver.findElementByXPath(AndroidDriver.java:1)
	at org.openqa.selenium.By$ByXPath.findElement(By.java:353)
	at org.openqa.selenium.remote.RemoteWebDriver.findElement(RemoteWebDriver.java:315)
	at io.appium.java_client.DefaultGenericMobileDriver.findElement(DefaultGenericMobileDriver.java:58)
	at io.appium.java_client.AppiumDriver.findElement(AppiumDriver.java:1)
	at io.appium.java_client.android.AndroidDriver.findElement(AndroidDriver.java:1)
	at Realme_XT_RMX1921.Test0.Images(Test0.java:225)
	at Realme_XT_RMX1921.Test0.start(Test0.java:179)
	at sun.reflect.NativeMethodAccessorImpl.invoke0(Native Method)
	at sun.reflect.NativeMethodAccessorImpl.invoke(NativeMethodAccessorImpl.java:62)
	at sun.reflect.DelegatingMethodAccessorImpl.invoke(DelegatingMethodAccessorImpl.java:43)
	at java.lang.reflect.Method.invoke(Method.java:498)
	at org.testng.internal.MethodInvocationHelper.invokeMethod(MethodInvocationHelper.java:80)
	at org.testng.internal.Invoker.invokeMethod(Invoker.java:673)
	at org.testng.internal.Invoker.invokeTestMethod(Invoker.java:842)
	at org.testng.internal.Invoker.invokeTestMethods(Invoker.java:1166)
	at org.testng.internal.TestMethodWorker.invokeTestMethods(TestMethodWorker.java:125)
	at org.testng.internal.TestMethodWorker.run(TestMethodWorker.java:109)
	at org.testng.TestRunner.runWorkers(TestRunner.java:1178)
	at org.testng.TestRunner.privateRun(TestRunner.java:757)
	at org.testng.TestRunner.run(TestRunner.java:608)
	at org.testng.SuiteRunner.runTest(SuiteRunner.java:334)
	at org.testng.SuiteRunner.runSequentially(SuiteRunner.java:329)
	at org.testng.SuiteRunner.privateRun(SuiteRunner.java:291)
	at org.testng.SuiteRunner.run(SuiteRunner.java:240)
	at org.testng.SuiteRunnerWorker.runSuite(SuiteRunnerWorker.java:52)
	at org.testng.SuiteRunnerWorker.run(SuiteRunnerWorker.java:86)
	at org.testng.TestNG.runSuitesSequentially(TestNG.java:1158)
	at org.testng.TestNG.runSuitesSequentially(TestNG.java:1154)
	at org.testng.TestNG.runSuitesLocally(TestNG.java:1083)
	at org.testng.TestNG.run(TestNG.java:999)
	at org.apache.maven.surefire.testng.TestNGExecutor.run(TestNGExecutor.java:284)
	at org.apache.maven.surefire.testng.TestNGXmlTestSuite.execute(TestNGXmlTestSuite.java:75)
	at org.apache.maven.surefire.testng.TestNGProvider.invoke(TestNGProvider.java:119)
	at org.apache.maven.surefire.booter.ForkedBooter.runSuitesInProcess(ForkedBooter.java:428)
	at org.apache.maven.surefire.booter.ForkedBooter.execute(ForkedBooter.java:162)
	at org.apache.maven.surefire.booter.ForkedBooter.run(ForkedBooter.java:562)
	at org.apache.maven.surefire.booter.ForkedBooter.main(ForkedBooter.java:548)
org.openqa.selenium.NoSuchElementException: An element could not be located on the page using the given search parameters.
For documentation on this error, please visit: https://www.seleniumhq.org/exceptions/no_such_element.html
Build info: version: '3.141.59', revision: 'e82be7d358', time: '2018-11-14T08:17:03'
System info: host: 'RPG-USB-APPS-38', ip: '10.65.145.50', os.name: 'Windows 10', os.arch: 'amd64', os.version: '10.0', java.version: '1.8.0_202'
Driver info: io.appium.java_client.android.AndroidDriver
Capabilities {automationName: UiAutomator2, databaseEnabled: false, desired: {automationName: UiAutomator2, deviceName: realme XT, newCommandTimeout: 600, platformName: android, platformVersion: 11, udid: 917402bf}, deviceApiLevel: 30, deviceManufacturer: realme, deviceModel: RMX1921, deviceName: 917402bf, deviceScreenDensity: 480, deviceScreenSize: 1080x2340, deviceUDID: 917402bf, javascriptEnabled: true, locationContextEnabled: false, networkConnectionEnabled: true, newCommandTimeout: 600, pixelRatio: 3, platform: LINUX, platformName: Android, platformVersion: 11, statBarHeight: 96, takesScreenshot: true, udid: 917402bf, viewportRect: {height: 2036, left: 0, top: 96, width: 1080}, warnings: {}, webStorageEnabled: false}
Session ID: 2d8bb6a3-cd35-4e42-b523-278d5f5a80ac
*** Element info: {Using=xpath, value=//*[@text='Turn on']}
	at sun.reflect.NativeConstructorAccessorImpl.newInstance0(Native Method)
	at sun.reflect.NativeConstructorAccessorImpl.newInstance(NativeConstructorAccessorImpl.java:62)
	at sun.reflect.DelegatingConstructorAccessorImpl.newInstance(DelegatingConstructorAccessorImpl.java:45)
	at java.lang.reflect.Constructor.newInstance(Constructor.java:423)
	at org.openqa.selenium.remote.http.W3CHttpResponseCodec.createException(W3CHttpResponseCodec.java:187)
	at org.openqa.selenium.remote.http.W3CHttpResponseCodec.decode(W3CHttpResponseCodec.java:122)
	at org.openqa.selenium.remote.http.W3CHttpResponseCodec.decode(W3CHttpResponseCodec.java:49)
	at org.openqa.selenium.remote.HttpCommandExecutor.execute(HttpCommandExecutor.java:158)
	at io.appium.java_client.remote.AppiumCommandExecutor.execute(AppiumCommandExecutor.java:239)
	at org.openqa.selenium.remote.RemoteWebDriver.execute(RemoteWebDriver.java:552)
	at io.appium.java_client.DefaultGenericMobileDriver.execute(DefaultGenericMobileDriver.java:42)
	at io.appium.java_client.AppiumDriver.execute(AppiumDriver.java:1)
	at io.appium.java_client.android.AndroidDriver.execute(AndroidDriver.java:1)
	at org.openqa.selenium.remote.RemoteWebDriver.findElement(RemoteWebDriver.java:323)
	at io.appium.java_client.DefaultGenericMobileDriver.findElement(DefaultGenericMobileDriver.java:62)
	at io.appium.java_client.AppiumDriver.findElement(AppiumDriver.java:1)
	at io.appium.java_client.android.AndroidDriver.findElement(AndroidDriver.java:1)
	at org.openqa.selenium.remote.RemoteWebDriver.findElementByXPath(RemoteWebDriver.java:428)
	at io.appium.java_client.DefaultGenericMobileDriver.findElementByXPath(DefaultGenericMobileDriver.java:152)
	at io.appium.java_client.AppiumDriver.findElementByXPath(AppiumDriver.java:1)
	at io.appium.java_client.android.AndroidDriver.findElementByXPath(AndroidDriver.java:1)
	at org.openqa.selenium.By$ByXPath.findElement(By.java:353)
	at org.openqa.selenium.remote.RemoteWebDriver.findElement(RemoteWebDriver.java:315)
	at io.appium.java_client.DefaultGenericMobileDriver.findElement(DefaultGenericMobileDriver.java:58)
	at io.appium.java_client.AppiumDriver.findElement(AppiumDriver.java:1)
	at io.appium.java_client.android.AndroidDriver.findElement(AndroidDriver.java:1)
	at Realme_XT_RMX1921.Test0.Video(Test0.java:422)
	at Realme_XT_RMX1921.Test0.Images(Test0.java:338)
	at Realme_XT_RMX1921.Test0.start(Test0.java:179)
	at sun.reflect.NativeMethodAccessorImpl.invoke0(Native Method)
	at sun.reflect.NativeMethodAccessorImpl.invoke(NativeMethodAccessorImpl.java:62)
	at sun.reflect.DelegatingMethodAccessorImpl.invoke(DelegatingMethodAccessorImpl.java:43)
	at java.lang.reflect.Method.invoke(Method.java:498)
	at org.testng.internal.MethodInvocationHelper.invokeMethod(MethodInvocationHelper.java:80)
	at org.testng.internal.Invoker.invokeMethod(Invoker.java:673)
	at org.testng.internal.Invoker.invokeTestMethod(Invoker.java:842)
	at org.testng.internal.Invoker.invokeTestMethods(Invoker.java:1166)
	at org.testng.internal.TestMethodWorker.invokeTestMethods(TestMethodWorker.java:125)
	at org.testng.internal.TestMethodWorker.run(TestMethodWorker.java:109)
	at org.testng.TestRunner.runWorkers(TestRunner.java:1178)
	at org.testng.TestRunner.privateRun(TestRunner.java:757)
	at org.testng.TestRunner.run(TestRunner.java:608)
	at org.testng.SuiteRunner.runTest(SuiteRunner.java:334)
	at org.testng.SuiteRunner.runSequentially(SuiteRunner.java:329)
	at org.testng.SuiteRunner.privateRun(SuiteRunner.java:291)
	at org.testng.SuiteRunner.run(SuiteRunner.java:240)
	at org.testng.SuiteRunnerWorker.runSuite(SuiteRunnerWorker.java:52)
	at org.testng.SuiteRunnerWorker.run(SuiteRunnerWorker.java:86)
	at org.testng.TestNG.runSuitesSequentially(TestNG.java:1158)
	at org.testng.TestNG.runSuitesSequentially(TestNG.java:1154)
	at org.testng.TestNG.runSuitesLocally(TestNG.java:1083)
	at org.testng.TestNG.run(TestNG.java:999)
	at org.apache.maven.surefire.testng.TestNGExecutor.run(TestNGExecutor.java:284)
	at org.apache.maven.surefire.testng.TestNGXmlTestSuite.execute(TestNGXmlTestSuite.java:75)
	at org.apache.maven.surefire.testng.TestNGProvider.invoke(TestNGProvider.java:119)
	at org.apache.maven.surefire.booter.ForkedBooter.runSuitesInProcess(ForkedBooter.java:428)
	at org.apache.maven.surefire.booter.ForkedBooter.execute(ForkedBooter.java:162)
	at org.apache.maven.surefire.booter.ForkedBooter.run(ForkedBooter.java:562)
	at org.apache.maven.surefire.booter.ForkedBooter.main(ForkedBooter.java:548)
Click on DCIM Folder
Click on camera Folder
org.openqa.selenium.NoSuchElementException: An element could not be located on the page using the given search parameters.
For documentation on this error, please visit: https://www.seleniumhq.org/exceptions/no_such_element.html
Build info: version: '3.141.59', revision: 'e82be7d358', time: '2018-11-14T08:17:03'
System info: host: 'RPG-USB-APPS-38', ip: '10.65.145.50', os.name: 'Windows 10', os.arch: 'amd64', os.version: '10.0', java.version: '1.8.0_202'
Driver info: io.appium.java_client.android.AndroidDriver
Capabilities {automationName: UiAutomator2, databaseEnabled: false, desired: {automationName: UiAutomator2, deviceName: realme XT, newCommandTimeout: 600, platformName: android, platformVersion: 11, udid: 917402bf}, deviceApiLevel: 30, deviceManufacturer: realme, deviceModel: RMX1921, deviceName: 917402bf, deviceScreenDensity: 480, deviceScreenSize: 1080x2340, deviceUDID: 917402bf, javascriptEnabled: true, locationContextEnabled: false, networkConnectionEnabled: true, newCommandTimeout: 600, pixelRatio: 3, platform: LINUX, platformName: Android, platformVersion: 11, statBarHeight: 96, takesScreenshot: true, udid: 917402bf, viewportRect: {height: 2036, left: 0, top: 96, width: 1080}, warnings: {}, webStorageEnabled: false}
Session ID: 2d8bb6a3-cd35-4e42-b523-278d5f5a80ac
*** Element info: {Using=-android uiautomator, value=new UiSelector().text("Camera")}
	at sun.reflect.NativeConstructorAccessorImpl.newInstance0(Native Method)
	at sun.reflect.NativeConstructorAccessorImpl.newInstance(NativeConstructorAccessorImpl.java:62)
	at sun.reflect.DelegatingConstructorAccessorImpl.newInstance(DelegatingConstructorAccessorImpl.java:45)
	at java.lang.reflect.Constructor.newInstance(Constructor.java:423)
	at org.openqa.selenium.remote.http.W3CHttpResponseCodec.createException(W3CHttpResponseCodec.java:187)
	at org.openqa.selenium.remote.http.W3CHttpResponseCodec.decode(W3CHttpResponseCodec.java:122)
	at org.openqa.selenium.remote.http.W3CHttpResponseCodec.decode(W3CHttpResponseCodec.java:49)
	at org.openqa.selenium.remote.HttpCommandExecutor.execute(HttpCommandExecutor.java:158)
	at io.appium.java_client.remote.AppiumCommandExecutor.execute(AppiumCommandExecutor.java:239)
	at org.openqa.selenium.remote.RemoteWebDriver.execute(RemoteWebDriver.java:552)
	at io.appium.java_client.DefaultGenericMobileDriver.execute(DefaultGenericMobileDriver.java:42)
	at io.appium.java_client.AppiumDriver.execute(AppiumDriver.java:1)
	at io.appium.java_client.android.AndroidDriver.execute(AndroidDriver.java:1)
	at org.openqa.selenium.remote.RemoteWebDriver.findElement(RemoteWebDriver.java:323)
	at io.appium.java_client.DefaultGenericMobileDriver.findElement(DefaultGenericMobileDriver.java:62)
	at io.appium.java_client.AppiumDriver.findElement(AppiumDriver.java:1)
	at io.appium.java_client.android.AndroidDriver.findElement(AndroidDriver.java:1)
	at io.appium.java_client.FindsByAndroidUIAutomator.findElementByAndroidUIAutomator(FindsByAndroidUIAutomator.java:38)
	at Realme_XT_RMX1921.Test0.Format(Test0.java:730)
	at Realme_XT_RMX1921.Test0.Video(Test0.java:600)
	at Realme_XT_RMX1921.Test0.Images(Test0.java:338)
	at Realme_XT_RMX1921.Test0.start(Test0.java:179)
	at sun.reflect.NativeMethodAccessorImpl.invoke0(Native Method)
	at sun.reflect.NativeMethodAccessorImpl.invoke(NativeMethodAccessorImpl.java:62)
	at sun.reflect.DelegatingMethodAccessorImpl.invoke(DelegatingMethodAccessorImpl.java:43)
	at java.lang.reflect.Method.invoke(Method.java:498)
	at org.testng.internal.MethodInvocationHelper.invokeMethod(MethodInvocationHelper.java:80)
	at org.testng.internal.Invoker.invokeMethod(Invoker.java:673)
	at org.testng.internal.Invoker.invokeTestMethod(Invoker.java:842)
	at org.testng.internal.Invoker.invokeTestMethods(Invoker.java:1166)
	at org.testng.internal.TestMethodWorker.invokeTestMethods(TestMethodWorker.java:125)
	at org.testng.internal.TestMethodWorker.run(TestMethodWorker.java:109)
	at org.testng.TestRunner.runWorkers(TestRunner.java:1178)
	at org.testng.TestRunner.privateRun(TestRunner.java:757)
	at org.testng.TestRunner.run(TestRunner.java:608)
	at org.testng.SuiteRunner.runTest(SuiteRunner.java:334)
	at org.testng.SuiteRunner.runSequentially(SuiteRunner.java:329)
	at org.testng.SuiteRunner.privateRun(SuiteRunner.java:291)
	at org.testng.SuiteRunner.run(SuiteRunner.java:240)
	at org.testng.SuiteRunnerWorker.runSuite(SuiteRunnerWorker.java:52)
	at org.testng.SuiteRunnerWorker.run(SuiteRunnerWorker.java:86)
	at org.testng.TestNG.runSuitesSequentially(TestNG.java:1158)
	at org.testng.TestNG.runSuitesSequentially(TestNG.java:1154)
	at org.testng.TestNG.runSuitesLocally(TestNG.java:1083)
	at org.testng.TestNG.run(TestNG.java:999)
	at org.apache.maven.surefire.testng.TestNGExecutor.run(TestNGExecutor.java:284)
	at org.apache.maven.surefire.testng.TestNGXmlTestSuite.execute(TestNGXmlTestSuite.java:75)
	at org.apache.maven.surefire.testng.TestNGProvider.invoke(TestNGProvider.java:119)
	at org.apache.maven.surefire.booter.ForkedBooter.runSuitesInProcess(ForkedBooter.java:428)
	at org.apache.maven.surefire.booter.ForkedBooter.execute(ForkedBooter.java:162)
	at org.apache.maven.surefire.booter.ForkedBooter.run(ForkedBooter.java:562)
	at org.apache.maven.surefire.booter.ForkedBooter.main(ForkedBooter.java:548)
]]></system-err>
  </testcase>
  <testcase name="Format" classname="Realme_XT_RMX1921.Test3" time="254.936">
    <system-out><![CDATA[Test: Start
===================================================================================================================================================================================================================================================================================================================================================================================================================================================================================================================================================================================================================================================================================================================================
Test3 Scenario is as follows
 Unmount uSD Card and Format card for specified number of times
Setting up the appium desired capabilities
===================================================================================================================================================================================================================================================================================================================================================================================================================================================================================================================================================================================================================================================================================================================================
Launch Settings application for Format uSD card with Data 
Swipe Up and Search for Storage
Select Storage
Swipe Up and Search sd card
Clicking on SD card
Clicking on formatsdcard
Select again formatsdcard
Accept to Format uSD Card
Started formatting, waiting till it gets formatted
Select cancel
Going back to home screen
Launch file manager application and verify data format
Select SD card
Select DCIM Folder
Pass: Images and videos are not present in the DCIM folder, CARD format is successfully completed 
===================================================================================================================================================================================================================================================================================================================================================================================================================================================================================================================================================================================================================================================================================================================================
Final Message: Pass Test3 Pass for Unmount,Mount and Formattig uSD Card
Test:End
===================================================================================================================================================================================================================================================================================================================================================================================================================================================================================================================================================================================================================================================================================================================================
]]></system-out>
    <system-err><![CDATA[2023-01-06 20:08:13 INFO   io.appium.java_client.remote.AppiumCommandExecutor$1 lambda$0 Detected dialect: W3C
2023-01-06 20:08:21 INFO   io.appium.java_client.remote.AppiumCommandExecutor$1 lambda$0 Detected dialect: W3C
org.openqa.selenium.NoSuchElementException: An element could not be located on the page using the given search parameters.
For documentation on this error, please visit: https://www.seleniumhq.org/exceptions/no_such_element.html
Build info: version: '3.141.59', revision: 'e82be7d358', time: '2018-11-14T08:17:03'
System info: host: 'RPG-USB-APPS-38', ip: '10.65.145.50', os.name: 'Windows 10', os.arch: 'amd64', os.version: '10.0', java.version: '1.8.0_202'
Driver info: io.appium.java_client.android.AndroidDriver
Capabilities {automationName: UiAutomator2, databaseEnabled: false, desired: {automationName: UiAutomator2, deviceName: realme XT, newCommandTimeout: 600, platformName: android, platformVersion: 11, udid: 917402bf}, deviceApiLevel: 30, deviceManufacturer: realme, deviceModel: RMX1921, deviceName: 917402bf, deviceScreenDensity: 480, deviceScreenSize: 1080x2340, deviceUDID: 917402bf, javascriptEnabled: true, locationContextEnabled: false, networkConnectionEnabled: true, newCommandTimeout: 600, pixelRatio: 3, platform: LINUX, platformName: Android, platformVersion: 11, statBarHeight: 96, takesScreenshot: true, udid: 917402bf, viewportRect: {height: 2036, left: 0, top: 96, width: 1080}, warnings: {}, webStorageEnabled: false}
Session ID: c1c7e41b-a65a-4d8f-95d3-db300eeec9b3
*** Element info: {Using=xpath, value=//*[@resource-id='com.google.android.apps.nbu.files:id/agree_button']}
	at sun.reflect.NativeConstructorAccessorImpl.newInstance0(Native Method)
	at sun.reflect.NativeConstructorAccessorImpl.newInstance(NativeConstructorAccessorImpl.java:62)
	at sun.reflect.DelegatingConstructorAccessorImpl.newInstance(DelegatingConstructorAccessorImpl.java:45)
	at java.lang.reflect.Constructor.newInstance(Constructor.java:423)
	at org.openqa.selenium.remote.http.W3CHttpResponseCodec.createException(W3CHttpResponseCodec.java:187)
	at org.openqa.selenium.remote.http.W3CHttpResponseCodec.decode(W3CHttpResponseCodec.java:122)
	at org.openqa.selenium.remote.http.W3CHttpResponseCodec.decode(W3CHttpResponseCodec.java:49)
	at org.openqa.selenium.remote.HttpCommandExecutor.execute(HttpCommandExecutor.java:158)
	at io.appium.java_client.remote.AppiumCommandExecutor.execute(AppiumCommandExecutor.java:239)
	at org.openqa.selenium.remote.RemoteWebDriver.execute(RemoteWebDriver.java:552)
	at io.appium.java_client.DefaultGenericMobileDriver.execute(DefaultGenericMobileDriver.java:42)
	at io.appium.java_client.AppiumDriver.execute(AppiumDriver.java:1)
	at io.appium.java_client.android.AndroidDriver.execute(AndroidDriver.java:1)
	at org.openqa.selenium.remote.RemoteWebDriver.findElement(RemoteWebDriver.java:323)
	at io.appium.java_client.DefaultGenericMobileDriver.findElement(DefaultGenericMobileDriver.java:62)
	at io.appium.java_client.AppiumDriver.findElement(AppiumDriver.java:1)
	at io.appium.java_client.android.AndroidDriver.findElement(AndroidDriver.java:1)
	at org.openqa.selenium.remote.RemoteWebDriver.findElementByXPath(RemoteWebDriver.java:428)
	at io.appium.java_client.DefaultGenericMobileDriver.findElementByXPath(DefaultGenericMobileDriver.java:152)
	at io.appium.java_client.AppiumDriver.findElementByXPath(AppiumDriver.java:1)
	at io.appium.java_client.android.AndroidDriver.findElementByXPath(AndroidDriver.java:1)
	at org.openqa.selenium.By$ByXPath.findElement(By.java:353)
	at org.openqa.selenium.remote.RemoteWebDriver.findElement(RemoteWebDriver.java:315)
	at io.appium.java_client.DefaultGenericMobileDriver.findElement(DefaultGenericMobileDriver.java:58)
	at io.appium.java_client.AppiumDriver.findElement(AppiumDriver.java:1)
	at io.appium.java_client.android.AndroidDriver.findElement(AndroidDriver.java:1)
	at Realme_XT_RMX1921.Test3.Format(Test3.java:199)
	at sun.reflect.NativeMethodAccessorImpl.invoke0(Native Method)
	at sun.reflect.NativeMethodAccessorImpl.invoke(NativeMethodAccessorImpl.java:62)
	at sun.reflect.DelegatingMethodAccessorImpl.invoke(DelegatingMethodAccessorImpl.java:43)
	at java.lang.reflect.Method.invoke(Method.java:498)
	at org.testng.internal.MethodInvocationHelper.invokeMethod(MethodInvocationHelper.java:80)
	at org.testng.internal.Invoker.invokeMethod(Invoker.java:673)
	at org.testng.internal.Invoker.invokeTestMethod(Invoker.java:842)
	at org.testng.internal.Invoker.invokeTestMethods(Invoker.java:1166)
	at org.testng.internal.TestMethodWorker.invokeTestMethods(TestMethodWorker.java:125)
	at org.testng.internal.TestMethodWorker.run(TestMethodWorker.java:109)
	at org.testng.TestRunner.runWorkers(TestRunner.java:1178)
	at org.testng.TestRunner.privateRun(TestRunner.java:757)
	at org.testng.TestRunner.run(TestRunner.java:608)
	at org.testng.SuiteRunner.runTest(SuiteRunner.java:334)
	at org.testng.SuiteRunner.runSequentially(SuiteRunner.java:329)
	at org.testng.SuiteRunner.privateRun(SuiteRunner.java:291)
	at org.testng.SuiteRunner.run(SuiteRunner.java:240)
	at org.testng.SuiteRunnerWorker.runSuite(SuiteRunnerWorker.java:52)
	at org.testng.SuiteRunnerWorker.run(SuiteRunnerWorker.java:86)
	at org.testng.TestNG.runSuitesSequentially(TestNG.java:1158)
	at org.testng.TestNG.runSuitesSequentially(TestNG.java:1154)
	at org.testng.TestNG.runSuitesLocally(TestNG.java:1083)
	at org.testng.TestNG.run(TestNG.java:999)
	at org.apache.maven.surefire.testng.TestNGExecutor.run(TestNGExecutor.java:284)
	at org.apache.maven.surefire.testng.TestNGXmlTestSuite.execute(TestNGXmlTestSuite.java:75)
	at org.apache.maven.surefire.testng.TestNGProvider.invoke(TestNGProvider.java:119)
	at org.apache.maven.surefire.booter.ForkedBooter.runSuitesInProcess(ForkedBooter.java:428)
	at org.apache.maven.surefire.booter.ForkedBooter.execute(ForkedBooter.java:162)
	at org.apache.maven.surefire.booter.ForkedBooter.run(ForkedBooter.java:562)
	at org.apache.maven.surefire.booter.ForkedBooter.main(ForkedBooter.java:548)
org.openqa.selenium.NoSuchElementException: An element could not be located on the page using the given search parameters.
For documentation on this error, please visit: https://www.seleniumhq.org/exceptions/no_such_element.html
Build info: version: '3.141.59', revision: 'e82be7d358', time: '2018-11-14T08:17:03'
System info: host: 'RPG-USB-APPS-38', ip: '10.65.145.50', os.name: 'Windows 10', os.arch: 'amd64', os.version: '10.0', java.version: '1.8.0_202'
Driver info: io.appium.java_client.android.AndroidDriver
Capabilities {automationName: UiAutomator2, databaseEnabled: false, desired: {automationName: UiAutomator2, deviceName: realme XT, newCommandTimeout: 600, platformName: android, platformVersion: 11, udid: 917402bf}, deviceApiLevel: 30, deviceManufacturer: realme, deviceModel: RMX1921, deviceName: 917402bf, deviceScreenDensity: 480, deviceScreenSize: 1080x2340, deviceUDID: 917402bf, javascriptEnabled: true, locationContextEnabled: false, networkConnectionEnabled: true, newCommandTimeout: 600, pixelRatio: 3, platform: LINUX, platformName: Android, platformVersion: 11, statBarHeight: 96, takesScreenshot: true, udid: 917402bf, viewportRect: {height: 2036, left: 0, top: 96, width: 1080}, warnings: {}, webStorageEnabled: false}
Session ID: c1c7e41b-a65a-4d8f-95d3-db300eeec9b3
*** Element info: {Using=xpath, value=//*[@text='Camera']}
	at sun.reflect.NativeConstructorAccessorImpl.newInstance0(Native Method)
	at sun.reflect.NativeConstructorAccessorImpl.newInstance(NativeConstructorAccessorImpl.java:62)
	at sun.reflect.DelegatingConstructorAccessorImpl.newInstance(DelegatingConstructorAccessorImpl.java:45)
	at java.lang.reflect.Constructor.newInstance(Constructor.java:423)
	at org.openqa.selenium.remote.http.W3CHttpResponseCodec.createException(W3CHttpResponseCodec.java:187)
	at org.openqa.selenium.remote.http.W3CHttpResponseCodec.decode(W3CHttpResponseCodec.java:122)
	at org.openqa.selenium.remote.http.W3CHttpResponseCodec.decode(W3CHttpResponseCodec.java:49)
	at org.openqa.selenium.remote.HttpCommandExecutor.execute(HttpCommandExecutor.java:158)
	at io.appium.java_client.remote.AppiumCommandExecutor.execute(AppiumCommandExecutor.java:239)
	at org.openqa.selenium.remote.RemoteWebDriver.execute(RemoteWebDriver.java:552)
	at io.appium.java_client.DefaultGenericMobileDriver.execute(DefaultGenericMobileDriver.java:42)
	at io.appium.java_client.AppiumDriver.execute(AppiumDriver.java:1)
	at io.appium.java_client.android.AndroidDriver.execute(AndroidDriver.java:1)
	at org.openqa.selenium.remote.RemoteWebDriver.findElement(RemoteWebDriver.java:323)
	at io.appium.java_client.DefaultGenericMobileDriver.findElement(DefaultGenericMobileDriver.java:62)
	at io.appium.java_client.AppiumDriver.findElement(AppiumDriver.java:1)
	at io.appium.java_client.android.AndroidDriver.findElement(AndroidDriver.java:1)
	at org.openqa.selenium.remote.RemoteWebDriver.findElementByXPath(RemoteWebDriver.java:428)
	at io.appium.java_client.DefaultGenericMobileDriver.findElementByXPath(DefaultGenericMobileDriver.java:152)
	at io.appium.java_client.AppiumDriver.findElementByXPath(AppiumDriver.java:1)
	at io.appium.java_client.android.AndroidDriver.findElementByXPath(AndroidDriver.java:1)
	at org.openqa.selenium.By$ByXPath.findElement(By.java:353)
	at org.openqa.selenium.remote.RemoteWebDriver.findElement(RemoteWebDriver.java:315)
	at io.appium.java_client.DefaultGenericMobileDriver.findElement(DefaultGenericMobileDriver.java:58)
	at io.appium.java_client.AppiumDriver.findElement(AppiumDriver.java:1)
	at io.appium.java_client.android.AndroidDriver.findElement(AndroidDriver.java:1)
	at Realme_XT_RMX1921.Test3.Format(Test3.java:232)
	at sun.reflect.NativeMethodAccessorImpl.invoke0(Native Method)
	at sun.reflect.NativeMethodAccessorImpl.invoke(NativeMethodAccessorImpl.java:62)
	at sun.reflect.DelegatingMethodAccessorImpl.invoke(DelegatingMethodAccessorImpl.java:43)
	at java.lang.reflect.Method.invoke(Method.java:498)
	at org.testng.internal.MethodInvocationHelper.invokeMethod(MethodInvocationHelper.java:80)
	at org.testng.internal.Invoker.invokeMethod(Invoker.java:673)
	at org.testng.internal.Invoker.invokeTestMethod(Invoker.java:842)
	at org.testng.internal.Invoker.invokeTestMethods(Invoker.java:1166)
	at org.testng.internal.TestMethodWorker.invokeTestMethods(TestMethodWorker.java:125)
	at org.testng.internal.TestMethodWorker.run(TestMethodWorker.java:109)
	at org.testng.TestRunner.runWorkers(TestRunner.java:1178)
	at org.testng.TestRunner.privateRun(TestRunner.java:757)
	at org.testng.TestRunner.run(TestRunner.java:608)
	at org.testng.SuiteRunner.runTest(SuiteRunner.java:334)
	at org.testng.SuiteRunner.runSequentially(SuiteRunner.java:329)
	at org.testng.SuiteRunner.privateRun(SuiteRunner.java:291)
	at org.testng.SuiteRunner.run(SuiteRunner.java:240)
	at org.testng.SuiteRunnerWorker.runSuite(SuiteRunnerWorker.java:52)
	at org.testng.SuiteRunnerWorker.run(SuiteRunnerWorker.java:86)
	at org.testng.TestNG.runSuitesSequentially(TestNG.java:1158)
	at org.testng.TestNG.runSuitesSequentially(TestNG.java:1154)
	at org.testng.TestNG.runSuitesLocally(TestNG.java:1083)
	at org.testng.TestNG.run(TestNG.java:999)
	at org.apache.maven.surefire.testng.TestNGExecutor.run(TestNGExecutor.java:284)
	at org.apache.maven.surefire.testng.TestNGXmlTestSuite.execute(TestNGXmlTestSuite.java:75)
	at org.apache.maven.surefire.testng.TestNGProvider.invoke(TestNGProvider.java:119)
	at org.apache.maven.surefire.booter.ForkedBooter.runSuitesInProcess(ForkedBooter.java:428)
	at org.apache.maven.surefire.booter.ForkedBooter.execute(ForkedBooter.java:162)
	at org.apache.maven.surefire.booter.ForkedBooter.run(ForkedBooter.java:562)
	at org.apache.maven.surefire.booter.ForkedBooter.main(ForkedBooter.java:548)
]]></system-err>
  </testcase>
  <testcase name="CopyPaste" classname="Realme_XT_RMX1921.Test18" time="1,052.48">
    <system-out><![CDATA[Test: Start
===================================================================================================================================================================================================================================================================================================================================================================================================================================================================================================================================================================================================================================================================================================================================
===================================================================================================================================================================================================================================================================================================================================================================================================================================================================================================================================================================================================================================================================================================================================
Test18 Scenario is as follows
Pushing 1GB zip File to Host Internal Memory via server folder named as Test1 
Extracting zip file in Host internal memory
Copy Paste 1GB file (Test1) from host internal memory to uSD Card, Create a folder named Test2 in uSD Card, Copy paste 1GB Folder(Test1) From internal to external inside folder Test2 and Vice versa
Create folder name(New_Scenario in External memory, select folder name(Test2) from internal memory and perform cut paste operation from internla to external memory
Setting up the appium desired capabilities
Pushing File from Laptop to Mobile
Launch Home Screen application and clear recent apps
clcik on ok
click on browse option
swipe up and search for sd card
Select Internal storage
Search for Test1 Folder
Select Test_file
Extracting Push zip file as Folder named Test1
Extracting Complete
click on done
Launching file manager application
swipe up and search for internal storage
Select Internal storage
Select Test1 folder
Select more options
Select Copy option
Select External Storage
Select Paste option for copy paste Test1 folder from Internal to external storage
swipe up and search for internal storage
Select Internal storage
Long Press and select and Test1 Folder
Select more options
Select Copy option
Select External storage
Select create folder option
Name folder as Test2
Copy paste Test1 folder inside Test2 folder
swipe up and search for sd card
Select External Storage
Select list view
Long Press and select and Test2 Folder
Select more options
Select Copy option
Select Internal storage
click on copy here
swipe up and search for internal storage
Select Internal storage
Long Press and select and Test2 Folder
Select move option
Select External storage
click on create folder and create folder name folder name New_Scenario
Select Move to option
Move to Test1 folder inside New_Scenario folder
Pass: Cut paste Operation Completed Successfully
===================================================================================================================================================================================================================================================================================================================================================================================================================================================================================================================================================================================================================================================================================================================================
Final message: Pass Test18 pass for copy paste & cut paste operation
Test: End
===================================================================================================================================================================================================================================================================================================================================================================================================================================================================================================================================================================================================================================================================================================================================
]]></system-out>
    <system-err><![CDATA[2023-01-06 20:12:36 INFO   io.appium.java_client.remote.AppiumCommandExecutor$1 lambda$0 Detected dialect: W3C
2023-01-06 20:12:49 INFO   io.appium.java_client.remote.AppiumCommandExecutor$1 lambda$0 Detected dialect: W3C
org.openqa.selenium.NoSuchElementException: An element could not be located on the page using the given search parameters.
For documentation on this error, please visit: https://www.seleniumhq.org/exceptions/no_such_element.html
Build info: version: '3.141.59', revision: 'e82be7d358', time: '2018-11-14T08:17:03'
System info: host: 'RPG-USB-APPS-38', ip: '10.65.145.50', os.name: 'Windows 10', os.arch: 'amd64', os.version: '10.0', java.version: '1.8.0_202'
Driver info: io.appium.java_client.android.AndroidDriver
Capabilities {automationName: UiAutomator2, databaseEnabled: false, desired: {automationName: UiAutomator2, deviceName: realme XT, newCommandTimeout: 600, platformName: android, platformVersion: 11, udid: 917402bf}, deviceApiLevel: 30, deviceManufacturer: realme, deviceModel: RMX1921, deviceName: 917402bf, deviceScreenDensity: 480, deviceScreenSize: 1080x2340, deviceUDID: 917402bf, javascriptEnabled: true, locationContextEnabled: false, networkConnectionEnabled: true, newCommandTimeout: 600, pixelRatio: 3, platform: LINUX, platformName: Android, platformVersion: 11, statBarHeight: 96, takesScreenshot: true, udid: 917402bf, viewportRect: {height: 2036, left: 0, top: 96, width: 1080}, warnings: {}, webStorageEnabled: false}
Session ID: 5b41332a-398f-447d-9a07-bff068877eb5
*** Element info: {Using=xpath, value=//*[@resource-id='com.itel.filemanager:id/notice_ok']}
	at sun.reflect.NativeConstructorAccessorImpl.newInstance0(Native Method)
	at sun.reflect.NativeConstructorAccessorImpl.newInstance(NativeConstructorAccessorImpl.java:62)
	at sun.reflect.DelegatingConstructorAccessorImpl.newInstance(DelegatingConstructorAccessorImpl.java:45)
	at java.lang.reflect.Constructor.newInstance(Constructor.java:423)
	at org.openqa.selenium.remote.http.W3CHttpResponseCodec.createException(W3CHttpResponseCodec.java:187)
	at org.openqa.selenium.remote.http.W3CHttpResponseCodec.decode(W3CHttpResponseCodec.java:122)
	at org.openqa.selenium.remote.http.W3CHttpResponseCodec.decode(W3CHttpResponseCodec.java:49)
	at org.openqa.selenium.remote.HttpCommandExecutor.execute(HttpCommandExecutor.java:158)
	at io.appium.java_client.remote.AppiumCommandExecutor.execute(AppiumCommandExecutor.java:239)
	at org.openqa.selenium.remote.RemoteWebDriver.execute(RemoteWebDriver.java:552)
	at io.appium.java_client.DefaultGenericMobileDriver.execute(DefaultGenericMobileDriver.java:42)
	at io.appium.java_client.AppiumDriver.execute(AppiumDriver.java:1)
	at io.appium.java_client.android.AndroidDriver.execute(AndroidDriver.java:1)
	at org.openqa.selenium.remote.RemoteWebDriver.findElement(RemoteWebDriver.java:323)
	at io.appium.java_client.DefaultGenericMobileDriver.findElement(DefaultGenericMobileDriver.java:62)
	at io.appium.java_client.AppiumDriver.findElement(AppiumDriver.java:1)
	at io.appium.java_client.android.AndroidDriver.findElement(AndroidDriver.java:1)
	at org.openqa.selenium.remote.RemoteWebDriver.findElementByXPath(RemoteWebDriver.java:428)
	at io.appium.java_client.DefaultGenericMobileDriver.findElementByXPath(DefaultGenericMobileDriver.java:152)
	at io.appium.java_client.AppiumDriver.findElementByXPath(AppiumDriver.java:1)
	at io.appium.java_client.android.AndroidDriver.findElementByXPath(AndroidDriver.java:1)
	at org.openqa.selenium.By$ByXPath.findElement(By.java:353)
	at org.openqa.selenium.remote.RemoteWebDriver.findElement(RemoteWebDriver.java:315)
	at io.appium.java_client.DefaultGenericMobileDriver.findElement(DefaultGenericMobileDriver.java:58)
	at io.appium.java_client.AppiumDriver.findElement(AppiumDriver.java:1)
	at io.appium.java_client.android.AndroidDriver.findElement(AndroidDriver.java:1)
	at Realme_XT_RMX1921.Test18.CopyPaste(Test18.java:109)
	at sun.reflect.NativeMethodAccessorImpl.invoke0(Native Method)
	at sun.reflect.NativeMethodAccessorImpl.invoke(NativeMethodAccessorImpl.java:62)
	at sun.reflect.DelegatingMethodAccessorImpl.invoke(DelegatingMethodAccessorImpl.java:43)
	at java.lang.reflect.Method.invoke(Method.java:498)
	at org.testng.internal.MethodInvocationHelper.invokeMethod(MethodInvocationHelper.java:80)
	at org.testng.internal.Invoker.invokeMethod(Invoker.java:673)
	at org.testng.internal.Invoker.invokeTestMethod(Invoker.java:842)
	at org.testng.internal.Invoker.invokeTestMethods(Invoker.java:1166)
	at org.testng.internal.TestMethodWorker.invokeTestMethods(TestMethodWorker.java:125)
	at org.testng.internal.TestMethodWorker.run(TestMethodWorker.java:109)
	at org.testng.TestRunner.runWorkers(TestRunner.java:1178)
	at org.testng.TestRunner.privateRun(TestRunner.java:757)
	at org.testng.TestRunner.run(TestRunner.java:608)
	at org.testng.SuiteRunner.runTest(SuiteRunner.java:334)
	at org.testng.SuiteRunner.runSequentially(SuiteRunner.java:329)
	at org.testng.SuiteRunner.privateRun(SuiteRunner.java:291)
	at org.testng.SuiteRunner.run(SuiteRunner.java:240)
	at org.testng.SuiteRunnerWorker.runSuite(SuiteRunnerWorker.java:52)
	at org.testng.SuiteRunnerWorker.run(SuiteRunnerWorker.java:86)
	at org.testng.TestNG.runSuitesSequentially(TestNG.java:1158)
	at org.testng.TestNG.runSuitesSequentially(TestNG.java:1154)
	at org.testng.TestNG.runSuitesLocally(TestNG.java:1083)
	at org.testng.TestNG.run(TestNG.java:999)
	at org.apache.maven.surefire.testng.TestNGExecutor.run(TestNGExecutor.java:284)
	at org.apache.maven.surefire.testng.TestNGXmlTestSuite.execute(TestNGXmlTestSuite.java:75)
	at org.apache.maven.surefire.testng.TestNGProvider.invoke(TestNGProvider.java:119)
	at org.apache.maven.surefire.booter.ForkedBooter.runSuitesInProcess(ForkedBooter.java:428)
	at org.apache.maven.surefire.booter.ForkedBooter.execute(ForkedBooter.java:162)
	at org.apache.maven.surefire.booter.ForkedBooter.run(ForkedBooter.java:562)
	at org.apache.maven.surefire.booter.ForkedBooter.main(ForkedBooter.java:548)
]]></system-err>
  </testcase>
  <testcase name="recordAudio" classname="Realme_XT_RMX1921.Test8" time="196.216">
    <system-out><![CDATA[Test: Start
===================================================================================================================================================================================================================================================================================================================================================================================================================================================================================================================================================================================================================================================================================================================================
Test8 scenario is as follows
1.Host voice recorder application does not support uSD storage option. Hence skipping voice recording scenario!
2.Launch file manager application and playback copied audio files from external storage the files are placed in the Test1 folder
Setting up the appium desired capabilities
===================================================================================================================================================================================================================================================================================================================================================================================================================================================================================================================================================================================================================================================================================================================================
calling PlayCopiedAudioFile to play back copied audio files from Test1 folder 
Launching file manager application
Select external storage
Select Test1 folder
Select test_file folder
Select 1GB folder
Select MP3 files folder
Select First audio file for play back
Fast Forwarding Audio for 10 Seconds
Pause Audio
Pass: 1st Audio Play Back Successfull 
Select second audio file for play back
Fast Forwarding Audio for 10 Seconds
Pause Audio
Pass: 2nd Audio Play back succssfull
Select third audio file for play back
Fast Forwarding Audio for 10 Seconds
Pause Audio
Pass: Test8 Pass NA :  copied audio play back and fast forward scenario is successfull
===================================================================================================================================================================================================================================================================================================================================================================================================================================================================================================================================================================================================================================================================================================================================
Final Message: Pass Test8 Pass NA -  copied audio play back and fast forward scenario is successfull
Test: End
===================================================================================================================================================================================================================================================================================================================================================================================================================================================================================================================================================================================================================================================================================================================================
]]></system-out>
    <system-err><![CDATA[2023-01-06 20:30:17 INFO   io.appium.java_client.remote.AppiumCommandExecutor$1 lambda$0 Detected dialect: W3C
2023-01-06 20:30:29 INFO   io.appium.java_client.remote.AppiumCommandExecutor$1 lambda$0 Detected dialect: W3C
]]></system-err>
  </testcase>
  <testcase name="rearVideoRec" classname="Realme_XT_RMX1921.Test10" time="1,725.983">
    <system-out><![CDATA[Test: Start
===================================================================================================================================================================================================================================================================================================================================================================================================================================================================================================================================================================================================================================================================================================================================
Test10 Scenario is as follows
1.Launch Camera application and start back camera video recording for all host applicable resolutions in uSD Card
2.Playback Highest resolution recorded video from USD Card, fast forward playback and pause video scenario 
3.Playback copied videos from Test1 folder, fast forward and pause scenario
Setting up the appium desired capabilities
===================================================================================================================================================================================================================================================================================================================================================================================================================================================================================================================================================================================================================================================================================================================================
Host does'nt support clear recent apps option! Hence Skiping clear recent apps scenario
Launch Camera Application for rear camera video recording
select deny button
change to SD card element not found : org.openqa.selenium.NoSuchElementException: An element could not be located on the page using the given search parameters.
For documentation on this error, please visit: https://www.seleniumhq.org/exceptions/no_such_element.html
Build info: version: '3.141.59', revision: 'e82be7d358', time: '2018-11-14T08:17:03'
System info: host: 'RPG-USB-APPS-38', ip: '10.65.145.50', os.name: 'Windows 10', os.arch: 'amd64', os.version: '10.0', java.version: '1.8.0_202'
Driver info: io.appium.java_client.android.AndroidDriver
Capabilities {automationName: UiAutomator2, databaseEnabled: false, desired: {automationName: UiAutomator2, deviceName: realme XT, newCommandTimeout: 1200, platformName: android, platformVersion: 11, udid: 917402bf}, deviceApiLevel: 30, deviceManufacturer: realme, deviceModel: RMX1921, deviceName: 917402bf, deviceScreenDensity: 480, deviceScreenSize: 1080x2340, deviceUDID: 917402bf, javascriptEnabled: true, locationContextEnabled: false, networkConnectionEnabled: true, newCommandTimeout: 1200, pixelRatio: 3, platform: LINUX, platformName: Android, platformVersion: 11, statBarHeight: 96, takesScreenshot: true, udid: 917402bf, viewportRect: {height: 2036, left: 0, top: 96, width: 1080}, warnings: {}, webStorageEnabled: false}
Session ID: d5b3156e-692a-4b4a-a3dc-8d4a672c8b5e
*** Element info: {Using=xpath, value=//*[@resource-id='com.android.permissioncontroller:id/permission_deny_button']}
===================================================================================================================================================================================================================================================================================================================================================================================================================================================================================================================================================================================================================================================================================================================================
Test10_Bcam_res: 3 resolutions supported
Clicking Video Tab
Select settings option
Search forAdvanced settings option
Select SD as storage option
Select SD as storage option
Select settings option
swipe up and select for video resolution
Select 1st Back Video Resolution: 1080p
recordingDurationRearExt = 580
Start video recording
Stop video recording
Select settings option
swipe up and select for video resolution
Select 2nd Back Video Resolution:  720P
recordingDurationRear1 = 300
Start video recording
Stop video recording
Select settings option
swipe up and select for video resolution
Select 2nd Back Video Resolution:  4k
recordingDurationRear2 = 300
Start video recording
Stop video recording
Switch to defalut Photo mode
Pass: Rear camera video recording is successfull
Launch File Manager Application to verify captured videos
swipe up and search for sd card
Select  SD Card
swipe up and search for dcim
Select DCIM Folder
Select Camera Folder
Select More Options 
Click On Select All Options
Test10_Bcam_video: 3 Videos captured successfull
===================================================================================================================================================================================================================================================================================================================================================================================================================================================================================================================================================================================================================================================================================================================================
Calling RecordedVideoPlayback() for Playing Highest record video, fast forward video play back scenario
Launch Camera Application for rear camera video recording
swipe up and search for sd card
Select External Storage
swipe up and search for dcim
Select DCIM folder
Select Camera folder
select more options
Select Sort BY
Select Largest first
Click on first file to play highest recorded resolution video file
Started video playback
Tap Somewhere on Screen for contents to visible on Screen
Fast forward video for 10 seconds
click on pause
Pass: Recorded Video play back and fast forward successfull 
===================================================================================================================================================================================================================================================================================================================================================================================================================================================================================================================================================================================================================================================================================================================================
Calling DataMovementOperation() to move recorded rear camer videos to Test10 Folder 
Re-launch file manager application and select external storage for data move operation, select all rear camera videos present in camera folder and move to Test10 folder
Select external storage
switch to grid view mode and select DCIM folder
Select DCIM folder
Select camera folder
switch to list view mode
Click More options
Click select all
Click More options
select move to option
select uSD Card
Select ADD NEW Folder option
Name folder as Test10
Accept create folder
Cut paste  video files operation completed successfully
Test10: Data move operation completed successfully
Pass: Test10 Pass for data move operation successfully
===================================================================================================================================================================================================================================================================================================================================================================================================================================================================================================================================================================================================================================================================================================================================
Calling copiedvideosPlayBack() for playing copied video file from Test1 folder
Launch file manager application, select uSD card, select Test1 folder, select Videos folder and Play copied videos and fast forward the same 
Select external storage
Select test_file folder
Select OneGB folder
Select video folder
Select LG_4K_DEMO_HDR_2018_(60FPS)_ELBA(480p).mp4 file for video playback
Tap Somewhere on Screen for contents to visible on Screen
Started video playback
Tap Somewhere on Screen for contents to visible on Screen
Click fast forward button for 10 seconds video forward
Pause video 
Pass: 4K Video play back and fast forward is successful 
Select FHD 5.1 ( 1350 X 2560 ).webm file for video playback
Started video playback
Tap Somewhere on Screen for contents to visible on Screen
Click fast forward button for 10 seconds video forward
Click pause button to stop video
Pass: FHD Video play back and fast forward is successful 
===================================================================================================================================================================================================================================================================================================================================================================================================================================================================================================================================================================================================================================================================================================================================
Pass: FHD Video play back and fast forward is successful 
===================================================================================================================================================================================================================================================================================================================================================================================================================================================================================================================================================================================================================================================================================================================================
Final message: Pass Test10 Pass for Playing Copied Video files, recorded video file and fast forward video play back scenario 
Test: End
===================================================================================================================================================================================================================================================================================================================================================================================================================================================================================================================================================================================================================================================================================================================================
]]></system-out>
    <system-err><![CDATA[2023-01-06 20:33:41 INFO   io.appium.java_client.remote.AppiumCommandExecutor$1 lambda$0 Detected dialect: W3C
2023-01-06 20:33:47 INFO   io.appium.java_client.remote.AppiumCommandExecutor$1 lambda$0 Detected dialect: W3C
org.openqa.selenium.NoSuchElementException: An element could not be located on the page using the given search parameters.
For documentation on this error, please visit: https://www.seleniumhq.org/exceptions/no_such_element.html
Build info: version: '3.141.59', revision: 'e82be7d358', time: '2018-11-14T08:17:03'
System info: host: 'RPG-USB-APPS-38', ip: '10.65.145.50', os.name: 'Windows 10', os.arch: 'amd64', os.version: '10.0', java.version: '1.8.0_202'
Driver info: io.appium.java_client.android.AndroidDriver
Capabilities {automationName: UiAutomator2, databaseEnabled: false, desired: {automationName: UiAutomator2, deviceName: realme XT, newCommandTimeout: 1200, platformName: android, platformVersion: 11, udid: 917402bf}, deviceApiLevel: 30, deviceManufacturer: realme, deviceModel: RMX1921, deviceName: 917402bf, deviceScreenDensity: 480, deviceScreenSize: 1080x2340, deviceUDID: 917402bf, javascriptEnabled: true, locationContextEnabled: false, networkConnectionEnabled: true, newCommandTimeout: 1200, pixelRatio: 3, platform: LINUX, platformName: Android, platformVersion: 11, statBarHeight: 96, takesScreenshot: true, udid: 917402bf, viewportRect: {height: 2036, left: 0, top: 96, width: 1080}, warnings: {}, webStorageEnabled: false}
Session ID: d5b3156e-692a-4b4a-a3dc-8d4a672c8b5e
*** Element info: {Using=xpath, value=//*[@text='Turn on']}
	at sun.reflect.NativeConstructorAccessorImpl.newInstance0(Native Method)
	at sun.reflect.NativeConstructorAccessorImpl.newInstance(NativeConstructorAccessorImpl.java:62)
	at sun.reflect.DelegatingConstructorAccessorImpl.newInstance(DelegatingConstructorAccessorImpl.java:45)
	at java.lang.reflect.Constructor.newInstance(Constructor.java:423)
	at org.openqa.selenium.remote.http.W3CHttpResponseCodec.createException(W3CHttpResponseCodec.java:187)
	at org.openqa.selenium.remote.http.W3CHttpResponseCodec.decode(W3CHttpResponseCodec.java:122)
	at org.openqa.selenium.remote.http.W3CHttpResponseCodec.decode(W3CHttpResponseCodec.java:49)
	at org.openqa.selenium.remote.HttpCommandExecutor.execute(HttpCommandExecutor.java:158)
	at io.appium.java_client.remote.AppiumCommandExecutor.execute(AppiumCommandExecutor.java:239)
	at org.openqa.selenium.remote.RemoteWebDriver.execute(RemoteWebDriver.java:552)
	at io.appium.java_client.DefaultGenericMobileDriver.execute(DefaultGenericMobileDriver.java:42)
	at io.appium.java_client.AppiumDriver.execute(AppiumDriver.java:1)
	at io.appium.java_client.android.AndroidDriver.execute(AndroidDriver.java:1)
	at org.openqa.selenium.remote.RemoteWebDriver.findElement(RemoteWebDriver.java:323)
	at io.appium.java_client.DefaultGenericMobileDriver.findElement(DefaultGenericMobileDriver.java:62)
	at io.appium.java_client.AppiumDriver.findElement(AppiumDriver.java:1)
	at io.appium.java_client.android.AndroidDriver.findElement(AndroidDriver.java:1)
	at org.openqa.selenium.remote.RemoteWebDriver.findElementByXPath(RemoteWebDriver.java:428)
	at io.appium.java_client.DefaultGenericMobileDriver.findElementByXPath(DefaultGenericMobileDriver.java:152)
	at io.appium.java_client.AppiumDriver.findElementByXPath(AppiumDriver.java:1)
	at io.appium.java_client.android.AndroidDriver.findElementByXPath(AndroidDriver.java:1)
	at org.openqa.selenium.By$ByXPath.findElement(By.java:353)
	at org.openqa.selenium.remote.RemoteWebDriver.findElement(RemoteWebDriver.java:315)
	at io.appium.java_client.DefaultGenericMobileDriver.findElement(DefaultGenericMobileDriver.java:58)
	at io.appium.java_client.AppiumDriver.findElement(AppiumDriver.java:1)
	at io.appium.java_client.android.AndroidDriver.findElement(AndroidDriver.java:1)
	at Realme_XT_RMX1921.Test10.rearVideoRec(Test10.java:152)
	at sun.reflect.NativeMethodAccessorImpl.invoke0(Native Method)
	at sun.reflect.NativeMethodAccessorImpl.invoke(NativeMethodAccessorImpl.java:62)
	at sun.reflect.DelegatingMethodAccessorImpl.invoke(DelegatingMethodAccessorImpl.java:43)
	at java.lang.reflect.Method.invoke(Method.java:498)
	at org.testng.internal.MethodInvocationHelper.invokeMethod(MethodInvocationHelper.java:80)
	at org.testng.internal.Invoker.invokeMethod(Invoker.java:673)
	at org.testng.internal.Invoker.invokeTestMethod(Invoker.java:842)
	at org.testng.internal.Invoker.invokeTestMethods(Invoker.java:1166)
	at org.testng.internal.TestMethodWorker.invokeTestMethods(TestMethodWorker.java:125)
	at org.testng.internal.TestMethodWorker.run(TestMethodWorker.java:109)
	at org.testng.TestRunner.runWorkers(TestRunner.java:1178)
	at org.testng.TestRunner.privateRun(TestRunner.java:757)
	at org.testng.TestRunner.run(TestRunner.java:608)
	at org.testng.SuiteRunner.runTest(SuiteRunner.java:334)
	at org.testng.SuiteRunner.runSequentially(SuiteRunner.java:329)
	at org.testng.SuiteRunner.privateRun(SuiteRunner.java:291)
	at org.testng.SuiteRunner.run(SuiteRunner.java:240)
	at org.testng.SuiteRunnerWorker.runSuite(SuiteRunnerWorker.java:52)
	at org.testng.SuiteRunnerWorker.run(SuiteRunnerWorker.java:86)
	at org.testng.TestNG.runSuitesSequentially(TestNG.java:1158)
	at org.testng.TestNG.runSuitesSequentially(TestNG.java:1154)
	at org.testng.TestNG.runSuitesLocally(TestNG.java:1083)
	at org.testng.TestNG.run(TestNG.java:999)
	at org.apache.maven.surefire.testng.TestNGExecutor.run(TestNGExecutor.java:284)
	at org.apache.maven.surefire.testng.TestNGXmlTestSuite.execute(TestNGXmlTestSuite.java:75)
	at org.apache.maven.surefire.testng.TestNGProvider.invoke(TestNGProvider.java:119)
	at org.apache.maven.surefire.booter.ForkedBooter.runSuitesInProcess(ForkedBooter.java:428)
	at org.apache.maven.surefire.booter.ForkedBooter.execute(ForkedBooter.java:162)
	at org.apache.maven.surefire.booter.ForkedBooter.run(ForkedBooter.java:562)
	at org.apache.maven.surefire.booter.ForkedBooter.main(ForkedBooter.java:548)
]]></system-err>
  </testcase>
  <testcase name="frontVideoRec" classname="Realme_XT_RMX1921.Test10F" time="1,306.181">
    <system-out><![CDATA[Test:Start
===================================================================================================================================================================================================================================================================================================================================================================================================================================================================================================================================================================================================================================================================================================================================
Test10F Scenario is as follows
Launch Camera application and start front camera video recording for all host applicable resolutions in uSD Card
Playback front Highest recorded video from uSD card for 30 seconds, pause video playback, lock mobile and wait 30 seconds, unlock mobile and playback video from pause video duration
Setting up the appium desired capabilities
===================================================================================================================================================================================================================================================================================================================================================================================================================================================================================================================================================================================================================================================================================================================================
Launch Camera Application for rear camera video recording
select deny button
change to SD card element not found : org.openqa.selenium.NoSuchElementException: An element could not be located on the page using the given search parameters.
For documentation on this error, please visit: https://www.seleniumhq.org/exceptions/no_such_element.html
Build info: version: '3.141.59', revision: 'e82be7d358', time: '2018-11-14T08:17:03'
System info: host: 'RPG-USB-APPS-38', ip: '10.65.145.50', os.name: 'Windows 10', os.arch: 'amd64', os.version: '10.0', java.version: '1.8.0_202'
Driver info: io.appium.java_client.android.AndroidDriver
Capabilities {automationName: UiAutomator2, databaseEnabled: false, desired: {automationName: UiAutomator2, deviceName: realme XT, newCommandTimeout: 1200, platformName: android, platformVersion: 11, udid: 917402bf}, deviceApiLevel: 30, deviceManufacturer: realme, deviceModel: RMX1921, deviceName: 917402bf, deviceScreenDensity: 480, deviceScreenSize: 1080x2340, deviceUDID: 917402bf, javascriptEnabled: true, locationContextEnabled: false, networkConnectionEnabled: true, newCommandTimeout: 1200, pixelRatio: 3, platform: LINUX, platformName: Android, platformVersion: 11, statBarHeight: 96, takesScreenshot: true, udid: 917402bf, viewportRect: {height: 2036, left: 0, top: 96, width: 1080}, warnings: {}, webStorageEnabled: false}
Session ID: f28ae35f-6030-4621-a96d-6b9ff4d41aab
*** Element info: {Using=xpath, value=//*[@resource-id='com.android.permissioncontroller:id/permission_deny_button']}
Test10F_Fcam_res: 2 resolutions supported
Clicking Video Tab
Click On front camera mode
Select settings option
Search forAdvanced settings option
Select SD as storage option
Select SD as storage option
Select settings option
swipe up and select for video resolution
Select First Back video resolution:  1080P
recordingDurationFront = 580
Start video recording
Stop video recording
Select settings option
swipe up and select for video resolution
Select First Back video resolution:  720P
recordingDurationFront1 = 300
Start video recording
Stop video recording
Click On back camera mode
Switch to defalut Photo mode
Pass: Test10F pass for front camera video recording
===================================================================================================================================================================================================================================================================================================================================================================================================================================================================================================================================================================================================================================================================================================================================
Launch File Manager Application to verify captured videos
Select  SD Card
swipe up and search for dcim
Select DCIM Folder
Select Camera Folder
Select More Options 
Click On Select All Options
Test10F_Fcam_video: 2 Videos captured successfull
===================================================================================================================================================================================================================================================================================================================================================================================================================================================================================================================================================================================================================================================================================================================================
Calling VideoPlayBackForSleepWake()
Launch File Manager application and playback front recorded video from USD for 30 seconds, pause video playback, locking phone and unlock after 30 seconds delay and playback video from pause duration.
swipe up and search for sd card
Select External Storage
swipe up and search for dcim
//Select DCIM Folder
//Select DCIM camera
select more options
Select Sort BY
Select Newest date first
Click on first file to play highest recorded resolution video file
Started video playback
Tap Somewhere on Screen for contents to visible on Screen
Lock Mobile with 30 seconds delay
Wait For 30Seconds
Unlock Mobile
Pause video 
Pass: Test10F Pass for Front video play back, Pause,Lock and Unlock Phone Play back from Pause duration Scenario
===================================================================================================================================================================================================================================================================================================================================================================================================================================================================================================================================================================================================================================================================================================================================
Calling Data Move Operation
Re-launch file manager application and select external storage for data move operation, select all rear camera videos present in camera folder and move to Test10 folder
Select external storage
switch to grid view mode and select DCIM folder
Select DCIM folder
Select camera folder
switch to list view mode
Click More options
Click select all
Click More options
select move to option
select uSD Card
Select ADD NEW Folder option
Name folder as Test10F
Accept create folder
Cut paste  video files operation completed successfully
Test10F: Data move operation completed successfully
Pass: Test10F Pass for data move operation successfully
===================================================================================================================================================================================================================================================================================================================================================================================================================================================================================================================================================================================================================================================================================================================================
Final Message: Pass Test10F Pass for Pause Video Playback
Test: End
===================================================================================================================================================================================================================================================================================================================================================================================================================================================================================================================================================================================================================================================================================================================================
===================================================================================================================================================================================================================================================================================================================================================================================================================================================================================================================================================================================================================================================================================================================================
]]></system-out>
    <system-err><![CDATA[2023-01-06 21:02:34 INFO   io.appium.java_client.remote.AppiumCommandExecutor$1 lambda$0 Detected dialect: W3C
2023-01-06 21:02:40 INFO   io.appium.java_client.remote.AppiumCommandExecutor$1 lambda$0 Detected dialect: W3C
org.openqa.selenium.NoSuchElementException: An element could not be located on the page using the given search parameters.
For documentation on this error, please visit: https://www.seleniumhq.org/exceptions/no_such_element.html
Build info: version: '3.141.59', revision: 'e82be7d358', time: '2018-11-14T08:17:03'
System info: host: 'RPG-USB-APPS-38', ip: '10.65.145.50', os.name: 'Windows 10', os.arch: 'amd64', os.version: '10.0', java.version: '1.8.0_202'
Driver info: io.appium.java_client.android.AndroidDriver
Capabilities {automationName: UiAutomator2, databaseEnabled: false, desired: {automationName: UiAutomator2, deviceName: realme XT, newCommandTimeout: 1200, platformName: android, platformVersion: 11, udid: 917402bf}, deviceApiLevel: 30, deviceManufacturer: realme, deviceModel: RMX1921, deviceName: 917402bf, deviceScreenDensity: 480, deviceScreenSize: 1080x2340, deviceUDID: 917402bf, javascriptEnabled: true, locationContextEnabled: false, networkConnectionEnabled: true, newCommandTimeout: 1200, pixelRatio: 3, platform: LINUX, platformName: Android, platformVersion: 11, statBarHeight: 96, takesScreenshot: true, udid: 917402bf, viewportRect: {height: 2036, left: 0, top: 96, width: 1080}, warnings: {}, webStorageEnabled: false}
Session ID: f28ae35f-6030-4621-a96d-6b9ff4d41aab
*** Element info: {Using=xpath, value=//*[@text='Turn on']}
	at sun.reflect.NativeConstructorAccessorImpl.newInstance0(Native Method)
	at sun.reflect.NativeConstructorAccessorImpl.newInstance(NativeConstructorAccessorImpl.java:62)
	at sun.reflect.DelegatingConstructorAccessorImpl.newInstance(DelegatingConstructorAccessorImpl.java:45)
	at java.lang.reflect.Constructor.newInstance(Constructor.java:423)
	at org.openqa.selenium.remote.http.W3CHttpResponseCodec.createException(W3CHttpResponseCodec.java:187)
	at org.openqa.selenium.remote.http.W3CHttpResponseCodec.decode(W3CHttpResponseCodec.java:122)
	at org.openqa.selenium.remote.http.W3CHttpResponseCodec.decode(W3CHttpResponseCodec.java:49)
	at org.openqa.selenium.remote.HttpCommandExecutor.execute(HttpCommandExecutor.java:158)
	at io.appium.java_client.remote.AppiumCommandExecutor.execute(AppiumCommandExecutor.java:239)
	at org.openqa.selenium.remote.RemoteWebDriver.execute(RemoteWebDriver.java:552)
	at io.appium.java_client.DefaultGenericMobileDriver.execute(DefaultGenericMobileDriver.java:42)
	at io.appium.java_client.AppiumDriver.execute(AppiumDriver.java:1)
	at io.appium.java_client.android.AndroidDriver.execute(AndroidDriver.java:1)
	at org.openqa.selenium.remote.RemoteWebDriver.findElement(RemoteWebDriver.java:323)
	at io.appium.java_client.DefaultGenericMobileDriver.findElement(DefaultGenericMobileDriver.java:62)
	at io.appium.java_client.AppiumDriver.findElement(AppiumDriver.java:1)
	at io.appium.java_client.android.AndroidDriver.findElement(AndroidDriver.java:1)
	at org.openqa.selenium.remote.RemoteWebDriver.findElementByXPath(RemoteWebDriver.java:428)
	at io.appium.java_client.DefaultGenericMobileDriver.findElementByXPath(DefaultGenericMobileDriver.java:152)
	at io.appium.java_client.AppiumDriver.findElementByXPath(AppiumDriver.java:1)
	at io.appium.java_client.android.AndroidDriver.findElementByXPath(AndroidDriver.java:1)
	at org.openqa.selenium.By$ByXPath.findElement(By.java:353)
	at org.openqa.selenium.remote.RemoteWebDriver.findElement(RemoteWebDriver.java:315)
	at io.appium.java_client.DefaultGenericMobileDriver.findElement(DefaultGenericMobileDriver.java:58)
	at io.appium.java_client.AppiumDriver.findElement(AppiumDriver.java:1)
	at io.appium.java_client.android.AndroidDriver.findElement(AndroidDriver.java:1)
	at Realme_XT_RMX1921.Test10F.frontVideoRec(Test10F.java:150)
	at sun.reflect.NativeMethodAccessorImpl.invoke0(Native Method)
	at sun.reflect.NativeMethodAccessorImpl.invoke(NativeMethodAccessorImpl.java:62)
	at sun.reflect.DelegatingMethodAccessorImpl.invoke(DelegatingMethodAccessorImpl.java:43)
	at java.lang.reflect.Method.invoke(Method.java:498)
	at org.testng.internal.MethodInvocationHelper.invokeMethod(MethodInvocationHelper.java:80)
	at org.testng.internal.Invoker.invokeMethod(Invoker.java:673)
	at org.testng.internal.Invoker.invokeTestMethod(Invoker.java:842)
	at org.testng.internal.Invoker.invokeTestMethods(Invoker.java:1166)
	at org.testng.internal.TestMethodWorker.invokeTestMethods(TestMethodWorker.java:125)
	at org.testng.internal.TestMethodWorker.run(TestMethodWorker.java:109)
	at org.testng.TestRunner.runWorkers(TestRunner.java:1178)
	at org.testng.TestRunner.privateRun(TestRunner.java:757)
	at org.testng.TestRunner.run(TestRunner.java:608)
	at org.testng.SuiteRunner.runTest(SuiteRunner.java:334)
	at org.testng.SuiteRunner.runSequentially(SuiteRunner.java:329)
	at org.testng.SuiteRunner.privateRun(SuiteRunner.java:291)
	at org.testng.SuiteRunner.run(SuiteRunner.java:240)
	at org.testng.SuiteRunnerWorker.runSuite(SuiteRunnerWorker.java:52)
	at org.testng.SuiteRunnerWorker.run(SuiteRunnerWorker.java:86)
	at org.testng.TestNG.runSuitesSequentially(TestNG.java:1158)
	at org.testng.TestNG.runSuitesSequentially(TestNG.java:1154)
	at org.testng.TestNG.runSuitesLocally(TestNG.java:1083)
	at org.testng.TestNG.run(TestNG.java:999)
	at org.apache.maven.surefire.testng.TestNGExecutor.run(TestNGExecutor.java:284)
	at org.apache.maven.surefire.testng.TestNGXmlTestSuite.execute(TestNGXmlTestSuite.java:75)
	at org.apache.maven.surefire.testng.TestNGProvider.invoke(TestNGProvider.java:119)
	at org.apache.maven.surefire.booter.ForkedBooter.runSuitesInProcess(ForkedBooter.java:428)
	at org.apache.maven.surefire.booter.ForkedBooter.execute(ForkedBooter.java:162)
	at org.apache.maven.surefire.booter.ForkedBooter.run(ForkedBooter.java:562)
	at org.apache.maven.surefire.booter.ForkedBooter.main(ForkedBooter.java:548)
]]></system-err>
  </testcase>
  <testcase name="RearPictureCapture" classname="Realme_XT_RMX1921.Test9" time="2,486.039">
    <system-out><![CDATA[Test: Start
===================================================================================================================================================================================================================================================================================================================================================================================================================================================================================================================================================================================================================================================================================================================================
Test9 Scenario is follows:
Launch camera application, set USD as a Storage option, start rear camera Image capture for all host resolutions
Setting up the appium desired capabilities
Launch Home Screen and Clear recent
Launch Camera application for rear Picture capture for all host resolution
Select deny option
change to SD card element not found : org.openqa.selenium.NoSuchElementException: An element could not be located on the page using the given search parameters.
For documentation on this error, please visit: https://www.seleniumhq.org/exceptions/no_such_element.html
Build info: version: '3.141.59', revision: 'e82be7d358', time: '2018-11-14T08:17:03'
System info: host: 'RPG-USB-APPS-38', ip: '10.65.145.50', os.name: 'Windows 10', os.arch: 'amd64', os.version: '10.0', java.version: '1.8.0_202'
Driver info: io.appium.java_client.android.AndroidDriver
Capabilities {automationName: UiAutomator2, databaseEnabled: false, desired: {automationName: UiAutomator2, deviceName: realme XT, newCommandTimeout: 600, platformName: android, platformVersion: 11, udid: 917402bf}, deviceApiLevel: 30, deviceManufacturer: realme, deviceModel: RMX1921, deviceName: 917402bf, deviceScreenDensity: 480, deviceScreenSize: 1080x2340, deviceUDID: 917402bf, javascriptEnabled: true, locationContextEnabled: false, networkConnectionEnabled: true, newCommandTimeout: 600, pixelRatio: 3, platform: LINUX, platformName: Android, platformVersion: 11, statBarHeight: 96, takesScreenshot: true, udid: 917402bf, viewportRect: {height: 2036, left: 0, top: 96, width: 1080}, warnings: {}, webStorageEnabled: false}
Session ID: 7594a829-0d86-48da-b2d0-335092b6b09a
*** Element info: {Using=xpath, value=//*[@resource-id='com.android.permissioncontroller:id/permission_deny_button']}
Test9_Bcam_res: 4 resolutions supported
Select settings option
Search forAdvanced settings option
Select SD as storage option
Select SD as storage option
Select Image Resoution
Select first Image Resoution: 4:3 
totalPictureCountRear = 100
clicking Image of 1st Resolutions ultra 4:3: 0
clicking Image of 1st Resolutions ultra 4:3: 1
clicking Image of 1st Resolutions ultra 4:3: 2
clicking Image of 1st Resolutions ultra 4:3: 3
clicking Image of 1st Resolutions ultra 4:3: 4
clicking Image of 1st Resolutions ultra 4:3: 5
clicking Image of 1st Resolutions ultra 4:3: 6
clicking Image of 1st Resolutions ultra 4:3: 7
clicking Image of 1st Resolutions ultra 4:3: 8
clicking Image of 1st Resolutions ultra 4:3: 9
clicking Image of 1st Resolutions ultra 4:3: 10
clicking Image of 1st Resolutions ultra 4:3: 11
clicking Image of 1st Resolutions ultra 4:3: 12
clicking Image of 1st Resolutions ultra 4:3: 13
clicking Image of 1st Resolutions ultra 4:3: 14
clicking Image of 1st Resolutions ultra 4:3: 15
clicking Image of 1st Resolutions ultra 4:3: 16
clicking Image of 1st Resolutions ultra 4:3: 17
clicking Image of 1st Resolutions ultra 4:3: 18
clicking Image of 1st Resolutions ultra 4:3: 19
clicking Image of 1st Resolutions ultra 4:3: 20
clicking Image of 1st Resolutions ultra 4:3: 21
clicking Image of 1st Resolutions ultra 4:3: 22
clicking Image of 1st Resolutions ultra 4:3: 23
clicking Image of 1st Resolutions ultra 4:3: 24
clicking Image of 1st Resolutions ultra 4:3: 25
clicking Image of 1st Resolutions ultra 4:3: 26
clicking Image of 1st Resolutions ultra 4:3: 27
clicking Image of 1st Resolutions ultra 4:3: 28
clicking Image of 1st Resolutions ultra 4:3: 29
clicking Image of 1st Resolutions ultra 4:3: 30
clicking Image of 1st Resolutions ultra 4:3: 31
clicking Image of 1st Resolutions ultra 4:3: 32
clicking Image of 1st Resolutions ultra 4:3: 33
clicking Image of 1st Resolutions ultra 4:3: 34
clicking Image of 1st Resolutions ultra 4:3: 35
clicking Image of 1st Resolutions ultra 4:3: 36
clicking Image of 1st Resolutions ultra 4:3: 37
clicking Image of 1st Resolutions ultra 4:3: 38
clicking Image of 1st Resolutions ultra 4:3: 39
clicking Image of 1st Resolutions ultra 4:3: 40
clicking Image of 1st Resolutions ultra 4:3: 41
clicking Image of 1st Resolutions ultra 4:3: 42
clicking Image of 1st Resolutions ultra 4:3: 43
clicking Image of 1st Resolutions ultra 4:3: 44
clicking Image of 1st Resolutions ultra 4:3: 45
clicking Image of 1st Resolutions ultra 4:3: 46
clicking Image of 1st Resolutions ultra 4:3: 47
clicking Image of 1st Resolutions ultra 4:3: 48
clicking Image of 1st Resolutions ultra 4:3: 49
clicking Image of 1st Resolutions ultra 4:3: 50
clicking Image of 1st Resolutions ultra 4:3: 51
clicking Image of 1st Resolutions ultra 4:3: 52
clicking Image of 1st Resolutions ultra 4:3: 53
clicking Image of 1st Resolutions ultra 4:3: 54
clicking Image of 1st Resolutions ultra 4:3: 55
clicking Image of 1st Resolutions ultra 4:3: 56
clicking Image of 1st Resolutions ultra 4:3: 57
clicking Image of 1st Resolutions ultra 4:3: 58
clicking Image of 1st Resolutions ultra 4:3: 59
clicking Image of 1st Resolutions ultra 4:3: 60
clicking Image of 1st Resolutions ultra 4:3: 61
clicking Image of 1st Resolutions ultra 4:3: 62
clicking Image of 1st Resolutions ultra 4:3: 63
clicking Image of 1st Resolutions ultra 4:3: 64
clicking Image of 1st Resolutions ultra 4:3: 65
clicking Image of 1st Resolutions ultra 4:3: 66
clicking Image of 1st Resolutions ultra 4:3: 67
clicking Image of 1st Resolutions ultra 4:3: 68
clicking Image of 1st Resolutions ultra 4:3: 69
clicking Image of 1st Resolutions ultra 4:3: 70
clicking Image of 1st Resolutions ultra 4:3: 71
clicking Image of 1st Resolutions ultra 4:3: 72
clicking Image of 1st Resolutions ultra 4:3: 73
clicking Image of 1st Resolutions ultra 4:3: 74
clicking Image of 1st Resolutions ultra 4:3: 75
clicking Image of 1st Resolutions ultra 4:3: 76
clicking Image of 1st Resolutions ultra 4:3: 77
clicking Image of 1st Resolutions ultra 4:3: 78
clicking Image of 1st Resolutions ultra 4:3: 79
clicking Image of 1st Resolutions ultra 4:3: 80
clicking Image of 1st Resolutions ultra 4:3: 81
clicking Image of 1st Resolutions ultra 4:3: 82
clicking Image of 1st Resolutions ultra 4:3: 83
clicking Image of 1st Resolutions ultra 4:3: 84
clicking Image of 1st Resolutions ultra 4:3: 85
clicking Image of 1st Resolutions ultra 4:3: 86
clicking Image of 1st Resolutions ultra 4:3: 87
clicking Image of 1st Resolutions ultra 4:3: 88
clicking Image of 1st Resolutions ultra 4:3: 89
clicking Image of 1st Resolutions ultra 4:3: 90
clicking Image of 1st Resolutions ultra 4:3: 91
clicking Image of 1st Resolutions ultra 4:3: 92
clicking Image of 1st Resolutions ultra 4:3: 93
clicking Image of 1st Resolutions ultra 4:3: 94
clicking Image of 1st Resolutions ultra 4:3: 95
clicking Image of 1st Resolutions ultra 4:3: 96
clicking Image of 1st Resolutions ultra 4:3: 97
clicking Image of 1st Resolutions ultra 4:3: 98
clicking Image of 1st Resolutions ultra 4:3: 99
Back camera first resolution:100 images Captured succesfull
Select Image Resoution
Select 2nd Image Resoution: 1:1 
totalPictureCountRear1 = 100
clicking Image  Resolution 1:1: 0
clicking Image  Resolution 1:1: 1
clicking Image  Resolution 1:1: 2
clicking Image  Resolution 1:1: 3
clicking Image  Resolution 1:1: 4
clicking Image  Resolution 1:1: 5
clicking Image  Resolution 1:1: 6
clicking Image  Resolution 1:1: 7
clicking Image  Resolution 1:1: 8
clicking Image  Resolution 1:1: 9
clicking Image  Resolution 1:1: 10
clicking Image  Resolution 1:1: 11
clicking Image  Resolution 1:1: 12
clicking Image  Resolution 1:1: 13
clicking Image  Resolution 1:1: 14
clicking Image  Resolution 1:1: 15
clicking Image  Resolution 1:1: 16
clicking Image  Resolution 1:1: 17
clicking Image  Resolution 1:1: 18
clicking Image  Resolution 1:1: 19
clicking Image  Resolution 1:1: 20
clicking Image  Resolution 1:1: 21
clicking Image  Resolution 1:1: 22
clicking Image  Resolution 1:1: 23
clicking Image  Resolution 1:1: 24
clicking Image  Resolution 1:1: 25
clicking Image  Resolution 1:1: 26
clicking Image  Resolution 1:1: 27
clicking Image  Resolution 1:1: 28
clicking Image  Resolution 1:1: 29
clicking Image  Resolution 1:1: 30
clicking Image  Resolution 1:1: 31
clicking Image  Resolution 1:1: 32
clicking Image  Resolution 1:1: 33
clicking Image  Resolution 1:1: 34
clicking Image  Resolution 1:1: 35
clicking Image  Resolution 1:1: 36
clicking Image  Resolution 1:1: 37
clicking Image  Resolution 1:1: 38
clicking Image  Resolution 1:1: 39
clicking Image  Resolution 1:1: 40
clicking Image  Resolution 1:1: 41
clicking Image  Resolution 1:1: 42
clicking Image  Resolution 1:1: 43
clicking Image  Resolution 1:1: 44
clicking Image  Resolution 1:1: 45
clicking Image  Resolution 1:1: 46
clicking Image  Resolution 1:1: 47
clicking Image  Resolution 1:1: 48
clicking Image  Resolution 1:1: 49
clicking Image  Resolution 1:1: 50
clicking Image  Resolution 1:1: 51
clicking Image  Resolution 1:1: 52
clicking Image  Resolution 1:1: 53
clicking Image  Resolution 1:1: 54
clicking Image  Resolution 1:1: 55
clicking Image  Resolution 1:1: 56
clicking Image  Resolution 1:1: 57
clicking Image  Resolution 1:1: 58
clicking Image  Resolution 1:1: 59
clicking Image  Resolution 1:1: 60
clicking Image  Resolution 1:1: 61
clicking Image  Resolution 1:1: 62
clicking Image  Resolution 1:1: 63
clicking Image  Resolution 1:1: 64
clicking Image  Resolution 1:1: 65
clicking Image  Resolution 1:1: 66
clicking Image  Resolution 1:1: 67
clicking Image  Resolution 1:1: 68
clicking Image  Resolution 1:1: 69
clicking Image  Resolution 1:1: 70
clicking Image  Resolution 1:1: 71
clicking Image  Resolution 1:1: 72
clicking Image  Resolution 1:1: 73
clicking Image  Resolution 1:1: 74
clicking Image  Resolution 1:1: 75
clicking Image  Resolution 1:1: 76
clicking Image  Resolution 1:1: 77
clicking Image  Resolution 1:1: 78
clicking Image  Resolution 1:1: 79
clicking Image  Resolution 1:1: 80
clicking Image  Resolution 1:1: 81
clicking Image  Resolution 1:1: 82
clicking Image  Resolution 1:1: 83
clicking Image  Resolution 1:1: 84
clicking Image  Resolution 1:1: 85
clicking Image  Resolution 1:1: 86
clicking Image  Resolution 1:1: 87
clicking Image  Resolution 1:1: 88
clicking Image  Resolution 1:1: 89
clicking Image  Resolution 1:1: 90
clicking Image  Resolution 1:1: 91
clicking Image  Resolution 1:1: 92
clicking Image  Resolution 1:1: 93
clicking Image  Resolution 1:1: 94
clicking Image  Resolution 1:1: 95
clicking Image  Resolution 1:1: 96
clicking Image  Resolution 1:1: 97
clicking Image  Resolution 1:1: 98
clicking Image  Resolution 1:1: 99
Back camera second resolution:100 images Captured succesfull
Select Image Resoution
Select third Image Resoution: Full 
totalPictureCountRear2 = 50
clicking Image of 3rd Resolutions ultra Full: 0
clicking Image of 3rd Resolutions ultra Full: 1
clicking Image of 3rd Resolutions ultra Full: 2
clicking Image of 3rd Resolutions ultra Full: 3
clicking Image of 3rd Resolutions ultra Full: 4
clicking Image of 3rd Resolutions ultra Full: 5
clicking Image of 3rd Resolutions ultra Full: 6
clicking Image of 3rd Resolutions ultra Full: 7
clicking Image of 3rd Resolutions ultra Full: 8
clicking Image of 3rd Resolutions ultra Full: 9
clicking Image of 3rd Resolutions ultra Full: 10
clicking Image of 3rd Resolutions ultra Full: 11
clicking Image of 3rd Resolutions ultra Full: 12
clicking Image of 3rd Resolutions ultra Full: 13
clicking Image of 3rd Resolutions ultra Full: 14
clicking Image of 3rd Resolutions ultra Full: 15
clicking Image of 3rd Resolutions ultra Full: 16
clicking Image of 3rd Resolutions ultra Full: 17
clicking Image of 3rd Resolutions ultra Full: 18
clicking Image of 3rd Resolutions ultra Full: 19
clicking Image of 3rd Resolutions ultra Full: 20
clicking Image of 3rd Resolutions ultra Full: 21
clicking Image of 3rd Resolutions ultra Full: 22
clicking Image of 3rd Resolutions ultra Full: 23
clicking Image of 3rd Resolutions ultra Full: 24
clicking Image of 3rd Resolutions ultra Full: 25
clicking Image of 3rd Resolutions ultra Full: 26
clicking Image of 3rd Resolutions ultra Full: 27
clicking Image of 3rd Resolutions ultra Full: 28
clicking Image of 3rd Resolutions ultra Full: 29
clicking Image of 3rd Resolutions ultra Full: 30
clicking Image of 3rd Resolutions ultra Full: 31
clicking Image of 3rd Resolutions ultra Full: 32
clicking Image of 3rd Resolutions ultra Full: 33
clicking Image of 3rd Resolutions ultra Full: 34
clicking Image of 3rd Resolutions ultra Full: 35
clicking Image of 3rd Resolutions ultra Full: 36
clicking Image of 3rd Resolutions ultra Full: 37
clicking Image of 3rd Resolutions ultra Full: 38
clicking Image of 3rd Resolutions ultra Full: 39
clicking Image of 3rd Resolutions ultra Full: 40
clicking Image of 3rd Resolutions ultra Full: 41
clicking Image of 3rd Resolutions ultra Full: 42
clicking Image of 3rd Resolutions ultra Full: 43
clicking Image of 3rd Resolutions ultra Full: 44
clicking Image of 3rd Resolutions ultra Full: 45
clicking Image of 3rd Resolutions ultra Full: 46
clicking Image of 3rd Resolutions ultra Full: 47
clicking Image of 3rd Resolutions ultra Full: 48
clicking Image of 3rd Resolutions ultra Full: 49
Back camera third resolution:50 images Captured succesfull
Select Image Resoution
Select fourth Image Resoution: 16:9 
totalPictureCountRear3 = 50
clicking Image of 3rd Resolutions ultra 16:9: 0
clicking Image of 3rd Resolutions ultra 16:9: 1
clicking Image of 3rd Resolutions ultra 16:9: 2
clicking Image of 3rd Resolutions ultra 16:9: 3
clicking Image of 3rd Resolutions ultra 16:9: 4
clicking Image of 3rd Resolutions ultra 16:9: 5
clicking Image of 3rd Resolutions ultra 16:9: 6
clicking Image of 3rd Resolutions ultra 16:9: 7
clicking Image of 3rd Resolutions ultra 16:9: 8
clicking Image of 3rd Resolutions ultra 16:9: 9
clicking Image of 3rd Resolutions ultra 16:9: 10
clicking Image of 3rd Resolutions ultra 16:9: 11
clicking Image of 3rd Resolutions ultra 16:9: 12
clicking Image of 3rd Resolutions ultra 16:9: 13
clicking Image of 3rd Resolutions ultra 16:9: 14
clicking Image of 3rd Resolutions ultra 16:9: 15
clicking Image of 3rd Resolutions ultra 16:9: 16
clicking Image of 3rd Resolutions ultra 16:9: 17
clicking Image of 3rd Resolutions ultra 16:9: 18
clicking Image of 3rd Resolutions ultra 16:9: 19
clicking Image of 3rd Resolutions ultra 16:9: 20
clicking Image of 3rd Resolutions ultra 16:9: 21
clicking Image of 3rd Resolutions ultra 16:9: 22
clicking Image of 3rd Resolutions ultra 16:9: 23
clicking Image of 3rd Resolutions ultra 16:9: 24
clicking Image of 3rd Resolutions ultra 16:9: 25
clicking Image of 3rd Resolutions ultra 16:9: 26
clicking Image of 3rd Resolutions ultra 16:9: 27
clicking Image of 3rd Resolutions ultra 16:9: 28
clicking Image of 3rd Resolutions ultra 16:9: 29
clicking Image of 3rd Resolutions ultra 16:9: 30
clicking Image of 3rd Resolutions ultra 16:9: 31
clicking Image of 3rd Resolutions ultra 16:9: 32
clicking Image of 3rd Resolutions ultra 16:9: 33
clicking Image of 3rd Resolutions ultra 16:9: 34
clicking Image of 3rd Resolutions ultra 16:9: 35
clicking Image of 3rd Resolutions ultra 16:9: 36
clicking Image of 3rd Resolutions ultra 16:9: 37
clicking Image of 3rd Resolutions ultra 16:9: 38
clicking Image of 3rd Resolutions ultra 16:9: 39
clicking Image of 3rd Resolutions ultra 16:9: 40
clicking Image of 3rd Resolutions ultra 16:9: 41
clicking Image of 3rd Resolutions ultra 16:9: 42
clicking Image of 3rd Resolutions ultra 16:9: 43
clicking Image of 3rd Resolutions ultra 16:9: 44
clicking Image of 3rd Resolutions ultra 16:9: 45
clicking Image of 3rd Resolutions ultra 16:9: 46
clicking Image of 3rd Resolutions ultra 16:9: 47
clicking Image of 3rd Resolutions ultra 16:9: 48
clicking Image of 3rd Resolutions ultra 16:9: 49
Back camera fourth resolution: 50 images Captured succesfull
Total Count value: 300 images to be Captured 
Launch file manager application and verify recorded video present in uSD Card
Swipe up to select uSD card
Select SD card
switch to grid view mode to select DCIM folder
Select DCIM Folder
Select camera folder
switch to list view mode
Click More options
Click select all
Total Image
Test9_Bcam_image: 300 selected images Captured succesfull
Actual Value:300 selected
Interger value:300
Tolerance_Level = 75

Pass: Test9 pass for rear Image capture
Test9 Bcam_image: 300  images Captured succesfull
===================================================================================================================================================================================================================================================================================================================================================================================================================================================================================================================================================================================================================================================================================================================================
calling DataMoveOperation()
Re-launch file manager application and select external storage for data move operation, select all rear camera images files present in camera folder and move to Test9 folder
Select external storage
switch to grid view mode and select DCIM folder
Select DCIM folder
Select camera folder
switch to list view mode
Click More options
Click select all
Click More options
select move to option
select uSD Card
Select ADD NEW Folder option
Name folder as Test9
Accept create folder
Cut paste  video files operation completed successfully
Test9: Data move operation completed successfully
Pass: Test9 Pass for data move operation successfully
===================================================================================================================================================================================================================================================================================================================================================================================================================================================================================================================================================================================================================================================================================================================================
Final message: Pass Test9 Pass for Rear camera image capture  successfully
Test: End
===================================================================================================================================================================================================================================================================================================================================================================================================================================================================================================================================================================================================================================================================================================================================
]]></system-out>
    <system-err><![CDATA[2023-01-06 21:24:27 INFO   io.appium.java_client.remote.AppiumCommandExecutor$1 lambda$0 Detected dialect: W3C
2023-01-06 21:24:38 INFO   io.appium.java_client.remote.AppiumCommandExecutor$1 lambda$0 Detected dialect: W3C
org.openqa.selenium.NoSuchElementException: An element could not be located on the page using the given search parameters.
For documentation on this error, please visit: https://www.seleniumhq.org/exceptions/no_such_element.html
Build info: version: '3.141.59', revision: 'e82be7d358', time: '2018-11-14T08:17:03'
System info: host: 'RPG-USB-APPS-38', ip: '10.65.145.50', os.name: 'Windows 10', os.arch: 'amd64', os.version: '10.0', java.version: '1.8.0_202'
Driver info: io.appium.java_client.android.AndroidDriver
Capabilities {automationName: UiAutomator2, databaseEnabled: false, desired: {automationName: UiAutomator2, deviceName: realme XT, newCommandTimeout: 600, platformName: android, platformVersion: 11, udid: 917402bf}, deviceApiLevel: 30, deviceManufacturer: realme, deviceModel: RMX1921, deviceName: 917402bf, deviceScreenDensity: 480, deviceScreenSize: 1080x2340, deviceUDID: 917402bf, javascriptEnabled: true, locationContextEnabled: false, networkConnectionEnabled: true, newCommandTimeout: 600, pixelRatio: 3, platform: LINUX, platformName: Android, platformVersion: 11, statBarHeight: 96, takesScreenshot: true, udid: 917402bf, viewportRect: {height: 2036, left: 0, top: 96, width: 1080}, warnings: {}, webStorageEnabled: false}
Session ID: 7594a829-0d86-48da-b2d0-335092b6b09a
*** Element info: {Using=xpath, value=//*[@text='Turn on']}
	at sun.reflect.NativeConstructorAccessorImpl.newInstance0(Native Method)
	at sun.reflect.NativeConstructorAccessorImpl.newInstance(NativeConstructorAccessorImpl.java:62)
	at sun.reflect.DelegatingConstructorAccessorImpl.newInstance(DelegatingConstructorAccessorImpl.java:45)
	at java.lang.reflect.Constructor.newInstance(Constructor.java:423)
	at org.openqa.selenium.remote.http.W3CHttpResponseCodec.createException(W3CHttpResponseCodec.java:187)
	at org.openqa.selenium.remote.http.W3CHttpResponseCodec.decode(W3CHttpResponseCodec.java:122)
	at org.openqa.selenium.remote.http.W3CHttpResponseCodec.decode(W3CHttpResponseCodec.java:49)
	at org.openqa.selenium.remote.HttpCommandExecutor.execute(HttpCommandExecutor.java:158)
	at io.appium.java_client.remote.AppiumCommandExecutor.execute(AppiumCommandExecutor.java:239)
	at org.openqa.selenium.remote.RemoteWebDriver.execute(RemoteWebDriver.java:552)
	at io.appium.java_client.DefaultGenericMobileDriver.execute(DefaultGenericMobileDriver.java:42)
	at io.appium.java_client.AppiumDriver.execute(AppiumDriver.java:1)
	at io.appium.java_client.android.AndroidDriver.execute(AndroidDriver.java:1)
	at org.openqa.selenium.remote.RemoteWebDriver.findElement(RemoteWebDriver.java:323)
	at io.appium.java_client.DefaultGenericMobileDriver.findElement(DefaultGenericMobileDriver.java:62)
	at io.appium.java_client.AppiumDriver.findElement(AppiumDriver.java:1)
	at io.appium.java_client.android.AndroidDriver.findElement(AndroidDriver.java:1)
	at org.openqa.selenium.remote.RemoteWebDriver.findElementByXPath(RemoteWebDriver.java:428)
	at io.appium.java_client.DefaultGenericMobileDriver.findElementByXPath(DefaultGenericMobileDriver.java:152)
	at io.appium.java_client.AppiumDriver.findElementByXPath(AppiumDriver.java:1)
	at io.appium.java_client.android.AndroidDriver.findElementByXPath(AndroidDriver.java:1)
	at org.openqa.selenium.By$ByXPath.findElement(By.java:353)
	at org.openqa.selenium.remote.RemoteWebDriver.findElement(RemoteWebDriver.java:315)
	at io.appium.java_client.DefaultGenericMobileDriver.findElement(DefaultGenericMobileDriver.java:58)
	at io.appium.java_client.AppiumDriver.findElement(AppiumDriver.java:1)
	at io.appium.java_client.android.AndroidDriver.findElement(AndroidDriver.java:1)
	at Realme_XT_RMX1921.Test9.RearPictureCapture(Test9.java:137)
	at sun.reflect.NativeMethodAccessorImpl.invoke0(Native Method)
	at sun.reflect.NativeMethodAccessorImpl.invoke(NativeMethodAccessorImpl.java:62)
	at sun.reflect.DelegatingMethodAccessorImpl.invoke(DelegatingMethodAccessorImpl.java:43)
	at java.lang.reflect.Method.invoke(Method.java:498)
	at org.testng.internal.MethodInvocationHelper.invokeMethod(MethodInvocationHelper.java:80)
	at org.testng.internal.Invoker.invokeMethod(Invoker.java:673)
	at org.testng.internal.Invoker.invokeTestMethod(Invoker.java:842)
	at org.testng.internal.Invoker.invokeTestMethods(Invoker.java:1166)
	at org.testng.internal.TestMethodWorker.invokeTestMethods(TestMethodWorker.java:125)
	at org.testng.internal.TestMethodWorker.run(TestMethodWorker.java:109)
	at org.testng.TestRunner.runWorkers(TestRunner.java:1178)
	at org.testng.TestRunner.privateRun(TestRunner.java:757)
	at org.testng.TestRunner.run(TestRunner.java:608)
	at org.testng.SuiteRunner.runTest(SuiteRunner.java:334)
	at org.testng.SuiteRunner.runSequentially(SuiteRunner.java:329)
	at org.testng.SuiteRunner.privateRun(SuiteRunner.java:291)
	at org.testng.SuiteRunner.run(SuiteRunner.java:240)
	at org.testng.SuiteRunnerWorker.runSuite(SuiteRunnerWorker.java:52)
	at org.testng.SuiteRunnerWorker.run(SuiteRunnerWorker.java:86)
	at org.testng.TestNG.runSuitesSequentially(TestNG.java:1158)
	at org.testng.TestNG.runSuitesSequentially(TestNG.java:1154)
	at org.testng.TestNG.runSuitesLocally(TestNG.java:1083)
	at org.testng.TestNG.run(TestNG.java:999)
	at org.apache.maven.surefire.testng.TestNGExecutor.run(TestNGExecutor.java:284)
	at org.apache.maven.surefire.testng.TestNGXmlTestSuite.execute(TestNGXmlTestSuite.java:75)
	at org.apache.maven.surefire.testng.TestNGProvider.invoke(TestNGProvider.java:119)
	at org.apache.maven.surefire.booter.ForkedBooter.runSuitesInProcess(ForkedBooter.java:428)
	at org.apache.maven.surefire.booter.ForkedBooter.execute(ForkedBooter.java:162)
	at org.apache.maven.surefire.booter.ForkedBooter.run(ForkedBooter.java:562)
	at org.apache.maven.surefire.booter.ForkedBooter.main(ForkedBooter.java:548)
org.openqa.selenium.NoSuchElementException: An element could not be located on the page using the given search parameters.
For documentation on this error, please visit: https://www.seleniumhq.org/exceptions/no_such_element.html
Build info: version: '3.141.59', revision: 'e82be7d358', time: '2018-11-14T08:17:03'
System info: host: 'RPG-USB-APPS-38', ip: '10.65.145.50', os.name: 'Windows 10', os.arch: 'amd64', os.version: '10.0', java.version: '1.8.0_202'
Driver info: io.appium.java_client.android.AndroidDriver
Capabilities {automationName: UiAutomator2, databaseEnabled: false, desired: {automationName: UiAutomator2, deviceName: realme XT, newCommandTimeout: 600, platformName: android, platformVersion: 11, udid: 917402bf}, deviceApiLevel: 30, deviceManufacturer: realme, deviceModel: RMX1921, deviceName: 917402bf, deviceScreenDensity: 480, deviceScreenSize: 1080x2340, deviceUDID: 917402bf, javascriptEnabled: true, locationContextEnabled: false, networkConnectionEnabled: true, newCommandTimeout: 600, pixelRatio: 3, platform: LINUX, platformName: Android, platformVersion: 11, statBarHeight: 96, takesScreenshot: true, udid: 917402bf, viewportRect: {height: 2036, left: 0, top: 96, width: 1080}, warnings: {}, webStorageEnabled: false}
Session ID: 7594a829-0d86-48da-b2d0-335092b6b09a
*** Element info: {Using=xpath, value=//*[@resource-id='com.google.android.apps.nbu.files:id/agree_button']}
	at sun.reflect.NativeConstructorAccessorImpl.newInstance0(Native Method)
	at sun.reflect.NativeConstructorAccessorImpl.newInstance(NativeConstructorAccessorImpl.java:62)
	at sun.reflect.DelegatingConstructorAccessorImpl.newInstance(DelegatingConstructorAccessorImpl.java:45)
	at java.lang.reflect.Constructor.newInstance(Constructor.java:423)
	at org.openqa.selenium.remote.http.W3CHttpResponseCodec.createException(W3CHttpResponseCodec.java:187)
	at org.openqa.selenium.remote.http.W3CHttpResponseCodec.decode(W3CHttpResponseCodec.java:122)
	at org.openqa.selenium.remote.http.W3CHttpResponseCodec.decode(W3CHttpResponseCodec.java:49)
	at org.openqa.selenium.remote.HttpCommandExecutor.execute(HttpCommandExecutor.java:158)
	at io.appium.java_client.remote.AppiumCommandExecutor.execute(AppiumCommandExecutor.java:239)
	at org.openqa.selenium.remote.RemoteWebDriver.execute(RemoteWebDriver.java:552)
	at io.appium.java_client.DefaultGenericMobileDriver.execute(DefaultGenericMobileDriver.java:42)
	at io.appium.java_client.AppiumDriver.execute(AppiumDriver.java:1)
	at io.appium.java_client.android.AndroidDriver.execute(AndroidDriver.java:1)
	at org.openqa.selenium.remote.RemoteWebDriver.findElement(RemoteWebDriver.java:323)
	at io.appium.java_client.DefaultGenericMobileDriver.findElement(DefaultGenericMobileDriver.java:62)
	at io.appium.java_client.AppiumDriver.findElement(AppiumDriver.java:1)
	at io.appium.java_client.android.AndroidDriver.findElement(AndroidDriver.java:1)
	at org.openqa.selenium.remote.RemoteWebDriver.findElementByXPath(RemoteWebDriver.java:428)
	at io.appium.java_client.DefaultGenericMobileDriver.findElementByXPath(DefaultGenericMobileDriver.java:152)
	at io.appium.java_client.AppiumDriver.findElementByXPath(AppiumDriver.java:1)
	at io.appium.java_client.android.AndroidDriver.findElementByXPath(AndroidDriver.java:1)
	at org.openqa.selenium.By$ByXPath.findElement(By.java:353)
	at org.openqa.selenium.remote.RemoteWebDriver.findElement(RemoteWebDriver.java:315)
	at io.appium.java_client.DefaultGenericMobileDriver.findElement(DefaultGenericMobileDriver.java:58)
	at io.appium.java_client.AppiumDriver.findElement(AppiumDriver.java:1)
	at io.appium.java_client.android.AndroidDriver.findElement(AndroidDriver.java:1)
	at Realme_XT_RMX1921.Test9.RearPictureCapture(Test9.java:303)
	at sun.reflect.NativeMethodAccessorImpl.invoke0(Native Method)
	at sun.reflect.NativeMethodAccessorImpl.invoke(NativeMethodAccessorImpl.java:62)
	at sun.reflect.DelegatingMethodAccessorImpl.invoke(DelegatingMethodAccessorImpl.java:43)
	at java.lang.reflect.Method.invoke(Method.java:498)
	at org.testng.internal.MethodInvocationHelper.invokeMethod(MethodInvocationHelper.java:80)
	at org.testng.internal.Invoker.invokeMethod(Invoker.java:673)
	at org.testng.internal.Invoker.invokeTestMethod(Invoker.java:842)
	at org.testng.internal.Invoker.invokeTestMethods(Invoker.java:1166)
	at org.testng.internal.TestMethodWorker.invokeTestMethods(TestMethodWorker.java:125)
	at org.testng.internal.TestMethodWorker.run(TestMethodWorker.java:109)
	at org.testng.TestRunner.runWorkers(TestRunner.java:1178)
	at org.testng.TestRunner.privateRun(TestRunner.java:757)
	at org.testng.TestRunner.run(TestRunner.java:608)
	at org.testng.SuiteRunner.runTest(SuiteRunner.java:334)
	at org.testng.SuiteRunner.runSequentially(SuiteRunner.java:329)
	at org.testng.SuiteRunner.privateRun(SuiteRunner.java:291)
	at org.testng.SuiteRunner.run(SuiteRunner.java:240)
	at org.testng.SuiteRunnerWorker.runSuite(SuiteRunnerWorker.java:52)
	at org.testng.SuiteRunnerWorker.run(SuiteRunnerWorker.java:86)
	at org.testng.TestNG.runSuitesSequentially(TestNG.java:1158)
	at org.testng.TestNG.runSuitesSequentially(TestNG.java:1154)
	at org.testng.TestNG.runSuitesLocally(TestNG.java:1083)
	at org.testng.TestNG.run(TestNG.java:999)
	at org.apache.maven.surefire.testng.TestNGExecutor.run(TestNGExecutor.java:284)
	at org.apache.maven.surefire.testng.TestNGXmlTestSuite.execute(TestNGXmlTestSuite.java:75)
	at org.apache.maven.surefire.testng.TestNGProvider.invoke(TestNGProvider.java:119)
	at org.apache.maven.surefire.booter.ForkedBooter.runSuitesInProcess(ForkedBooter.java:428)
	at org.apache.maven.surefire.booter.ForkedBooter.execute(ForkedBooter.java:162)
	at org.apache.maven.surefire.booter.ForkedBooter.run(ForkedBooter.java:562)
	at org.apache.maven.surefire.booter.ForkedBooter.main(ForkedBooter.java:548)
]]></system-err>
  </testcase>
  <testcase name="FrontPictureCapture" classname="Realme_XT_RMX1921.Test9F" time="2,259.777">
    <system-out><![CDATA[Test: Start
===================================================================================================================================================================================================================================================================================================================================================================================================================================================================================================================================================================================================================================================================================================================================
Test9F Scenario is as follows:
Launch camera application, set uSD as a Storage option, start Front camera image picture capture for all Host front resolutions
Setting up the appium desired capabilities
===================================================================================================================================================================================================================================================================================================================================================================================================================================================================================================================================================================================================================================================================================================================================
Launch Home screen and Clear recent apps
Launch Camera Application for Front camera picture Capture for all Host resolutions
Select deny option
change to SD card element not found : org.openqa.selenium.NoSuchElementException: An element could not be located on the page using the given search parameters.
For documentation on this error, please visit: https://www.seleniumhq.org/exceptions/no_such_element.html
Build info: version: '3.141.59', revision: 'e82be7d358', time: '2018-11-14T08:17:03'
System info: host: 'RPG-USB-APPS-38', ip: '10.65.145.50', os.name: 'Windows 10', os.arch: 'amd64', os.version: '10.0', java.version: '1.8.0_202'
Driver info: io.appium.java_client.android.AndroidDriver
Capabilities {automationName: UiAutomator2, databaseEnabled: false, desired: {automationName: UiAutomator2, deviceName: realme XT, newCommandTimeout: 600, platformName: android, platformVersion: 11, udid: 917402bf}, deviceApiLevel: 30, deviceManufacturer: realme, deviceModel: RMX1921, deviceName: 917402bf, deviceScreenDensity: 480, deviceScreenSize: 1080x2340, deviceUDID: 917402bf, javascriptEnabled: true, locationContextEnabled: false, networkConnectionEnabled: true, newCommandTimeout: 600, pixelRatio: 3, platform: LINUX, platformName: Android, platformVersion: 11, statBarHeight: 96, takesScreenshot: true, udid: 917402bf, viewportRect: {height: 2036, left: 0, top: 96, width: 1080}, warnings: {}, webStorageEnabled: false}
Session ID: a3674a9a-6195-4211-b668-1348f5dee44c
*** Element info: {Using=xpath, value=//*[@resource-id='com.android.permissioncontroller:id/permission_deny_button']}
Test9F_Fcam_res: 4 resolutions supported
Select settings option
Search forAdvanced settings option
Select SD as storage option
Select SD as storage option
Click on front camera
Select camera Resolution
Select first Image Resoution: 4:3 
totalPictureCountFront = 100
clicking Image of 1st Resolutions4:3 : 0
clicking Image of 1st Resolutions4:3 : 1
clicking Image of 1st Resolutions4:3 : 2
clicking Image of 1st Resolutions4:3 : 3
clicking Image of 1st Resolutions4:3 : 4
clicking Image of 1st Resolutions4:3 : 5
clicking Image of 1st Resolutions4:3 : 6
clicking Image of 1st Resolutions4:3 : 7
clicking Image of 1st Resolutions4:3 : 8
clicking Image of 1st Resolutions4:3 : 9
clicking Image of 1st Resolutions4:3 : 10
clicking Image of 1st Resolutions4:3 : 11
clicking Image of 1st Resolutions4:3 : 12
clicking Image of 1st Resolutions4:3 : 13
clicking Image of 1st Resolutions4:3 : 14
clicking Image of 1st Resolutions4:3 : 15
clicking Image of 1st Resolutions4:3 : 16
clicking Image of 1st Resolutions4:3 : 17
clicking Image of 1st Resolutions4:3 : 18
clicking Image of 1st Resolutions4:3 : 19
clicking Image of 1st Resolutions4:3 : 20
clicking Image of 1st Resolutions4:3 : 21
clicking Image of 1st Resolutions4:3 : 22
clicking Image of 1st Resolutions4:3 : 23
clicking Image of 1st Resolutions4:3 : 24
clicking Image of 1st Resolutions4:3 : 25
clicking Image of 1st Resolutions4:3 : 26
clicking Image of 1st Resolutions4:3 : 27
clicking Image of 1st Resolutions4:3 : 28
clicking Image of 1st Resolutions4:3 : 29
clicking Image of 1st Resolutions4:3 : 30
clicking Image of 1st Resolutions4:3 : 31
clicking Image of 1st Resolutions4:3 : 32
clicking Image of 1st Resolutions4:3 : 33
clicking Image of 1st Resolutions4:3 : 34
clicking Image of 1st Resolutions4:3 : 35
clicking Image of 1st Resolutions4:3 : 36
clicking Image of 1st Resolutions4:3 : 37
clicking Image of 1st Resolutions4:3 : 38
clicking Image of 1st Resolutions4:3 : 39
clicking Image of 1st Resolutions4:3 : 40
clicking Image of 1st Resolutions4:3 : 41
clicking Image of 1st Resolutions4:3 : 42
clicking Image of 1st Resolutions4:3 : 43
clicking Image of 1st Resolutions4:3 : 44
clicking Image of 1st Resolutions4:3 : 45
clicking Image of 1st Resolutions4:3 : 46
clicking Image of 1st Resolutions4:3 : 47
clicking Image of 1st Resolutions4:3 : 48
clicking Image of 1st Resolutions4:3 : 49
clicking Image of 1st Resolutions4:3 : 50
clicking Image of 1st Resolutions4:3 : 51
clicking Image of 1st Resolutions4:3 : 52
clicking Image of 1st Resolutions4:3 : 53
clicking Image of 1st Resolutions4:3 : 54
clicking Image of 1st Resolutions4:3 : 55
clicking Image of 1st Resolutions4:3 : 56
clicking Image of 1st Resolutions4:3 : 57
clicking Image of 1st Resolutions4:3 : 58
clicking Image of 1st Resolutions4:3 : 59
clicking Image of 1st Resolutions4:3 : 60
clicking Image of 1st Resolutions4:3 : 61
clicking Image of 1st Resolutions4:3 : 62
clicking Image of 1st Resolutions4:3 : 63
clicking Image of 1st Resolutions4:3 : 64
clicking Image of 1st Resolutions4:3 : 65
clicking Image of 1st Resolutions4:3 : 66
clicking Image of 1st Resolutions4:3 : 67
clicking Image of 1st Resolutions4:3 : 68
clicking Image of 1st Resolutions4:3 : 69
clicking Image of 1st Resolutions4:3 : 70
clicking Image of 1st Resolutions4:3 : 71
clicking Image of 1st Resolutions4:3 : 72
clicking Image of 1st Resolutions4:3 : 73
clicking Image of 1st Resolutions4:3 : 74
clicking Image of 1st Resolutions4:3 : 75
clicking Image of 1st Resolutions4:3 : 76
clicking Image of 1st Resolutions4:3 : 77
clicking Image of 1st Resolutions4:3 : 78
clicking Image of 1st Resolutions4:3 : 79
clicking Image of 1st Resolutions4:3 : 80
clicking Image of 1st Resolutions4:3 : 81
clicking Image of 1st Resolutions4:3 : 82
clicking Image of 1st Resolutions4:3 : 83
clicking Image of 1st Resolutions4:3 : 84
clicking Image of 1st Resolutions4:3 : 85
clicking Image of 1st Resolutions4:3 : 86
clicking Image of 1st Resolutions4:3 : 87
clicking Image of 1st Resolutions4:3 : 88
clicking Image of 1st Resolutions4:3 : 89
clicking Image of 1st Resolutions4:3 : 90
clicking Image of 1st Resolutions4:3 : 91
clicking Image of 1st Resolutions4:3 : 92
clicking Image of 1st Resolutions4:3 : 93
clicking Image of 1st Resolutions4:3 : 94
clicking Image of 1st Resolutions4:3 : 95
clicking Image of 1st Resolutions4:3 : 96
clicking Image of 1st Resolutions4:3 : 97
clicking Image of 1st Resolutions4:3 : 98
clicking Image of 1st Resolutions4:3 : 99
front camera first resolution:100 images Captured succesfull
Select camera Resolution
Select second Image Resoution: 1:!
totalPictureCountFront1 = 100
clicking Image of 2nd Resolutions 1:1 : 0
clicking Image of 2nd Resolutions 1:1 : 1
clicking Image of 2nd Resolutions 1:1 : 2
clicking Image of 2nd Resolutions 1:1 : 3
clicking Image of 2nd Resolutions 1:1 : 4
clicking Image of 2nd Resolutions 1:1 : 5
clicking Image of 2nd Resolutions 1:1 : 6
clicking Image of 2nd Resolutions 1:1 : 7
clicking Image of 2nd Resolutions 1:1 : 8
clicking Image of 2nd Resolutions 1:1 : 9
clicking Image of 2nd Resolutions 1:1 : 10
clicking Image of 2nd Resolutions 1:1 : 11
clicking Image of 2nd Resolutions 1:1 : 12
clicking Image of 2nd Resolutions 1:1 : 13
clicking Image of 2nd Resolutions 1:1 : 14
clicking Image of 2nd Resolutions 1:1 : 15
clicking Image of 2nd Resolutions 1:1 : 16
clicking Image of 2nd Resolutions 1:1 : 17
clicking Image of 2nd Resolutions 1:1 : 18
clicking Image of 2nd Resolutions 1:1 : 19
clicking Image of 2nd Resolutions 1:1 : 20
clicking Image of 2nd Resolutions 1:1 : 21
clicking Image of 2nd Resolutions 1:1 : 22
clicking Image of 2nd Resolutions 1:1 : 23
clicking Image of 2nd Resolutions 1:1 : 24
clicking Image of 2nd Resolutions 1:1 : 25
clicking Image of 2nd Resolutions 1:1 : 26
clicking Image of 2nd Resolutions 1:1 : 27
clicking Image of 2nd Resolutions 1:1 : 28
clicking Image of 2nd Resolutions 1:1 : 29
clicking Image of 2nd Resolutions 1:1 : 30
clicking Image of 2nd Resolutions 1:1 : 31
clicking Image of 2nd Resolutions 1:1 : 32
clicking Image of 2nd Resolutions 1:1 : 33
clicking Image of 2nd Resolutions 1:1 : 34
clicking Image of 2nd Resolutions 1:1 : 35
clicking Image of 2nd Resolutions 1:1 : 36
clicking Image of 2nd Resolutions 1:1 : 37
clicking Image of 2nd Resolutions 1:1 : 38
clicking Image of 2nd Resolutions 1:1 : 39
clicking Image of 2nd Resolutions 1:1 : 40
clicking Image of 2nd Resolutions 1:1 : 41
clicking Image of 2nd Resolutions 1:1 : 42
clicking Image of 2nd Resolutions 1:1 : 43
clicking Image of 2nd Resolutions 1:1 : 44
clicking Image of 2nd Resolutions 1:1 : 45
clicking Image of 2nd Resolutions 1:1 : 46
clicking Image of 2nd Resolutions 1:1 : 47
clicking Image of 2nd Resolutions 1:1 : 48
clicking Image of 2nd Resolutions 1:1 : 49
clicking Image of 2nd Resolutions 1:1 : 50
clicking Image of 2nd Resolutions 1:1 : 51
clicking Image of 2nd Resolutions 1:1 : 52
clicking Image of 2nd Resolutions 1:1 : 53
clicking Image of 2nd Resolutions 1:1 : 54
clicking Image of 2nd Resolutions 1:1 : 55
clicking Image of 2nd Resolutions 1:1 : 56
clicking Image of 2nd Resolutions 1:1 : 57
clicking Image of 2nd Resolutions 1:1 : 58
clicking Image of 2nd Resolutions 1:1 : 59
clicking Image of 2nd Resolutions 1:1 : 60
clicking Image of 2nd Resolutions 1:1 : 61
clicking Image of 2nd Resolutions 1:1 : 62
clicking Image of 2nd Resolutions 1:1 : 63
clicking Image of 2nd Resolutions 1:1 : 64
clicking Image of 2nd Resolutions 1:1 : 65
clicking Image of 2nd Resolutions 1:1 : 66
clicking Image of 2nd Resolutions 1:1 : 67
clicking Image of 2nd Resolutions 1:1 : 68
clicking Image of 2nd Resolutions 1:1 : 69
clicking Image of 2nd Resolutions 1:1 : 70
clicking Image of 2nd Resolutions 1:1 : 71
clicking Image of 2nd Resolutions 1:1 : 72
clicking Image of 2nd Resolutions 1:1 : 73
clicking Image of 2nd Resolutions 1:1 : 74
clicking Image of 2nd Resolutions 1:1 : 75
clicking Image of 2nd Resolutions 1:1 : 76
clicking Image of 2nd Resolutions 1:1 : 77
clicking Image of 2nd Resolutions 1:1 : 78
clicking Image of 2nd Resolutions 1:1 : 79
clicking Image of 2nd Resolutions 1:1 : 80
clicking Image of 2nd Resolutions 1:1 : 81
clicking Image of 2nd Resolutions 1:1 : 82
clicking Image of 2nd Resolutions 1:1 : 83
clicking Image of 2nd Resolutions 1:1 : 84
clicking Image of 2nd Resolutions 1:1 : 85
clicking Image of 2nd Resolutions 1:1 : 86
clicking Image of 2nd Resolutions 1:1 : 87
clicking Image of 2nd Resolutions 1:1 : 88
clicking Image of 2nd Resolutions 1:1 : 89
clicking Image of 2nd Resolutions 1:1 : 90
clicking Image of 2nd Resolutions 1:1 : 91
clicking Image of 2nd Resolutions 1:1 : 92
clicking Image of 2nd Resolutions 1:1 : 93
clicking Image of 2nd Resolutions 1:1 : 94
clicking Image of 2nd Resolutions 1:1 : 95
clicking Image of 2nd Resolutions 1:1 : 96
clicking Image of 2nd Resolutions 1:1 : 97
clicking Image of 2nd Resolutions 1:1 : 98
clicking Image of 2nd Resolutions 1:1 : 99
front camera second resolution:100 images Captured succesfull
Select camera Resolution
Select third Image Resoution: Full
totalPictureCountFront2 = 50
clicking Image of 3rd ResolutionsFull: 0
clicking Image of 3rd ResolutionsFull: 1
clicking Image of 3rd ResolutionsFull: 2
clicking Image of 3rd ResolutionsFull: 3
clicking Image of 3rd ResolutionsFull: 4
clicking Image of 3rd ResolutionsFull: 5
clicking Image of 3rd ResolutionsFull: 6
clicking Image of 3rd ResolutionsFull: 7
clicking Image of 3rd ResolutionsFull: 8
clicking Image of 3rd ResolutionsFull: 9
clicking Image of 3rd ResolutionsFull: 10
clicking Image of 3rd ResolutionsFull: 11
clicking Image of 3rd ResolutionsFull: 12
clicking Image of 3rd ResolutionsFull: 13
clicking Image of 3rd ResolutionsFull: 14
clicking Image of 3rd ResolutionsFull: 15
clicking Image of 3rd ResolutionsFull: 16
clicking Image of 3rd ResolutionsFull: 17
clicking Image of 3rd ResolutionsFull: 18
clicking Image of 3rd ResolutionsFull: 19
clicking Image of 3rd ResolutionsFull: 20
clicking Image of 3rd ResolutionsFull: 21
clicking Image of 3rd ResolutionsFull: 22
clicking Image of 3rd ResolutionsFull: 23
clicking Image of 3rd ResolutionsFull: 24
clicking Image of 3rd ResolutionsFull: 25
clicking Image of 3rd ResolutionsFull: 26
clicking Image of 3rd ResolutionsFull: 27
clicking Image of 3rd ResolutionsFull: 28
clicking Image of 3rd ResolutionsFull: 29
clicking Image of 3rd ResolutionsFull: 30
clicking Image of 3rd ResolutionsFull: 31
clicking Image of 3rd ResolutionsFull: 32
clicking Image of 3rd ResolutionsFull: 33
clicking Image of 3rd ResolutionsFull: 34
clicking Image of 3rd ResolutionsFull: 35
clicking Image of 3rd ResolutionsFull: 36
clicking Image of 3rd ResolutionsFull: 37
clicking Image of 3rd ResolutionsFull: 38
clicking Image of 3rd ResolutionsFull: 39
clicking Image of 3rd ResolutionsFull: 40
clicking Image of 3rd ResolutionsFull: 41
clicking Image of 3rd ResolutionsFull: 42
clicking Image of 3rd ResolutionsFull: 43
clicking Image of 3rd ResolutionsFull: 44
clicking Image of 3rd ResolutionsFull: 45
clicking Image of 3rd ResolutionsFull: 46
clicking Image of 3rd ResolutionsFull: 47
clicking Image of 3rd ResolutionsFull: 48
clicking Image of 3rd ResolutionsFull: 49
front camera third resolution:50 images Captured succesfull
Select camera Resolution
Select fourth Image Resoution: 16:9
totalPictureCountFront3 = 50
clicking Image of 4th Resolutions16:9: 0
clicking Image of 4th Resolutions16:9: 1
clicking Image of 4th Resolutions16:9: 2
clicking Image of 4th Resolutions16:9: 3
clicking Image of 4th Resolutions16:9: 4
clicking Image of 4th Resolutions16:9: 5
clicking Image of 4th Resolutions16:9: 6
clicking Image of 4th Resolutions16:9: 7
clicking Image of 4th Resolutions16:9: 8
clicking Image of 4th Resolutions16:9: 9
clicking Image of 4th Resolutions16:9: 10
clicking Image of 4th Resolutions16:9: 11
clicking Image of 4th Resolutions16:9: 12
clicking Image of 4th Resolutions16:9: 13
clicking Image of 4th Resolutions16:9: 14
clicking Image of 4th Resolutions16:9: 15
clicking Image of 4th Resolutions16:9: 16
clicking Image of 4th Resolutions16:9: 17
clicking Image of 4th Resolutions16:9: 18
clicking Image of 4th Resolutions16:9: 19
clicking Image of 4th Resolutions16:9: 20
clicking Image of 4th Resolutions16:9: 21
clicking Image of 4th Resolutions16:9: 22
clicking Image of 4th Resolutions16:9: 23
clicking Image of 4th Resolutions16:9: 24
clicking Image of 4th Resolutions16:9: 25
clicking Image of 4th Resolutions16:9: 26
clicking Image of 4th Resolutions16:9: 27
clicking Image of 4th Resolutions16:9: 28
clicking Image of 4th Resolutions16:9: 29
clicking Image of 4th Resolutions16:9: 30
clicking Image of 4th Resolutions16:9: 31
clicking Image of 4th Resolutions16:9: 32
clicking Image of 4th Resolutions16:9: 33
clicking Image of 4th Resolutions16:9: 34
clicking Image of 4th Resolutions16:9: 35
clicking Image of 4th Resolutions16:9: 36
clicking Image of 4th Resolutions16:9: 37
clicking Image of 4th Resolutions16:9: 38
clicking Image of 4th Resolutions16:9: 39
clicking Image of 4th Resolutions16:9: 40
clicking Image of 4th Resolutions16:9: 41
clicking Image of 4th Resolutions16:9: 42
clicking Image of 4th Resolutions16:9: 43
clicking Image of 4th Resolutions16:9: 44
clicking Image of 4th Resolutions16:9: 45
clicking Image of 4th Resolutions16:9: 46
clicking Image of 4th Resolutions16:9: 47
clicking Image of 4th Resolutions16:9: 48
clicking Image of 4th Resolutions16:9: 49
Back camera fourth resolution:50 images Captured succesfull
Total Count value:300 images to be Captured 
switch to back camera
Launch file manager application and verify captured images present in uSD Card
Swipe up to select uSD card
Select SD card
switch to grid view mode to select DCIM folder
Select DCIM Folder
Select camera folder
switch to list view mode
Click More options
Click select all
Total Image
Test9F_Fcam_image: 300 selected images Captured succesfull
Actual Value:300 selected
Interger value:300
Tolerance_Level = 75

Pass: Test9F pass for rear Image capture
Test9F Fcam_image: 300  images Captured succesfull
===================================================================================================================================================================================================================================================================================================================================================================================================================================================================================================================================================================================================================================================================================================================================
calling DataMoveOperation()
Re-launch file manager application and select external storage for data move operation, select all front camera images files present in camera folder and move to Test9F folder
Select external storage
switch to grid view mode and select DCIM folder
Select DCIM folder
Select camera folder
switch to list view mode
Click More options
Click select all
Click More options
select move to option
select uSD Card
Select ADD NEW Folder option
Name folder as Test9F
Accept create folder
Cut paste  video files operation completed successfully
Test9F: Data move operation completed successfully
Pass: Test9F Pass for data move operation successfully
===================================================================================================================================================================================================================================================================================================================================================================================================================================================================================================================================================================================================================================================================================================================================
Final message: Pass Test9F Pass for Front camera image capture  successfully
Test: End
===================================================================================================================================================================================================================================================================================================================================================================================================================================================================================================================================================================================================================================================================================================================================
]]></system-out>
    <system-err><![CDATA[2023-01-06 22:06:02 INFO   io.appium.java_client.remote.AppiumCommandExecutor$1 lambda$0 Detected dialect: W3C
2023-01-06 22:06:15 INFO   io.appium.java_client.remote.AppiumCommandExecutor$1 lambda$0 Detected dialect: W3C
org.openqa.selenium.NoSuchElementException: An element could not be located on the page using the given search parameters.
For documentation on this error, please visit: https://www.seleniumhq.org/exceptions/no_such_element.html
Build info: version: '3.141.59', revision: 'e82be7d358', time: '2018-11-14T08:17:03'
System info: host: 'RPG-USB-APPS-38', ip: '10.65.145.50', os.name: 'Windows 10', os.arch: 'amd64', os.version: '10.0', java.version: '1.8.0_202'
Driver info: io.appium.java_client.android.AndroidDriver
Capabilities {automationName: UiAutomator2, databaseEnabled: false, desired: {automationName: UiAutomator2, deviceName: realme XT, newCommandTimeout: 600, platformName: android, platformVersion: 11, udid: 917402bf}, deviceApiLevel: 30, deviceManufacturer: realme, deviceModel: RMX1921, deviceName: 917402bf, deviceScreenDensity: 480, deviceScreenSize: 1080x2340, deviceUDID: 917402bf, javascriptEnabled: true, locationContextEnabled: false, networkConnectionEnabled: true, newCommandTimeout: 600, pixelRatio: 3, platform: LINUX, platformName: Android, platformVersion: 11, statBarHeight: 96, takesScreenshot: true, udid: 917402bf, viewportRect: {height: 2036, left: 0, top: 96, width: 1080}, warnings: {}, webStorageEnabled: false}
Session ID: a3674a9a-6195-4211-b668-1348f5dee44c
*** Element info: {Using=xpath, value=//*[@text='Turn on']}
	at sun.reflect.NativeConstructorAccessorImpl.newInstance0(Native Method)
	at sun.reflect.NativeConstructorAccessorImpl.newInstance(NativeConstructorAccessorImpl.java:62)
	at sun.reflect.DelegatingConstructorAccessorImpl.newInstance(DelegatingConstructorAccessorImpl.java:45)
	at java.lang.reflect.Constructor.newInstance(Constructor.java:423)
	at org.openqa.selenium.remote.http.W3CHttpResponseCodec.createException(W3CHttpResponseCodec.java:187)
	at org.openqa.selenium.remote.http.W3CHttpResponseCodec.decode(W3CHttpResponseCodec.java:122)
	at org.openqa.selenium.remote.http.W3CHttpResponseCodec.decode(W3CHttpResponseCodec.java:49)
	at org.openqa.selenium.remote.HttpCommandExecutor.execute(HttpCommandExecutor.java:158)
	at io.appium.java_client.remote.AppiumCommandExecutor.execute(AppiumCommandExecutor.java:239)
	at org.openqa.selenium.remote.RemoteWebDriver.execute(RemoteWebDriver.java:552)
	at io.appium.java_client.DefaultGenericMobileDriver.execute(DefaultGenericMobileDriver.java:42)
	at io.appium.java_client.AppiumDriver.execute(AppiumDriver.java:1)
	at io.appium.java_client.android.AndroidDriver.execute(AndroidDriver.java:1)
	at org.openqa.selenium.remote.RemoteWebDriver.findElement(RemoteWebDriver.java:323)
	at io.appium.java_client.DefaultGenericMobileDriver.findElement(DefaultGenericMobileDriver.java:62)
	at io.appium.java_client.AppiumDriver.findElement(AppiumDriver.java:1)
	at io.appium.java_client.android.AndroidDriver.findElement(AndroidDriver.java:1)
	at org.openqa.selenium.remote.RemoteWebDriver.findElementByXPath(RemoteWebDriver.java:428)
	at io.appium.java_client.DefaultGenericMobileDriver.findElementByXPath(DefaultGenericMobileDriver.java:152)
	at io.appium.java_client.AppiumDriver.findElementByXPath(AppiumDriver.java:1)
	at io.appium.java_client.android.AndroidDriver.findElementByXPath(AndroidDriver.java:1)
	at org.openqa.selenium.By$ByXPath.findElement(By.java:353)
	at org.openqa.selenium.remote.RemoteWebDriver.findElement(RemoteWebDriver.java:315)
	at io.appium.java_client.DefaultGenericMobileDriver.findElement(DefaultGenericMobileDriver.java:58)
	at io.appium.java_client.AppiumDriver.findElement(AppiumDriver.java:1)
	at io.appium.java_client.android.AndroidDriver.findElement(AndroidDriver.java:1)
	at Realme_XT_RMX1921.Test9F.FrontPictureCapture(Test9F.java:136)
	at sun.reflect.NativeMethodAccessorImpl.invoke0(Native Method)
	at sun.reflect.NativeMethodAccessorImpl.invoke(NativeMethodAccessorImpl.java:62)
	at sun.reflect.DelegatingMethodAccessorImpl.invoke(DelegatingMethodAccessorImpl.java:43)
	at java.lang.reflect.Method.invoke(Method.java:498)
	at org.testng.internal.MethodInvocationHelper.invokeMethod(MethodInvocationHelper.java:80)
	at org.testng.internal.Invoker.invokeMethod(Invoker.java:673)
	at org.testng.internal.Invoker.invokeTestMethod(Invoker.java:842)
	at org.testng.internal.Invoker.invokeTestMethods(Invoker.java:1166)
	at org.testng.internal.TestMethodWorker.invokeTestMethods(TestMethodWorker.java:125)
	at org.testng.internal.TestMethodWorker.run(TestMethodWorker.java:109)
	at org.testng.TestRunner.runWorkers(TestRunner.java:1178)
	at org.testng.TestRunner.privateRun(TestRunner.java:757)
	at org.testng.TestRunner.run(TestRunner.java:608)
	at org.testng.SuiteRunner.runTest(SuiteRunner.java:334)
	at org.testng.SuiteRunner.runSequentially(SuiteRunner.java:329)
	at org.testng.SuiteRunner.privateRun(SuiteRunner.java:291)
	at org.testng.SuiteRunner.run(SuiteRunner.java:240)
	at org.testng.SuiteRunnerWorker.runSuite(SuiteRunnerWorker.java:52)
	at org.testng.SuiteRunnerWorker.run(SuiteRunnerWorker.java:86)
	at org.testng.TestNG.runSuitesSequentially(TestNG.java:1158)
	at org.testng.TestNG.runSuitesSequentially(TestNG.java:1154)
	at org.testng.TestNG.runSuitesLocally(TestNG.java:1083)
	at org.testng.TestNG.run(TestNG.java:999)
	at org.apache.maven.surefire.testng.TestNGExecutor.run(TestNGExecutor.java:284)
	at org.apache.maven.surefire.testng.TestNGXmlTestSuite.execute(TestNGXmlTestSuite.java:75)
	at org.apache.maven.surefire.testng.TestNGProvider.invoke(TestNGProvider.java:119)
	at org.apache.maven.surefire.booter.ForkedBooter.runSuitesInProcess(ForkedBooter.java:428)
	at org.apache.maven.surefire.booter.ForkedBooter.execute(ForkedBooter.java:162)
	at org.apache.maven.surefire.booter.ForkedBooter.run(ForkedBooter.java:562)
	at org.apache.maven.surefire.booter.ForkedBooter.main(ForkedBooter.java:548)
org.openqa.selenium.NoSuchElementException: An element could not be located on the page using the given search parameters.
For documentation on this error, please visit: https://www.seleniumhq.org/exceptions/no_such_element.html
Build info: version: '3.141.59', revision: 'e82be7d358', time: '2018-11-14T08:17:03'
System info: host: 'RPG-USB-APPS-38', ip: '10.65.145.50', os.name: 'Windows 10', os.arch: 'amd64', os.version: '10.0', java.version: '1.8.0_202'
Driver info: io.appium.java_client.android.AndroidDriver
Capabilities {automationName: UiAutomator2, databaseEnabled: false, desired: {automationName: UiAutomator2, deviceName: realme XT, newCommandTimeout: 600, platformName: android, platformVersion: 11, udid: 917402bf}, deviceApiLevel: 30, deviceManufacturer: realme, deviceModel: RMX1921, deviceName: 917402bf, deviceScreenDensity: 480, deviceScreenSize: 1080x2340, deviceUDID: 917402bf, javascriptEnabled: true, locationContextEnabled: false, networkConnectionEnabled: true, newCommandTimeout: 600, pixelRatio: 3, platform: LINUX, platformName: Android, platformVersion: 11, statBarHeight: 96, takesScreenshot: true, udid: 917402bf, viewportRect: {height: 2036, left: 0, top: 96, width: 1080}, warnings: {}, webStorageEnabled: false}
Session ID: a3674a9a-6195-4211-b668-1348f5dee44c
*** Element info: {Using=xpath, value=//*[@resource-id='com.google.android.apps.nbu.files:id/agree_button']}
	at sun.reflect.GeneratedConstructorAccessor20.newInstance(Unknown Source)
	at sun.reflect.DelegatingConstructorAccessorImpl.newInstance(DelegatingConstructorAccessorImpl.java:45)
	at java.lang.reflect.Constructor.newInstance(Constructor.java:423)
	at org.openqa.selenium.remote.http.W3CHttpResponseCodec.createException(W3CHttpResponseCodec.java:187)
	at org.openqa.selenium.remote.http.W3CHttpResponseCodec.decode(W3CHttpResponseCodec.java:122)
	at org.openqa.selenium.remote.http.W3CHttpResponseCodec.decode(W3CHttpResponseCodec.java:49)
	at org.openqa.selenium.remote.HttpCommandExecutor.execute(HttpCommandExecutor.java:158)
	at io.appium.java_client.remote.AppiumCommandExecutor.execute(AppiumCommandExecutor.java:239)
	at org.openqa.selenium.remote.RemoteWebDriver.execute(RemoteWebDriver.java:552)
	at io.appium.java_client.DefaultGenericMobileDriver.execute(DefaultGenericMobileDriver.java:42)
	at io.appium.java_client.AppiumDriver.execute(AppiumDriver.java:1)
	at io.appium.java_client.android.AndroidDriver.execute(AndroidDriver.java:1)
	at org.openqa.selenium.remote.RemoteWebDriver.findElement(RemoteWebDriver.java:323)
	at io.appium.java_client.DefaultGenericMobileDriver.findElement(DefaultGenericMobileDriver.java:62)
	at io.appium.java_client.AppiumDriver.findElement(AppiumDriver.java:1)
	at io.appium.java_client.android.AndroidDriver.findElement(AndroidDriver.java:1)
	at org.openqa.selenium.remote.RemoteWebDriver.findElementByXPath(RemoteWebDriver.java:428)
	at io.appium.java_client.DefaultGenericMobileDriver.findElementByXPath(DefaultGenericMobileDriver.java:152)
	at io.appium.java_client.AppiumDriver.findElementByXPath(AppiumDriver.java:1)
	at io.appium.java_client.android.AndroidDriver.findElementByXPath(AndroidDriver.java:1)
	at org.openqa.selenium.By$ByXPath.findElement(By.java:353)
	at org.openqa.selenium.remote.RemoteWebDriver.findElement(RemoteWebDriver.java:315)
	at io.appium.java_client.DefaultGenericMobileDriver.findElement(DefaultGenericMobileDriver.java:58)
	at io.appium.java_client.AppiumDriver.findElement(AppiumDriver.java:1)
	at io.appium.java_client.android.AndroidDriver.findElement(AndroidDriver.java:1)
	at Realme_XT_RMX1921.Test9F.FrontPictureCapture(Test9F.java:310)
	at sun.reflect.NativeMethodAccessorImpl.invoke0(Native Method)
	at sun.reflect.NativeMethodAccessorImpl.invoke(NativeMethodAccessorImpl.java:62)
	at sun.reflect.DelegatingMethodAccessorImpl.invoke(DelegatingMethodAccessorImpl.java:43)
	at java.lang.reflect.Method.invoke(Method.java:498)
	at org.testng.internal.MethodInvocationHelper.invokeMethod(MethodInvocationHelper.java:80)
	at org.testng.internal.Invoker.invokeMethod(Invoker.java:673)
	at org.testng.internal.Invoker.invokeTestMethod(Invoker.java:842)
	at org.testng.internal.Invoker.invokeTestMethods(Invoker.java:1166)
	at org.testng.internal.TestMethodWorker.invokeTestMethods(TestMethodWorker.java:125)
	at org.testng.internal.TestMethodWorker.run(TestMethodWorker.java:109)
	at org.testng.TestRunner.runWorkers(TestRunner.java:1178)
	at org.testng.TestRunner.privateRun(TestRunner.java:757)
	at org.testng.TestRunner.run(TestRunner.java:608)
	at org.testng.SuiteRunner.runTest(SuiteRunner.java:334)
	at org.testng.SuiteRunner.runSequentially(SuiteRunner.java:329)
	at org.testng.SuiteRunner.privateRun(SuiteRunner.java:291)
	at org.testng.SuiteRunner.run(SuiteRunner.java:240)
	at org.testng.SuiteRunnerWorker.runSuite(SuiteRunnerWorker.java:52)
	at org.testng.SuiteRunnerWorker.run(SuiteRunnerWorker.java:86)
	at org.testng.TestNG.runSuitesSequentially(TestNG.java:1158)
	at org.testng.TestNG.runSuitesSequentially(TestNG.java:1154)
	at org.testng.TestNG.runSuitesLocally(TestNG.java:1083)
	at org.testng.TestNG.run(TestNG.java:999)
	at org.apache.maven.surefire.testng.TestNGExecutor.run(TestNGExecutor.java:284)
	at org.apache.maven.surefire.testng.TestNGXmlTestSuite.execute(TestNGXmlTestSuite.java:75)
	at org.apache.maven.surefire.testng.TestNGProvider.invoke(TestNGProvider.java:119)
	at org.apache.maven.surefire.booter.ForkedBooter.runSuitesInProcess(ForkedBooter.java:428)
	at org.apache.maven.surefire.booter.ForkedBooter.execute(ForkedBooter.java:162)
	at org.apache.maven.surefire.booter.ForkedBooter.run(ForkedBooter.java:562)
	at org.apache.maven.surefire.booter.ForkedBooter.main(ForkedBooter.java:548)
]]></system-err>
  </testcase>
</testsuite>