<?xml version="1.0" encoding="UTF-8"?>
<testng-results skipped="0" failed="2" total="8" passed="6">
  <reporter-output>
  </reporter-output>
  <suite name="Suite" duration-ms="181899" started-at="2023-01-05T12:36:53Z" finished-at="2023-01-05T12:39:55Z">
    <groups>
    </groups>
    <test name="Test" duration-ms="181899" started-at="2023-01-05T12:36:53Z" finished-at="2023-01-05T12:39:55Z">
      <class name="Vivo_iQoo_Z6_12127.Test3">
        <test-method status="PASS" signature="SetUp()" name="SetUp" is-config="true" duration-ms="11093" started-at="2023-01-05T12:36:53Z" finished-at="2023-01-05T12:37:04Z">
        </test-method>
        <test-method status="PASS" signature="Format()" name="Format" duration-ms="170806" started-at="2023-01-05T12:37:04Z" finished-at="2023-01-05T12:39:55Z">
        </test-method>
      </class>
    </test>
  </suite>
  <suite name="Suite" duration-ms="2462709" started-at="2023-01-05T13:46:31Z" finished-at="2023-01-05T14:27:34Z">
    <groups>
    </groups>
    <test name="Test" duration-ms="2462709" started-at="2023-01-05T13:46:31Z" finished-at="2023-01-05T14:27:34Z">
      <class name="Vivo_iQoo_Z6_12127.Test9F">
        <test-method status="PASS" signature="SetUp()" name="SetUp" is-config="true" duration-ms="10436" started-at="2023-01-05T13:46:31Z" finished-at="2023-01-05T13:46:41Z">
        </test-method>
        <test-method status="PASS" signature="FrontPictureCapture()" name="FrontPictureCapture" duration-ms="2452273" started-at="2023-01-05T13:46:41Z" finished-at="2023-01-05T14:27:34Z">
        </test-method>
      </class>
    </test>
  </suite>
  <suite name="Suite" duration-ms="1318208" started-at="2023-01-05T12:45:16Z" finished-at="2023-01-05T13:07:15Z">
    <groups>
    </groups>
    <test name="Test" duration-ms="1318208" started-at="2023-01-05T12:45:16Z" finished-at="2023-01-05T13:07:15Z">
      <class name="Vivo_iQoo_Z6_12127.Test10">
        <test-method status="PASS" signature="SetUp()" name="SetUp" is-config="true" duration-ms="10046" started-at="2023-01-05T12:45:16Z" finished-at="2023-01-05T12:45:27Z">
        </test-method>
        <test-method status="FAIL" signature="rearVideoRec()" name="rearVideoRec" duration-ms="1308162" started-at="2023-01-05T12:45:27Z" finished-at="2023-01-05T13:07:15Z">
          <exception class="org.openqa.selenium.NoSuchElementException">
            <message>
              <![CDATA[An element could not be located on the page using the given search parameters.
For documentation on this error, please visit: https://www.seleniumhq.org/exceptions/no_such_element.html
Build info: version: '3.141.59', revision: 'e82be7d358', time: '2018-11-14T08:17:03'
System info: host: 'RPG-USB-APPS-38', ip: '10.65.145.50', os.name: 'Windows 10', os.arch: 'amd64', os.version: '10.0', java.version: '1.8.0_202'
Driver info: io.appium.java_client.android.AndroidDriver
Capabilities {automationName: UiAutomator2, databaseEnabled: false, desired: {automationName: UiAutomator2, deviceName: iQOO Z6 5G, newCommandTimeout: 1200, platformName: android, platformVersion: 12, udid: 138119460900083}, deviceApiLevel: 31, deviceManufacturer: vivo, deviceModel: I2127, deviceName: 138119460900083, deviceScreenDensity: 440, deviceScreenSize: 1080x2408, deviceUDID: 138119460900083, javascriptEnabled: true, locationContextEnabled: false, networkConnectionEnabled: true, newCommandTimeout: 1200, pixelRatio: 2.75, platform: LINUX, platformName: Android, platformVersion: 12, statBarHeight: 88, takesScreenshot: true, udid: 138119460900083, viewportRect: {height: 2138, left: 0, top: 88, width: 1080}, warnings: {}, webStorageEnabled: false}
Session ID: d7bf4f04-0f62-497c-9bd0-d935eb887aef
*** Element info: {Using=xpath, value=//*[@content-desc='Photo']}]]>
            </message>
            <full-stacktrace>
              <![CDATA[org.openqa.selenium.NoSuchElementException: An element could not be located on the page using the given search parameters.
For documentation on this error, please visit: https://www.seleniumhq.org/exceptions/no_such_element.html
Build info: version: '3.141.59', revision: 'e82be7d358', time: '2018-11-14T08:17:03'
System info: host: 'RPG-USB-APPS-38', ip: '10.65.145.50', os.name: 'Windows 10', os.arch: 'amd64', os.version: '10.0', java.version: '1.8.0_202'
Driver info: io.appium.java_client.android.AndroidDriver
Capabilities {automationName: UiAutomator2, databaseEnabled: false, desired: {automationName: UiAutomator2, deviceName: iQOO Z6 5G, newCommandTimeout: 1200, platformName: android, platformVersion: 12, udid: 138119460900083}, deviceApiLevel: 31, deviceManufacturer: vivo, deviceModel: I2127, deviceName: 138119460900083, deviceScreenDensity: 440, deviceScreenSize: 1080x2408, deviceUDID: 138119460900083, javascriptEnabled: true, locationContextEnabled: false, networkConnectionEnabled: true, newCommandTimeout: 1200, pixelRatio: 2.75, platform: LINUX, platformName: Android, platformVersion: 12, statBarHeight: 88, takesScreenshot: true, udid: 138119460900083, viewportRect: {height: 2138, left: 0, top: 88, width: 1080}, warnings: {}, webStorageEnabled: false}
Session ID: d7bf4f04-0f62-497c-9bd0-d935eb887aef
*** Element info: {Using=xpath, value=//*[@content-desc='Photo']}
	at sun.reflect.NativeConstructorAccessorImpl.newInstance0(Native Method)
	at sun.reflect.NativeConstructorAccessorImpl.newInstance(NativeConstructorAccessorImpl.java:62)
	at sun.reflect.DelegatingConstructorAccessorImpl.newInstance(DelegatingConstructorAccessorImpl.java:45)
	at java.lang.reflect.Constructor.newInstance(Constructor.java:423)
	at org.openqa.selenium.remote.http.W3CHttpResponseCodec.createException(W3CHttpResponseCodec.java:187)
	at org.openqa.selenium.remote.http.W3CHttpResponseCodec.decode(W3CHttpResponseCodec.java:122)
	at org.openqa.selenium.remote.http.W3CHttpResponseCodec.decode(W3CHttpResponseCodec.java:49)
	at org.openqa.selenium.remote.HttpCommandExecutor.execute(HttpCommandExecutor.java:158)
	at io.appium.java_client.remote.AppiumCommandExecutor.execute(AppiumCommandExecutor.java:239)
	at org.openqa.selenium.remote.RemoteWebDriver.execute(RemoteWebDriver.java:552)
	at io.appium.java_client.DefaultGenericMobileDriver.execute(DefaultGenericMobileDriver.java:42)
	at io.appium.java_client.AppiumDriver.execute(AppiumDriver.java:1)
	at io.appium.java_client.android.AndroidDriver.execute(AndroidDriver.java:1)
	at org.openqa.selenium.remote.RemoteWebDriver.findElement(RemoteWebDriver.java:323)
	at io.appium.java_client.DefaultGenericMobileDriver.findElement(DefaultGenericMobileDriver.java:62)
	at io.appium.java_client.AppiumDriver.findElement(AppiumDriver.java:1)
	at io.appium.java_client.android.AndroidDriver.findElement(AndroidDriver.java:1)
	at org.openqa.selenium.remote.RemoteWebDriver.findElementByXPath(RemoteWebDriver.java:428)
	at io.appium.java_client.DefaultGenericMobileDriver.findElementByXPath(DefaultGenericMobileDriver.java:152)
	at io.appium.java_client.AppiumDriver.findElementByXPath(AppiumDriver.java:1)
	at io.appium.java_client.android.AndroidDriver.findElementByXPath(AndroidDriver.java:1)
	at org.openqa.selenium.By$ByXPath.findElement(By.java:353)
	at org.openqa.selenium.remote.RemoteWebDriver.findElement(RemoteWebDriver.java:315)
	at io.appium.java_client.DefaultGenericMobileDriver.findElement(DefaultGenericMobileDriver.java:58)
	at io.appium.java_client.AppiumDriver.findElement(AppiumDriver.java:1)
	at io.appium.java_client.android.AndroidDriver.findElement(AndroidDriver.java:1)
	at Vivo_iQoo_Z6_12127.Test10.rearVideoRec(Test10.java:292)
	at sun.reflect.NativeMethodAccessorImpl.invoke0(Native Method)
	at sun.reflect.NativeMethodAccessorImpl.invoke(NativeMethodAccessorImpl.java:62)
	at sun.reflect.DelegatingMethodAccessorImpl.invoke(DelegatingMethodAccessorImpl.java:43)
	at java.lang.reflect.Method.invoke(Method.java:498)
	at org.testng.internal.MethodInvocationHelper.invokeMethod(MethodInvocationHelper.java:80)
	at org.testng.internal.Invoker.invokeMethod(Invoker.java:673)
	at org.testng.internal.Invoker.invokeTestMethod(Invoker.java:842)
	at org.testng.internal.Invoker.invokeTestMethods(Invoker.java:1166)
	at org.testng.internal.TestMethodWorker.invokeTestMethods(TestMethodWorker.java:125)
	at org.testng.internal.TestMethodWorker.run(TestMethodWorker.java:109)
	at org.testng.TestRunner.runWorkers(TestRunner.java:1178)
	at org.testng.TestRunner.privateRun(TestRunner.java:757)
	at org.testng.TestRunner.run(TestRunner.java:608)
	at org.testng.SuiteRunner.runTest(SuiteRunner.java:334)
	at org.testng.SuiteRunner.runSequentially(SuiteRunner.java:329)
	at org.testng.SuiteRunner.privateRun(SuiteRunner.java:291)
	at org.testng.SuiteRunner.run(SuiteRunner.java:240)
	at org.testng.SuiteRunnerWorker.runSuite(SuiteRunnerWorker.java:52)
	at org.testng.SuiteRunnerWorker.run(SuiteRunnerWorker.java:86)
	at org.testng.TestNG.runSuitesSequentially(TestNG.java:1158)
	at org.testng.TestNG.runSuitesSequentially(TestNG.java:1154)
	at org.testng.TestNG.runSuitesLocally(TestNG.java:1083)
	at org.testng.TestNG.run(TestNG.java:999)
	at org.apache.maven.surefire.testng.TestNGExecutor.run(TestNGExecutor.java:284)
	at org.apache.maven.surefire.testng.TestNGXmlTestSuite.execute(TestNGXmlTestSuite.java:75)
	at org.apache.maven.surefire.testng.TestNGProvider.invoke(TestNGProvider.java:119)
	at org.apache.maven.surefire.booter.ForkedBooter.runSuitesInProcess(ForkedBooter.java:428)
	at org.apache.maven.surefire.booter.ForkedBooter.execute(ForkedBooter.java:162)
	at org.apache.maven.surefire.booter.ForkedBooter.run(ForkedBooter.java:562)
	at org.apache.maven.surefire.booter.ForkedBooter.main(ForkedBooter.java:548)
]]>
            </full-stacktrace>
          </exception>
        </test-method>
      </class>
    </test>
  </suite>
  <suite name="Suite" duration-ms="31560" started-at="2023-01-05T12:44:45Z" finished-at="2023-01-05T12:45:16Z">
    <groups>
    </groups>
    <test name="Test" duration-ms="31560" started-at="2023-01-05T12:44:45Z" finished-at="2023-01-05T12:45:16Z">
      <class name="Vivo_iQoo_Z6_12127.Test8">
        <test-method status="PASS" signature="SetUp()" name="SetUp" is-config="true" duration-ms="10281" started-at="2023-01-05T12:44:45Z" finished-at="2023-01-05T12:44:55Z">
        </test-method>
        <test-method status="PASS" signature="recordAudio()" name="recordAudio" duration-ms="21279" started-at="2023-01-05T12:44:55Z" finished-at="2023-01-05T12:45:16Z">
        </test-method>
      </class>
    </test>
  </suite>
  <suite name="Suite" duration-ms="37320" started-at="2023-01-05T12:36:16Z" finished-at="2023-01-05T12:36:53Z">
    <groups>
    </groups>
    <test name="Test" duration-ms="37320" started-at="2023-01-05T12:36:16Z" finished-at="2023-01-05T12:36:53Z">
      <class name="Vivo_iQoo_Z6_12127.Test0">
        <test-method status="PASS" signature="SetUp()" name="SetUp" is-config="true" duration-ms="20253" started-at="2023-01-05T12:36:16Z" finished-at="2023-01-05T12:36:36Z">
        </test-method>
        <test-method status="PASS" signature="start()" name="start" duration-ms="17051" started-at="2023-01-05T12:36:36Z" finished-at="2023-01-05T12:36:53Z">
        </test-method>
      </class>
    </test>
  </suite>
  <suite name="Suite" duration-ms="1328016" started-at="2023-01-05T13:07:15Z" finished-at="2023-01-05T13:29:23Z">
    <groups>
    </groups>
    <test name="Test" duration-ms="1328016" started-at="2023-01-05T13:07:15Z" finished-at="2023-01-05T13:29:23Z">
      <class name="Vivo_iQoo_Z6_12127.Test10F">
        <test-method status="PASS" signature="SetUp()" name="SetUp" is-config="true" duration-ms="10046" started-at="2023-01-05T13:07:15Z" finished-at="2023-01-05T13:07:25Z">
        </test-method>
        <test-method status="FAIL" signature="frontVideoRec()" name="frontVideoRec" duration-ms="1317970" started-at="2023-01-05T13:07:25Z" finished-at="2023-01-05T13:29:23Z">
          <exception class="org.openqa.selenium.NoSuchElementException">
            <message>
              <![CDATA[An element could not be located on the page using the given search parameters.
For documentation on this error, please visit: https://www.seleniumhq.org/exceptions/no_such_element.html
Build info: version: '3.141.59', revision: 'e82be7d358', time: '2018-11-14T08:17:03'
System info: host: 'RPG-USB-APPS-38', ip: '10.65.145.50', os.name: 'Windows 10', os.arch: 'amd64', os.version: '10.0', java.version: '1.8.0_202'
Driver info: io.appium.java_client.android.AndroidDriver
Capabilities {automationName: UiAutomator2, databaseEnabled: false, desired: {automationName: UiAutomator2, deviceName: iQOO Z6 5G, newCommandTimeout: 1200, platformName: android, platformVersion: 12, udid: 138119460900083}, deviceApiLevel: 31, deviceManufacturer: vivo, deviceModel: I2127, deviceName: 138119460900083, deviceScreenDensity: 440, deviceScreenSize: 1080x2408, deviceUDID: 138119460900083, javascriptEnabled: true, locationContextEnabled: false, networkConnectionEnabled: true, newCommandTimeout: 1200, pixelRatio: 2.75, platform: LINUX, platformName: Android, platformVersion: 12, statBarHeight: 88, takesScreenshot: true, udid: 138119460900083, viewportRect: {height: 2138, left: 0, top: 88, width: 1080}, warnings: {}, webStorageEnabled: false}
Session ID: 7757c920-dca9-46d2-8e62-d800d5ea9be5
*** Element info: {Using=xpath, value=//*[@resource-id='com.android.camera:id/camera_switch']}]]>
            </message>
            <full-stacktrace>
              <![CDATA[org.openqa.selenium.NoSuchElementException: An element could not be located on the page using the given search parameters.
For documentation on this error, please visit: https://www.seleniumhq.org/exceptions/no_such_element.html
Build info: version: '3.141.59', revision: 'e82be7d358', time: '2018-11-14T08:17:03'
System info: host: 'RPG-USB-APPS-38', ip: '10.65.145.50', os.name: 'Windows 10', os.arch: 'amd64', os.version: '10.0', java.version: '1.8.0_202'
Driver info: io.appium.java_client.android.AndroidDriver
Capabilities {automationName: UiAutomator2, databaseEnabled: false, desired: {automationName: UiAutomator2, deviceName: iQOO Z6 5G, newCommandTimeout: 1200, platformName: android, platformVersion: 12, udid: 138119460900083}, deviceApiLevel: 31, deviceManufacturer: vivo, deviceModel: I2127, deviceName: 138119460900083, deviceScreenDensity: 440, deviceScreenSize: 1080x2408, deviceUDID: 138119460900083, javascriptEnabled: true, locationContextEnabled: false, networkConnectionEnabled: true, newCommandTimeout: 1200, pixelRatio: 2.75, platform: LINUX, platformName: Android, platformVersion: 12, statBarHeight: 88, takesScreenshot: true, udid: 138119460900083, viewportRect: {height: 2138, left: 0, top: 88, width: 1080}, warnings: {}, webStorageEnabled: false}
Session ID: 7757c920-dca9-46d2-8e62-d800d5ea9be5
*** Element info: {Using=xpath, value=//*[@resource-id='com.android.camera:id/camera_switch']}
	at sun.reflect.NativeConstructorAccessorImpl.newInstance0(Native Method)
	at sun.reflect.NativeConstructorAccessorImpl.newInstance(NativeConstructorAccessorImpl.java:62)
	at sun.reflect.DelegatingConstructorAccessorImpl.newInstance(DelegatingConstructorAccessorImpl.java:45)
	at java.lang.reflect.Constructor.newInstance(Constructor.java:423)
	at org.openqa.selenium.remote.http.W3CHttpResponseCodec.createException(W3CHttpResponseCodec.java:187)
	at org.openqa.selenium.remote.http.W3CHttpResponseCodec.decode(W3CHttpResponseCodec.java:122)
	at org.openqa.selenium.remote.http.W3CHttpResponseCodec.decode(W3CHttpResponseCodec.java:49)
	at org.openqa.selenium.remote.HttpCommandExecutor.execute(HttpCommandExecutor.java:158)
	at io.appium.java_client.remote.AppiumCommandExecutor.execute(AppiumCommandExecutor.java:239)
	at org.openqa.selenium.remote.RemoteWebDriver.execute(RemoteWebDriver.java:552)
	at io.appium.java_client.DefaultGenericMobileDriver.execute(DefaultGenericMobileDriver.java:42)
	at io.appium.java_client.AppiumDriver.execute(AppiumDriver.java:1)
	at io.appium.java_client.android.AndroidDriver.execute(AndroidDriver.java:1)
	at org.openqa.selenium.remote.RemoteWebDriver.findElement(RemoteWebDriver.java:323)
	at io.appium.java_client.DefaultGenericMobileDriver.findElement(DefaultGenericMobileDriver.java:62)
	at io.appium.java_client.AppiumDriver.findElement(AppiumDriver.java:1)
	at io.appium.java_client.android.AndroidDriver.findElement(AndroidDriver.java:1)
	at org.openqa.selenium.remote.RemoteWebDriver.findElementByXPath(RemoteWebDriver.java:428)
	at io.appium.java_client.DefaultGenericMobileDriver.findElementByXPath(DefaultGenericMobileDriver.java:152)
	at io.appium.java_client.AppiumDriver.findElementByXPath(AppiumDriver.java:1)
	at io.appium.java_client.android.AndroidDriver.findElementByXPath(AndroidDriver.java:1)
	at org.openqa.selenium.By$ByXPath.findElement(By.java:353)
	at org.openqa.selenium.remote.RemoteWebDriver.findElement(RemoteWebDriver.java:315)
	at io.appium.java_client.DefaultGenericMobileDriver.findElement(DefaultGenericMobileDriver.java:58)
	at io.appium.java_client.AppiumDriver.findElement(AppiumDriver.java:1)
	at io.appium.java_client.android.AndroidDriver.findElement(AndroidDriver.java:1)
	at Vivo_iQoo_Z6_12127.Test10F.frontVideoRec(Test10F.java:288)
	at sun.reflect.NativeMethodAccessorImpl.invoke0(Native Method)
	at sun.reflect.NativeMethodAccessorImpl.invoke(NativeMethodAccessorImpl.java:62)
	at sun.reflect.DelegatingMethodAccessorImpl.invoke(DelegatingMethodAccessorImpl.java:43)
	at java.lang.reflect.Method.invoke(Method.java:498)
	at org.testng.internal.MethodInvocationHelper.invokeMethod(MethodInvocationHelper.java:80)
	at org.testng.internal.Invoker.invokeMethod(Invoker.java:673)
	at org.testng.internal.Invoker.invokeTestMethod(Invoker.java:842)
	at org.testng.internal.Invoker.invokeTestMethods(Invoker.java:1166)
	at org.testng.internal.TestMethodWorker.invokeTestMethods(TestMethodWorker.java:125)
	at org.testng.internal.TestMethodWorker.run(TestMethodWorker.java:109)
	at org.testng.TestRunner.runWorkers(TestRunner.java:1178)
	at org.testng.TestRunner.privateRun(TestRunner.java:757)
	at org.testng.TestRunner.run(TestRunner.java:608)
	at org.testng.SuiteRunner.runTest(SuiteRunner.java:334)
	at org.testng.SuiteRunner.runSequentially(SuiteRunner.java:329)
	at org.testng.SuiteRunner.privateRun(SuiteRunner.java:291)
	at org.testng.SuiteRunner.run(SuiteRunner.java:240)
	at org.testng.SuiteRunnerWorker.runSuite(SuiteRunnerWorker.java:52)
	at org.testng.SuiteRunnerWorker.run(SuiteRunnerWorker.java:86)
	at org.testng.TestNG.runSuitesSequentially(TestNG.java:1158)
	at org.testng.TestNG.runSuitesSequentially(TestNG.java:1154)
	at org.testng.TestNG.runSuitesLocally(TestNG.java:1083)
	at org.testng.TestNG.run(TestNG.java:999)
	at org.apache.maven.surefire.testng.TestNGExecutor.run(TestNGExecutor.java:284)
	at org.apache.maven.surefire.testng.TestNGXmlTestSuite.execute(TestNGXmlTestSuite.java:75)
	at org.apache.maven.surefire.testng.TestNGProvider.invoke(TestNGProvider.java:119)
	at org.apache.maven.surefire.booter.ForkedBooter.runSuitesInProcess(ForkedBooter.java:428)
	at org.apache.maven.surefire.booter.ForkedBooter.execute(ForkedBooter.java:162)
	at org.apache.maven.surefire.booter.ForkedBooter.run(ForkedBooter.java:562)
	at org.apache.maven.surefire.booter.ForkedBooter.main(ForkedBooter.java:548)
]]>
            </full-stacktrace>
          </exception>
        </test-method>
      </class>
    </test>
  </suite>
  <suite name="Suite" duration-ms="289798" started-at="2023-01-05T12:39:55Z" finished-at="2023-01-05T12:44:45Z">
    <groups>
    </groups>
    <test name="Test" duration-ms="289798" started-at="2023-01-05T12:39:55Z" finished-at="2023-01-05T12:44:45Z">
      <class name="Vivo_iQoo_Z6_12127.Test18">
        <test-method status="PASS" signature="SetUp()" name="SetUp" is-config="true" duration-ms="9905" started-at="2023-01-05T12:39:55Z" finished-at="2023-01-05T12:40:05Z">
        </test-method>
        <test-method status="PASS" signature="CopyPaste()" name="CopyPaste" duration-ms="279893" started-at="2023-01-05T12:40:05Z" finished-at="2023-01-05T12:44:45Z">
        </test-method>
      </class>
    </test>
  </suite>
  <suite name="Suite" duration-ms="1028211" started-at="2023-01-05T13:29:23Z" finished-at="2023-01-05T13:46:31Z">
    <groups>
    </groups>
    <test name="Test" duration-ms="1028211" started-at="2023-01-05T13:29:23Z" finished-at="2023-01-05T13:46:31Z">
      <class name="Vivo_iQoo_Z6_12127.Test9">
        <test-method status="PASS" signature="SetUp()" name="SetUp" is-config="true" duration-ms="11031" started-at="2023-01-05T13:29:23Z" finished-at="2023-01-05T13:29:34Z">
        </test-method>
        <test-method status="PASS" signature="RearPictureCapture()" name="RearPictureCapture" duration-ms="1017180" started-at="2023-01-05T13:29:34Z" finished-at="2023-01-05T13:46:31Z">
        </test-method>
      </class>
    </test>
  </suite>
  <suite name="Suite" duration-ms="0" started-at="2023-01-05T14:27:34Z" finished-at="2023-01-05T14:27:34Z">
    <groups>
    </groups>
  </suite>
</testng-results>
