<?xml version="1.0" encoding="UTF-8"?>
<testng-results skipped="1" failed="0" total="8" passed="7">
  <reporter-output>
  </reporter-output>
  <suite name="Suite" duration-ms="2416185" started-at="2023-01-13T15:18:49Z" finished-at="2023-01-13T15:59:05Z">
    <groups>
    </groups>
    <test name="Test" duration-ms="2416185" started-at="2023-01-13T15:18:49Z" finished-at="2023-01-13T15:59:05Z">
      <class name="Samsung_Galaxy_M33_SMM336BVDS.Test10">
        <test-method status="PASS" signature="SetUp()" name="SetUp" is-config="true" duration-ms="6940" started-at="2023-01-13T15:18:49Z" finished-at="2023-01-13T15:18:56Z">
        </test-method>
        <test-method status="PASS" signature="rearVideoRec()" name="rearVideoRec" duration-ms="2409245" started-at="2023-01-13T15:18:56Z" finished-at="2023-01-13T15:59:05Z">
        </test-method>
      </class>
    </test>
  </suite>
  <suite name="Suite" duration-ms="1781252" started-at="2023-01-13T15:59:05Z" finished-at="2023-01-13T16:28:47Z">
    <groups>
    </groups>
    <test name="Test" duration-ms="1781252" started-at="2023-01-13T15:59:05Z" finished-at="2023-01-13T16:28:47Z">
      <class name="Samsung_Galaxy_M33_SMM336BVDS.Test9">
        <test-method status="PASS" signature="SetUp()" name="SetUp" is-config="true" duration-ms="7852" started-at="2023-01-13T15:59:05Z" finished-at="2023-01-13T15:59:13Z">
        </test-method>
        <test-method status="PASS" signature="RearPictureCapture()" name="RearPictureCapture" duration-ms="1773400" started-at="2023-01-13T15:59:13Z" finished-at="2023-01-13T16:28:47Z">
        </test-method>
      </class>
    </test>
  </suite>
  <suite name="Suite" duration-ms="1015670" started-at="2023-01-13T14:35:34Z" finished-at="2023-01-13T14:52:30Z">
    <groups>
    </groups>
    <test name="Test" duration-ms="1015670" started-at="2023-01-13T14:35:34Z" finished-at="2023-01-13T14:52:30Z">
      <class name="Samsung_Galaxy_M33_SMM336BVDS.Test0">
        <test-method status="PASS" signature="SetUp()" name="SetUp" is-config="true" duration-ms="10707" started-at="2023-01-13T14:35:34Z" finished-at="2023-01-13T14:35:45Z">
        </test-method>
        <test-method status="PASS" signature="start()" name="start" duration-ms="1004960" started-at="2023-01-13T14:35:45Z" finished-at="2023-01-13T14:52:30Z">
        </test-method>
      </class>
    </test>
  </suite>
  <suite name="Suite" duration-ms="0" started-at="2023-01-13T16:46:10Z" finished-at="2023-01-13T16:46:10Z">
    <groups>
    </groups>
  </suite>
  <suite name="Suite" duration-ms="1012264" started-at="2023-01-13T14:57:29Z" finished-at="2023-01-13T15:14:21Z">
    <groups>
    </groups>
    <test name="Test" duration-ms="1012264" started-at="2023-01-13T14:57:29Z" finished-at="2023-01-13T15:14:21Z">
      <class name="Samsung_Galaxy_M33_SMM336BVDS.Test18">
        <test-method status="PASS" signature="SetUp()" name="SetUp" is-config="true" duration-ms="6972" started-at="2023-01-13T14:57:29Z" finished-at="2023-01-13T14:57:36Z">
        </test-method>
        <test-method status="PASS" signature="CopyPaste()" name="CopyPaste" duration-ms="1005291" started-at="2023-01-13T14:57:36Z" finished-at="2023-01-13T15:14:21Z">
        </test-method>
      </class>
    </test>
  </suite>
  <suite name="Suite" duration-ms="267995" started-at="2023-01-13T15:14:21Z" finished-at="2023-01-13T15:18:49Z">
    <groups>
    </groups>
    <test name="Test" duration-ms="267995" started-at="2023-01-13T15:14:21Z" finished-at="2023-01-13T15:18:49Z">
      <class name="Samsung_Galaxy_M33_SMM336BVDS.Test8">
        <test-method status="PASS" signature="SetUp()" name="SetUp" is-config="true" duration-ms="9484" started-at="2023-01-13T15:14:21Z" finished-at="2023-01-13T15:14:31Z">
        </test-method>
        <test-method status="PASS" signature="recordAudio()" name="recordAudio" duration-ms="258511" started-at="2023-01-13T15:14:31Z" finished-at="2023-01-13T15:18:49Z">
        </test-method>
      </class>
    </test>
  </suite>
  <suite name="Suite" duration-ms="298947" started-at="2023-01-13T14:52:30Z" finished-at="2023-01-13T14:57:29Z">
    <groups>
    </groups>
    <test name="Test" duration-ms="298947" started-at="2023-01-13T14:52:30Z" finished-at="2023-01-13T14:57:29Z">
      <class name="Samsung_Galaxy_M33_SMM336BVDS.Test3">
        <test-method status="PASS" signature="SetUp()" name="SetUp" is-config="true" duration-ms="8107" started-at="2023-01-13T14:52:30Z" finished-at="2023-01-13T14:52:38Z">
        </test-method>
        <test-method status="PASS" signature="Format()" name="Format" duration-ms="290840" started-at="2023-01-13T14:52:38Z" finished-at="2023-01-13T14:57:29Z">
        </test-method>
      </class>
    </test>
  </suite>
  <suite name="Suite" duration-ms="1042995" started-at="2023-01-13T16:28:47Z" finished-at="2023-01-13T16:46:10Z">
    <groups>
    </groups>
    <test name="Test" duration-ms="1042995" started-at="2023-01-13T16:28:47Z" finished-at="2023-01-13T16:46:10Z">
      <class name="Samsung_Galaxy_M33_SMM336BVDS.Test9F">
        <test-method status="PASS" signature="SetUp()" name="SetUp" is-config="true" duration-ms="6390" started-at="2023-01-13T16:28:47Z" finished-at="2023-01-13T16:28:53Z">
        </test-method>
        <test-method status="PASS" signature="frontPictureCapture()" name="frontPictureCapture" duration-ms="1036605" started-at="2023-01-13T16:28:53Z" finished-at="2023-01-13T16:46:10Z">
        </test-method>
      </class>
    </test>
  </suite>
  <suite name="Suite" duration-ms="135" started-at="2023-01-13T15:59:05Z" finished-at="2023-01-13T15:59:05Z">
    <groups>
    </groups>
    <test name="Test" duration-ms="135" started-at="2023-01-13T15:59:05Z" finished-at="2023-01-13T15:59:05Z">
      <class name="Samsung_Galaxy_M33_SMM336BVDS.Test10F">
        <test-method status="FAIL" signature="SetUp()" name="SetUp" is-config="true" duration-ms="0" started-at="2023-01-13T15:59:05Z" finished-at="2023-01-13T15:59:05Z">
          <exception class="org.openqa.selenium.SessionNotCreatedException">
            <message>
              <![CDATA[Unable to create a new remote session. Please check the server log for more details. Original error: An unknown server-side error occurred while processing the command. Original error: Device R5CT41HSTSJ was not in the list of connected devices
Build info: version: '3.141.59', revision: 'e82be7d358', time: '2018-11-14T08:17:03'
System info: host: 'SD-APPS-200', ip: '10.65.150.243', os.name: 'Windows 10', os.arch: 'amd64', os.version: '10.0', java.version: '1.8.0_202'
Driver info: driver.version: AndroidDriver
remote stacktrace: UnknownError: An unknown server-side error occurred while processing the command. Original error: Device R5CT41HSTSJ was not in the list of connected devices
    at getResponseForW3CError (C:\Program Files\Appium Server GUI\resources\app\node_modules\appium\node_modules\appium-base-driver\lib\protocol\errors.js:804:9)
    at asyncHandler (C:\Program Files\Appium Server GUI\resources\app\node_modules\appium\node_modules\appium-base-driver\lib\protocol\protocol.js:380:37)
Build info: version: '3.141.59', revision: 'e82be7d358', time: '2018-11-14T08:17:03'
System info: host: 'SD-APPS-200', ip: '10.65.150.243', os.name: 'Windows 10', os.arch: 'amd64', os.version: '10.0', java.version: '1.8.0_202'
Driver info: driver.version: AndroidDriver]]>
            </message>
            <full-stacktrace>
              <![CDATA[org.openqa.selenium.SessionNotCreatedException: Unable to create a new remote session. Please check the server log for more details. Original error: An unknown server-side error occurred while processing the command. Original error: Device R5CT41HSTSJ was not in the list of connected devices
Build info: version: '3.141.59', revision: 'e82be7d358', time: '2018-11-14T08:17:03'
System info: host: 'SD-APPS-200', ip: '10.65.150.243', os.name: 'Windows 10', os.arch: 'amd64', os.version: '10.0', java.version: '1.8.0_202'
Driver info: driver.version: AndroidDriver
remote stacktrace: UnknownError: An unknown server-side error occurred while processing the command. Original error: Device R5CT41HSTSJ was not in the list of connected devices
    at getResponseForW3CError (C:\Program Files\Appium Server GUI\resources\app\node_modules\appium\node_modules\appium-base-driver\lib\protocol\errors.js:804:9)
    at asyncHandler (C:\Program Files\Appium Server GUI\resources\app\node_modules\appium\node_modules\appium-base-driver\lib\protocol\protocol.js:380:37)
Build info: version: '3.141.59', revision: 'e82be7d358', time: '2018-11-14T08:17:03'
System info: host: 'SD-APPS-200', ip: '10.65.150.243', os.name: 'Windows 10', os.arch: 'amd64', os.version: '10.0', java.version: '1.8.0_202'
Driver info: driver.version: AndroidDriver
	at io.appium.java_client.remote.AppiumCommandExecutor$1.createSession(AppiumCommandExecutor.java:208)
	at io.appium.java_client.remote.AppiumCommandExecutor.createSession(AppiumCommandExecutor.java:217)
	at io.appium.java_client.remote.AppiumCommandExecutor.execute(AppiumCommandExecutor.java:239)
	at org.openqa.selenium.remote.RemoteWebDriver.execute(RemoteWebDriver.java:552)
	at io.appium.java_client.DefaultGenericMobileDriver.execute(DefaultGenericMobileDriver.java:42)
	at io.appium.java_client.AppiumDriver.execute(AppiumDriver.java:1)
	at io.appium.java_client.android.AndroidDriver.execute(AndroidDriver.java:1)
	at org.openqa.selenium.remote.RemoteWebDriver.startSession(RemoteWebDriver.java:213)
	at org.openqa.selenium.remote.RemoteWebDriver.<init>(RemoteWebDriver.java:131)
	at io.appium.java_client.DefaultGenericMobileDriver.<init>(DefaultGenericMobileDriver.java:38)
	at io.appium.java_client.AppiumDriver.<init>(AppiumDriver.java:84)
	at io.appium.java_client.AppiumDriver.<init>(AppiumDriver.java:94)
	at io.appium.java_client.android.AndroidDriver.<init>(AndroidDriver.java:95)
	at Samsung_Galaxy_M33_SMM336BVDS.Test10F.SetUp(Test10F.java:57)
	at sun.reflect.NativeMethodAccessorImpl.invoke0(Native Method)
	at sun.reflect.NativeMethodAccessorImpl.invoke(NativeMethodAccessorImpl.java:62)
	at sun.reflect.DelegatingMethodAccessorImpl.invoke(DelegatingMethodAccessorImpl.java:43)
	at java.lang.reflect.Method.invoke(Method.java:498)
	at org.testng.internal.MethodInvocationHelper.invokeMethod(MethodInvocationHelper.java:80)
	at org.testng.internal.Invoker.invokeConfigurationMethod(Invoker.java:525)
	at org.testng.internal.Invoker.invokeConfigurations(Invoker.java:202)
	at org.testng.internal.Invoker.invokeConfigurations(Invoker.java:130)
	at org.testng.TestRunner.beforeRun(TestRunner.java:632)
	at org.testng.TestRunner.run(TestRunner.java:600)
	at org.testng.SuiteRunner.runTest(SuiteRunner.java:334)
	at org.testng.SuiteRunner.runSequentially(SuiteRunner.java:329)
	at org.testng.SuiteRunner.privateRun(SuiteRunner.java:291)
	at org.testng.SuiteRunner.run(SuiteRunner.java:240)
	at org.testng.SuiteRunnerWorker.runSuite(SuiteRunnerWorker.java:52)
	at org.testng.SuiteRunnerWorker.run(SuiteRunnerWorker.java:86)
	at org.testng.TestNG.runSuitesSequentially(TestNG.java:1158)
	at org.testng.TestNG.runSuitesSequentially(TestNG.java:1154)
	at org.testng.TestNG.runSuitesLocally(TestNG.java:1083)
	at org.testng.TestNG.run(TestNG.java:999)
	at org.apache.maven.surefire.testng.TestNGExecutor.run(TestNGExecutor.java:284)
	at org.apache.maven.surefire.testng.TestNGXmlTestSuite.execute(TestNGXmlTestSuite.java:75)
	at org.apache.maven.surefire.testng.TestNGProvider.invoke(TestNGProvider.java:119)
	at org.apache.maven.surefire.booter.ForkedBooter.runSuitesInProcess(ForkedBooter.java:428)
	at org.apache.maven.surefire.booter.ForkedBooter.execute(ForkedBooter.java:162)
	at org.apache.maven.surefire.booter.ForkedBooter.run(ForkedBooter.java:562)
	at org.apache.maven.surefire.booter.ForkedBooter.main(ForkedBooter.java:548)
Caused by: java.lang.reflect.InvocationTargetException
	at sun.reflect.NativeMethodAccessorImpl.invoke0(Native Method)
	at sun.reflect.NativeMethodAccessorImpl.invoke(NativeMethodAccessorImpl.java:62)
	at sun.reflect.DelegatingMethodAccessorImpl.invoke(DelegatingMethodAccessorImpl.java:43)
	at java.lang.reflect.Method.invoke(Method.java:498)
	at io.appium.java_client.remote.AppiumCommandExecutor$1.createSession(AppiumCommandExecutor.java:186)
	... 40 more
Caused by: org.openqa.selenium.WebDriverException: An unknown server-side error occurred while processing the command. Original error: Device R5CT41HSTSJ was not in the list of connected devices
Build info: version: '3.141.59', revision: 'e82be7d358', time: '2018-11-14T08:17:03'
System info: host: 'SD-APPS-200', ip: '10.65.150.243', os.name: 'Windows 10', os.arch: 'amd64', os.version: '10.0', java.version: '1.8.0_202'
Driver info: driver.version: AndroidDriver
remote stacktrace: UnknownError: An unknown server-side error occurred while processing the command. Original error: Device R5CT41HSTSJ was not in the list of connected devices
    at getResponseForW3CError (C:\Program Files\Appium Server GUI\resources\app\node_modules\appium\node_modules\appium-base-driver\lib\protocol\errors.js:804:9)
    at asyncHandler (C:\Program Files\Appium Server GUI\resources\app\node_modules\appium\node_modules\appium-base-driver\lib\protocol\protocol.js:380:37)
	at sun.reflect.NativeConstructorAccessorImpl.newInstance0(Native Method)
	at sun.reflect.NativeConstructorAccessorImpl.newInstance(NativeConstructorAccessorImpl.java:62)
	at sun.reflect.DelegatingConstructorAccessorImpl.newInstance(DelegatingConstructorAccessorImpl.java:45)
	at java.lang.reflect.Constructor.newInstance(Constructor.java:423)
	at org.openqa.selenium.remote.W3CHandshakeResponse.lambda$errorHandler$0(W3CHandshakeResponse.java:62)
	at org.openqa.selenium.remote.HandshakeResponse.lambda$getResponseFunction$0(HandshakeResponse.java:30)
	at org.openqa.selenium.remote.ProtocolHandshake.lambda$createSession$0(ProtocolHandshake.java:126)
	at java.util.stream.ReferencePipeline$3$1.accept(ReferencePipeline.java:193)
	at java.util.Spliterators$ArraySpliterator.tryAdvance(Spliterators.java:958)
	at java.util.stream.ReferencePipeline.forEachWithCancel(ReferencePipeline.java:126)
	at java.util.stream.AbstractPipeline.copyIntoWithCancel(AbstractPipeline.java:498)
	at java.util.stream.AbstractPipeline.copyInto(AbstractPipeline.java:485)
	at java.util.stream.AbstractPipeline.wrapAndCopyInto(AbstractPipeline.java:471)
	at java.util.stream.FindOps$FindOp.evaluateSequential(FindOps.java:152)
	at java.util.stream.AbstractPipeline.evaluate(AbstractPipeline.java:234)
	at java.util.stream.ReferencePipeline.findFirst(ReferencePipeline.java:464)
	at org.openqa.selenium.remote.ProtocolHandshake.createSession(ProtocolHandshake.java:128)
	... 45 more
]]>
            </full-stacktrace>
          </exception>
        </test-method>
        <test-method status="SKIP" signature="rearVideoRec()" name="rearVideoRec" duration-ms="0" started-at="2023-01-13T15:59:05Z" finished-at="2023-01-13T15:59:05Z">
        </test-method>
      </class>
    </test>
  </suite>
</testng-results>
